[ 2016-12-14T21:41:29+08:00 ] ::1 /warehouse/index.php/Home/leavestock/index
INFO: [ app_init ] --START--
INFO: Run Behavior\BuildLiteBehavior [ RunTime:0.000000s ]
INFO: [ app_init ] --END-- [ RunTime:0.000000s ]
INFO: [ app_begin ] --START--
INFO: Run Behavior\ReadHtmlCacheBehavior [ RunTime:0.000000s ]
INFO: [ app_begin ] --END-- [ RunTime:0.000000s ]
SQL: DESCRIBE wh_user [ RunTime:0.037501s ]
NOTIC: [2048] Declaration of Home\Model\LeavestockModel::_after_insert() should be compatible with Think\Model::_after_insert($data, $options) D:\xampp\htdocs\warehouse\Application\Home\Model\LeavestockModel.class.php 第 223 行.
SQL: DESCRIBE wh_leavestock [ RunTime:0.045001s ]
NOTIC: [2] Invalid argument supplied for foreach() D:\xampp\htdocs\warehouse\ThinkPHP\Library\Think\Db.class.php 第 429 行.
SQL: SELECT COUNT(*) AS tp_count FROM `wh_leavestock` LIMIT 1   [ RunTime:0.000000s ]
NOTIC: [2] Invalid argument supplied for foreach() D:\xampp\htdocs\warehouse\ThinkPHP\Library\Think\Db.class.php 第 429 行.
SQL: SELECT a.*,b.id AS id_user,b.username FROM wh_leavestock a INNER JOIN wh_user b ON a.user_id=b.id  ORDER BY a.leavedate desc LIMIT 0,10   [ RunTime:0.000000s ]
SQL: DESCRIBE wh_type [ RunTime:0.025000s ]
SQL: SELECT * FROM `wh_type`  [ RunTime:0.000000s ]
SQL: DESCRIBE wh_category [ RunTime:0.025001s ]
SQL: SELECT * FROM `wh_category`  [ RunTime:0.002500s ]
SQL: DESCRIBE wh_stockhouse [ RunTime:0.030000s ]
SQL: SELECT * FROM `wh_stockhouse`  [ RunTime:0.000000s ]
INFO: [ view_parse ] --START--
INFO: [ template_filter ] --START--
INFO: Run Behavior\ContentReplaceBehavior [ RunTime:0.000000s ]
INFO: [ template_filter ] --END-- [ RunTime:0.000000s ]
INFO: Run Behavior\ParseTemplateBehavior [ RunTime:0.025001s ]
INFO: [ view_parse ] --END-- [ RunTime:0.025001s ]
INFO: [ view_filter ] --START--
INFO: Run Behavior\WriteHtmlCacheBehavior [ RunTime:0.000000s ]
INFO: [ view_filter ] --END-- [ RunTime:0.000000s ]
INFO: [ app_end ] --START--
INFO: Run Behavior\ShowPageTraceBehavior [ RunTime:0.002500s ]
INFO: [ app_end ] --END-- [ RunTime:0.002500s ]

[ 2016-12-14T21:41:31+08:00 ] ::1 /warehouse/index.php/Home/Leavestock/add
INFO: [ app_init ] --START--
INFO: Run Behavior\BuildLiteBehavior [ RunTime:0.000000s ]
INFO: [ app_init ] --END-- [ RunTime:0.000000s ]
INFO: [ app_begin ] --START--
INFO: Run Behavior\ReadHtmlCacheBehavior [ RunTime:0.002500s ]
INFO: [ app_begin ] --END-- [ RunTime:0.002500s ]
SQL: DESCRIBE wh_user [ RunTime:0.002500s ]
SQL: DESCRIBE wh_type [ RunTime:0.002500s ]
SQL: SELECT * FROM `wh_type`  [ RunTime:0.002500s ]
SQL: DESCRIBE wh_category [ RunTime:0.002500s ]
SQL: SELECT * FROM `wh_category`  [ RunTime:0.000000s ]
SQL: DESCRIBE wh_stockhouse [ RunTime:0.002500s ]
SQL: SELECT * FROM `wh_stockhouse`  [ RunTime:0.000000s ]
SQL: DESCRIBE wh_user [ RunTime:0.005000s ]
SQL: SELECT `id`,`username` FROM `wh_user`  [ RunTime:0.000000s ]
INFO: [ view_parse ] --START--
INFO: [ template_filter ] --START--
INFO: Run Behavior\ContentReplaceBehavior [ RunTime:0.000000s ]
INFO: [ template_filter ] --END-- [ RunTime:0.000000s ]
INFO: Run Behavior\ParseTemplateBehavior [ RunTime:0.012500s ]
INFO: [ view_parse ] --END-- [ RunTime:0.012500s ]
INFO: [ view_filter ] --START--
INFO: Run Behavior\WriteHtmlCacheBehavior [ RunTime:0.002500s ]
INFO: [ view_filter ] --END-- [ RunTime:0.002500s ]
INFO: [ app_end ] --START--
INFO: Run Behavior\ShowPageTraceBehavior [ RunTime:0.002500s ]
INFO: [ app_end ] --END-- [ RunTime:0.002500s ]

[ 2016-12-14T21:46:22+08:00 ] ::1 /warehouse/index.php/Home/Leavestock/add
INFO: [ app_init ] --START--
INFO: Run Behavior\BuildLiteBehavior [ RunTime:0.000000s ]
INFO: [ app_init ] --END-- [ RunTime:0.002500s ]
INFO: [ app_begin ] --START--
INFO: Run Behavior\ReadHtmlCacheBehavior [ RunTime:0.000000s ]
INFO: [ app_begin ] --END-- [ RunTime:0.000000s ]
SQL: DESCRIBE wh_user [ RunTime:0.002500s ]
SQL: DESCRIBE wh_type [ RunTime:0.005001s ]
SQL: SELECT * FROM `wh_type`  [ RunTime:0.000000s ]
SQL: DESCRIBE wh_category [ RunTime:0.005000s ]
SQL: SELECT * FROM `wh_category`  [ RunTime:0.000000s ]
SQL: DESCRIBE wh_stockhouse [ RunTime:0.002500s ]
SQL: SELECT * FROM `wh_stockhouse`  [ RunTime:0.000000s ]
SQL: DESCRIBE wh_user [ RunTime:0.005000s ]
SQL: SELECT `id`,`username` FROM `wh_user`  [ RunTime:0.000000s ]
INFO: [ view_parse ] --START--
INFO: [ template_filter ] --START--
INFO: Run Behavior\ContentReplaceBehavior [ RunTime:0.000000s ]
INFO: [ template_filter ] --END-- [ RunTime:0.000000s ]
INFO: Run Behavior\ParseTemplateBehavior [ RunTime:0.012500s ]
INFO: [ view_parse ] --END-- [ RunTime:0.012500s ]
INFO: [ view_filter ] --START--
INFO: Run Behavior\WriteHtmlCacheBehavior [ RunTime:0.000000s ]
INFO: [ view_filter ] --END-- [ RunTime:0.000000s ]
INFO: [ app_end ] --START--
INFO: Run Behavior\ShowPageTraceBehavior [ RunTime:0.000000s ]
INFO: [ app_end ] --END-- [ RunTime:0.000000s ]

[ 2016-12-14T21:46:26+08:00 ] ::1 /warehouse/index.php/Home/Leavestock/add
INFO: [ app_init ] --START--
INFO: Run Behavior\BuildLiteBehavior [ RunTime:0.000000s ]
INFO: [ app_init ] --END-- [ RunTime:0.002500s ]
INFO: [ app_begin ] --START--
INFO: Run Behavior\ReadHtmlCacheBehavior [ RunTime:0.000000s ]
INFO: [ app_begin ] --END-- [ RunTime:0.000000s ]
SQL: DESCRIBE wh_user [ RunTime:0.005000s ]
SQL: DESCRIBE wh_type [ RunTime:0.005000s ]
SQL: SELECT * FROM `wh_type`  [ RunTime:0.000000s ]
SQL: DESCRIBE wh_category [ RunTime:0.002501s ]
SQL: SELECT * FROM `wh_category`  [ RunTime:0.000000s ]
SQL: DESCRIBE wh_stockhouse [ RunTime:0.002500s ]
SQL: SELECT * FROM `wh_stockhouse`  [ RunTime:0.002500s ]
SQL: DESCRIBE wh_user [ RunTime:0.002500s ]
SQL: SELECT `id`,`username` FROM `wh_user`  [ RunTime:0.000000s ]
INFO: [ view_parse ] --START--
INFO: [ template_filter ] --START--
INFO: Run Behavior\ContentReplaceBehavior [ RunTime:0.000000s ]
INFO: [ template_filter ] --END-- [ RunTime:0.000000s ]
INFO: Run Behavior\ParseTemplateBehavior [ RunTime:0.010000s ]
INFO: [ view_parse ] --END-- [ RunTime:0.010000s ]
INFO: [ view_filter ] --START--
INFO: Run Behavior\WriteHtmlCacheBehavior [ RunTime:0.000000s ]
INFO: [ view_filter ] --END-- [ RunTime:0.000000s ]
INFO: [ app_end ] --START--
INFO: Run Behavior\ShowPageTraceBehavior [ RunTime:0.000000s ]
INFO: [ app_end ] --END-- [ RunTime:0.000000s ]

[ 2016-12-14T21:54:33+08:00 ] ::1 /warehouse/index.php/Home/Leavestock/add
INFO: [ app_init ] --START--
INFO: Run Behavior\BuildLiteBehavior [ RunTime:0.000000s ]
INFO: [ app_init ] --END-- [ RunTime:0.002500s ]
INFO: [ app_begin ] --START--
INFO: Run Behavior\ReadHtmlCacheBehavior [ RunTime:0.000000s ]
INFO: [ app_begin ] --END-- [ RunTime:0.000000s ]
SQL: DESCRIBE wh_user [ RunTime:0.002500s ]
SQL: DESCRIBE wh_type [ RunTime:0.002500s ]
SQL: SELECT * FROM `wh_type`  [ RunTime:0.002500s ]
SQL: DESCRIBE wh_category [ RunTime:0.005000s ]
SQL: SELECT * FROM `wh_category`  [ RunTime:0.000000s ]
SQL: DESCRIBE wh_stockhouse [ RunTime:0.002500s ]
SQL: SELECT * FROM `wh_stockhouse`  [ RunTime:0.002500s ]
SQL: DESCRIBE wh_user [ RunTime:0.002500s ]
SQL: SELECT `id`,`username` FROM `wh_user`  [ RunTime:0.000000s ]
INFO: [ view_parse ] --START--
INFO: [ template_filter ] --START--
INFO: Run Behavior\ContentReplaceBehavior [ RunTime:0.000000s ]
INFO: [ template_filter ] --END-- [ RunTime:0.002501s ]
INFO: Run Behavior\ParseTemplateBehavior [ RunTime:0.015001s ]
INFO: [ view_parse ] --END-- [ RunTime:0.015001s ]
INFO: [ view_filter ] --START--
INFO: Run Behavior\WriteHtmlCacheBehavior [ RunTime:0.002500s ]
INFO: [ view_filter ] --END-- [ RunTime:0.002500s ]
INFO: [ app_end ] --START--
INFO: Run Behavior\ShowPageTraceBehavior [ RunTime:0.002500s ]
INFO: [ app_end ] --END-- [ RunTime:0.002500s ]

[ 2016-12-14T21:54:35+08:00 ] ::1 /warehouse/index.php/Home/Leavestock/add
INFO: [ app_init ] --START--
INFO: Run Behavior\BuildLiteBehavior [ RunTime:0.000000s ]
INFO: [ app_init ] --END-- [ RunTime:0.002500s ]
INFO: [ app_begin ] --START--
INFO: Run Behavior\ReadHtmlCacheBehavior [ RunTime:0.000000s ]
INFO: [ app_begin ] --END-- [ RunTime:0.000000s ]
SQL: DESCRIBE wh_user [ RunTime:0.005000s ]
NOTIC: [2048] Declaration of Home\Model\LeavestockModel::_after_insert() should be compatible with Think\Model::_after_insert($data, $options) D:\xampp\htdocs\warehouse\Application\Home\Model\LeavestockModel.class.php 第 223 行.
SQL: DESCRIBE wh_leavestock [ RunTime:0.002500s ]
NOTIC: [8] Undefined index: leavedate D:\xampp\htdocs\warehouse\ThinkPHP\Library\Think\Model.class.php 第 1125 行.
INFO: [ view_parse ] --START--
INFO: [ template_filter ] --START--
INFO: Run Behavior\ContentReplaceBehavior [ RunTime:0.000000s ]
INFO: [ template_filter ] --END-- [ RunTime:0.000000s ]
INFO: Run Behavior\ParseTemplateBehavior [ RunTime:0.010001s ]
INFO: [ view_parse ] --END-- [ RunTime:0.010001s ]
INFO: [ view_filter ] --START--
INFO: Run Behavior\WriteHtmlCacheBehavior [ RunTime:0.000000s ]
INFO: [ view_filter ] --END-- [ RunTime:0.000000s ]

[ 2016-12-14T21:54:38+08:00 ] ::1 /warehouse/index.php/Home/Leavestock/add
INFO: [ app_init ] --START--
INFO: Run Behavior\BuildLiteBehavior [ RunTime:0.000000s ]
INFO: [ app_init ] --END-- [ RunTime:0.000000s ]
INFO: [ app_begin ] --START--
INFO: Run Behavior\ReadHtmlCacheBehavior [ RunTime:0.002500s ]
INFO: [ app_begin ] --END-- [ RunTime:0.002500s ]
SQL: DESCRIBE wh_user [ RunTime:0.002500s ]
SQL: DESCRIBE wh_type [ RunTime:0.002500s ]
SQL: SELECT * FROM `wh_type`  [ RunTime:0.000000s ]
SQL: DESCRIBE wh_category [ RunTime:0.002500s ]
SQL: SELECT * FROM `wh_category`  [ RunTime:0.000000s ]
SQL: DESCRIBE wh_stockhouse [ RunTime:0.002500s ]
SQL: SELECT * FROM `wh_stockhouse`  [ RunTime:0.000000s ]
SQL: DESCRIBE wh_user [ RunTime:0.005000s ]
SQL: SELECT `id`,`username` FROM `wh_user`  [ RunTime:0.000000s ]
INFO: [ view_parse ] --START--
INFO: [ template_filter ] --START--
INFO: Run Behavior\ContentReplaceBehavior [ RunTime:0.000000s ]
INFO: [ template_filter ] --END-- [ RunTime:0.000000s ]
INFO: Run Behavior\ParseTemplateBehavior [ RunTime:0.012500s ]
INFO: [ view_parse ] --END-- [ RunTime:0.012500s ]
INFO: [ view_filter ] --START--
INFO: Run Behavior\WriteHtmlCacheBehavior [ RunTime:0.002500s ]
INFO: [ view_filter ] --END-- [ RunTime:0.002500s ]
INFO: [ app_end ] --START--
INFO: Run Behavior\ShowPageTraceBehavior [ RunTime:0.000000s ]
INFO: [ app_end ] --END-- [ RunTime:0.000000s ]

[ 2016-12-14T21:55:11+08:00 ] ::1 /warehouse/index.php/Home/Leavestock/add
INFO: [ app_init ] --START--
INFO: Run Behavior\BuildLiteBehavior [ RunTime:0.000000s ]
INFO: [ app_init ] --END-- [ RunTime:0.000000s ]
INFO: [ app_begin ] --START--
INFO: Run Behavior\ReadHtmlCacheBehavior [ RunTime:0.000000s ]
INFO: [ app_begin ] --END-- [ RunTime:0.000000s ]
SQL: DESCRIBE wh_user [ RunTime:0.002500s ]
SQL: DESCRIBE wh_type [ RunTime:0.002500s ]
SQL: SELECT * FROM `wh_type`  [ RunTime:0.000000s ]
SQL: DESCRIBE wh_category [ RunTime:0.002500s ]
SQL: SELECT * FROM `wh_category`  [ RunTime:0.002500s ]
SQL: DESCRIBE wh_stockhouse [ RunTime:0.005000s ]
SQL: SELECT * FROM `wh_stockhouse`  [ RunTime:0.000000s ]
SQL: DESCRIBE wh_user [ RunTime:0.002500s ]
SQL: SELECT `id`,`username` FROM `wh_user`  [ RunTime:0.000000s ]
INFO: [ view_parse ] --START--
INFO: [ template_filter ] --START--
INFO: Run Behavior\ContentReplaceBehavior [ RunTime:0.000000s ]
INFO: [ template_filter ] --END-- [ RunTime:0.000000s ]
INFO: Run Behavior\ParseTemplateBehavior [ RunTime:0.012500s ]
INFO: [ view_parse ] --END-- [ RunTime:0.012500s ]
INFO: [ view_filter ] --START--
INFO: Run Behavior\WriteHtmlCacheBehavior [ RunTime:0.000000s ]
INFO: [ view_filter ] --END-- [ RunTime:0.000000s ]
INFO: [ app_end ] --START--
INFO: Run Behavior\ShowPageTraceBehavior [ RunTime:0.000000s ]
INFO: [ app_end ] --END-- [ RunTime:0.000000s ]

[ 2016-12-14T21:55:39+08:00 ] ::1 /warehouse/index.php/Home/Leavestock/add
INFO: [ app_init ] --START--
INFO: Run Behavior\BuildLiteBehavior [ RunTime:0.000000s ]
INFO: [ app_init ] --END-- [ RunTime:0.000000s ]
INFO: [ app_begin ] --START--
INFO: Run Behavior\ReadHtmlCacheBehavior [ RunTime:0.002501s ]
INFO: [ app_begin ] --END-- [ RunTime:0.002501s ]
SQL: DESCRIBE wh_user [ RunTime:0.002500s ]
SQL: DESCRIBE wh_type [ RunTime:0.005000s ]
SQL: SELECT * FROM `wh_type`  [ RunTime:0.002500s ]
SQL: DESCRIBE wh_category [ RunTime:0.005000s ]
SQL: SELECT * FROM `wh_category`  [ RunTime:0.000000s ]
SQL: DESCRIBE wh_stockhouse [ RunTime:0.002500s ]
SQL: SELECT * FROM `wh_stockhouse`  [ RunTime:0.002500s ]
SQL: DESCRIBE wh_user [ RunTime:0.002500s ]
SQL: SELECT `id`,`username` FROM `wh_user`  [ RunTime:0.000000s ]
INFO: [ view_parse ] --START--
INFO: [ template_filter ] --START--
INFO: Run Behavior\ContentReplaceBehavior [ RunTime:0.000000s ]
INFO: [ template_filter ] --END-- [ RunTime:0.000000s ]
INFO: Run Behavior\ParseTemplateBehavior [ RunTime:0.015001s ]
INFO: [ view_parse ] --END-- [ RunTime:0.015001s ]
INFO: [ view_filter ] --START--
INFO: Run Behavior\WriteHtmlCacheBehavior [ RunTime:0.000000s ]
INFO: [ view_filter ] --END-- [ RunTime:0.000000s ]
INFO: [ app_end ] --START--
INFO: Run Behavior\ShowPageTraceBehavior [ RunTime:0.002500s ]
INFO: [ app_end ] --END-- [ RunTime:0.002500s ]

[ 2016-12-14T21:56:53+08:00 ] ::1 /warehouse/index.php/Home/Leavestock/add
INFO: [ app_init ] --START--
INFO: Run Behavior\BuildLiteBehavior [ RunTime:0.000000s ]
INFO: [ app_init ] --END-- [ RunTime:0.002500s ]
INFO: [ app_begin ] --START--
INFO: Run Behavior\ReadHtmlCacheBehavior [ RunTime:0.002500s ]
INFO: [ app_begin ] --END-- [ RunTime:0.002500s ]
SQL: DESCRIBE wh_user [ RunTime:0.005000s ]
SQL: DESCRIBE wh_type [ RunTime:0.002500s ]
SQL: SELECT * FROM `wh_type`  [ RunTime:0.000000s ]
SQL: DESCRIBE wh_category [ RunTime:0.002500s ]
SQL: SELECT * FROM `wh_category`  [ RunTime:0.000000s ]
SQL: DESCRIBE wh_stockhouse [ RunTime:0.005000s ]
SQL: SELECT * FROM `wh_stockhouse`  [ RunTime:0.000000s ]
SQL: DESCRIBE wh_user [ RunTime:0.002500s ]
SQL: SELECT `id`,`username` FROM `wh_user`  [ RunTime:0.002500s ]
INFO: [ view_parse ] --START--
INFO: [ template_filter ] --START--
INFO: Run Behavior\ContentReplaceBehavior [ RunTime:0.000000s ]
INFO: [ template_filter ] --END-- [ RunTime:0.000000s ]
INFO: Run Behavior\ParseTemplateBehavior [ RunTime:0.012501s ]
INFO: [ view_parse ] --END-- [ RunTime:0.012501s ]
INFO: [ view_filter ] --START--
INFO: Run Behavior\WriteHtmlCacheBehavior [ RunTime:0.000000s ]
INFO: [ view_filter ] --END-- [ RunTime:0.002500s ]
INFO: [ app_end ] --START--
INFO: Run Behavior\ShowPageTraceBehavior [ RunTime:0.000000s ]
INFO: [ app_end ] --END-- [ RunTime:0.000000s ]

[ 2016-12-14T21:56:54+08:00 ] ::1 /warehouse/index.php/Home/Leavestock/add
INFO: [ app_init ] --START--
INFO: Run Behavior\BuildLiteBehavior [ RunTime:0.000000s ]
INFO: [ app_init ] --END-- [ RunTime:0.002500s ]
INFO: [ app_begin ] --START--
INFO: Run Behavior\ReadHtmlCacheBehavior [ RunTime:0.000000s ]
INFO: [ app_begin ] --END-- [ RunTime:0.000000s ]
SQL: DESCRIBE wh_user [ RunTime:0.005001s ]
NOTIC: [2048] Declaration of Home\Model\LeavestockModel::_after_insert() should be compatible with Think\Model::_after_insert($data, $options) D:\xampp\htdocs\warehouse\Application\Home\Model\LeavestockModel.class.php 第 223 行.
SQL: DESCRIBE wh_leavestock [ RunTime:0.002500s ]
NOTIC: [8] Undefined index: leavedate D:\xampp\htdocs\warehouse\ThinkPHP\Library\Think\Model.class.php 第 1125 行.
INFO: [ view_parse ] --START--
INFO: [ template_filter ] --START--
INFO: Run Behavior\ContentReplaceBehavior [ RunTime:0.000000s ]
INFO: [ template_filter ] --END-- [ RunTime:0.000000s ]
INFO: Run Behavior\ParseTemplateBehavior [ RunTime:0.007500s ]
INFO: [ view_parse ] --END-- [ RunTime:0.007500s ]
INFO: [ view_filter ] --START--
INFO: Run Behavior\WriteHtmlCacheBehavior [ RunTime:0.000000s ]
INFO: [ view_filter ] --END-- [ RunTime:0.000000s ]

[ 2016-12-14T21:56:58+08:00 ] ::1 /warehouse/index.php/Home/Leavestock/add
INFO: [ app_init ] --START--
INFO: Run Behavior\BuildLiteBehavior [ RunTime:0.000000s ]
INFO: [ app_init ] --END-- [ RunTime:0.002500s ]
INFO: [ app_begin ] --START--
INFO: Run Behavior\ReadHtmlCacheBehavior [ RunTime:0.000000s ]
INFO: [ app_begin ] --END-- [ RunTime:0.000000s ]
SQL: DESCRIBE wh_user [ RunTime:0.005000s ]
SQL: DESCRIBE wh_type [ RunTime:0.002500s ]
SQL: SELECT * FROM `wh_type`  [ RunTime:0.000000s ]
SQL: DESCRIBE wh_category [ RunTime:0.005000s ]
SQL: SELECT * FROM `wh_category`  [ RunTime:0.000000s ]
SQL: DESCRIBE wh_stockhouse [ RunTime:0.005000s ]
SQL: SELECT * FROM `wh_stockhouse`  [ RunTime:0.000000s ]
SQL: DESCRIBE wh_user [ RunTime:0.005000s ]
SQL: SELECT `id`,`username` FROM `wh_user`  [ RunTime:0.000000s ]
INFO: [ view_parse ] --START--
INFO: [ template_filter ] --START--
INFO: Run Behavior\ContentReplaceBehavior [ RunTime:0.000000s ]
INFO: [ template_filter ] --END-- [ RunTime:0.000000s ]
INFO: Run Behavior\ParseTemplateBehavior [ RunTime:0.015001s ]
INFO: [ view_parse ] --END-- [ RunTime:0.015001s ]
INFO: [ view_filter ] --START--
INFO: Run Behavior\WriteHtmlCacheBehavior [ RunTime:0.000000s ]
INFO: [ view_filter ] --END-- [ RunTime:0.000000s ]
INFO: [ app_end ] --START--
INFO: Run Behavior\ShowPageTraceBehavior [ RunTime:0.000000s ]
INFO: [ app_end ] --END-- [ RunTime:0.000000s ]

[ 2016-12-14T21:57:16+08:00 ] ::1 /warehouse/index.php/Home/Leavestock/add
INFO: [ app_init ] --START--
INFO: Run Behavior\BuildLiteBehavior [ RunTime:0.000000s ]
INFO: [ app_init ] --END-- [ RunTime:0.000000s ]
INFO: [ app_begin ] --START--
INFO: Run Behavior\ReadHtmlCacheBehavior [ RunTime:0.000000s ]
INFO: [ app_begin ] --END-- [ RunTime:0.000000s ]
SQL: DESCRIBE wh_user [ RunTime:0.005000s ]
SQL: DESCRIBE wh_type [ RunTime:0.002500s ]
SQL: SELECT * FROM `wh_type`  [ RunTime:0.000000s ]
SQL: DESCRIBE wh_category [ RunTime:0.005001s ]
SQL: SELECT * FROM `wh_category`  [ RunTime:0.000000s ]
SQL: DESCRIBE wh_stockhouse [ RunTime:0.002500s ]
SQL: SELECT * FROM `wh_stockhouse`  [ RunTime:0.000000s ]
SQL: DESCRIBE wh_user [ RunTime:0.002500s ]
SQL: SELECT `id`,`username` FROM `wh_user`  [ RunTime:0.000000s ]
INFO: [ view_parse ] --START--
INFO: [ template_filter ] --START--
INFO: Run Behavior\ContentReplaceBehavior [ RunTime:0.000000s ]
INFO: [ template_filter ] --END-- [ RunTime:0.000000s ]
INFO: Run Behavior\ParseTemplateBehavior [ RunTime:0.012500s ]
INFO: [ view_parse ] --END-- [ RunTime:0.012500s ]
INFO: [ view_filter ] --START--
INFO: Run Behavior\WriteHtmlCacheBehavior [ RunTime:0.000000s ]
INFO: [ view_filter ] --END-- [ RunTime:0.000000s ]
INFO: [ app_end ] --START--
INFO: Run Behavior\ShowPageTraceBehavior [ RunTime:0.002500s ]
INFO: [ app_end ] --END-- [ RunTime:0.002500s ]

[ 2016-12-14T21:57:32+08:00 ] ::1 /warehouse/index.php/Home/Goods/getGoodsByTypeId
INFO: [ app_init ] --START--
INFO: Run Behavior\BuildLiteBehavior [ RunTime:0.000000s ]
INFO: [ app_init ] --END-- [ RunTime:0.002500s ]
INFO: [ app_begin ] --START--
INFO: Run Behavior\ReadHtmlCacheBehavior [ RunTime:0.002500s ]
INFO: [ app_begin ] --END-- [ RunTime:0.002500s ]
SQL: DESCRIBE wh_user [ RunTime:0.002500s ]
SQL: DESCRIBE wh_goods [ RunTime:0.041200s ]
SQL: SELECT `id`,`name` FROM `wh_goods` WHERE ( `type_id` = 1 )  [ RunTime:0.000000s ]

[ 2016-12-14T21:57:34+08:00 ] ::1 /warehouse/index.php/Home/Goods/getGoodsByTypeId
INFO: [ app_init ] --START--
INFO: Run Behavior\BuildLiteBehavior [ RunTime:0.000000s ]
INFO: [ app_init ] --END-- [ RunTime:0.002500s ]
INFO: [ app_begin ] --START--
INFO: Run Behavior\ReadHtmlCacheBehavior [ RunTime:0.002500s ]
INFO: [ app_begin ] --END-- [ RunTime:0.002500s ]
SQL: DESCRIBE wh_user [ RunTime:0.002500s ]
SQL: DESCRIBE wh_goods [ RunTime:0.002500s ]
SQL: SELECT `id`,`name` FROM `wh_goods` WHERE ( `type_id` = 1 )  [ RunTime:0.000000s ]

[ 2016-12-14T21:57:35+08:00 ] ::1 /warehouse/index.php/Home/Goods/getGoodsByTypeId
INFO: [ app_init ] --START--
INFO: Run Behavior\BuildLiteBehavior [ RunTime:0.000000s ]
INFO: [ app_init ] --END-- [ RunTime:0.000000s ]
INFO: [ app_begin ] --START--
INFO: Run Behavior\ReadHtmlCacheBehavior [ RunTime:0.000000s ]
INFO: [ app_begin ] --END-- [ RunTime:0.000000s ]
SQL: DESCRIBE wh_user [ RunTime:0.005000s ]
SQL: DESCRIBE wh_goods [ RunTime:0.005000s ]
SQL: SELECT `id`,`name` FROM `wh_goods` WHERE ( `type_id` = 1 )  [ RunTime:0.000000s ]

[ 2016-12-14T21:59:05+08:00 ] ::1 /warehouse/index.php/Home/stock/getQuantityStock
INFO: [ app_init ] --START--
INFO: Run Behavior\BuildLiteBehavior [ RunTime:0.000000s ]
INFO: [ app_init ] --END-- [ RunTime:0.000000s ]
INFO: [ app_begin ] --START--
INFO: Run Behavior\ReadHtmlCacheBehavior [ RunTime:0.002500s ]
INFO: [ app_begin ] --END-- [ RunTime:0.002500s ]
SQL: DESCRIBE wh_user [ RunTime:0.005000s ]
SQL: DESCRIBE wh_stock [ RunTime:0.025600s ]
SQL: SELECT `quantity_stock` FROM `wh_stock` WHERE ( stock_id=1 AND id_goods=1 ) LIMIT 1   [ RunTime:0.000000s ]

[ 2016-12-14T21:59:07+08:00 ] ::1 /warehouse/index.php/Home/stock/getQuantityStock
INFO: [ app_init ] --START--
INFO: Run Behavior\BuildLiteBehavior [ RunTime:0.002500s ]
INFO: [ app_init ] --END-- [ RunTime:0.002500s ]
INFO: [ app_begin ] --START--
INFO: Run Behavior\ReadHtmlCacheBehavior [ RunTime:0.000000s ]
INFO: [ app_begin ] --END-- [ RunTime:0.000000s ]
SQL: DESCRIBE wh_user [ RunTime:0.002500s ]
SQL: DESCRIBE wh_stock [ RunTime:0.005000s ]
SQL: SELECT `quantity_stock` FROM `wh_stock` WHERE ( stock_id=1 AND id_goods=1 ) LIMIT 1   [ RunTime:0.000000s ]

[ 2016-12-14T21:59:07+08:00 ] ::1 /warehouse/index.php/Home/stock/getQuantityStock
INFO: [ app_init ] --START--
INFO: Run Behavior\BuildLiteBehavior [ RunTime:0.000000s ]
INFO: [ app_init ] --END-- [ RunTime:0.000000s ]
INFO: [ app_begin ] --START--
INFO: Run Behavior\ReadHtmlCacheBehavior [ RunTime:0.000000s ]
INFO: [ app_begin ] --END-- [ RunTime:0.000000s ]
SQL: DESCRIBE wh_user [ RunTime:0.005000s ]
SQL: DESCRIBE wh_stock [ RunTime:0.005000s ]
SQL: SELECT `quantity_stock` FROM `wh_stock` WHERE ( stock_id=1 AND id_goods=1 ) LIMIT 1   [ RunTime:0.000000s ]

[ 2016-12-14T22:00:08+08:00 ] ::1 /warehouse/index.php/Home/Leavestock/add
INFO: [ app_init ] --START--
INFO: Run Behavior\BuildLiteBehavior [ RunTime:0.000000s ]
INFO: [ app_init ] --END-- [ RunTime:0.000000s ]
INFO: [ app_begin ] --START--
INFO: Run Behavior\ReadHtmlCacheBehavior [ RunTime:0.002500s ]
INFO: [ app_begin ] --END-- [ RunTime:0.002500s ]
SQL: DESCRIBE wh_user [ RunTime:0.002500s ]
SQL: DESCRIBE wh_type [ RunTime:0.002500s ]
SQL: SELECT * FROM `wh_type`  [ RunTime:0.002500s ]
SQL: DESCRIBE wh_category [ RunTime:0.002500s ]
SQL: SELECT * FROM `wh_category`  [ RunTime:0.000000s ]
SQL: DESCRIBE wh_stockhouse [ RunTime:0.005000s ]
SQL: SELECT * FROM `wh_stockhouse`  [ RunTime:0.000000s ]
SQL: DESCRIBE wh_user [ RunTime:0.005000s ]
SQL: SELECT `id`,`username` FROM `wh_user`  [ RunTime:0.000000s ]
INFO: [ view_parse ] --START--
INFO: [ template_filter ] --START--
INFO: Run Behavior\ContentReplaceBehavior [ RunTime:0.000000s ]
INFO: [ template_filter ] --END-- [ RunTime:0.000000s ]
INFO: Run Behavior\ParseTemplateBehavior [ RunTime:0.012501s ]
INFO: [ view_parse ] --END-- [ RunTime:0.012501s ]
INFO: [ view_filter ] --START--
INFO: Run Behavior\WriteHtmlCacheBehavior [ RunTime:0.000000s ]
INFO: [ view_filter ] --END-- [ RunTime:0.000000s ]
INFO: [ app_end ] --START--
INFO: Run Behavior\ShowPageTraceBehavior [ RunTime:0.002500s ]
INFO: [ app_end ] --END-- [ RunTime:0.002500s ]

[ 2016-12-14T22:00:11+08:00 ] ::1 /warehouse/index.php/Home/Goods/getGoodsByTypeId
INFO: [ app_init ] --START--
INFO: Run Behavior\BuildLiteBehavior [ RunTime:0.000000s ]
INFO: [ app_init ] --END-- [ RunTime:0.000000s ]
INFO: [ app_begin ] --START--
INFO: Run Behavior\ReadHtmlCacheBehavior [ RunTime:0.000000s ]
INFO: [ app_begin ] --END-- [ RunTime:0.000000s ]
SQL: DESCRIBE wh_user [ RunTime:0.002500s ]
SQL: DESCRIBE wh_goods [ RunTime:0.002500s ]
SQL: SELECT `id`,`name` FROM `wh_goods` WHERE ( `type_id` = 1 )  [ RunTime:0.002500s ]

[ 2016-12-14T22:00:12+08:00 ] ::1 /warehouse/index.php/Home/Goods/getGoodsByTypeId
INFO: [ app_init ] --START--
INFO: Run Behavior\BuildLiteBehavior [ RunTime:0.000000s ]
INFO: [ app_init ] --END-- [ RunTime:0.000000s ]
INFO: [ app_begin ] --START--
INFO: Run Behavior\ReadHtmlCacheBehavior [ RunTime:0.000000s ]
INFO: [ app_begin ] --END-- [ RunTime:0.000000s ]
SQL: DESCRIBE wh_user [ RunTime:0.005000s ]
SQL: DESCRIBE wh_goods [ RunTime:0.002500s ]
SQL: SELECT `id`,`name` FROM `wh_goods` WHERE ( `type_id` = 1 )  [ RunTime:0.000000s ]

[ 2016-12-14T22:00:15+08:00 ] ::1 /warehouse/index.php/Home/stock/getQuantityStock
INFO: [ app_init ] --START--
INFO: Run Behavior\BuildLiteBehavior [ RunTime:0.000000s ]
INFO: [ app_init ] --END-- [ RunTime:0.002500s ]
INFO: [ app_begin ] --START--
INFO: Run Behavior\ReadHtmlCacheBehavior [ RunTime:0.000000s ]
INFO: [ app_begin ] --END-- [ RunTime:0.000000s ]
SQL: DESCRIBE wh_user [ RunTime:0.005000s ]
SQL: DESCRIBE wh_stock [ RunTime:0.005000s ]
SQL: SELECT `quantity_stock` FROM `wh_stock` WHERE ( stock_id=1 AND id_goods=1 ) LIMIT 1   [ RunTime:0.002500s ]

[ 2016-12-14T22:00:16+08:00 ] ::1 /warehouse/index.php/Home/stock/getQuantityStock
INFO: [ app_init ] --START--
INFO: Run Behavior\BuildLiteBehavior [ RunTime:0.000000s ]
INFO: [ app_init ] --END-- [ RunTime:0.000000s ]
INFO: [ app_begin ] --START--
INFO: Run Behavior\ReadHtmlCacheBehavior [ RunTime:0.002500s ]
INFO: [ app_begin ] --END-- [ RunTime:0.002500s ]
SQL: DESCRIBE wh_user [ RunTime:0.000000s ]
SQL: DESCRIBE wh_stock [ RunTime:0.015601s ]
SQL: SELECT `quantity_stock` FROM `wh_stock` WHERE ( stock_id=1 AND id_goods=1 ) LIMIT 1   [ RunTime:0.000000s ]

[ 2016-12-14T22:00:36+08:00 ] ::1 /warehouse/index.php/Home/Leavestock/add
INFO: [ app_init ] --START--
INFO: Run Behavior\BuildLiteBehavior [ RunTime:0.000000s ]
INFO: [ app_init ] --END-- [ RunTime:0.002500s ]
INFO: [ app_begin ] --START--
INFO: Run Behavior\ReadHtmlCacheBehavior [ RunTime:0.000000s ]
INFO: [ app_begin ] --END-- [ RunTime:0.002500s ]
SQL: DESCRIBE wh_user [ RunTime:0.005000s ]
SQL: DESCRIBE wh_type [ RunTime:0.002500s ]
SQL: SELECT * FROM `wh_type`  [ RunTime:0.000000s ]
SQL: DESCRIBE wh_category [ RunTime:0.005000s ]
SQL: SELECT * FROM `wh_category`  [ RunTime:0.000000s ]
SQL: DESCRIBE wh_stockhouse [ RunTime:0.005000s ]
SQL: SELECT * FROM `wh_stockhouse`  [ RunTime:0.000000s ]
SQL: DESCRIBE wh_user [ RunTime:0.005000s ]
SQL: SELECT `id`,`username` FROM `wh_user`  [ RunTime:0.000000s ]
INFO: [ view_parse ] --START--
INFO: [ template_filter ] --START--
INFO: Run Behavior\ContentReplaceBehavior [ RunTime:0.002500s ]
INFO: [ template_filter ] --END-- [ RunTime:0.002500s ]
INFO: Run Behavior\ParseTemplateBehavior [ RunTime:0.012500s ]
INFO: [ view_parse ] --END-- [ RunTime:0.012500s ]
INFO: [ view_filter ] --START--
INFO: Run Behavior\WriteHtmlCacheBehavior [ RunTime:0.002500s ]
INFO: [ view_filter ] --END-- [ RunTime:0.002500s ]
INFO: [ app_end ] --START--
INFO: Run Behavior\ShowPageTraceBehavior [ RunTime:0.000000s ]
INFO: [ app_end ] --END-- [ RunTime:0.000000s ]

[ 2016-12-14T22:00:41+08:00 ] ::1 /warehouse/index.php/Home/Goods/getGoodsByTypeId
INFO: [ app_init ] --START--
INFO: Run Behavior\BuildLiteBehavior [ RunTime:0.000000s ]
INFO: [ app_init ] --END-- [ RunTime:0.000000s ]
INFO: [ app_begin ] --START--
INFO: Run Behavior\ReadHtmlCacheBehavior [ RunTime:0.000000s ]
INFO: [ app_begin ] --END-- [ RunTime:0.000000s ]
SQL: DESCRIBE wh_user [ RunTime:0.005000s ]
SQL: DESCRIBE wh_goods [ RunTime:0.002500s ]
SQL: SELECT `id`,`name` FROM `wh_goods` WHERE ( `type_id` = 1 )  [ RunTime:0.000000s ]

[ 2016-12-14T22:00:43+08:00 ] ::1 /warehouse/index.php/Home/stock/getQuantityStock
INFO: [ app_init ] --START--
INFO: Run Behavior\BuildLiteBehavior [ RunTime:0.000000s ]
INFO: [ app_init ] --END-- [ RunTime:0.000000s ]
INFO: [ app_begin ] --START--
INFO: Run Behavior\ReadHtmlCacheBehavior [ RunTime:0.000000s ]
INFO: [ app_begin ] --END-- [ RunTime:0.000000s ]
SQL: DESCRIBE wh_user [ RunTime:0.007500s ]
SQL: DESCRIBE wh_stock [ RunTime:0.005000s ]
SQL: SELECT `quantity_stock` FROM `wh_stock` WHERE ( stock_id=1 AND id_goods=1 ) LIMIT 1   [ RunTime:0.000000s ]

[ 2016-12-14T22:00:45+08:00 ] ::1 /warehouse/index.php/Home/Goods/getGoodsByTypeId
INFO: [ app_init ] --START--
INFO: Run Behavior\BuildLiteBehavior [ RunTime:0.000000s ]
INFO: [ app_init ] --END-- [ RunTime:0.000000s ]
INFO: [ app_begin ] --START--
INFO: Run Behavior\ReadHtmlCacheBehavior [ RunTime:0.002500s ]
INFO: [ app_begin ] --END-- [ RunTime:0.002500s ]
SQL: DESCRIBE wh_user [ RunTime:0.005000s ]
SQL: DESCRIBE wh_goods [ RunTime:0.002500s ]
SQL: SELECT `id`,`name` FROM `wh_goods` WHERE ( `type_id` = 1 )  [ RunTime:0.002500s ]

[ 2016-12-14T22:00:48+08:00 ] ::1 /warehouse/index.php/Home/stock/getQuantityStock
INFO: [ app_init ] --START--
INFO: Run Behavior\BuildLiteBehavior [ RunTime:0.000000s ]
INFO: [ app_init ] --END-- [ RunTime:0.002500s ]
INFO: [ app_begin ] --START--
INFO: Run Behavior\ReadHtmlCacheBehavior [ RunTime:0.000000s ]
INFO: [ app_begin ] --END-- [ RunTime:0.000000s ]
SQL: DESCRIBE wh_user [ RunTime:0.002500s ]
SQL: DESCRIBE wh_stock [ RunTime:0.002500s ]
SQL: SELECT `quantity_stock` FROM `wh_stock` WHERE ( stock_id=1 AND id_goods=1 ) LIMIT 1   [ RunTime:0.002500s ]

[ 2016-12-14T22:00:49+08:00 ] ::1 /warehouse/index.php/Home/stock/getQuantityStock
INFO: [ app_init ] --START--
INFO: Run Behavior\BuildLiteBehavior [ RunTime:0.000000s ]
INFO: [ app_init ] --END-- [ RunTime:0.000000s ]
INFO: [ app_begin ] --START--
INFO: Run Behavior\ReadHtmlCacheBehavior [ RunTime:0.002500s ]
INFO: [ app_begin ] --END-- [ RunTime:0.002500s ]
SQL: DESCRIBE wh_user [ RunTime:0.000000s ]
SQL: DESCRIBE wh_stock [ RunTime:0.015600s ]
SQL: SELECT `quantity_stock` FROM `wh_stock` WHERE ( stock_id=2 AND id_goods=1 ) LIMIT 1   [ RunTime:0.000000s ]

[ 2016-12-14T22:00:50+08:00 ] ::1 /warehouse/index.php/Home/stock/getQuantityStock
INFO: [ app_init ] --START--
INFO: Run Behavior\BuildLiteBehavior [ RunTime:0.000000s ]
INFO: [ app_init ] --END-- [ RunTime:0.000000s ]
INFO: [ app_begin ] --START--
INFO: Run Behavior\ReadHtmlCacheBehavior [ RunTime:0.000000s ]
INFO: [ app_begin ] --END-- [ RunTime:0.000000s ]
SQL: DESCRIBE wh_user [ RunTime:0.002500s ]
SQL: DESCRIBE wh_stock [ RunTime:0.002500s ]
SQL: SELECT `quantity_stock` FROM `wh_stock` WHERE ( stock_id=1 AND id_goods=1 ) LIMIT 1   [ RunTime:0.000000s ]

[ 2016-12-14T22:00:59+08:00 ] ::1 /warehouse/index.php/Home/Goods/getGoodsByTypeId
INFO: [ app_init ] --START--
INFO: Run Behavior\BuildLiteBehavior [ RunTime:0.000000s ]
INFO: [ app_init ] --END-- [ RunTime:0.000000s ]
INFO: [ app_begin ] --START--
INFO: Run Behavior\ReadHtmlCacheBehavior [ RunTime:0.000000s ]
INFO: [ app_begin ] --END-- [ RunTime:0.000000s ]
SQL: DESCRIBE wh_user [ RunTime:0.002501s ]
SQL: DESCRIBE wh_goods [ RunTime:0.005000s ]
SQL: SELECT `id`,`name` FROM `wh_goods` WHERE ( `type_id` = 1 )  [ RunTime:0.000000s ]

[ 2016-12-14T22:01:01+08:00 ] ::1 /warehouse/index.php/Home/stock/getQuantityStock
INFO: [ app_init ] --START--
INFO: Run Behavior\BuildLiteBehavior [ RunTime:0.000000s ]
INFO: [ app_init ] --END-- [ RunTime:0.000000s ]
INFO: [ app_begin ] --START--
INFO: Run Behavior\ReadHtmlCacheBehavior [ RunTime:0.000000s ]
INFO: [ app_begin ] --END-- [ RunTime:0.000000s ]
SQL: DESCRIBE wh_user [ RunTime:0.002500s ]
SQL: DESCRIBE wh_stock [ RunTime:0.002500s ]
SQL: SELECT `quantity_stock` FROM `wh_stock` WHERE ( stock_id=1 AND id_goods=1 ) LIMIT 1   [ RunTime:0.000000s ]

