[ 2016-11-07T20:12:54+08:00 ] ::1 /warehouse/home/category
INFO: [ app_init ] --START--
INFO: Run Behavior\BuildLiteBehavior [ RunTime:0.000000s ]
INFO: [ app_init ] --END-- [ RunTime:0.001000s ]
INFO: [ app_begin ] --START--
INFO: Run Behavior\ReadHtmlCacheBehavior [ RunTime:0.001000s ]
INFO: [ app_begin ] --END-- [ RunTime:0.002000s ]
SQL: DESCRIBE wh_user [ RunTime:0.023001s ]
SQL: DESCRIBE wh_category [ RunTime:0.013001s ]
SQL: SELECT * FROM `wh_category`  [ RunTime:0.000000s ]
INFO: [ view_parse ] --START--
INFO: [ template_filter ] --START--
INFO: Run Behavior\ContentReplaceBehavior [ RunTime:0.000000s ]
INFO: [ template_filter ] --END-- [ RunTime:0.000000s ]
NOTIC: [8] Undefined variable: fields D:\xampp\htdocs\warehouse\Application\Runtime\Cache\Home\fd93d816414af0ade2156438a8d6b092.php 第 42 行.
NOTIC: [8] Undefined index: order D:\xampp\htdocs\warehouse\Application\Runtime\Cache\Home\fd93d816414af0ade2156438a8d6b092.php 第 47 行.
NOTIC: [8] Undefined index: order D:\xampp\htdocs\warehouse\Application\Runtime\Cache\Home\fd93d816414af0ade2156438a8d6b092.php 第 47 行.
NOTIC: [8] Undefined index: order D:\xampp\htdocs\warehouse\Application\Runtime\Cache\Home\fd93d816414af0ade2156438a8d6b092.php 第 47 行.
NOTIC: [8] Undefined index: order D:\xampp\htdocs\warehouse\Application\Runtime\Cache\Home\fd93d816414af0ade2156438a8d6b092.php 第 47 行.
NOTIC: [8] Undefined index: order D:\xampp\htdocs\warehouse\Application\Runtime\Cache\Home\fd93d816414af0ade2156438a8d6b092.php 第 47 行.
NOTIC: [8] Undefined index: order D:\xampp\htdocs\warehouse\Application\Runtime\Cache\Home\fd93d816414af0ade2156438a8d6b092.php 第 47 行.
NOTIC: [8] Undefined index: order D:\xampp\htdocs\warehouse\Application\Runtime\Cache\Home\fd93d816414af0ade2156438a8d6b092.php 第 47 行.
NOTIC: [8] Undefined index: order D:\xampp\htdocs\warehouse\Application\Runtime\Cache\Home\fd93d816414af0ade2156438a8d6b092.php 第 47 行.
NOTIC: [8] Undefined index: order D:\xampp\htdocs\warehouse\Application\Runtime\Cache\Home\fd93d816414af0ade2156438a8d6b092.php 第 47 行.
NOTIC: [8] Undefined index: order D:\xampp\htdocs\warehouse\Application\Runtime\Cache\Home\fd93d816414af0ade2156438a8d6b092.php 第 47 行.
NOTIC: [8] Undefined index: order D:\xampp\htdocs\warehouse\Application\Runtime\Cache\Home\fd93d816414af0ade2156438a8d6b092.php 第 47 行.
NOTIC: [8] Undefined variable: str D:\xampp\htdocs\warehouse\Application\Runtime\Cache\Home\fd93d816414af0ade2156438a8d6b092.php 第 63 行.
INFO: Run Behavior\ParseTemplateBehavior [ RunTime:0.012001s ]
INFO: [ view_parse ] --END-- [ RunTime:0.012001s ]
INFO: [ view_filter ] --START--
INFO: Run Behavior\WriteHtmlCacheBehavior [ RunTime:0.001000s ]
INFO: [ view_filter ] --END-- [ RunTime:0.001000s ]
INFO: [ app_end ] --START--
INFO: Run Behavior\ShowPageTraceBehavior [ RunTime:0.001000s ]
INFO: [ app_end ] --END-- [ RunTime:0.001000s ]

[ 2016-11-07T20:13:21+08:00 ] ::1 /warehouse/index.php/Home/Category/add
INFO: [ app_init ] --START--
INFO: Run Behavior\BuildLiteBehavior [ RunTime:0.000000s ]
INFO: [ app_init ] --END-- [ RunTime:0.000000s ]
INFO: [ app_begin ] --START--
INFO: Run Behavior\ReadHtmlCacheBehavior [ RunTime:0.001000s ]
INFO: [ app_begin ] --END-- [ RunTime:0.001000s ]
SQL: DESCRIBE wh_user [ RunTime:0.004000s ]
INFO: [ view_parse ] --START--
INFO: [ template_filter ] --START--
INFO: Run Behavior\ContentReplaceBehavior [ RunTime:0.000000s ]
INFO: [ template_filter ] --END-- [ RunTime:0.000000s ]
INFO: Run Behavior\ParseTemplateBehavior [ RunTime:0.022001s ]
INFO: [ view_parse ] --END-- [ RunTime:0.022001s ]
INFO: [ view_filter ] --START--
INFO: Run Behavior\WriteHtmlCacheBehavior [ RunTime:0.000000s ]
INFO: [ view_filter ] --END-- [ RunTime:0.000000s ]
INFO: [ app_end ] --START--
INFO: Run Behavior\ShowPageTraceBehavior [ RunTime:0.001000s ]
INFO: [ app_end ] --END-- [ RunTime:0.001000s ]

[ 2016-11-07T20:14:26+08:00 ] ::1 /warehouse/index.php/Home/Category/add
INFO: [ app_init ] --START--
INFO: Run Behavior\BuildLiteBehavior [ RunTime:0.000000s ]
INFO: [ app_init ] --END-- [ RunTime:0.001000s ]
INFO: [ app_begin ] --START--
INFO: Run Behavior\ReadHtmlCacheBehavior [ RunTime:0.002000s ]
INFO: [ app_begin ] --END-- [ RunTime:0.002000s ]
SQL: DESCRIBE wh_user [ RunTime:0.003000s ]
INFO: [ view_parse ] --START--
INFO: [ template_filter ] --START--
INFO: Run Behavior\ContentReplaceBehavior [ RunTime:0.000000s ]
INFO: [ template_filter ] --END-- [ RunTime:0.000000s ]
INFO: Run Behavior\ParseTemplateBehavior [ RunTime:0.009001s ]
INFO: [ view_parse ] --END-- [ RunTime:0.009001s ]
INFO: [ view_filter ] --START--
INFO: Run Behavior\WriteHtmlCacheBehavior [ RunTime:0.001000s ]
INFO: [ view_filter ] --END-- [ RunTime:0.001000s ]
INFO: [ app_end ] --START--
INFO: Run Behavior\ShowPageTraceBehavior [ RunTime:0.001000s ]
INFO: [ app_end ] --END-- [ RunTime:0.001000s ]

[ 2016-11-07T20:15:48+08:00 ] ::1 /warehouse/index.php/Home/Category/add
INFO: [ app_init ] --START--
INFO: Run Behavior\BuildLiteBehavior [ RunTime:0.001000s ]
INFO: [ app_init ] --END-- [ RunTime:0.003000s ]
INFO: [ app_begin ] --START--
INFO: Run Behavior\ReadHtmlCacheBehavior [ RunTime:0.001000s ]
INFO: [ app_begin ] --END-- [ RunTime:0.001000s ]
SQL: DESCRIBE wh_user [ RunTime:0.004001s ]
INFO: [ view_parse ] --START--
INFO: [ template_filter ] --START--
INFO: Run Behavior\ContentReplaceBehavior [ RunTime:0.000000s ]
INFO: [ template_filter ] --END-- [ RunTime:0.000000s ]
NOTIC: [8] Undefined variable: priData D:\xampp\htdocs\warehouse\Application\Runtime\Cache\Home\5076870d4fbe3dabf65b17c160e13e43.php 第 41 行.
NOTIC: [2] Invalid argument supplied for foreach() D:\xampp\htdocs\warehouse\Application\Runtime\Cache\Home\5076870d4fbe3dabf65b17c160e13e43.php 第 41 行.
INFO: Run Behavior\ParseTemplateBehavior [ RunTime:0.009000s ]
INFO: [ view_parse ] --END-- [ RunTime:0.009000s ]
INFO: [ view_filter ] --START--
INFO: Run Behavior\WriteHtmlCacheBehavior [ RunTime:0.000000s ]
INFO: [ view_filter ] --END-- [ RunTime:0.000000s ]
INFO: [ app_end ] --START--
INFO: Run Behavior\ShowPageTraceBehavior [ RunTime:0.001000s ]
INFO: [ app_end ] --END-- [ RunTime:0.001000s ]

[ 2016-11-07T20:17:31+08:00 ] ::1 /warehouse/index.php/Home/Category/add
INFO: [ app_init ] --START--
INFO: Run Behavior\BuildLiteBehavior [ RunTime:0.001000s ]
INFO: [ app_init ] --END-- [ RunTime:0.001000s ]
INFO: [ app_begin ] --START--
INFO: Run Behavior\ReadHtmlCacheBehavior [ RunTime:0.001000s ]
INFO: [ app_begin ] --END-- [ RunTime:0.001000s ]
SQL: DESCRIBE wh_user [ RunTime:0.003000s ]
SQL: DESCRIBE wh_category [ RunTime:0.004000s ]
SQL: SELECT * FROM `wh_category`  [ RunTime:0.001000s ]
INFO: [ view_parse ] --START--
INFO: [ template_filter ] --START--
INFO: Run Behavior\ContentReplaceBehavior [ RunTime:0.000000s ]
INFO: [ template_filter ] --END-- [ RunTime:0.000000s ]
INFO: Run Behavior\ParseTemplateBehavior [ RunTime:0.010001s ]
INFO: [ view_parse ] --END-- [ RunTime:0.010001s ]
INFO: [ view_filter ] --START--
INFO: Run Behavior\WriteHtmlCacheBehavior [ RunTime:0.000000s ]
INFO: [ view_filter ] --END-- [ RunTime:0.000000s ]
INFO: [ app_end ] --START--
INFO: Run Behavior\ShowPageTraceBehavior [ RunTime:0.001000s ]
INFO: [ app_end ] --END-- [ RunTime:0.001000s ]

[ 2016-11-07T20:18:52+08:00 ] ::1 /warehouse/index.php/Home/Category/add
INFO: [ app_init ] --START--
INFO: Run Behavior\BuildLiteBehavior [ RunTime:0.000000s ]
INFO: [ app_init ] --END-- [ RunTime:0.002000s ]
INFO: [ app_begin ] --START--
INFO: Run Behavior\ReadHtmlCacheBehavior [ RunTime:0.001000s ]
INFO: [ app_begin ] --END-- [ RunTime:0.001000s ]
SQL: DESCRIBE wh_user [ RunTime:0.006001s ]
SQL: DESCRIBE wh_category [ RunTime:0.005000s ]
SQL: INSERT INTO `wh_category` (`name`,`parent_id`) VALUES ('曲面',5) [ RunTime:0.001000s ]
INFO: [ view_parse ] --START--
INFO: [ template_filter ] --START--
INFO: Run Behavior\ContentReplaceBehavior [ RunTime:0.000000s ]
INFO: [ template_filter ] --END-- [ RunTime:0.000000s ]
INFO: Run Behavior\ParseTemplateBehavior [ RunTime:0.015001s ]
INFO: [ view_parse ] --END-- [ RunTime:0.016001s ]
INFO: [ view_filter ] --START--
INFO: Run Behavior\WriteHtmlCacheBehavior [ RunTime:0.001000s ]
INFO: [ view_filter ] --END-- [ RunTime:0.001000s ]

[ 2016-11-07T20:18:53+08:00 ] ::1 /warehouse/index.php/Home/Category/index.html
INFO: [ app_init ] --START--
INFO: Run Behavior\BuildLiteBehavior [ RunTime:0.000000s ]
INFO: [ app_init ] --END-- [ RunTime:0.001001s ]
INFO: [ app_begin ] --START--
INFO: Run Behavior\ReadHtmlCacheBehavior [ RunTime:0.001000s ]
INFO: [ app_begin ] --END-- [ RunTime:0.001000s ]
SQL: DESCRIBE wh_user [ RunTime:0.005000s ]
SQL: DESCRIBE wh_category [ RunTime:0.004000s ]
SQL: SELECT * FROM `wh_category`  [ RunTime:0.001000s ]
INFO: [ view_parse ] --START--
INFO: [ template_filter ] --START--
INFO: Run Behavior\ContentReplaceBehavior [ RunTime:0.000000s ]
INFO: [ template_filter ] --END-- [ RunTime:0.001000s ]
NOTIC: [8] Undefined variable: fields D:\xampp\htdocs\warehouse\Application\Runtime\Cache\Home\fd93d816414af0ade2156438a8d6b092.php 第 42 行.
NOTIC: [8] Undefined index: order D:\xampp\htdocs\warehouse\Application\Runtime\Cache\Home\fd93d816414af0ade2156438a8d6b092.php 第 47 行.
NOTIC: [8] Undefined index: order D:\xampp\htdocs\warehouse\Application\Runtime\Cache\Home\fd93d816414af0ade2156438a8d6b092.php 第 47 行.
NOTIC: [8] Undefined index: order D:\xampp\htdocs\warehouse\Application\Runtime\Cache\Home\fd93d816414af0ade2156438a8d6b092.php 第 47 行.
NOTIC: [8] Undefined index: order D:\xampp\htdocs\warehouse\Application\Runtime\Cache\Home\fd93d816414af0ade2156438a8d6b092.php 第 47 行.
NOTIC: [8] Undefined index: order D:\xampp\htdocs\warehouse\Application\Runtime\Cache\Home\fd93d816414af0ade2156438a8d6b092.php 第 47 行.
NOTIC: [8] Undefined index: order D:\xampp\htdocs\warehouse\Application\Runtime\Cache\Home\fd93d816414af0ade2156438a8d6b092.php 第 47 行.
NOTIC: [8] Undefined index: order D:\xampp\htdocs\warehouse\Application\Runtime\Cache\Home\fd93d816414af0ade2156438a8d6b092.php 第 47 行.
NOTIC: [8] Undefined index: order D:\xampp\htdocs\warehouse\Application\Runtime\Cache\Home\fd93d816414af0ade2156438a8d6b092.php 第 47 行.
NOTIC: [8] Undefined index: order D:\xampp\htdocs\warehouse\Application\Runtime\Cache\Home\fd93d816414af0ade2156438a8d6b092.php 第 47 行.
NOTIC: [8] Undefined index: order D:\xampp\htdocs\warehouse\Application\Runtime\Cache\Home\fd93d816414af0ade2156438a8d6b092.php 第 47 行.
NOTIC: [8] Undefined index: order D:\xampp\htdocs\warehouse\Application\Runtime\Cache\Home\fd93d816414af0ade2156438a8d6b092.php 第 47 行.
NOTIC: [8] Undefined index: order D:\xampp\htdocs\warehouse\Application\Runtime\Cache\Home\fd93d816414af0ade2156438a8d6b092.php 第 47 行.
NOTIC: [8] Undefined variable: str D:\xampp\htdocs\warehouse\Application\Runtime\Cache\Home\fd93d816414af0ade2156438a8d6b092.php 第 63 行.
INFO: Run Behavior\ParseTemplateBehavior [ RunTime:0.013001s ]
INFO: [ view_parse ] --END-- [ RunTime:0.013001s ]
INFO: [ view_filter ] --START--
INFO: Run Behavior\WriteHtmlCacheBehavior [ RunTime:0.000000s ]
INFO: [ view_filter ] --END-- [ RunTime:0.000000s ]
INFO: [ app_end ] --START--
INFO: Run Behavior\ShowPageTraceBehavior [ RunTime:0.001000s ]
INFO: [ app_end ] --END-- [ RunTime:0.001000s ]

[ 2016-11-07T20:21:46+08:00 ] ::1 /warehouse/index.php/Home/Category/edit/id/2
INFO: [ app_init ] --START--
INFO: Run Behavior\BuildLiteBehavior [ RunTime:0.000000s ]
INFO: [ app_init ] --END-- [ RunTime:0.001000s ]
INFO: [ app_begin ] --START--
INFO: Run Behavior\ReadHtmlCacheBehavior [ RunTime:0.001000s ]
INFO: [ app_begin ] --END-- [ RunTime:0.002000s ]
SQL: DESCRIBE wh_user [ RunTime:0.004000s ]
SQL: DESCRIBE wh_category [ RunTime:0.003000s ]
SQL: SELECT * FROM `wh_category`  [ RunTime:0.000000s ]
SQL: SELECT * FROM `wh_category`  [ RunTime:0.000000s ]
SQL: SELECT * FROM `wh_category` WHERE ( `id` = 2 ) LIMIT 1   [ RunTime:0.001000s ]
INFO: [ view_parse ] --START--
INFO: [ template_filter ] --START--
INFO: Run Behavior\ContentReplaceBehavior [ RunTime:0.000000s ]
INFO: [ template_filter ] --END-- [ RunTime:0.000000s ]
NOTIC: [2] Illegal string offset 'id' D:\xampp\htdocs\warehouse\Application\Runtime\Cache\Home\53f4f93011af932a2a1f54e3aee5be73.php 第 44 行.
NOTIC: [2] Illegal string offset 'id' D:\xampp\htdocs\warehouse\Application\Runtime\Cache\Home\53f4f93011af932a2a1f54e3aee5be73.php 第 44 行.
NOTIC: [8] Undefined variable: info D:\xampp\htdocs\warehouse\Application\Runtime\Cache\Home\53f4f93011af932a2a1f54e3aee5be73.php 第 44 行.
NOTIC: [8] Undefined variable: info D:\xampp\htdocs\warehouse\Application\Runtime\Cache\Home\53f4f93011af932a2a1f54e3aee5be73.php 第 44 行.
NOTIC: [2] Illegal string offset 'id' D:\xampp\htdocs\warehouse\Application\Runtime\Cache\Home\53f4f93011af932a2a1f54e3aee5be73.php 第 44 行.
NOTIC: [2] Illegal string offset 'id' D:\xampp\htdocs\warehouse\Application\Runtime\Cache\Home\53f4f93011af932a2a1f54e3aee5be73.php 第 45 行.
NOTIC: [2] Illegal string offset 'level' D:\xampp\htdocs\warehouse\Application\Runtime\Cache\Home\53f4f93011af932a2a1f54e3aee5be73.php 第 46 行.
NOTIC: [2] Illegal string offset 'pri_name' D:\xampp\htdocs\warehouse\Application\Runtime\Cache\Home\53f4f93011af932a2a1f54e3aee5be73.php 第 46 行.
NOTIC: [2] Illegal string offset 'id' D:\xampp\htdocs\warehouse\Application\Runtime\Cache\Home\53f4f93011af932a2a1f54e3aee5be73.php 第 44 行.
NOTIC: [2] Illegal string offset 'id' D:\xampp\htdocs\warehouse\Application\Runtime\Cache\Home\53f4f93011af932a2a1f54e3aee5be73.php 第 44 行.
NOTIC: [8] Undefined variable: info D:\xampp\htdocs\warehouse\Application\Runtime\Cache\Home\53f4f93011af932a2a1f54e3aee5be73.php 第 44 行.
NOTIC: [8] Undefined variable: info D:\xampp\htdocs\warehouse\Application\Runtime\Cache\Home\53f4f93011af932a2a1f54e3aee5be73.php 第 44 行.
NOTIC: [2] Illegal string offset 'id' D:\xampp\htdocs\warehouse\Application\Runtime\Cache\Home\53f4f93011af932a2a1f54e3aee5be73.php 第 44 行.
NOTIC: [2] Illegal string offset 'id' D:\xampp\htdocs\warehouse\Application\Runtime\Cache\Home\53f4f93011af932a2a1f54e3aee5be73.php 第 45 行.
NOTIC: [2] Illegal string offset 'level' D:\xampp\htdocs\warehouse\Application\Runtime\Cache\Home\53f4f93011af932a2a1f54e3aee5be73.php 第 46 行.
NOTIC: [2] Illegal string offset 'pri_name' D:\xampp\htdocs\warehouse\Application\Runtime\Cache\Home\53f4f93011af932a2a1f54e3aee5be73.php 第 46 行.
NOTIC: [2] Illegal string offset 'id' D:\xampp\htdocs\warehouse\Application\Runtime\Cache\Home\53f4f93011af932a2a1f54e3aee5be73.php 第 44 行.
NOTIC: [2] Illegal string offset 'id' D:\xampp\htdocs\warehouse\Application\Runtime\Cache\Home\53f4f93011af932a2a1f54e3aee5be73.php 第 44 行.
NOTIC: [8] Undefined variable: info D:\xampp\htdocs\warehouse\Application\Runtime\Cache\Home\53f4f93011af932a2a1f54e3aee5be73.php 第 44 行.
NOTIC: [8] Undefined variable: info D:\xampp\htdocs\warehouse\Application\Runtime\Cache\Home\53f4f93011af932a2a1f54e3aee5be73.php 第 44 行.
NOTIC: [2] Illegal string offset 'id' D:\xampp\htdocs\warehouse\Application\Runtime\Cache\Home\53f4f93011af932a2a1f54e3aee5be73.php 第 44 行.
NOTIC: [2] Illegal string offset 'id' D:\xampp\htdocs\warehouse\Application\Runtime\Cache\Home\53f4f93011af932a2a1f54e3aee5be73.php 第 45 行.
NOTIC: [2] Illegal string offset 'level' D:\xampp\htdocs\warehouse\Application\Runtime\Cache\Home\53f4f93011af932a2a1f54e3aee5be73.php 第 46 行.
NOTIC: [2] Illegal string offset 'pri_name' D:\xampp\htdocs\warehouse\Application\Runtime\Cache\Home\53f4f93011af932a2a1f54e3aee5be73.php 第 46 行.
NOTIC: [2] Illegal string offset 'id' D:\xampp\htdocs\warehouse\Application\Runtime\Cache\Home\53f4f93011af932a2a1f54e3aee5be73.php 第 44 行.
NOTIC: [2] Illegal string offset 'id' D:\xampp\htdocs\warehouse\Application\Runtime\Cache\Home\53f4f93011af932a2a1f54e3aee5be73.php 第 44 行.
NOTIC: [8] Undefined variable: info D:\xampp\htdocs\warehouse\Application\Runtime\Cache\Home\53f4f93011af932a2a1f54e3aee5be73.php 第 44 行.
NOTIC: [8] Undefined variable: info D:\xampp\htdocs\warehouse\Application\Runtime\Cache\Home\53f4f93011af932a2a1f54e3aee5be73.php 第 44 行.
NOTIC: [2] Illegal string offset 'id' D:\xampp\htdocs\warehouse\Application\Runtime\Cache\Home\53f4f93011af932a2a1f54e3aee5be73.php 第 44 行.
NOTIC: [2] Illegal string offset 'id' D:\xampp\htdocs\warehouse\Application\Runtime\Cache\Home\53f4f93011af932a2a1f54e3aee5be73.php 第 45 行.
NOTIC: [2] Illegal string offset 'level' D:\xampp\htdocs\warehouse\Application\Runtime\Cache\Home\53f4f93011af932a2a1f54e3aee5be73.php 第 46 行.
NOTIC: [2] Illegal string offset 'pri_name' D:\xampp\htdocs\warehouse\Application\Runtime\Cache\Home\53f4f93011af932a2a1f54e3aee5be73.php 第 46 行.
INFO: Run Behavior\ParseTemplateBehavior [ RunTime:0.030002s ]
INFO: [ view_parse ] --END-- [ RunTime:0.030002s ]
INFO: [ view_filter ] --START--
INFO: Run Behavior\WriteHtmlCacheBehavior [ RunTime:0.000000s ]
INFO: [ view_filter ] --END-- [ RunTime:0.001000s ]
INFO: [ app_end ] --START--
INFO: Run Behavior\ShowPageTraceBehavior [ RunTime:0.001000s ]
INFO: [ app_end ] --END-- [ RunTime:0.001000s ]

[ 2016-11-07T20:21:49+08:00 ] ::1 /warehouse/index.php/Home/Category/index
INFO: [ app_init ] --START--
INFO: Run Behavior\BuildLiteBehavior [ RunTime:0.000000s ]
INFO: [ app_init ] --END-- [ RunTime:0.002000s ]
INFO: [ app_begin ] --START--
INFO: Run Behavior\ReadHtmlCacheBehavior [ RunTime:0.002001s ]
INFO: [ app_begin ] --END-- [ RunTime:0.002001s ]
SQL: DESCRIBE wh_user [ RunTime:0.003000s ]
SQL: DESCRIBE wh_category [ RunTime:0.004000s ]
SQL: SELECT * FROM `wh_category`  [ RunTime:0.001000s ]
INFO: [ view_parse ] --START--
INFO: [ template_filter ] --START--
INFO: Run Behavior\ContentReplaceBehavior [ RunTime:0.000000s ]
INFO: [ template_filter ] --END-- [ RunTime:0.000000s ]
NOTIC: [8] Undefined variable: fields D:\xampp\htdocs\warehouse\Application\Runtime\Cache\Home\fd93d816414af0ade2156438a8d6b092.php 第 42 行.
NOTIC: [8] Undefined index: order D:\xampp\htdocs\warehouse\Application\Runtime\Cache\Home\fd93d816414af0ade2156438a8d6b092.php 第 47 行.
NOTIC: [8] Undefined index: order D:\xampp\htdocs\warehouse\Application\Runtime\Cache\Home\fd93d816414af0ade2156438a8d6b092.php 第 47 行.
NOTIC: [8] Undefined index: order D:\xampp\htdocs\warehouse\Application\Runtime\Cache\Home\fd93d816414af0ade2156438a8d6b092.php 第 47 行.
NOTIC: [8] Undefined index: order D:\xampp\htdocs\warehouse\Application\Runtime\Cache\Home\fd93d816414af0ade2156438a8d6b092.php 第 47 行.
NOTIC: [8] Undefined index: order D:\xampp\htdocs\warehouse\Application\Runtime\Cache\Home\fd93d816414af0ade2156438a8d6b092.php 第 47 行.
NOTIC: [8] Undefined index: order D:\xampp\htdocs\warehouse\Application\Runtime\Cache\Home\fd93d816414af0ade2156438a8d6b092.php 第 47 行.
NOTIC: [8] Undefined index: order D:\xampp\htdocs\warehouse\Application\Runtime\Cache\Home\fd93d816414af0ade2156438a8d6b092.php 第 47 行.
NOTIC: [8] Undefined index: order D:\xampp\htdocs\warehouse\Application\Runtime\Cache\Home\fd93d816414af0ade2156438a8d6b092.php 第 47 行.
NOTIC: [8] Undefined index: order D:\xampp\htdocs\warehouse\Application\Runtime\Cache\Home\fd93d816414af0ade2156438a8d6b092.php 第 47 行.
NOTIC: [8] Undefined index: order D:\xampp\htdocs\warehouse\Application\Runtime\Cache\Home\fd93d816414af0ade2156438a8d6b092.php 第 47 行.
NOTIC: [8] Undefined index: order D:\xampp\htdocs\warehouse\Application\Runtime\Cache\Home\fd93d816414af0ade2156438a8d6b092.php 第 47 行.
NOTIC: [8] Undefined index: order D:\xampp\htdocs\warehouse\Application\Runtime\Cache\Home\fd93d816414af0ade2156438a8d6b092.php 第 47 行.
NOTIC: [8] Undefined variable: str D:\xampp\htdocs\warehouse\Application\Runtime\Cache\Home\fd93d816414af0ade2156438a8d6b092.php 第 63 行.
INFO: Run Behavior\ParseTemplateBehavior [ RunTime:0.011001s ]
INFO: [ view_parse ] --END-- [ RunTime:0.011001s ]
INFO: [ view_filter ] --START--
INFO: Run Behavior\WriteHtmlCacheBehavior [ RunTime:0.001000s ]
INFO: [ view_filter ] --END-- [ RunTime:0.001000s ]
INFO: [ app_end ] --START--
INFO: Run Behavior\ShowPageTraceBehavior [ RunTime:0.001000s ]
INFO: [ app_end ] --END-- [ RunTime:0.001000s ]

[ 2016-11-07T20:21:55+08:00 ] ::1 /warehouse/index.php/Home/Category/edit/id/2
INFO: [ app_init ] --START--
INFO: Run Behavior\BuildLiteBehavior [ RunTime:0.000000s ]
INFO: [ app_init ] --END-- [ RunTime:0.001001s ]
INFO: [ app_begin ] --START--
INFO: Run Behavior\ReadHtmlCacheBehavior [ RunTime:0.001000s ]
INFO: [ app_begin ] --END-- [ RunTime:0.001000s ]
SQL: DESCRIBE wh_user [ RunTime:0.004000s ]
SQL: DESCRIBE wh_category [ RunTime:0.006001s ]
SQL: SELECT * FROM `wh_category`  [ RunTime:0.000000s ]
SQL: SELECT * FROM `wh_category`  [ RunTime:0.000000s ]
SQL: SELECT * FROM `wh_category` WHERE ( `id` = 2 ) LIMIT 1   [ RunTime:0.001000s ]
INFO: [ view_parse ] --START--
INFO: [ template_filter ] --START--
INFO: Run Behavior\ContentReplaceBehavior [ RunTime:0.000000s ]
INFO: [ template_filter ] --END-- [ RunTime:0.000000s ]
NOTIC: [2] Illegal string offset 'id' D:\xampp\htdocs\warehouse\Application\Runtime\Cache\Home\53f4f93011af932a2a1f54e3aee5be73.php 第 44 行.
NOTIC: [2] Illegal string offset 'id' D:\xampp\htdocs\warehouse\Application\Runtime\Cache\Home\53f4f93011af932a2a1f54e3aee5be73.php 第 44 行.
NOTIC: [8] Undefined variable: info D:\xampp\htdocs\warehouse\Application\Runtime\Cache\Home\53f4f93011af932a2a1f54e3aee5be73.php 第 44 行.
NOTIC: [8] Undefined variable: info D:\xampp\htdocs\warehouse\Application\Runtime\Cache\Home\53f4f93011af932a2a1f54e3aee5be73.php 第 44 行.
NOTIC: [2] Illegal string offset 'id' D:\xampp\htdocs\warehouse\Application\Runtime\Cache\Home\53f4f93011af932a2a1f54e3aee5be73.php 第 44 行.
NOTIC: [2] Illegal string offset 'id' D:\xampp\htdocs\warehouse\Application\Runtime\Cache\Home\53f4f93011af932a2a1f54e3aee5be73.php 第 45 行.
NOTIC: [2] Illegal string offset 'level' D:\xampp\htdocs\warehouse\Application\Runtime\Cache\Home\53f4f93011af932a2a1f54e3aee5be73.php 第 46 行.
NOTIC: [2] Illegal string offset 'pri_name' D:\xampp\htdocs\warehouse\Application\Runtime\Cache\Home\53f4f93011af932a2a1f54e3aee5be73.php 第 46 行.
NOTIC: [2] Illegal string offset 'id' D:\xampp\htdocs\warehouse\Application\Runtime\Cache\Home\53f4f93011af932a2a1f54e3aee5be73.php 第 44 行.
NOTIC: [2] Illegal string offset 'id' D:\xampp\htdocs\warehouse\Application\Runtime\Cache\Home\53f4f93011af932a2a1f54e3aee5be73.php 第 44 行.
NOTIC: [8] Undefined variable: info D:\xampp\htdocs\warehouse\Application\Runtime\Cache\Home\53f4f93011af932a2a1f54e3aee5be73.php 第 44 行.
NOTIC: [8] Undefined variable: info D:\xampp\htdocs\warehouse\Application\Runtime\Cache\Home\53f4f93011af932a2a1f54e3aee5be73.php 第 44 行.
NOTIC: [2] Illegal string offset 'id' D:\xampp\htdocs\warehouse\Application\Runtime\Cache\Home\53f4f93011af932a2a1f54e3aee5be73.php 第 44 行.
NOTIC: [2] Illegal string offset 'id' D:\xampp\htdocs\warehouse\Application\Runtime\Cache\Home\53f4f93011af932a2a1f54e3aee5be73.php 第 45 行.
NOTIC: [2] Illegal string offset 'level' D:\xampp\htdocs\warehouse\Application\Runtime\Cache\Home\53f4f93011af932a2a1f54e3aee5be73.php 第 46 行.
NOTIC: [2] Illegal string offset 'pri_name' D:\xampp\htdocs\warehouse\Application\Runtime\Cache\Home\53f4f93011af932a2a1f54e3aee5be73.php 第 46 行.
NOTIC: [2] Illegal string offset 'id' D:\xampp\htdocs\warehouse\Application\Runtime\Cache\Home\53f4f93011af932a2a1f54e3aee5be73.php 第 44 行.
NOTIC: [2] Illegal string offset 'id' D:\xampp\htdocs\warehouse\Application\Runtime\Cache\Home\53f4f93011af932a2a1f54e3aee5be73.php 第 44 行.
NOTIC: [8] Undefined variable: info D:\xampp\htdocs\warehouse\Application\Runtime\Cache\Home\53f4f93011af932a2a1f54e3aee5be73.php 第 44 行.
NOTIC: [8] Undefined variable: info D:\xampp\htdocs\warehouse\Application\Runtime\Cache\Home\53f4f93011af932a2a1f54e3aee5be73.php 第 44 行.
NOTIC: [2] Illegal string offset 'id' D:\xampp\htdocs\warehouse\Application\Runtime\Cache\Home\53f4f93011af932a2a1f54e3aee5be73.php 第 44 行.
NOTIC: [2] Illegal string offset 'id' D:\xampp\htdocs\warehouse\Application\Runtime\Cache\Home\53f4f93011af932a2a1f54e3aee5be73.php 第 45 行.
NOTIC: [2] Illegal string offset 'level' D:\xampp\htdocs\warehouse\Application\Runtime\Cache\Home\53f4f93011af932a2a1f54e3aee5be73.php 第 46 行.
NOTIC: [2] Illegal string offset 'pri_name' D:\xampp\htdocs\warehouse\Application\Runtime\Cache\Home\53f4f93011af932a2a1f54e3aee5be73.php 第 46 行.
NOTIC: [2] Illegal string offset 'id' D:\xampp\htdocs\warehouse\Application\Runtime\Cache\Home\53f4f93011af932a2a1f54e3aee5be73.php 第 44 行.
NOTIC: [2] Illegal string offset 'id' D:\xampp\htdocs\warehouse\Application\Runtime\Cache\Home\53f4f93011af932a2a1f54e3aee5be73.php 第 44 行.
NOTIC: [8] Undefined variable: info D:\xampp\htdocs\warehouse\Application\Runtime\Cache\Home\53f4f93011af932a2a1f54e3aee5be73.php 第 44 行.
NOTIC: [8] Undefined variable: info D:\xampp\htdocs\warehouse\Application\Runtime\Cache\Home\53f4f93011af932a2a1f54e3aee5be73.php 第 44 行.
NOTIC: [2] Illegal string offset 'id' D:\xampp\htdocs\warehouse\Application\Runtime\Cache\Home\53f4f93011af932a2a1f54e3aee5be73.php 第 44 行.
NOTIC: [2] Illegal string offset 'id' D:\xampp\htdocs\warehouse\Application\Runtime\Cache\Home\53f4f93011af932a2a1f54e3aee5be73.php 第 45 行.
NOTIC: [2] Illegal string offset 'level' D:\xampp\htdocs\warehouse\Application\Runtime\Cache\Home\53f4f93011af932a2a1f54e3aee5be73.php 第 46 行.
NOTIC: [2] Illegal string offset 'pri_name' D:\xampp\htdocs\warehouse\Application\Runtime\Cache\Home\53f4f93011af932a2a1f54e3aee5be73.php 第 46 行.
INFO: Run Behavior\ParseTemplateBehavior [ RunTime:0.012001s ]
INFO: [ view_parse ] --END-- [ RunTime:0.012001s ]
INFO: [ view_filter ] --START--
INFO: Run Behavior\WriteHtmlCacheBehavior [ RunTime:0.001000s ]
INFO: [ view_filter ] --END-- [ RunTime:0.001000s ]
INFO: [ app_end ] --START--
INFO: Run Behavior\ShowPageTraceBehavior [ RunTime:0.001000s ]
INFO: [ app_end ] --END-- [ RunTime:0.001000s ]

[ 2016-11-07T20:22:32+08:00 ] ::1 /warehouse/index.php/Home/Category/edit/id/2
INFO: [ app_init ] --START--
INFO: Run Behavior\BuildLiteBehavior [ RunTime:0.001000s ]
INFO: [ app_init ] --END-- [ RunTime:0.001000s ]
INFO: [ app_begin ] --START--
INFO: Run Behavior\ReadHtmlCacheBehavior [ RunTime:0.001000s ]
INFO: [ app_begin ] --END-- [ RunTime:0.001000s ]
SQL: DESCRIBE wh_user [ RunTime:0.003000s ]
SQL: DESCRIBE wh_category [ RunTime:0.004001s ]
SQL: SELECT * FROM `wh_category`  [ RunTime:0.000000s ]
SQL: SELECT * FROM `wh_category`  [ RunTime:0.000000s ]
SQL: SELECT * FROM `wh_category` WHERE ( `id` = 2 ) LIMIT 1   [ RunTime:0.001000s ]
INFO: [ view_parse ] --START--
INFO: [ template_filter ] --START--
INFO: Run Behavior\ContentReplaceBehavior [ RunTime:0.000000s ]
INFO: [ template_filter ] --END-- [ RunTime:0.000000s ]
NOTIC: [2] Illegal string offset 'id' D:\xampp\htdocs\warehouse\Application\Runtime\Cache\Home\53f4f93011af932a2a1f54e3aee5be73.php 第 44 行.
NOTIC: [2] Illegal string offset 'id' D:\xampp\htdocs\warehouse\Application\Runtime\Cache\Home\53f4f93011af932a2a1f54e3aee5be73.php 第 44 行.
NOTIC: [8] Undefined variable: info D:\xampp\htdocs\warehouse\Application\Runtime\Cache\Home\53f4f93011af932a2a1f54e3aee5be73.php 第 44 行.
NOTIC: [8] Undefined variable: info D:\xampp\htdocs\warehouse\Application\Runtime\Cache\Home\53f4f93011af932a2a1f54e3aee5be73.php 第 44 行.
NOTIC: [2] Illegal string offset 'id' D:\xampp\htdocs\warehouse\Application\Runtime\Cache\Home\53f4f93011af932a2a1f54e3aee5be73.php 第 44 行.
NOTIC: [2] Illegal string offset 'id' D:\xampp\htdocs\warehouse\Application\Runtime\Cache\Home\53f4f93011af932a2a1f54e3aee5be73.php 第 45 行.
NOTIC: [2] Illegal string offset 'level' D:\xampp\htdocs\warehouse\Application\Runtime\Cache\Home\53f4f93011af932a2a1f54e3aee5be73.php 第 46 行.
NOTIC: [2] Illegal string offset 'name' D:\xampp\htdocs\warehouse\Application\Runtime\Cache\Home\53f4f93011af932a2a1f54e3aee5be73.php 第 46 行.
NOTIC: [2] Illegal string offset 'id' D:\xampp\htdocs\warehouse\Application\Runtime\Cache\Home\53f4f93011af932a2a1f54e3aee5be73.php 第 44 行.
NOTIC: [2] Illegal string offset 'id' D:\xampp\htdocs\warehouse\Application\Runtime\Cache\Home\53f4f93011af932a2a1f54e3aee5be73.php 第 44 行.
NOTIC: [8] Undefined variable: info D:\xampp\htdocs\warehouse\Application\Runtime\Cache\Home\53f4f93011af932a2a1f54e3aee5be73.php 第 44 行.
NOTIC: [8] Undefined variable: info D:\xampp\htdocs\warehouse\Application\Runtime\Cache\Home\53f4f93011af932a2a1f54e3aee5be73.php 第 44 行.
NOTIC: [2] Illegal string offset 'id' D:\xampp\htdocs\warehouse\Application\Runtime\Cache\Home\53f4f93011af932a2a1f54e3aee5be73.php 第 44 行.
NOTIC: [2] Illegal string offset 'id' D:\xampp\htdocs\warehouse\Application\Runtime\Cache\Home\53f4f93011af932a2a1f54e3aee5be73.php 第 45 行.
NOTIC: [2] Illegal string offset 'level' D:\xampp\htdocs\warehouse\Application\Runtime\Cache\Home\53f4f93011af932a2a1f54e3aee5be73.php 第 46 行.
NOTIC: [2] Illegal string offset 'name' D:\xampp\htdocs\warehouse\Application\Runtime\Cache\Home\53f4f93011af932a2a1f54e3aee5be73.php 第 46 行.
NOTIC: [2] Illegal string offset 'id' D:\xampp\htdocs\warehouse\Application\Runtime\Cache\Home\53f4f93011af932a2a1f54e3aee5be73.php 第 44 行.
NOTIC: [2] Illegal string offset 'id' D:\xampp\htdocs\warehouse\Application\Runtime\Cache\Home\53f4f93011af932a2a1f54e3aee5be73.php 第 44 行.
NOTIC: [8] Undefined variable: info D:\xampp\htdocs\warehouse\Application\Runtime\Cache\Home\53f4f93011af932a2a1f54e3aee5be73.php 第 44 行.
NOTIC: [8] Undefined variable: info D:\xampp\htdocs\warehouse\Application\Runtime\Cache\Home\53f4f93011af932a2a1f54e3aee5be73.php 第 44 行.
NOTIC: [2] Illegal string offset 'id' D:\xampp\htdocs\warehouse\Application\Runtime\Cache\Home\53f4f93011af932a2a1f54e3aee5be73.php 第 44 行.
NOTIC: [2] Illegal string offset 'id' D:\xampp\htdocs\warehouse\Application\Runtime\Cache\Home\53f4f93011af932a2a1f54e3aee5be73.php 第 45 行.
NOTIC: [2] Illegal string offset 'level' D:\xampp\htdocs\warehouse\Application\Runtime\Cache\Home\53f4f93011af932a2a1f54e3aee5be73.php 第 46 行.
NOTIC: [2] Illegal string offset 'name' D:\xampp\htdocs\warehouse\Application\Runtime\Cache\Home\53f4f93011af932a2a1f54e3aee5be73.php 第 46 行.
NOTIC: [2] Illegal string offset 'id' D:\xampp\htdocs\warehouse\Application\Runtime\Cache\Home\53f4f93011af932a2a1f54e3aee5be73.php 第 44 行.
NOTIC: [2] Illegal string offset 'id' D:\xampp\htdocs\warehouse\Application\Runtime\Cache\Home\53f4f93011af932a2a1f54e3aee5be73.php 第 44 行.
NOTIC: [8] Undefined variable: info D:\xampp\htdocs\warehouse\Application\Runtime\Cache\Home\53f4f93011af932a2a1f54e3aee5be73.php 第 44 行.
NOTIC: [8] Undefined variable: info D:\xampp\htdocs\warehouse\Application\Runtime\Cache\Home\53f4f93011af932a2a1f54e3aee5be73.php 第 44 行.
NOTIC: [2] Illegal string offset 'id' D:\xampp\htdocs\warehouse\Application\Runtime\Cache\Home\53f4f93011af932a2a1f54e3aee5be73.php 第 44 行.
NOTIC: [2] Illegal string offset 'id' D:\xampp\htdocs\warehouse\Application\Runtime\Cache\Home\53f4f93011af932a2a1f54e3aee5be73.php 第 45 行.
NOTIC: [2] Illegal string offset 'level' D:\xampp\htdocs\warehouse\Application\Runtime\Cache\Home\53f4f93011af932a2a1f54e3aee5be73.php 第 46 行.
NOTIC: [2] Illegal string offset 'name' D:\xampp\htdocs\warehouse\Application\Runtime\Cache\Home\53f4f93011af932a2a1f54e3aee5be73.php 第 46 行.
INFO: Run Behavior\ParseTemplateBehavior [ RunTime:0.011000s ]
INFO: [ view_parse ] --END-- [ RunTime:0.011000s ]
INFO: [ view_filter ] --START--
INFO: Run Behavior\WriteHtmlCacheBehavior [ RunTime:0.001000s ]
INFO: [ view_filter ] --END-- [ RunTime:0.001000s ]
INFO: [ app_end ] --START--
INFO: Run Behavior\ShowPageTraceBehavior [ RunTime:0.001001s ]
INFO: [ app_end ] --END-- [ RunTime:0.001001s ]

[ 2016-11-07T20:22:36+08:00 ] ::1 /warehouse/index.php/Home/Category/index
INFO: [ app_init ] --START--
INFO: Run Behavior\BuildLiteBehavior [ RunTime:0.000000s ]
INFO: [ app_init ] --END-- [ RunTime:0.001000s ]
INFO: [ app_begin ] --START--
INFO: Run Behavior\ReadHtmlCacheBehavior [ RunTime:0.002000s ]
INFO: [ app_begin ] --END-- [ RunTime:0.002000s ]
SQL: DESCRIBE wh_user [ RunTime:0.005000s ]
SQL: DESCRIBE wh_category [ RunTime:0.008001s ]
SQL: SELECT * FROM `wh_category`  [ RunTime:0.001000s ]
INFO: [ view_parse ] --START--
INFO: [ template_filter ] --START--
INFO: Run Behavior\ContentReplaceBehavior [ RunTime:0.000000s ]
INFO: [ template_filter ] --END-- [ RunTime:0.001000s ]
NOTIC: [8] Undefined variable: fields D:\xampp\htdocs\warehouse\Application\Runtime\Cache\Home\fd93d816414af0ade2156438a8d6b092.php 第 42 行.
NOTIC: [8] Undefined index: order D:\xampp\htdocs\warehouse\Application\Runtime\Cache\Home\fd93d816414af0ade2156438a8d6b092.php 第 47 行.
NOTIC: [8] Undefined index: order D:\xampp\htdocs\warehouse\Application\Runtime\Cache\Home\fd93d816414af0ade2156438a8d6b092.php 第 47 行.
NOTIC: [8] Undefined index: order D:\xampp\htdocs\warehouse\Application\Runtime\Cache\Home\fd93d816414af0ade2156438a8d6b092.php 第 47 行.
NOTIC: [8] Undefined index: order D:\xampp\htdocs\warehouse\Application\Runtime\Cache\Home\fd93d816414af0ade2156438a8d6b092.php 第 47 行.
NOTIC: [8] Undefined index: order D:\xampp\htdocs\warehouse\Application\Runtime\Cache\Home\fd93d816414af0ade2156438a8d6b092.php 第 47 行.
NOTIC: [8] Undefined index: order D:\xampp\htdocs\warehouse\Application\Runtime\Cache\Home\fd93d816414af0ade2156438a8d6b092.php 第 47 行.
NOTIC: [8] Undefined index: order D:\xampp\htdocs\warehouse\Application\Runtime\Cache\Home\fd93d816414af0ade2156438a8d6b092.php 第 47 行.
NOTIC: [8] Undefined index: order D:\xampp\htdocs\warehouse\Application\Runtime\Cache\Home\fd93d816414af0ade2156438a8d6b092.php 第 47 行.
NOTIC: [8] Undefined index: order D:\xampp\htdocs\warehouse\Application\Runtime\Cache\Home\fd93d816414af0ade2156438a8d6b092.php 第 47 行.
NOTIC: [8] Undefined index: order D:\xampp\htdocs\warehouse\Application\Runtime\Cache\Home\fd93d816414af0ade2156438a8d6b092.php 第 47 行.
NOTIC: [8] Undefined index: order D:\xampp\htdocs\warehouse\Application\Runtime\Cache\Home\fd93d816414af0ade2156438a8d6b092.php 第 47 行.
NOTIC: [8] Undefined index: order D:\xampp\htdocs\warehouse\Application\Runtime\Cache\Home\fd93d816414af0ade2156438a8d6b092.php 第 47 行.
NOTIC: [8] Undefined variable: str D:\xampp\htdocs\warehouse\Application\Runtime\Cache\Home\fd93d816414af0ade2156438a8d6b092.php 第 63 行.
INFO: Run Behavior\ParseTemplateBehavior [ RunTime:0.020001s ]
INFO: [ view_parse ] --END-- [ RunTime:0.020001s ]
INFO: [ view_filter ] --START--
INFO: Run Behavior\WriteHtmlCacheBehavior [ RunTime:0.001000s ]
INFO: [ view_filter ] --END-- [ RunTime:0.001000s ]
INFO: [ app_end ] --START--
INFO: Run Behavior\ShowPageTraceBehavior [ RunTime:0.002000s ]
INFO: [ app_end ] --END-- [ RunTime:0.002000s ]

[ 2016-11-07T20:22:37+08:00 ] ::1 /warehouse/index.php/Home/Category/edit/id/11
INFO: [ app_init ] --START--
INFO: Run Behavior\BuildLiteBehavior [ RunTime:0.000000s ]
INFO: [ app_init ] --END-- [ RunTime:0.002000s ]
INFO: [ app_begin ] --START--
INFO: Run Behavior\ReadHtmlCacheBehavior [ RunTime:0.001000s ]
INFO: [ app_begin ] --END-- [ RunTime:0.001000s ]
SQL: DESCRIBE wh_user [ RunTime:0.004000s ]
SQL: DESCRIBE wh_category [ RunTime:0.004001s ]
SQL: SELECT * FROM `wh_category`  [ RunTime:0.000000s ]
SQL: SELECT * FROM `wh_category`  [ RunTime:0.001000s ]
SQL: SELECT * FROM `wh_category` WHERE ( `id` = 11 ) LIMIT 1   [ RunTime:0.001000s ]
INFO: [ view_parse ] --START--
INFO: [ template_filter ] --START--
INFO: Run Behavior\ContentReplaceBehavior [ RunTime:0.000000s ]
INFO: [ template_filter ] --END-- [ RunTime:0.000000s ]
NOTIC: [2] Illegal string offset 'id' D:\xampp\htdocs\warehouse\Application\Runtime\Cache\Home\53f4f93011af932a2a1f54e3aee5be73.php 第 44 行.
NOTIC: [2] in_array() expects parameter 2 to be array, string given D:\xampp\htdocs\warehouse\Application\Runtime\Cache\Home\53f4f93011af932a2a1f54e3aee5be73.php 第 44 行.
NOTIC: [2] Illegal string offset 'id' D:\xampp\htdocs\warehouse\Application\Runtime\Cache\Home\53f4f93011af932a2a1f54e3aee5be73.php 第 44 行.
NOTIC: [8] Undefined variable: info D:\xampp\htdocs\warehouse\Application\Runtime\Cache\Home\53f4f93011af932a2a1f54e3aee5be73.php 第 44 行.
NOTIC: [8] Undefined variable: info D:\xampp\htdocs\warehouse\Application\Runtime\Cache\Home\53f4f93011af932a2a1f54e3aee5be73.php 第 44 行.
NOTIC: [2] Illegal string offset 'id' D:\xampp\htdocs\warehouse\Application\Runtime\Cache\Home\53f4f93011af932a2a1f54e3aee5be73.php 第 44 行.
NOTIC: [2] Illegal string offset 'id' D:\xampp\htdocs\warehouse\Application\Runtime\Cache\Home\53f4f93011af932a2a1f54e3aee5be73.php 第 45 行.
NOTIC: [2] Illegal string offset 'level' D:\xampp\htdocs\warehouse\Application\Runtime\Cache\Home\53f4f93011af932a2a1f54e3aee5be73.php 第 46 行.
NOTIC: [2] Illegal string offset 'name' D:\xampp\htdocs\warehouse\Application\Runtime\Cache\Home\53f4f93011af932a2a1f54e3aee5be73.php 第 46 行.
NOTIC: [2] Illegal string offset 'id' D:\xampp\htdocs\warehouse\Application\Runtime\Cache\Home\53f4f93011af932a2a1f54e3aee5be73.php 第 44 行.
NOTIC: [2] in_array() expects parameter 2 to be array, string given D:\xampp\htdocs\warehouse\Application\Runtime\Cache\Home\53f4f93011af932a2a1f54e3aee5be73.php 第 44 行.
NOTIC: [2] Illegal string offset 'id' D:\xampp\htdocs\warehouse\Application\Runtime\Cache\Home\53f4f93011af932a2a1f54e3aee5be73.php 第 44 行.
NOTIC: [8] Undefined variable: info D:\xampp\htdocs\warehouse\Application\Runtime\Cache\Home\53f4f93011af932a2a1f54e3aee5be73.php 第 44 行.
NOTIC: [8] Undefined variable: info D:\xampp\htdocs\warehouse\Application\Runtime\Cache\Home\53f4f93011af932a2a1f54e3aee5be73.php 第 44 行.
NOTIC: [2] Illegal string offset 'id' D:\xampp\htdocs\warehouse\Application\Runtime\Cache\Home\53f4f93011af932a2a1f54e3aee5be73.php 第 44 行.
NOTIC: [2] Illegal string offset 'id' D:\xampp\htdocs\warehouse\Application\Runtime\Cache\Home\53f4f93011af932a2a1f54e3aee5be73.php 第 45 行.
NOTIC: [2] Illegal string offset 'level' D:\xampp\htdocs\warehouse\Application\Runtime\Cache\Home\53f4f93011af932a2a1f54e3aee5be73.php 第 46 行.
NOTIC: [2] Illegal string offset 'name' D:\xampp\htdocs\warehouse\Application\Runtime\Cache\Home\53f4f93011af932a2a1f54e3aee5be73.php 第 46 行.
NOTIC: [2] Illegal string offset 'id' D:\xampp\htdocs\warehouse\Application\Runtime\Cache\Home\53f4f93011af932a2a1f54e3aee5be73.php 第 44 行.
NOTIC: [2] in_array() expects parameter 2 to be array, string given D:\xampp\htdocs\warehouse\Application\Runtime\Cache\Home\53f4f93011af932a2a1f54e3aee5be73.php 第 44 行.
NOTIC: [2] Illegal string offset 'id' D:\xampp\htdocs\warehouse\Application\Runtime\Cache\Home\53f4f93011af932a2a1f54e3aee5be73.php 第 44 行.
NOTIC: [8] Undefined variable: info D:\xampp\htdocs\warehouse\Application\Runtime\Cache\Home\53f4f93011af932a2a1f54e3aee5be73.php 第 44 行.
NOTIC: [8] Undefined variable: info D:\xampp\htdocs\warehouse\Application\Runtime\Cache\Home\53f4f93011af932a2a1f54e3aee5be73.php 第 44 行.
NOTIC: [2] Illegal string offset 'id' D:\xampp\htdocs\warehouse\Application\Runtime\Cache\Home\53f4f93011af932a2a1f54e3aee5be73.php 第 44 行.
NOTIC: [2] Illegal string offset 'id' D:\xampp\htdocs\warehouse\Application\Runtime\Cache\Home\53f4f93011af932a2a1f54e3aee5be73.php 第 45 行.
NOTIC: [2] Illegal string offset 'level' D:\xampp\htdocs\warehouse\Application\Runtime\Cache\Home\53f4f93011af932a2a1f54e3aee5be73.php 第 46 行.
NOTIC: [2] Illegal string offset 'name' D:\xampp\htdocs\warehouse\Application\Runtime\Cache\Home\53f4f93011af932a2a1f54e3aee5be73.php 第 46 行.
NOTIC: [2] Illegal string offset 'id' D:\xampp\htdocs\warehouse\Application\Runtime\Cache\Home\53f4f93011af932a2a1f54e3aee5be73.php 第 44 行.
NOTIC: [2] in_array() expects parameter 2 to be array, string given D:\xampp\htdocs\warehouse\Application\Runtime\Cache\Home\53f4f93011af932a2a1f54e3aee5be73.php 第 44 行.
NOTIC: [2] Illegal string offset 'id' D:\xampp\htdocs\warehouse\Application\Runtime\Cache\Home\53f4f93011af932a2a1f54e3aee5be73.php 第 44 行.
NOTIC: [8] Undefined variable: info D:\xampp\htdocs\warehouse\Application\Runtime\Cache\Home\53f4f93011af932a2a1f54e3aee5be73.php 第 44 行.
NOTIC: [8] Undefined variable: info D:\xampp\htdocs\warehouse\Application\Runtime\Cache\Home\53f4f93011af932a2a1f54e3aee5be73.php 第 44 行.
NOTIC: [2] Illegal string offset 'id' D:\xampp\htdocs\warehouse\Application\Runtime\Cache\Home\53f4f93011af932a2a1f54e3aee5be73.php 第 44 行.
NOTIC: [2] Illegal string offset 'id' D:\xampp\htdocs\warehouse\Application\Runtime\Cache\Home\53f4f93011af932a2a1f54e3aee5be73.php 第 45 行.
NOTIC: [2] Illegal string offset 'level' D:\xampp\htdocs\warehouse\Application\Runtime\Cache\Home\53f4f93011af932a2a1f54e3aee5be73.php 第 46 行.
NOTIC: [2] Illegal string offset 'name' D:\xampp\htdocs\warehouse\Application\Runtime\Cache\Home\53f4f93011af932a2a1f54e3aee5be73.php 第 46 行.
INFO: Run Behavior\ParseTemplateBehavior [ RunTime:0.012001s ]
INFO: [ view_parse ] --END-- [ RunTime:0.012001s ]
INFO: [ view_filter ] --START--
INFO: Run Behavior\WriteHtmlCacheBehavior [ RunTime:0.001000s ]
INFO: [ view_filter ] --END-- [ RunTime:0.001000s ]
INFO: [ app_end ] --START--
INFO: Run Behavior\ShowPageTraceBehavior [ RunTime:0.001000s ]
INFO: [ app_end ] --END-- [ RunTime:0.001000s ]

[ 2016-11-07T20:24:15+08:00 ] ::1 /warehouse/index.php/Home/Category/edit/id/11
INFO: [ app_init ] --START--
INFO: Run Behavior\BuildLiteBehavior [ RunTime:0.000000s ]
INFO: [ app_init ] --END-- [ RunTime:0.002000s ]
INFO: [ app_begin ] --START--
INFO: Run Behavior\ReadHtmlCacheBehavior [ RunTime:0.002000s ]
INFO: [ app_begin ] --END-- [ RunTime:0.002000s ]
SQL: DESCRIBE wh_user [ RunTime:0.005000s ]
SQL: DESCRIBE wh_category [ RunTime:0.004001s ]
SQL: SELECT * FROM `wh_category`  [ RunTime:0.001000s ]
SQL: SELECT * FROM `wh_category`  [ RunTime:0.000000s ]
SQL: SELECT * FROM `wh_category` WHERE ( `id` = 11 ) LIMIT 1   [ RunTime:0.000000s ]
INFO: [ view_parse ] --START--
INFO: [ template_filter ] --START--
INFO: Run Behavior\ContentReplaceBehavior [ RunTime:0.001000s ]
INFO: [ template_filter ] --END-- [ RunTime:0.001000s ]
NOTIC: [2] in_array() expects parameter 2 to be array, string given D:\xampp\htdocs\warehouse\Application\Runtime\Cache\Home\53f4f93011af932a2a1f54e3aee5be73.php 第 44 行.
NOTIC: [8] Undefined variable: info D:\xampp\htdocs\warehouse\Application\Runtime\Cache\Home\53f4f93011af932a2a1f54e3aee5be73.php 第 44 行.
NOTIC: [8] Undefined variable: info D:\xampp\htdocs\warehouse\Application\Runtime\Cache\Home\53f4f93011af932a2a1f54e3aee5be73.php 第 44 行.
NOTIC: [2] in_array() expects parameter 2 to be array, string given D:\xampp\htdocs\warehouse\Application\Runtime\Cache\Home\53f4f93011af932a2a1f54e3aee5be73.php 第 44 行.
NOTIC: [8] Undefined variable: info D:\xampp\htdocs\warehouse\Application\Runtime\Cache\Home\53f4f93011af932a2a1f54e3aee5be73.php 第 44 行.
NOTIC: [8] Undefined variable: info D:\xampp\htdocs\warehouse\Application\Runtime\Cache\Home\53f4f93011af932a2a1f54e3aee5be73.php 第 44 行.
NOTIC: [2] in_array() expects parameter 2 to be array, string given D:\xampp\htdocs\warehouse\Application\Runtime\Cache\Home\53f4f93011af932a2a1f54e3aee5be73.php 第 44 行.
NOTIC: [8] Undefined variable: info D:\xampp\htdocs\warehouse\Application\Runtime\Cache\Home\53f4f93011af932a2a1f54e3aee5be73.php 第 44 行.
NOTIC: [8] Undefined variable: info D:\xampp\htdocs\warehouse\Application\Runtime\Cache\Home\53f4f93011af932a2a1f54e3aee5be73.php 第 44 行.
NOTIC: [2] in_array() expects parameter 2 to be array, string given D:\xampp\htdocs\warehouse\Application\Runtime\Cache\Home\53f4f93011af932a2a1f54e3aee5be73.php 第 44 行.
NOTIC: [8] Undefined variable: info D:\xampp\htdocs\warehouse\Application\Runtime\Cache\Home\53f4f93011af932a2a1f54e3aee5be73.php 第 44 行.
NOTIC: [8] Undefined variable: info D:\xampp\htdocs\warehouse\Application\Runtime\Cache\Home\53f4f93011af932a2a1f54e3aee5be73.php 第 44 行.
NOTIC: [2] in_array() expects parameter 2 to be array, string given D:\xampp\htdocs\warehouse\Application\Runtime\Cache\Home\53f4f93011af932a2a1f54e3aee5be73.php 第 44 行.
NOTIC: [8] Undefined variable: info D:\xampp\htdocs\warehouse\Application\Runtime\Cache\Home\53f4f93011af932a2a1f54e3aee5be73.php 第 44 行.
NOTIC: [8] Undefined variable: info D:\xampp\htdocs\warehouse\Application\Runtime\Cache\Home\53f4f93011af932a2a1f54e3aee5be73.php 第 44 行.
NOTIC: [2] in_array() expects parameter 2 to be array, string given D:\xampp\htdocs\warehouse\Application\Runtime\Cache\Home\53f4f93011af932a2a1f54e3aee5be73.php 第 44 行.
NOTIC: [8] Undefined variable: info D:\xampp\htdocs\warehouse\Application\Runtime\Cache\Home\53f4f93011af932a2a1f54e3aee5be73.php 第 44 行.
NOTIC: [8] Undefined variable: info D:\xampp\htdocs\warehouse\Application\Runtime\Cache\Home\53f4f93011af932a2a1f54e3aee5be73.php 第 44 行.
NOTIC: [2] in_array() expects parameter 2 to be array, string given D:\xampp\htdocs\warehouse\Application\Runtime\Cache\Home\53f4f93011af932a2a1f54e3aee5be73.php 第 44 行.
NOTIC: [8] Undefined variable: info D:\xampp\htdocs\warehouse\Application\Runtime\Cache\Home\53f4f93011af932a2a1f54e3aee5be73.php 第 44 行.
NOTIC: [8] Undefined variable: info D:\xampp\htdocs\warehouse\Application\Runtime\Cache\Home\53f4f93011af932a2a1f54e3aee5be73.php 第 44 行.
NOTIC: [2] in_array() expects parameter 2 to be array, string given D:\xampp\htdocs\warehouse\Application\Runtime\Cache\Home\53f4f93011af932a2a1f54e3aee5be73.php 第 44 行.
NOTIC: [8] Undefined variable: info D:\xampp\htdocs\warehouse\Application\Runtime\Cache\Home\53f4f93011af932a2a1f54e3aee5be73.php 第 44 行.
NOTIC: [8] Undefined variable: info D:\xampp\htdocs\warehouse\Application\Runtime\Cache\Home\53f4f93011af932a2a1f54e3aee5be73.php 第 44 行.
NOTIC: [2] in_array() expects parameter 2 to be array, string given D:\xampp\htdocs\warehouse\Application\Runtime\Cache\Home\53f4f93011af932a2a1f54e3aee5be73.php 第 44 行.
NOTIC: [8] Undefined variable: info D:\xampp\htdocs\warehouse\Application\Runtime\Cache\Home\53f4f93011af932a2a1f54e3aee5be73.php 第 44 行.
NOTIC: [8] Undefined variable: info D:\xampp\htdocs\warehouse\Application\Runtime\Cache\Home\53f4f93011af932a2a1f54e3aee5be73.php 第 44 行.
NOTIC: [2] in_array() expects parameter 2 to be array, string given D:\xampp\htdocs\warehouse\Application\Runtime\Cache\Home\53f4f93011af932a2a1f54e3aee5be73.php 第 44 行.
NOTIC: [8] Undefined variable: info D:\xampp\htdocs\warehouse\Application\Runtime\Cache\Home\53f4f93011af932a2a1f54e3aee5be73.php 第 44 行.
NOTIC: [8] Undefined variable: info D:\xampp\htdocs\warehouse\Application\Runtime\Cache\Home\53f4f93011af932a2a1f54e3aee5be73.php 第 44 行.
NOTIC: [2] in_array() expects parameter 2 to be array, string given D:\xampp\htdocs\warehouse\Application\Runtime\Cache\Home\53f4f93011af932a2a1f54e3aee5be73.php 第 44 行.
NOTIC: [8] Undefined variable: info D:\xampp\htdocs\warehouse\Application\Runtime\Cache\Home\53f4f93011af932a2a1f54e3aee5be73.php 第 44 行.
NOTIC: [8] Undefined variable: info D:\xampp\htdocs\warehouse\Application\Runtime\Cache\Home\53f4f93011af932a2a1f54e3aee5be73.php 第 44 行.
NOTIC: [2] in_array() expects parameter 2 to be array, string given D:\xampp\htdocs\warehouse\Application\Runtime\Cache\Home\53f4f93011af932a2a1f54e3aee5be73.php 第 44 行.
NOTIC: [8] Undefined variable: info D:\xampp\htdocs\warehouse\Application\Runtime\Cache\Home\53f4f93011af932a2a1f54e3aee5be73.php 第 44 行.
NOTIC: [8] Undefined variable: info D:\xampp\htdocs\warehouse\Application\Runtime\Cache\Home\53f4f93011af932a2a1f54e3aee5be73.php 第 44 行.
INFO: Run Behavior\ParseTemplateBehavior [ RunTime:0.014001s ]
INFO: [ view_parse ] --END-- [ RunTime:0.014001s ]
INFO: [ view_filter ] --START--
INFO: Run Behavior\WriteHtmlCacheBehavior [ RunTime:0.000000s ]
INFO: [ view_filter ] --END-- [ RunTime:0.000000s ]
INFO: [ app_end ] --START--
INFO: Run Behavior\ShowPageTraceBehavior [ RunTime:0.001000s ]
INFO: [ app_end ] --END-- [ RunTime:0.001000s ]

[ 2016-11-07T20:24:20+08:00 ] ::1 /warehouse/index.php/Home/Category/index
INFO: [ app_init ] --START--
INFO: Run Behavior\BuildLiteBehavior [ RunTime:0.000000s ]
INFO: [ app_init ] --END-- [ RunTime:0.002000s ]
INFO: [ app_begin ] --START--
INFO: Run Behavior\ReadHtmlCacheBehavior [ RunTime:0.002000s ]
INFO: [ app_begin ] --END-- [ RunTime:0.002000s ]
SQL: DESCRIBE wh_user [ RunTime:0.005000s ]
SQL: DESCRIBE wh_category [ RunTime:0.006001s ]
SQL: SELECT * FROM `wh_category`  [ RunTime:0.001000s ]
INFO: [ view_parse ] --START--
INFO: [ template_filter ] --START--
INFO: Run Behavior\ContentReplaceBehavior [ RunTime:0.000000s ]
INFO: [ template_filter ] --END-- [ RunTime:0.000000s ]
NOTIC: [8] Undefined variable: fields D:\xampp\htdocs\warehouse\Application\Runtime\Cache\Home\fd93d816414af0ade2156438a8d6b092.php 第 42 行.
NOTIC: [8] Undefined index: order D:\xampp\htdocs\warehouse\Application\Runtime\Cache\Home\fd93d816414af0ade2156438a8d6b092.php 第 47 行.
NOTIC: [8] Undefined index: order D:\xampp\htdocs\warehouse\Application\Runtime\Cache\Home\fd93d816414af0ade2156438a8d6b092.php 第 47 行.
NOTIC: [8] Undefined index: order D:\xampp\htdocs\warehouse\Application\Runtime\Cache\Home\fd93d816414af0ade2156438a8d6b092.php 第 47 行.
NOTIC: [8] Undefined index: order D:\xampp\htdocs\warehouse\Application\Runtime\Cache\Home\fd93d816414af0ade2156438a8d6b092.php 第 47 行.
NOTIC: [8] Undefined index: order D:\xampp\htdocs\warehouse\Application\Runtime\Cache\Home\fd93d816414af0ade2156438a8d6b092.php 第 47 行.
NOTIC: [8] Undefined index: order D:\xampp\htdocs\warehouse\Application\Runtime\Cache\Home\fd93d816414af0ade2156438a8d6b092.php 第 47 行.
NOTIC: [8] Undefined index: order D:\xampp\htdocs\warehouse\Application\Runtime\Cache\Home\fd93d816414af0ade2156438a8d6b092.php 第 47 行.
NOTIC: [8] Undefined index: order D:\xampp\htdocs\warehouse\Application\Runtime\Cache\Home\fd93d816414af0ade2156438a8d6b092.php 第 47 行.
NOTIC: [8] Undefined index: order D:\xampp\htdocs\warehouse\Application\Runtime\Cache\Home\fd93d816414af0ade2156438a8d6b092.php 第 47 行.
NOTIC: [8] Undefined index: order D:\xampp\htdocs\warehouse\Application\Runtime\Cache\Home\fd93d816414af0ade2156438a8d6b092.php 第 47 行.
NOTIC: [8] Undefined index: order D:\xampp\htdocs\warehouse\Application\Runtime\Cache\Home\fd93d816414af0ade2156438a8d6b092.php 第 47 行.
NOTIC: [8] Undefined index: order D:\xampp\htdocs\warehouse\Application\Runtime\Cache\Home\fd93d816414af0ade2156438a8d6b092.php 第 47 行.
NOTIC: [8] Undefined variable: str D:\xampp\htdocs\warehouse\Application\Runtime\Cache\Home\fd93d816414af0ade2156438a8d6b092.php 第 63 行.
INFO: Run Behavior\ParseTemplateBehavior [ RunTime:0.021001s ]
INFO: [ view_parse ] --END-- [ RunTime:0.021001s ]
INFO: [ view_filter ] --START--
INFO: Run Behavior\WriteHtmlCacheBehavior [ RunTime:0.001000s ]
INFO: [ view_filter ] --END-- [ RunTime:0.001000s ]
INFO: [ app_end ] --START--
INFO: Run Behavior\ShowPageTraceBehavior [ RunTime:0.001000s ]
INFO: [ app_end ] --END-- [ RunTime:0.001000s ]

[ 2016-11-07T20:24:24+08:00 ] ::1 /warehouse/index.php/Home/Category/edit/id/5
INFO: [ app_init ] --START--
INFO: Run Behavior\BuildLiteBehavior [ RunTime:0.000000s ]
INFO: [ app_init ] --END-- [ RunTime:0.001000s ]
INFO: [ app_begin ] --START--
INFO: Run Behavior\ReadHtmlCacheBehavior [ RunTime:0.001000s ]
INFO: [ app_begin ] --END-- [ RunTime:0.001000s ]
SQL: DESCRIBE wh_user [ RunTime:0.005000s ]
SQL: DESCRIBE wh_category [ RunTime:0.005000s ]
SQL: SELECT * FROM `wh_category`  [ RunTime:0.001000s ]
SQL: SELECT * FROM `wh_category`  [ RunTime:0.000000s ]
SQL: SELECT * FROM `wh_category` WHERE ( `id` = 5 ) LIMIT 1   [ RunTime:0.000000s ]
INFO: [ view_parse ] --START--
INFO: [ template_filter ] --START--
INFO: Run Behavior\ContentReplaceBehavior [ RunTime:0.001000s ]
INFO: [ template_filter ] --END-- [ RunTime:0.001000s ]
NOTIC: [2] in_array() expects parameter 2 to be array, string given D:\xampp\htdocs\warehouse\Application\Runtime\Cache\Home\53f4f93011af932a2a1f54e3aee5be73.php 第 44 行.
NOTIC: [8] Undefined variable: info D:\xampp\htdocs\warehouse\Application\Runtime\Cache\Home\53f4f93011af932a2a1f54e3aee5be73.php 第 44 行.
NOTIC: [8] Undefined variable: info D:\xampp\htdocs\warehouse\Application\Runtime\Cache\Home\53f4f93011af932a2a1f54e3aee5be73.php 第 44 行.
NOTIC: [2] in_array() expects parameter 2 to be array, string given D:\xampp\htdocs\warehouse\Application\Runtime\Cache\Home\53f4f93011af932a2a1f54e3aee5be73.php 第 44 行.
NOTIC: [8] Undefined variable: info D:\xampp\htdocs\warehouse\Application\Runtime\Cache\Home\53f4f93011af932a2a1f54e3aee5be73.php 第 44 行.
NOTIC: [8] Undefined variable: info D:\xampp\htdocs\warehouse\Application\Runtime\Cache\Home\53f4f93011af932a2a1f54e3aee5be73.php 第 44 行.
NOTIC: [2] in_array() expects parameter 2 to be array, string given D:\xampp\htdocs\warehouse\Application\Runtime\Cache\Home\53f4f93011af932a2a1f54e3aee5be73.php 第 44 行.
NOTIC: [8] Undefined variable: info D:\xampp\htdocs\warehouse\Application\Runtime\Cache\Home\53f4f93011af932a2a1f54e3aee5be73.php 第 44 行.
NOTIC: [8] Undefined variable: info D:\xampp\htdocs\warehouse\Application\Runtime\Cache\Home\53f4f93011af932a2a1f54e3aee5be73.php 第 44 行.
NOTIC: [2] in_array() expects parameter 2 to be array, string given D:\xampp\htdocs\warehouse\Application\Runtime\Cache\Home\53f4f93011af932a2a1f54e3aee5be73.php 第 44 行.
NOTIC: [8] Undefined variable: info D:\xampp\htdocs\warehouse\Application\Runtime\Cache\Home\53f4f93011af932a2a1f54e3aee5be73.php 第 44 行.
NOTIC: [8] Undefined variable: info D:\xampp\htdocs\warehouse\Application\Runtime\Cache\Home\53f4f93011af932a2a1f54e3aee5be73.php 第 44 行.
NOTIC: [2] in_array() expects parameter 2 to be array, string given D:\xampp\htdocs\warehouse\Application\Runtime\Cache\Home\53f4f93011af932a2a1f54e3aee5be73.php 第 44 行.
NOTIC: [8] Undefined variable: info D:\xampp\htdocs\warehouse\Application\Runtime\Cache\Home\53f4f93011af932a2a1f54e3aee5be73.php 第 44 行.
NOTIC: [8] Undefined variable: info D:\xampp\htdocs\warehouse\Application\Runtime\Cache\Home\53f4f93011af932a2a1f54e3aee5be73.php 第 44 行.
NOTIC: [2] in_array() expects parameter 2 to be array, string given D:\xampp\htdocs\warehouse\Application\Runtime\Cache\Home\53f4f93011af932a2a1f54e3aee5be73.php 第 44 行.
NOTIC: [8] Undefined variable: info D:\xampp\htdocs\warehouse\Application\Runtime\Cache\Home\53f4f93011af932a2a1f54e3aee5be73.php 第 44 行.
NOTIC: [8] Undefined variable: info D:\xampp\htdocs\warehouse\Application\Runtime\Cache\Home\53f4f93011af932a2a1f54e3aee5be73.php 第 44 行.
NOTIC: [2] in_array() expects parameter 2 to be array, string given D:\xampp\htdocs\warehouse\Application\Runtime\Cache\Home\53f4f93011af932a2a1f54e3aee5be73.php 第 44 行.
NOTIC: [8] Undefined variable: info D:\xampp\htdocs\warehouse\Application\Runtime\Cache\Home\53f4f93011af932a2a1f54e3aee5be73.php 第 44 行.
NOTIC: [8] Undefined variable: info D:\xampp\htdocs\warehouse\Application\Runtime\Cache\Home\53f4f93011af932a2a1f54e3aee5be73.php 第 44 行.
NOTIC: [2] in_array() expects parameter 2 to be array, string given D:\xampp\htdocs\warehouse\Application\Runtime\Cache\Home\53f4f93011af932a2a1f54e3aee5be73.php 第 44 行.
NOTIC: [8] Undefined variable: info D:\xampp\htdocs\warehouse\Application\Runtime\Cache\Home\53f4f93011af932a2a1f54e3aee5be73.php 第 44 行.
NOTIC: [8] Undefined variable: info D:\xampp\htdocs\warehouse\Application\Runtime\Cache\Home\53f4f93011af932a2a1f54e3aee5be73.php 第 44 行.
NOTIC: [2] in_array() expects parameter 2 to be array, string given D:\xampp\htdocs\warehouse\Application\Runtime\Cache\Home\53f4f93011af932a2a1f54e3aee5be73.php 第 44 行.
NOTIC: [8] Undefined variable: info D:\xampp\htdocs\warehouse\Application\Runtime\Cache\Home\53f4f93011af932a2a1f54e3aee5be73.php 第 44 行.
NOTIC: [8] Undefined variable: info D:\xampp\htdocs\warehouse\Application\Runtime\Cache\Home\53f4f93011af932a2a1f54e3aee5be73.php 第 44 行.
NOTIC: [2] in_array() expects parameter 2 to be array, string given D:\xampp\htdocs\warehouse\Application\Runtime\Cache\Home\53f4f93011af932a2a1f54e3aee5be73.php 第 44 行.
NOTIC: [8] Undefined variable: info D:\xampp\htdocs\warehouse\Application\Runtime\Cache\Home\53f4f93011af932a2a1f54e3aee5be73.php 第 44 行.
NOTIC: [8] Undefined variable: info D:\xampp\htdocs\warehouse\Application\Runtime\Cache\Home\53f4f93011af932a2a1f54e3aee5be73.php 第 44 行.
NOTIC: [2] in_array() expects parameter 2 to be array, string given D:\xampp\htdocs\warehouse\Application\Runtime\Cache\Home\53f4f93011af932a2a1f54e3aee5be73.php 第 44 行.
NOTIC: [8] Undefined variable: info D:\xampp\htdocs\warehouse\Application\Runtime\Cache\Home\53f4f93011af932a2a1f54e3aee5be73.php 第 44 行.
NOTIC: [8] Undefined variable: info D:\xampp\htdocs\warehouse\Application\Runtime\Cache\Home\53f4f93011af932a2a1f54e3aee5be73.php 第 44 行.
NOTIC: [2] in_array() expects parameter 2 to be array, string given D:\xampp\htdocs\warehouse\Application\Runtime\Cache\Home\53f4f93011af932a2a1f54e3aee5be73.php 第 44 行.
NOTIC: [8] Undefined variable: info D:\xampp\htdocs\warehouse\Application\Runtime\Cache\Home\53f4f93011af932a2a1f54e3aee5be73.php 第 44 行.
NOTIC: [8] Undefined variable: info D:\xampp\htdocs\warehouse\Application\Runtime\Cache\Home\53f4f93011af932a2a1f54e3aee5be73.php 第 44 行.
INFO: Run Behavior\ParseTemplateBehavior [ RunTime:0.011001s ]
INFO: [ view_parse ] --END-- [ RunTime:0.011001s ]
INFO: [ view_filter ] --START--
INFO: Run Behavior\WriteHtmlCacheBehavior [ RunTime:0.001000s ]
INFO: [ view_filter ] --END-- [ RunTime:0.001000s ]
INFO: [ app_end ] --START--
INFO: Run Behavior\ShowPageTraceBehavior [ RunTime:0.001000s ]
INFO: [ app_end ] --END-- [ RunTime:0.001000s ]

[ 2016-11-07T20:24:36+08:00 ] ::1 /warehouse/index.php/Home/Category/index
INFO: [ app_init ] --START--
INFO: Run Behavior\BuildLiteBehavior [ RunTime:0.000000s ]
INFO: [ app_init ] --END-- [ RunTime:0.001000s ]
INFO: [ app_begin ] --START--
INFO: Run Behavior\ReadHtmlCacheBehavior [ RunTime:0.001000s ]
INFO: [ app_begin ] --END-- [ RunTime:0.001000s ]
SQL: DESCRIBE wh_user [ RunTime:0.006000s ]
SQL: DESCRIBE wh_category [ RunTime:0.004000s ]
SQL: SELECT * FROM `wh_category`  [ RunTime:0.001000s ]
INFO: [ view_parse ] --START--
INFO: [ template_filter ] --START--
INFO: Run Behavior\ContentReplaceBehavior [ RunTime:0.000000s ]
INFO: [ template_filter ] --END-- [ RunTime:0.000000s ]
NOTIC: [8] Undefined variable: fields D:\xampp\htdocs\warehouse\Application\Runtime\Cache\Home\fd93d816414af0ade2156438a8d6b092.php 第 42 行.
NOTIC: [8] Undefined index: order D:\xampp\htdocs\warehouse\Application\Runtime\Cache\Home\fd93d816414af0ade2156438a8d6b092.php 第 47 行.
NOTIC: [8] Undefined index: order D:\xampp\htdocs\warehouse\Application\Runtime\Cache\Home\fd93d816414af0ade2156438a8d6b092.php 第 47 行.
NOTIC: [8] Undefined index: order D:\xampp\htdocs\warehouse\Application\Runtime\Cache\Home\fd93d816414af0ade2156438a8d6b092.php 第 47 行.
NOTIC: [8] Undefined index: order D:\xampp\htdocs\warehouse\Application\Runtime\Cache\Home\fd93d816414af0ade2156438a8d6b092.php 第 47 行.
NOTIC: [8] Undefined index: order D:\xampp\htdocs\warehouse\Application\Runtime\Cache\Home\fd93d816414af0ade2156438a8d6b092.php 第 47 行.
NOTIC: [8] Undefined index: order D:\xampp\htdocs\warehouse\Application\Runtime\Cache\Home\fd93d816414af0ade2156438a8d6b092.php 第 47 行.
NOTIC: [8] Undefined index: order D:\xampp\htdocs\warehouse\Application\Runtime\Cache\Home\fd93d816414af0ade2156438a8d6b092.php 第 47 行.
NOTIC: [8] Undefined index: order D:\xampp\htdocs\warehouse\Application\Runtime\Cache\Home\fd93d816414af0ade2156438a8d6b092.php 第 47 行.
NOTIC: [8] Undefined index: order D:\xampp\htdocs\warehouse\Application\Runtime\Cache\Home\fd93d816414af0ade2156438a8d6b092.php 第 47 行.
NOTIC: [8] Undefined index: order D:\xampp\htdocs\warehouse\Application\Runtime\Cache\Home\fd93d816414af0ade2156438a8d6b092.php 第 47 行.
NOTIC: [8] Undefined index: order D:\xampp\htdocs\warehouse\Application\Runtime\Cache\Home\fd93d816414af0ade2156438a8d6b092.php 第 47 行.
NOTIC: [8] Undefined index: order D:\xampp\htdocs\warehouse\Application\Runtime\Cache\Home\fd93d816414af0ade2156438a8d6b092.php 第 47 行.
NOTIC: [8] Undefined variable: str D:\xampp\htdocs\warehouse\Application\Runtime\Cache\Home\fd93d816414af0ade2156438a8d6b092.php 第 63 行.
INFO: Run Behavior\ParseTemplateBehavior [ RunTime:0.010001s ]
INFO: [ view_parse ] --END-- [ RunTime:0.010001s ]
INFO: [ view_filter ] --START--
INFO: Run Behavior\WriteHtmlCacheBehavior [ RunTime:0.001000s ]
INFO: [ view_filter ] --END-- [ RunTime:0.001000s ]
INFO: [ app_end ] --START--
INFO: Run Behavior\ShowPageTraceBehavior [ RunTime:0.001000s ]
INFO: [ app_end ] --END-- [ RunTime:0.001000s ]

[ 2016-11-07T20:27:16+08:00 ] ::1 /warehouse/index.php/Home/Category/index
INFO: [ app_init ] --START--
INFO: Run Behavior\BuildLiteBehavior [ RunTime:0.000000s ]
INFO: [ app_init ] --END-- [ RunTime:0.001000s ]
INFO: [ app_begin ] --START--
INFO: Run Behavior\ReadHtmlCacheBehavior [ RunTime:0.001001s ]
INFO: [ app_begin ] --END-- [ RunTime:0.001001s ]
SQL: DESCRIBE wh_user [ RunTime:0.004000s ]
SQL: DESCRIBE wh_category [ RunTime:0.003000s ]
SQL: SELECT * FROM `wh_category`  [ RunTime:0.001000s ]
INFO: [ view_parse ] --START--
INFO: [ template_filter ] --START--
INFO: Run Behavior\ContentReplaceBehavior [ RunTime:0.000000s ]
INFO: [ template_filter ] --END-- [ RunTime:0.000000s ]
NOTIC: [8] Undefined variable: fields D:\xampp\htdocs\warehouse\Application\Runtime\Cache\Home\fd93d816414af0ade2156438a8d6b092.php 第 42 行.
NOTIC: [8] Undefined index: order D:\xampp\htdocs\warehouse\Application\Runtime\Cache\Home\fd93d816414af0ade2156438a8d6b092.php 第 47 行.
NOTIC: [8] Undefined index: order D:\xampp\htdocs\warehouse\Application\Runtime\Cache\Home\fd93d816414af0ade2156438a8d6b092.php 第 47 行.
NOTIC: [8] Undefined index: order D:\xampp\htdocs\warehouse\Application\Runtime\Cache\Home\fd93d816414af0ade2156438a8d6b092.php 第 47 行.
NOTIC: [8] Undefined index: order D:\xampp\htdocs\warehouse\Application\Runtime\Cache\Home\fd93d816414af0ade2156438a8d6b092.php 第 47 行.
NOTIC: [8] Undefined index: order D:\xampp\htdocs\warehouse\Application\Runtime\Cache\Home\fd93d816414af0ade2156438a8d6b092.php 第 47 行.
NOTIC: [8] Undefined index: order D:\xampp\htdocs\warehouse\Application\Runtime\Cache\Home\fd93d816414af0ade2156438a8d6b092.php 第 47 行.
NOTIC: [8] Undefined index: order D:\xampp\htdocs\warehouse\Application\Runtime\Cache\Home\fd93d816414af0ade2156438a8d6b092.php 第 47 行.
NOTIC: [8] Undefined index: order D:\xampp\htdocs\warehouse\Application\Runtime\Cache\Home\fd93d816414af0ade2156438a8d6b092.php 第 47 行.
NOTIC: [8] Undefined index: order D:\xampp\htdocs\warehouse\Application\Runtime\Cache\Home\fd93d816414af0ade2156438a8d6b092.php 第 47 行.
NOTIC: [8] Undefined index: order D:\xampp\htdocs\warehouse\Application\Runtime\Cache\Home\fd93d816414af0ade2156438a8d6b092.php 第 47 行.
NOTIC: [8] Undefined index: order D:\xampp\htdocs\warehouse\Application\Runtime\Cache\Home\fd93d816414af0ade2156438a8d6b092.php 第 47 行.
NOTIC: [8] Undefined index: order D:\xampp\htdocs\warehouse\Application\Runtime\Cache\Home\fd93d816414af0ade2156438a8d6b092.php 第 47 行.
NOTIC: [8] Undefined variable: str D:\xampp\htdocs\warehouse\Application\Runtime\Cache\Home\fd93d816414af0ade2156438a8d6b092.php 第 63 行.
INFO: Run Behavior\ParseTemplateBehavior [ RunTime:0.010000s ]
INFO: [ view_parse ] --END-- [ RunTime:0.010000s ]
INFO: [ view_filter ] --START--
INFO: Run Behavior\WriteHtmlCacheBehavior [ RunTime:0.000000s ]
INFO: [ view_filter ] --END-- [ RunTime:0.000000s ]
INFO: [ app_end ] --START--
INFO: Run Behavior\ShowPageTraceBehavior [ RunTime:0.001000s ]
INFO: [ app_end ] --END-- [ RunTime:0.001000s ]

[ 2016-11-07T20:27:21+08:00 ] ::1 /warehouse/index.php/Home/Category/edit/id/23
INFO: [ app_init ] --START--
INFO: Run Behavior\BuildLiteBehavior [ RunTime:0.000000s ]
INFO: [ app_init ] --END-- [ RunTime:0.001000s ]
INFO: [ app_begin ] --START--
INFO: Run Behavior\ReadHtmlCacheBehavior [ RunTime:0.001000s ]
INFO: [ app_begin ] --END-- [ RunTime:0.001000s ]
SQL: DESCRIBE wh_user [ RunTime:0.005000s ]
SQL: DESCRIBE wh_category [ RunTime:0.004000s ]
SQL: SELECT * FROM `wh_category`  [ RunTime:0.000000s ]
SQL: SELECT * FROM `wh_category`  [ RunTime:0.000000s ]
SQL: SELECT * FROM `wh_category` WHERE ( `id` = 23 ) LIMIT 1   [ RunTime:0.001000s ]
INFO: [ view_parse ] --START--
INFO: [ template_filter ] --START--
INFO: Run Behavior\ContentReplaceBehavior [ RunTime:0.000000s ]
INFO: [ template_filter ] --END-- [ RunTime:0.001000s ]
NOTIC: [2] in_array() expects parameter 2 to be array, string given D:\xampp\htdocs\warehouse\Application\Runtime\Cache\Home\53f4f93011af932a2a1f54e3aee5be73.php 第 44 行.
NOTIC: [2] in_array() expects parameter 2 to be array, string given D:\xampp\htdocs\warehouse\Application\Runtime\Cache\Home\53f4f93011af932a2a1f54e3aee5be73.php 第 44 行.
NOTIC: [2] in_array() expects parameter 2 to be array, string given D:\xampp\htdocs\warehouse\Application\Runtime\Cache\Home\53f4f93011af932a2a1f54e3aee5be73.php 第 44 行.
NOTIC: [2] in_array() expects parameter 2 to be array, string given D:\xampp\htdocs\warehouse\Application\Runtime\Cache\Home\53f4f93011af932a2a1f54e3aee5be73.php 第 44 行.
NOTIC: [2] in_array() expects parameter 2 to be array, string given D:\xampp\htdocs\warehouse\Application\Runtime\Cache\Home\53f4f93011af932a2a1f54e3aee5be73.php 第 44 行.
NOTIC: [2] in_array() expects parameter 2 to be array, string given D:\xampp\htdocs\warehouse\Application\Runtime\Cache\Home\53f4f93011af932a2a1f54e3aee5be73.php 第 44 行.
NOTIC: [2] in_array() expects parameter 2 to be array, string given D:\xampp\htdocs\warehouse\Application\Runtime\Cache\Home\53f4f93011af932a2a1f54e3aee5be73.php 第 44 行.
NOTIC: [2] in_array() expects parameter 2 to be array, string given D:\xampp\htdocs\warehouse\Application\Runtime\Cache\Home\53f4f93011af932a2a1f54e3aee5be73.php 第 44 行.
NOTIC: [2] in_array() expects parameter 2 to be array, string given D:\xampp\htdocs\warehouse\Application\Runtime\Cache\Home\53f4f93011af932a2a1f54e3aee5be73.php 第 44 行.
NOTIC: [2] in_array() expects parameter 2 to be array, string given D:\xampp\htdocs\warehouse\Application\Runtime\Cache\Home\53f4f93011af932a2a1f54e3aee5be73.php 第 44 行.
NOTIC: [2] in_array() expects parameter 2 to be array, string given D:\xampp\htdocs\warehouse\Application\Runtime\Cache\Home\53f4f93011af932a2a1f54e3aee5be73.php 第 44 行.
NOTIC: [2] in_array() expects parameter 2 to be array, string given D:\xampp\htdocs\warehouse\Application\Runtime\Cache\Home\53f4f93011af932a2a1f54e3aee5be73.php 第 44 行.
INFO: Run Behavior\ParseTemplateBehavior [ RunTime:0.014001s ]
INFO: [ view_parse ] --END-- [ RunTime:0.014001s ]
INFO: [ view_filter ] --START--
INFO: Run Behavior\WriteHtmlCacheBehavior [ RunTime:0.001000s ]
INFO: [ view_filter ] --END-- [ RunTime:0.001000s ]
INFO: [ app_end ] --START--
INFO: Run Behavior\ShowPageTraceBehavior [ RunTime:0.001000s ]
INFO: [ app_end ] --END-- [ RunTime:0.001000s ]

[ 2016-11-07T20:27:24+08:00 ] ::1 /warehouse/index.php/Home/Category/index
INFO: [ app_init ] --START--
INFO: Run Behavior\BuildLiteBehavior [ RunTime:0.000000s ]
INFO: [ app_init ] --END-- [ RunTime:0.001000s ]
INFO: [ app_begin ] --START--
INFO: Run Behavior\ReadHtmlCacheBehavior [ RunTime:0.001000s ]
INFO: [ app_begin ] --END-- [ RunTime:0.001000s ]
SQL: DESCRIBE wh_user [ RunTime:0.005000s ]
SQL: DESCRIBE wh_category [ RunTime:0.005000s ]
SQL: SELECT * FROM `wh_category`  [ RunTime:0.001000s ]
INFO: [ view_parse ] --START--
INFO: [ template_filter ] --START--
INFO: Run Behavior\ContentReplaceBehavior [ RunTime:0.000000s ]
INFO: [ template_filter ] --END-- [ RunTime:0.000000s ]
NOTIC: [8] Undefined variable: fields D:\xampp\htdocs\warehouse\Application\Runtime\Cache\Home\fd93d816414af0ade2156438a8d6b092.php 第 42 行.
NOTIC: [8] Undefined index: order D:\xampp\htdocs\warehouse\Application\Runtime\Cache\Home\fd93d816414af0ade2156438a8d6b092.php 第 47 行.
NOTIC: [8] Undefined index: order D:\xampp\htdocs\warehouse\Application\Runtime\Cache\Home\fd93d816414af0ade2156438a8d6b092.php 第 47 行.
NOTIC: [8] Undefined index: order D:\xampp\htdocs\warehouse\Application\Runtime\Cache\Home\fd93d816414af0ade2156438a8d6b092.php 第 47 行.
NOTIC: [8] Undefined index: order D:\xampp\htdocs\warehouse\Application\Runtime\Cache\Home\fd93d816414af0ade2156438a8d6b092.php 第 47 行.
NOTIC: [8] Undefined index: order D:\xampp\htdocs\warehouse\Application\Runtime\Cache\Home\fd93d816414af0ade2156438a8d6b092.php 第 47 行.
NOTIC: [8] Undefined index: order D:\xampp\htdocs\warehouse\Application\Runtime\Cache\Home\fd93d816414af0ade2156438a8d6b092.php 第 47 行.
NOTIC: [8] Undefined index: order D:\xampp\htdocs\warehouse\Application\Runtime\Cache\Home\fd93d816414af0ade2156438a8d6b092.php 第 47 行.
NOTIC: [8] Undefined index: order D:\xampp\htdocs\warehouse\Application\Runtime\Cache\Home\fd93d816414af0ade2156438a8d6b092.php 第 47 行.
NOTIC: [8] Undefined index: order D:\xampp\htdocs\warehouse\Application\Runtime\Cache\Home\fd93d816414af0ade2156438a8d6b092.php 第 47 行.
NOTIC: [8] Undefined index: order D:\xampp\htdocs\warehouse\Application\Runtime\Cache\Home\fd93d816414af0ade2156438a8d6b092.php 第 47 行.
NOTIC: [8] Undefined index: order D:\xampp\htdocs\warehouse\Application\Runtime\Cache\Home\fd93d816414af0ade2156438a8d6b092.php 第 47 行.
NOTIC: [8] Undefined index: order D:\xampp\htdocs\warehouse\Application\Runtime\Cache\Home\fd93d816414af0ade2156438a8d6b092.php 第 47 行.
NOTIC: [8] Undefined variable: str D:\xampp\htdocs\warehouse\Application\Runtime\Cache\Home\fd93d816414af0ade2156438a8d6b092.php 第 63 行.
INFO: Run Behavior\ParseTemplateBehavior [ RunTime:0.013001s ]
INFO: [ view_parse ] --END-- [ RunTime:0.013001s ]
INFO: [ view_filter ] --START--
INFO: Run Behavior\WriteHtmlCacheBehavior [ RunTime:0.000000s ]
INFO: [ view_filter ] --END-- [ RunTime:0.000000s ]
INFO: [ app_end ] --START--
INFO: Run Behavior\ShowPageTraceBehavior [ RunTime:0.001000s ]
INFO: [ app_end ] --END-- [ RunTime:0.001000s ]

[ 2016-11-07T20:27:28+08:00 ] ::1 /warehouse/index.php/Home/Category/edit/id/3
INFO: [ app_init ] --START--
INFO: Run Behavior\BuildLiteBehavior [ RunTime:0.000000s ]
INFO: [ app_init ] --END-- [ RunTime:0.000000s ]
INFO: [ app_begin ] --START--
INFO: Run Behavior\ReadHtmlCacheBehavior [ RunTime:0.001000s ]
INFO: [ app_begin ] --END-- [ RunTime:0.001000s ]
SQL: DESCRIBE wh_user [ RunTime:0.004000s ]
SQL: DESCRIBE wh_category [ RunTime:0.004000s ]
SQL: SELECT * FROM `wh_category`  [ RunTime:0.000000s ]
SQL: SELECT * FROM `wh_category`  [ RunTime:0.000000s ]
SQL: SELECT * FROM `wh_category` WHERE ( `id` = 3 ) LIMIT 1   [ RunTime:0.001000s ]
INFO: [ view_parse ] --START--
INFO: [ template_filter ] --START--
INFO: Run Behavior\ContentReplaceBehavior [ RunTime:0.000000s ]
INFO: [ template_filter ] --END-- [ RunTime:0.000000s ]
INFO: Run Behavior\ParseTemplateBehavior [ RunTime:0.012001s ]
INFO: [ view_parse ] --END-- [ RunTime:0.012001s ]
INFO: [ view_filter ] --START--
INFO: Run Behavior\WriteHtmlCacheBehavior [ RunTime:0.001000s ]
INFO: [ view_filter ] --END-- [ RunTime:0.001000s ]
INFO: [ app_end ] --START--
INFO: Run Behavior\ShowPageTraceBehavior [ RunTime:0.001000s ]
INFO: [ app_end ] --END-- [ RunTime:0.002000s ]

[ 2016-11-07T20:27:30+08:00 ] ::1 /warehouse/index.php/Home/Category/index
INFO: [ app_init ] --START--
INFO: Run Behavior\BuildLiteBehavior [ RunTime:0.000000s ]
INFO: [ app_init ] --END-- [ RunTime:0.001000s ]
INFO: [ app_begin ] --START--
INFO: Run Behavior\ReadHtmlCacheBehavior [ RunTime:0.001001s ]
INFO: [ app_begin ] --END-- [ RunTime:0.001001s ]
SQL: DESCRIBE wh_user [ RunTime:0.004000s ]
SQL: DESCRIBE wh_category [ RunTime:0.004000s ]
SQL: SELECT * FROM `wh_category`  [ RunTime:0.001000s ]
INFO: [ view_parse ] --START--
INFO: [ template_filter ] --START--
INFO: Run Behavior\ContentReplaceBehavior [ RunTime:0.000000s ]
INFO: [ template_filter ] --END-- [ RunTime:0.000000s ]
NOTIC: [8] Undefined variable: fields D:\xampp\htdocs\warehouse\Application\Runtime\Cache\Home\fd93d816414af0ade2156438a8d6b092.php 第 42 行.
NOTIC: [8] Undefined index: order D:\xampp\htdocs\warehouse\Application\Runtime\Cache\Home\fd93d816414af0ade2156438a8d6b092.php 第 47 行.
NOTIC: [8] Undefined index: order D:\xampp\htdocs\warehouse\Application\Runtime\Cache\Home\fd93d816414af0ade2156438a8d6b092.php 第 47 行.
NOTIC: [8] Undefined index: order D:\xampp\htdocs\warehouse\Application\Runtime\Cache\Home\fd93d816414af0ade2156438a8d6b092.php 第 47 行.
NOTIC: [8] Undefined index: order D:\xampp\htdocs\warehouse\Application\Runtime\Cache\Home\fd93d816414af0ade2156438a8d6b092.php 第 47 行.
NOTIC: [8] Undefined index: order D:\xampp\htdocs\warehouse\Application\Runtime\Cache\Home\fd93d816414af0ade2156438a8d6b092.php 第 47 行.
NOTIC: [8] Undefined index: order D:\xampp\htdocs\warehouse\Application\Runtime\Cache\Home\fd93d816414af0ade2156438a8d6b092.php 第 47 行.
NOTIC: [8] Undefined index: order D:\xampp\htdocs\warehouse\Application\Runtime\Cache\Home\fd93d816414af0ade2156438a8d6b092.php 第 47 行.
NOTIC: [8] Undefined index: order D:\xampp\htdocs\warehouse\Application\Runtime\Cache\Home\fd93d816414af0ade2156438a8d6b092.php 第 47 行.
NOTIC: [8] Undefined index: order D:\xampp\htdocs\warehouse\Application\Runtime\Cache\Home\fd93d816414af0ade2156438a8d6b092.php 第 47 行.
NOTIC: [8] Undefined index: order D:\xampp\htdocs\warehouse\Application\Runtime\Cache\Home\fd93d816414af0ade2156438a8d6b092.php 第 47 行.
NOTIC: [8] Undefined index: order D:\xampp\htdocs\warehouse\Application\Runtime\Cache\Home\fd93d816414af0ade2156438a8d6b092.php 第 47 行.
NOTIC: [8] Undefined index: order D:\xampp\htdocs\warehouse\Application\Runtime\Cache\Home\fd93d816414af0ade2156438a8d6b092.php 第 47 行.
NOTIC: [8] Undefined variable: str D:\xampp\htdocs\warehouse\Application\Runtime\Cache\Home\fd93d816414af0ade2156438a8d6b092.php 第 63 行.
INFO: Run Behavior\ParseTemplateBehavior [ RunTime:0.012001s ]
INFO: [ view_parse ] --END-- [ RunTime:0.012001s ]
INFO: [ view_filter ] --START--
INFO: Run Behavior\WriteHtmlCacheBehavior [ RunTime:0.000000s ]
INFO: [ view_filter ] --END-- [ RunTime:0.000000s ]
INFO: [ app_end ] --START--
INFO: Run Behavior\ShowPageTraceBehavior [ RunTime:0.001000s ]
INFO: [ app_end ] --END-- [ RunTime:0.001000s ]

[ 2016-11-07T20:27:33+08:00 ] ::1 /warehouse/index.php/Home/Category/edit/id/35
INFO: [ app_init ] --START--
INFO: Run Behavior\BuildLiteBehavior [ RunTime:0.000000s ]
INFO: [ app_init ] --END-- [ RunTime:0.001000s ]
INFO: [ app_begin ] --START--
INFO: Run Behavior\ReadHtmlCacheBehavior [ RunTime:0.001001s ]
INFO: [ app_begin ] --END-- [ RunTime:0.001001s ]
SQL: DESCRIBE wh_user [ RunTime:0.003000s ]
SQL: DESCRIBE wh_category [ RunTime:0.004000s ]
SQL: SELECT * FROM `wh_category`  [ RunTime:0.001000s ]
SQL: SELECT * FROM `wh_category`  [ RunTime:0.000000s ]
SQL: SELECT * FROM `wh_category` WHERE ( `id` = 35 ) LIMIT 1   [ RunTime:0.001000s ]
INFO: [ view_parse ] --START--
INFO: [ template_filter ] --START--
INFO: Run Behavior\ContentReplaceBehavior [ RunTime:0.000000s ]
INFO: [ template_filter ] --END-- [ RunTime:0.000000s ]
INFO: Run Behavior\ParseTemplateBehavior [ RunTime:0.014001s ]
INFO: [ view_parse ] --END-- [ RunTime:0.015001s ]
INFO: [ view_filter ] --START--
INFO: Run Behavior\WriteHtmlCacheBehavior [ RunTime:0.001000s ]
INFO: [ view_filter ] --END-- [ RunTime:0.001000s ]
INFO: [ app_end ] --START--
INFO: Run Behavior\ShowPageTraceBehavior [ RunTime:0.001000s ]
INFO: [ app_end ] --END-- [ RunTime:0.001000s ]

[ 2016-11-07T20:27:38+08:00 ] ::1 /warehouse/index.php/Home/Category/index
INFO: [ app_init ] --START--
INFO: Run Behavior\BuildLiteBehavior [ RunTime:0.000000s ]
INFO: [ app_init ] --END-- [ RunTime:0.001000s ]
INFO: [ app_begin ] --START--
INFO: Run Behavior\ReadHtmlCacheBehavior [ RunTime:0.001000s ]
INFO: [ app_begin ] --END-- [ RunTime:0.001000s ]
SQL: DESCRIBE wh_user [ RunTime:0.006000s ]
SQL: DESCRIBE wh_category [ RunTime:0.005000s ]
SQL: SELECT * FROM `wh_category`  [ RunTime:0.001000s ]
INFO: [ view_parse ] --START--
INFO: [ template_filter ] --START--
INFO: Run Behavior\ContentReplaceBehavior [ RunTime:0.000000s ]
INFO: [ template_filter ] --END-- [ RunTime:0.000000s ]
NOTIC: [8] Undefined variable: fields D:\xampp\htdocs\warehouse\Application\Runtime\Cache\Home\fd93d816414af0ade2156438a8d6b092.php 第 42 行.
NOTIC: [8] Undefined index: order D:\xampp\htdocs\warehouse\Application\Runtime\Cache\Home\fd93d816414af0ade2156438a8d6b092.php 第 47 行.
NOTIC: [8] Undefined index: order D:\xampp\htdocs\warehouse\Application\Runtime\Cache\Home\fd93d816414af0ade2156438a8d6b092.php 第 47 行.
NOTIC: [8] Undefined index: order D:\xampp\htdocs\warehouse\Application\Runtime\Cache\Home\fd93d816414af0ade2156438a8d6b092.php 第 47 行.
NOTIC: [8] Undefined index: order D:\xampp\htdocs\warehouse\Application\Runtime\Cache\Home\fd93d816414af0ade2156438a8d6b092.php 第 47 行.
NOTIC: [8] Undefined index: order D:\xampp\htdocs\warehouse\Application\Runtime\Cache\Home\fd93d816414af0ade2156438a8d6b092.php 第 47 行.
NOTIC: [8] Undefined index: order D:\xampp\htdocs\warehouse\Application\Runtime\Cache\Home\fd93d816414af0ade2156438a8d6b092.php 第 47 行.
NOTIC: [8] Undefined index: order D:\xampp\htdocs\warehouse\Application\Runtime\Cache\Home\fd93d816414af0ade2156438a8d6b092.php 第 47 行.
NOTIC: [8] Undefined index: order D:\xampp\htdocs\warehouse\Application\Runtime\Cache\Home\fd93d816414af0ade2156438a8d6b092.php 第 47 行.
NOTIC: [8] Undefined index: order D:\xampp\htdocs\warehouse\Application\Runtime\Cache\Home\fd93d816414af0ade2156438a8d6b092.php 第 47 行.
NOTIC: [8] Undefined index: order D:\xampp\htdocs\warehouse\Application\Runtime\Cache\Home\fd93d816414af0ade2156438a8d6b092.php 第 47 行.
NOTIC: [8] Undefined index: order D:\xampp\htdocs\warehouse\Application\Runtime\Cache\Home\fd93d816414af0ade2156438a8d6b092.php 第 47 行.
NOTIC: [8] Undefined index: order D:\xampp\htdocs\warehouse\Application\Runtime\Cache\Home\fd93d816414af0ade2156438a8d6b092.php 第 47 行.
NOTIC: [8] Undefined variable: str D:\xampp\htdocs\warehouse\Application\Runtime\Cache\Home\fd93d816414af0ade2156438a8d6b092.php 第 63 行.
INFO: Run Behavior\ParseTemplateBehavior [ RunTime:0.015001s ]
INFO: [ view_parse ] --END-- [ RunTime:0.015001s ]
INFO: [ view_filter ] --START--
INFO: Run Behavior\WriteHtmlCacheBehavior [ RunTime:0.001000s ]
INFO: [ view_filter ] --END-- [ RunTime:0.001000s ]
INFO: [ app_end ] --START--
INFO: Run Behavior\ShowPageTraceBehavior [ RunTime:0.001000s ]
INFO: [ app_end ] --END-- [ RunTime:0.001000s ]

[ 2016-11-07T20:27:40+08:00 ] ::1 /warehouse/index.php/Home/Category/edit/id/5
INFO: [ app_init ] --START--
INFO: Run Behavior\BuildLiteBehavior [ RunTime:0.000000s ]
INFO: [ app_init ] --END-- [ RunTime:0.002000s ]
INFO: [ app_begin ] --START--
INFO: Run Behavior\ReadHtmlCacheBehavior [ RunTime:0.001000s ]
INFO: [ app_begin ] --END-- [ RunTime:0.002000s ]
SQL: DESCRIBE wh_user [ RunTime:0.007000s ]
SQL: DESCRIBE wh_category [ RunTime:0.005000s ]
SQL: SELECT * FROM `wh_category`  [ RunTime:0.001000s ]
SQL: SELECT * FROM `wh_category`  [ RunTime:0.001000s ]
SQL: SELECT * FROM `wh_category` WHERE ( `id` = 5 ) LIMIT 1   [ RunTime:0.001000s ]
INFO: [ view_parse ] --START--
INFO: [ template_filter ] --START--
INFO: Run Behavior\ContentReplaceBehavior [ RunTime:0.000000s ]
INFO: [ template_filter ] --END-- [ RunTime:0.000000s ]
NOTIC: [2] in_array() expects parameter 2 to be array, string given D:\xampp\htdocs\warehouse\Application\Runtime\Cache\Home\53f4f93011af932a2a1f54e3aee5be73.php 第 44 行.
NOTIC: [2] in_array() expects parameter 2 to be array, string given D:\xampp\htdocs\warehouse\Application\Runtime\Cache\Home\53f4f93011af932a2a1f54e3aee5be73.php 第 44 行.
NOTIC: [2] in_array() expects parameter 2 to be array, string given D:\xampp\htdocs\warehouse\Application\Runtime\Cache\Home\53f4f93011af932a2a1f54e3aee5be73.php 第 44 行.
NOTIC: [2] in_array() expects parameter 2 to be array, string given D:\xampp\htdocs\warehouse\Application\Runtime\Cache\Home\53f4f93011af932a2a1f54e3aee5be73.php 第 44 行.
NOTIC: [2] in_array() expects parameter 2 to be array, string given D:\xampp\htdocs\warehouse\Application\Runtime\Cache\Home\53f4f93011af932a2a1f54e3aee5be73.php 第 44 行.
NOTIC: [2] in_array() expects parameter 2 to be array, string given D:\xampp\htdocs\warehouse\Application\Runtime\Cache\Home\53f4f93011af932a2a1f54e3aee5be73.php 第 44 行.
NOTIC: [2] in_array() expects parameter 2 to be array, string given D:\xampp\htdocs\warehouse\Application\Runtime\Cache\Home\53f4f93011af932a2a1f54e3aee5be73.php 第 44 行.
NOTIC: [2] in_array() expects parameter 2 to be array, string given D:\xampp\htdocs\warehouse\Application\Runtime\Cache\Home\53f4f93011af932a2a1f54e3aee5be73.php 第 44 行.
NOTIC: [2] in_array() expects parameter 2 to be array, string given D:\xampp\htdocs\warehouse\Application\Runtime\Cache\Home\53f4f93011af932a2a1f54e3aee5be73.php 第 44 行.
NOTIC: [2] in_array() expects parameter 2 to be array, string given D:\xampp\htdocs\warehouse\Application\Runtime\Cache\Home\53f4f93011af932a2a1f54e3aee5be73.php 第 44 行.
NOTIC: [2] in_array() expects parameter 2 to be array, string given D:\xampp\htdocs\warehouse\Application\Runtime\Cache\Home\53f4f93011af932a2a1f54e3aee5be73.php 第 44 行.
NOTIC: [2] in_array() expects parameter 2 to be array, string given D:\xampp\htdocs\warehouse\Application\Runtime\Cache\Home\53f4f93011af932a2a1f54e3aee5be73.php 第 44 行.
INFO: Run Behavior\ParseTemplateBehavior [ RunTime:0.022001s ]
INFO: [ view_parse ] --END-- [ RunTime:0.022001s ]
INFO: [ view_filter ] --START--
INFO: Run Behavior\WriteHtmlCacheBehavior [ RunTime:0.001000s ]
INFO: [ view_filter ] --END-- [ RunTime:0.001000s ]
INFO: [ app_end ] --START--
INFO: Run Behavior\ShowPageTraceBehavior [ RunTime:0.002000s ]
INFO: [ app_end ] --END-- [ RunTime:0.002000s ]

[ 2016-11-07T20:27:42+08:00 ] ::1 /warehouse/index.php/Home/Category/index
INFO: [ app_init ] --START--
INFO: Run Behavior\BuildLiteBehavior [ RunTime:0.000000s ]
INFO: [ app_init ] --END-- [ RunTime:0.001000s ]
INFO: [ app_begin ] --START--
INFO: Run Behavior\ReadHtmlCacheBehavior [ RunTime:0.000000s ]
INFO: [ app_begin ] --END-- [ RunTime:0.002001s ]
SQL: DESCRIBE wh_user [ RunTime:0.005000s ]
SQL: DESCRIBE wh_category [ RunTime:0.004000s ]
SQL: SELECT * FROM `wh_category`  [ RunTime:0.001000s ]
INFO: [ view_parse ] --START--
INFO: [ template_filter ] --START--
INFO: Run Behavior\ContentReplaceBehavior [ RunTime:0.000000s ]
INFO: [ template_filter ] --END-- [ RunTime:0.000000s ]
NOTIC: [8] Undefined variable: fields D:\xampp\htdocs\warehouse\Application\Runtime\Cache\Home\fd93d816414af0ade2156438a8d6b092.php 第 42 行.
NOTIC: [8] Undefined index: order D:\xampp\htdocs\warehouse\Application\Runtime\Cache\Home\fd93d816414af0ade2156438a8d6b092.php 第 47 行.
NOTIC: [8] Undefined index: order D:\xampp\htdocs\warehouse\Application\Runtime\Cache\Home\fd93d816414af0ade2156438a8d6b092.php 第 47 行.
NOTIC: [8] Undefined index: order D:\xampp\htdocs\warehouse\Application\Runtime\Cache\Home\fd93d816414af0ade2156438a8d6b092.php 第 47 行.
NOTIC: [8] Undefined index: order D:\xampp\htdocs\warehouse\Application\Runtime\Cache\Home\fd93d816414af0ade2156438a8d6b092.php 第 47 行.
NOTIC: [8] Undefined index: order D:\xampp\htdocs\warehouse\Application\Runtime\Cache\Home\fd93d816414af0ade2156438a8d6b092.php 第 47 行.
NOTIC: [8] Undefined index: order D:\xampp\htdocs\warehouse\Application\Runtime\Cache\Home\fd93d816414af0ade2156438a8d6b092.php 第 47 行.
NOTIC: [8] Undefined index: order D:\xampp\htdocs\warehouse\Application\Runtime\Cache\Home\fd93d816414af0ade2156438a8d6b092.php 第 47 行.
NOTIC: [8] Undefined index: order D:\xampp\htdocs\warehouse\Application\Runtime\Cache\Home\fd93d816414af0ade2156438a8d6b092.php 第 47 行.
NOTIC: [8] Undefined index: order D:\xampp\htdocs\warehouse\Application\Runtime\Cache\Home\fd93d816414af0ade2156438a8d6b092.php 第 47 行.
NOTIC: [8] Undefined index: order D:\xampp\htdocs\warehouse\Application\Runtime\Cache\Home\fd93d816414af0ade2156438a8d6b092.php 第 47 行.
NOTIC: [8] Undefined index: order D:\xampp\htdocs\warehouse\Application\Runtime\Cache\Home\fd93d816414af0ade2156438a8d6b092.php 第 47 行.
NOTIC: [8] Undefined index: order D:\xampp\htdocs\warehouse\Application\Runtime\Cache\Home\fd93d816414af0ade2156438a8d6b092.php 第 47 行.
NOTIC: [8] Undefined variable: str D:\xampp\htdocs\warehouse\Application\Runtime\Cache\Home\fd93d816414af0ade2156438a8d6b092.php 第 63 行.
INFO: Run Behavior\ParseTemplateBehavior [ RunTime:0.013001s ]
INFO: [ view_parse ] --END-- [ RunTime:0.013001s ]
INFO: [ view_filter ] --START--
INFO: Run Behavior\WriteHtmlCacheBehavior [ RunTime:0.001000s ]
INFO: [ view_filter ] --END-- [ RunTime:0.001000s ]
INFO: [ app_end ] --START--
INFO: Run Behavior\ShowPageTraceBehavior [ RunTime:0.001000s ]
INFO: [ app_end ] --END-- [ RunTime:0.001000s ]

[ 2016-11-07T20:27:48+08:00 ] ::1 /warehouse/index.php/Home/Category/edit/id/5
INFO: [ app_init ] --START--
INFO: Run Behavior\BuildLiteBehavior [ RunTime:0.000000s ]
INFO: [ app_init ] --END-- [ RunTime:0.001000s ]
INFO: [ app_begin ] --START--
INFO: Run Behavior\ReadHtmlCacheBehavior [ RunTime:0.001000s ]
INFO: [ app_begin ] --END-- [ RunTime:0.001000s ]
SQL: DESCRIBE wh_user [ RunTime:0.003000s ]
SQL: DESCRIBE wh_category [ RunTime:0.003000s ]
SQL: SELECT * FROM `wh_category`  [ RunTime:0.001000s ]
SQL: SELECT * FROM `wh_category`  [ RunTime:0.001000s ]
SQL: SELECT * FROM `wh_category` WHERE ( `id` = 5 ) LIMIT 1   [ RunTime:0.000000s ]
INFO: [ view_parse ] --START--
INFO: [ template_filter ] --START--
INFO: Run Behavior\ContentReplaceBehavior [ RunTime:0.000000s ]
INFO: [ template_filter ] --END-- [ RunTime:0.000000s ]
NOTIC: [2] in_array() expects parameter 2 to be array, string given D:\xampp\htdocs\warehouse\Application\Runtime\Cache\Home\53f4f93011af932a2a1f54e3aee5be73.php 第 44 行.
NOTIC: [2] in_array() expects parameter 2 to be array, string given D:\xampp\htdocs\warehouse\Application\Runtime\Cache\Home\53f4f93011af932a2a1f54e3aee5be73.php 第 44 行.
NOTIC: [2] in_array() expects parameter 2 to be array, string given D:\xampp\htdocs\warehouse\Application\Runtime\Cache\Home\53f4f93011af932a2a1f54e3aee5be73.php 第 44 行.
NOTIC: [2] in_array() expects parameter 2 to be array, string given D:\xampp\htdocs\warehouse\Application\Runtime\Cache\Home\53f4f93011af932a2a1f54e3aee5be73.php 第 44 行.
NOTIC: [2] in_array() expects parameter 2 to be array, string given D:\xampp\htdocs\warehouse\Application\Runtime\Cache\Home\53f4f93011af932a2a1f54e3aee5be73.php 第 44 行.
NOTIC: [2] in_array() expects parameter 2 to be array, string given D:\xampp\htdocs\warehouse\Application\Runtime\Cache\Home\53f4f93011af932a2a1f54e3aee5be73.php 第 44 行.
NOTIC: [2] in_array() expects parameter 2 to be array, string given D:\xampp\htdocs\warehouse\Application\Runtime\Cache\Home\53f4f93011af932a2a1f54e3aee5be73.php 第 44 行.
NOTIC: [2] in_array() expects parameter 2 to be array, string given D:\xampp\htdocs\warehouse\Application\Runtime\Cache\Home\53f4f93011af932a2a1f54e3aee5be73.php 第 44 行.
NOTIC: [2] in_array() expects parameter 2 to be array, string given D:\xampp\htdocs\warehouse\Application\Runtime\Cache\Home\53f4f93011af932a2a1f54e3aee5be73.php 第 44 行.
NOTIC: [2] in_array() expects parameter 2 to be array, string given D:\xampp\htdocs\warehouse\Application\Runtime\Cache\Home\53f4f93011af932a2a1f54e3aee5be73.php 第 44 行.
NOTIC: [2] in_array() expects parameter 2 to be array, string given D:\xampp\htdocs\warehouse\Application\Runtime\Cache\Home\53f4f93011af932a2a1f54e3aee5be73.php 第 44 行.
NOTIC: [2] in_array() expects parameter 2 to be array, string given D:\xampp\htdocs\warehouse\Application\Runtime\Cache\Home\53f4f93011af932a2a1f54e3aee5be73.php 第 44 行.
INFO: Run Behavior\ParseTemplateBehavior [ RunTime:0.010001s ]
INFO: [ view_parse ] --END-- [ RunTime:0.010001s ]
INFO: [ view_filter ] --START--
INFO: Run Behavior\WriteHtmlCacheBehavior [ RunTime:0.000000s ]
INFO: [ view_filter ] --END-- [ RunTime:0.000000s ]
INFO: [ app_end ] --START--
INFO: Run Behavior\ShowPageTraceBehavior [ RunTime:0.001000s ]
INFO: [ app_end ] --END-- [ RunTime:0.001000s ]

[ 2016-11-07T20:27:54+08:00 ] ::1 /warehouse/index.php/Home/Category/update
INFO: [ app_init ] --START--
INFO: Run Behavior\BuildLiteBehavior [ RunTime:0.000000s ]
INFO: [ app_init ] --END-- [ RunTime:0.001000s ]
INFO: [ app_begin ] --START--
INFO: Run Behavior\ReadHtmlCacheBehavior [ RunTime:0.001000s ]
INFO: [ app_begin ] --END-- [ RunTime:0.001000s ]
SQL: DESCRIBE wh_user [ RunTime:0.004001s ]
SQL: DESCRIBE wh_category [ RunTime:0.004000s ]
SQL: UPDATE `wh_category` SET `name`='电视TV',`parent_id`=11 WHERE ( `id` = 5 ) [ RunTime:0.000000s ]
INFO: [ view_parse ] --START--
INFO: [ template_filter ] --START--
INFO: Run Behavior\ContentReplaceBehavior [ RunTime:0.000000s ]
INFO: [ template_filter ] --END-- [ RunTime:0.001000s ]
INFO: Run Behavior\ParseTemplateBehavior [ RunTime:0.010001s ]
INFO: [ view_parse ] --END-- [ RunTime:0.010001s ]
INFO: [ view_filter ] --START--
INFO: Run Behavior\WriteHtmlCacheBehavior [ RunTime:0.000000s ]
INFO: [ view_filter ] --END-- [ RunTime:0.000000s ]
INFO: [ app_end ] --START--
INFO: Run Behavior\ShowPageTraceBehavior [ RunTime:0.000000s ]
INFO: [ app_end ] --END-- [ RunTime:0.000000s ]

[ 2016-11-07T20:27:55+08:00 ] ::1 /warehouse/index.php/Home/Category/index.html
INFO: [ app_init ] --START--
INFO: Run Behavior\BuildLiteBehavior [ RunTime:0.000000s ]
INFO: [ app_init ] --END-- [ RunTime:0.000000s ]
INFO: [ app_begin ] --START--
INFO: Run Behavior\ReadHtmlCacheBehavior [ RunTime:0.001000s ]
INFO: [ app_begin ] --END-- [ RunTime:0.001000s ]
SQL: DESCRIBE wh_user [ RunTime:0.005000s ]
SQL: DESCRIBE wh_category [ RunTime:0.004000s ]
SQL: SELECT * FROM `wh_category`  [ RunTime:0.001000s ]
INFO: [ view_parse ] --START--
INFO: [ template_filter ] --START--
INFO: Run Behavior\ContentReplaceBehavior [ RunTime:0.000000s ]
INFO: [ template_filter ] --END-- [ RunTime:0.000000s ]
NOTIC: [8] Undefined variable: fields D:\xampp\htdocs\warehouse\Application\Runtime\Cache\Home\fd93d816414af0ade2156438a8d6b092.php 第 42 行.
NOTIC: [8] Undefined index: order D:\xampp\htdocs\warehouse\Application\Runtime\Cache\Home\fd93d816414af0ade2156438a8d6b092.php 第 47 行.
NOTIC: [8] Undefined index: order D:\xampp\htdocs\warehouse\Application\Runtime\Cache\Home\fd93d816414af0ade2156438a8d6b092.php 第 47 行.
NOTIC: [8] Undefined index: order D:\xampp\htdocs\warehouse\Application\Runtime\Cache\Home\fd93d816414af0ade2156438a8d6b092.php 第 47 行.
NOTIC: [8] Undefined index: order D:\xampp\htdocs\warehouse\Application\Runtime\Cache\Home\fd93d816414af0ade2156438a8d6b092.php 第 47 行.
NOTIC: [8] Undefined index: order D:\xampp\htdocs\warehouse\Application\Runtime\Cache\Home\fd93d816414af0ade2156438a8d6b092.php 第 47 行.
NOTIC: [8] Undefined index: order D:\xampp\htdocs\warehouse\Application\Runtime\Cache\Home\fd93d816414af0ade2156438a8d6b092.php 第 47 行.
NOTIC: [8] Undefined index: order D:\xampp\htdocs\warehouse\Application\Runtime\Cache\Home\fd93d816414af0ade2156438a8d6b092.php 第 47 行.
NOTIC: [8] Undefined index: order D:\xampp\htdocs\warehouse\Application\Runtime\Cache\Home\fd93d816414af0ade2156438a8d6b092.php 第 47 行.
NOTIC: [8] Undefined index: order D:\xampp\htdocs\warehouse\Application\Runtime\Cache\Home\fd93d816414af0ade2156438a8d6b092.php 第 47 行.
NOTIC: [8] Undefined index: order D:\xampp\htdocs\warehouse\Application\Runtime\Cache\Home\fd93d816414af0ade2156438a8d6b092.php 第 47 行.
NOTIC: [8] Undefined index: order D:\xampp\htdocs\warehouse\Application\Runtime\Cache\Home\fd93d816414af0ade2156438a8d6b092.php 第 47 行.
NOTIC: [8] Undefined index: order D:\xampp\htdocs\warehouse\Application\Runtime\Cache\Home\fd93d816414af0ade2156438a8d6b092.php 第 47 行.
NOTIC: [8] Undefined variable: str D:\xampp\htdocs\warehouse\Application\Runtime\Cache\Home\fd93d816414af0ade2156438a8d6b092.php 第 63 行.
INFO: Run Behavior\ParseTemplateBehavior [ RunTime:0.012001s ]
INFO: [ view_parse ] --END-- [ RunTime:0.012001s ]
INFO: [ view_filter ] --START--
INFO: Run Behavior\WriteHtmlCacheBehavior [ RunTime:0.001000s ]
INFO: [ view_filter ] --END-- [ RunTime:0.001000s ]
INFO: [ app_end ] --START--
INFO: Run Behavior\ShowPageTraceBehavior [ RunTime:0.004000s ]
INFO: [ app_end ] --END-- [ RunTime:0.004000s ]

[ 2016-11-07T20:30:25+08:00 ] ::1 /warehouse/index.php/Home/Category/index.html
INFO: [ app_init ] --START--
INFO: Run Behavior\BuildLiteBehavior [ RunTime:0.000000s ]
INFO: [ app_init ] --END-- [ RunTime:0.000000s ]
INFO: [ app_begin ] --START--
INFO: Run Behavior\ReadHtmlCacheBehavior [ RunTime:0.001000s ]
INFO: [ app_begin ] --END-- [ RunTime:0.001000s ]
SQL: DESCRIBE wh_user [ RunTime:0.003000s ]
SQL: DESCRIBE wh_category [ RunTime:0.003000s ]
SQL: SELECT * FROM `wh_category`  [ RunTime:0.000000s ]
INFO: [ view_parse ] --START--
INFO: [ template_filter ] --START--
INFO: Run Behavior\ContentReplaceBehavior [ RunTime:0.000000s ]
INFO: [ template_filter ] --END-- [ RunTime:0.000000s ]
NOTIC: [8] Undefined variable: fields D:\xampp\htdocs\warehouse\Application\Runtime\Cache\Home\fd93d816414af0ade2156438a8d6b092.php 第 42 行.
NOTIC: [8] Undefined index: order D:\xampp\htdocs\warehouse\Application\Runtime\Cache\Home\fd93d816414af0ade2156438a8d6b092.php 第 46 行.
NOTIC: [8] Undefined index: order D:\xampp\htdocs\warehouse\Application\Runtime\Cache\Home\fd93d816414af0ade2156438a8d6b092.php 第 46 行.
NOTIC: [8] Undefined index: order D:\xampp\htdocs\warehouse\Application\Runtime\Cache\Home\fd93d816414af0ade2156438a8d6b092.php 第 46 行.
NOTIC: [8] Undefined index: order D:\xampp\htdocs\warehouse\Application\Runtime\Cache\Home\fd93d816414af0ade2156438a8d6b092.php 第 46 行.
NOTIC: [8] Undefined index: order D:\xampp\htdocs\warehouse\Application\Runtime\Cache\Home\fd93d816414af0ade2156438a8d6b092.php 第 46 行.
NOTIC: [8] Undefined index: order D:\xampp\htdocs\warehouse\Application\Runtime\Cache\Home\fd93d816414af0ade2156438a8d6b092.php 第 46 行.
NOTIC: [8] Undefined index: order D:\xampp\htdocs\warehouse\Application\Runtime\Cache\Home\fd93d816414af0ade2156438a8d6b092.php 第 46 行.
NOTIC: [8] Undefined index: order D:\xampp\htdocs\warehouse\Application\Runtime\Cache\Home\fd93d816414af0ade2156438a8d6b092.php 第 46 行.
NOTIC: [8] Undefined index: order D:\xampp\htdocs\warehouse\Application\Runtime\Cache\Home\fd93d816414af0ade2156438a8d6b092.php 第 46 行.
NOTIC: [8] Undefined index: order D:\xampp\htdocs\warehouse\Application\Runtime\Cache\Home\fd93d816414af0ade2156438a8d6b092.php 第 46 行.
NOTIC: [8] Undefined index: order D:\xampp\htdocs\warehouse\Application\Runtime\Cache\Home\fd93d816414af0ade2156438a8d6b092.php 第 46 行.
NOTIC: [8] Undefined index: order D:\xampp\htdocs\warehouse\Application\Runtime\Cache\Home\fd93d816414af0ade2156438a8d6b092.php 第 46 行.
NOTIC: [8] Undefined variable: str D:\xampp\htdocs\warehouse\Application\Runtime\Cache\Home\fd93d816414af0ade2156438a8d6b092.php 第 63 行.
INFO: Run Behavior\ParseTemplateBehavior [ RunTime:0.011000s ]
INFO: [ view_parse ] --END-- [ RunTime:0.011000s ]
INFO: [ view_filter ] --START--
INFO: Run Behavior\WriteHtmlCacheBehavior [ RunTime:0.001001s ]
INFO: [ view_filter ] --END-- [ RunTime:0.001001s ]
INFO: [ app_end ] --START--
INFO: Run Behavior\ShowPageTraceBehavior [ RunTime:0.001000s ]
INFO: [ app_end ] --END-- [ RunTime:0.001000s ]

