[ 2016-12-09T19:42:35+08:00 ] ::1 /warehouse/index.php/Home/Enterstock/index
INFO: [ app_init ] --START--
INFO: Run Behavior\BuildLiteBehavior [ RunTime:0.000000s ]
INFO: [ app_init ] --END-- [ RunTime:0.113007s ]
INFO: [ app_begin ] --START--
INFO: Run Behavior\ReadHtmlCacheBehavior [ RunTime:0.027002s ]
INFO: [ app_begin ] --END-- [ RunTime:0.027002s ]
SQL: DESCRIBE wh_user [ RunTime:0.052002s ]
NOTIC: [2048] Declaration of Home\Model\EnterstockModel::_after_insert() should be compatible with Think\Model::_after_insert($data, $options) D:\xampp\htdocs\warehouse\Application\Home\Model\EnterstockModel.class.php 第 159 行.
SQL: DESCRIBE wh_enterstock [ RunTime:0.047002s ]
NOTIC: [2] Invalid argument supplied for foreach() D:\xampp\htdocs\warehouse\ThinkPHP\Library\Think\Db.class.php 第 429 行.
SQL: SELECT COUNT(*) AS tp_count FROM `wh_enterstock` LIMIT 1   [ RunTime:0.000000s ]
NOTIC: [2] Invalid argument supplied for foreach() D:\xampp\htdocs\warehouse\ThinkPHP\Library\Think\Db.class.php 第 429 行.
SQL: SELECT a.*,b.id AS id_user,b.username FROM wh_enterstock a INNER JOIN wh_user b ON a.user_id=b.id  ORDER BY a.enterdate desc LIMIT 0,10   [ RunTime:0.002000s ]
SQL: DESCRIBE wh_type [ RunTime:0.029001s ]
SQL: SELECT * FROM `wh_type`  [ RunTime:0.000000s ]
SQL: DESCRIBE wh_category [ RunTime:0.032002s ]
SQL: SELECT * FROM `wh_category`  [ RunTime:0.003000s ]
SQL: DESCRIBE wh_stockhouse [ RunTime:0.056003s ]
SQL: SELECT * FROM `wh_stockhouse`  [ RunTime:0.000000s ]
INFO: [ view_parse ] --START--
INFO: [ template_filter ] --START--
INFO: Run Behavior\ContentReplaceBehavior [ RunTime:0.000000s ]
INFO: [ template_filter ] --END-- [ RunTime:0.001000s ]
NOTIC: [8] Undefined index: level D:\xampp\htdocs\warehouse\Application\Runtime\Cache\Home\42aecb328dedee42b40fd4200f973939.php 第 63 行.
NOTIC: [8] Undefined index: level D:\xampp\htdocs\warehouse\Application\Runtime\Cache\Home\42aecb328dedee42b40fd4200f973939.php 第 63 行.
INFO: Run Behavior\ParseTemplateBehavior [ RunTime:0.139008s ]
INFO: [ view_parse ] --END-- [ RunTime:0.139008s ]
INFO: [ view_filter ] --START--
INFO: Run Behavior\WriteHtmlCacheBehavior [ RunTime:0.039002s ]
INFO: [ view_filter ] --END-- [ RunTime:0.039002s ]
INFO: [ app_end ] --START--
INFO: Run Behavior\ShowPageTraceBehavior [ RunTime:0.215012s ]
INFO: [ app_end ] --END-- [ RunTime:0.215012s ]

[ 2016-12-09T19:46:19+08:00 ] ::1 /warehouse/index.php/Home/Enterstock/edit/id/2
INFO: [ app_init ] --START--
INFO: Run Behavior\BuildLiteBehavior [ RunTime:0.000000s ]
INFO: [ app_init ] --END-- [ RunTime:0.001000s ]
INFO: [ app_begin ] --START--
INFO: Run Behavior\ReadHtmlCacheBehavior [ RunTime:0.001000s ]
INFO: [ app_begin ] --END-- [ RunTime:0.001000s ]
SQL: DESCRIBE wh_user [ RunTime:0.004000s ]
NOTIC: [2048] Declaration of Home\Model\EnterstockModel::_after_insert() should be compatible with Think\Model::_after_insert($data, $options) D:\xampp\htdocs\warehouse\Application\Home\Model\EnterstockModel.class.php 第 164 行.
SQL: DESCRIBE wh_enterstock [ RunTime:0.004000s ]
NOTIC: [2048] Declaration of Home\Model\EnterstockdetailsModel::_after_insert() should be compatible with Think\Model::_after_insert($data, $options) D:\xampp\htdocs\warehouse\Application\Home\Model\EnterstockdetailsModel.class.php 第 204 行.
SQL: DESCRIBE wh_enterstockdetails [ RunTime:0.004000s ]
SQL: DESCRIBE wh_stockhouse [ RunTime:0.003000s ]
SQL: DESCRIBE wh_type [ RunTime:0.003000s ]
SQL: SELECT * FROM `wh_enterstock` WHERE ( `id` = 2 ) LIMIT 1   [ RunTime:0.001000s ]
SQL: SELECT a.*,b.name AS name_goods,c.id AS id_type,c.name AS name_type,d.name AS name_stock FROM wh_enterstockdetails a INNER JOIN wh_goods b ON a.id_goods=b.id INNER JOIN wh_type c ON b.type_id=c.id INNER JOIN wh_stockhouse d ON a.stock_id=d.id  WHERE ( a.id_enter=2 )  [ RunTime:0.000000s ]
SQL: SELECT * FROM `wh_type`  [ RunTime:0.000000s ]
SQL: SELECT `id`,`username` FROM `wh_user`  [ RunTime:0.000000s ]
SQL: SELECT `id`,`name` FROM `wh_stockhouse`  [ RunTime:0.001000s ]
INFO: [ view_parse ] --START--
INFO: [ template_filter ] --START--
INFO: Run Behavior\ContentReplaceBehavior [ RunTime:0.000000s ]
INFO: [ template_filter ] --END-- [ RunTime:0.001000s ]
INFO: Run Behavior\ParseTemplateBehavior [ RunTime:0.014001s ]
INFO: [ view_parse ] --END-- [ RunTime:0.014001s ]
INFO: [ view_filter ] --START--
INFO: Run Behavior\WriteHtmlCacheBehavior [ RunTime:0.001000s ]
INFO: [ view_filter ] --END-- [ RunTime:0.001000s ]
INFO: [ app_end ] --START--
INFO: Run Behavior\ShowPageTraceBehavior [ RunTime:0.002000s ]
INFO: [ app_end ] --END-- [ RunTime:0.002000s ]

[ 2016-12-09T19:46:31+08:00 ] ::1 /warehouse/index.php/Home/Enterstock/update
INFO: [ app_init ] --START--
INFO: Run Behavior\BuildLiteBehavior [ RunTime:0.000000s ]
INFO: [ app_init ] --END-- [ RunTime:0.001000s ]
INFO: [ app_begin ] --START--
INFO: Run Behavior\ReadHtmlCacheBehavior [ RunTime:0.001000s ]
INFO: [ app_begin ] --END-- [ RunTime:0.001000s ]
SQL: DESCRIBE wh_user [ RunTime:0.004000s ]

[ 2016-12-09T20:12:41+08:00 ] ::1 /warehouse/index.php/Home/test
INFO: [ app_init ] --START--
INFO: Run Behavior\BuildLiteBehavior [ RunTime:0.000000s ]
INFO: [ app_init ] --END-- [ RunTime:0.001000s ]
INFO: [ app_begin ] --START--
INFO: Run Behavior\ReadHtmlCacheBehavior [ RunTime:0.002000s ]
INFO: [ app_begin ] --END-- [ RunTime:0.002000s ]
SQL: DESCRIBE wh_user [ RunTime:0.005001s ]
INFO: [ app_end ] --START--
INFO: Run Behavior\ShowPageTraceBehavior [ RunTime:0.002000s ]
INFO: [ app_end ] --END-- [ RunTime:0.002000s ]

[ 2016-12-09T20:12:54+08:00 ] ::1 /warehouse/index.php/Home/test
INFO: [ app_init ] --START--
INFO: Run Behavior\BuildLiteBehavior [ RunTime:0.000000s ]
INFO: [ app_init ] --END-- [ RunTime:0.001000s ]
INFO: [ app_begin ] --START--
INFO: Run Behavior\ReadHtmlCacheBehavior [ RunTime:0.001000s ]
INFO: [ app_begin ] --END-- [ RunTime:0.001000s ]
SQL: DESCRIBE wh_user [ RunTime:0.004000s ]
INFO: [ app_end ] --START--
INFO: Run Behavior\ShowPageTraceBehavior [ RunTime:0.001000s ]
INFO: [ app_end ] --END-- [ RunTime:0.002000s ]

[ 2016-12-09T20:13:02+08:00 ] ::1 /warehouse/index.php/Home/test
INFO: [ app_init ] --START--
INFO: Run Behavior\BuildLiteBehavior [ RunTime:0.000000s ]
INFO: [ app_init ] --END-- [ RunTime:0.001000s ]
INFO: [ app_begin ] --START--
INFO: Run Behavior\ReadHtmlCacheBehavior [ RunTime:0.002000s ]
INFO: [ app_begin ] --END-- [ RunTime:0.002000s ]
SQL: DESCRIBE wh_user [ RunTime:0.004000s ]
INFO: [ app_end ] --START--
INFO: Run Behavior\ShowPageTraceBehavior [ RunTime:0.001000s ]
INFO: [ app_end ] --END-- [ RunTime:0.002000s ]

[ 2016-12-09T20:13:06+08:00 ] ::1 /warehouse/index.php/Home/test
INFO: [ app_init ] --START--
INFO: Run Behavior\BuildLiteBehavior [ RunTime:0.000000s ]
INFO: [ app_init ] --END-- [ RunTime:0.001000s ]
INFO: [ app_begin ] --START--
INFO: Run Behavior\ReadHtmlCacheBehavior [ RunTime:0.001000s ]
INFO: [ app_begin ] --END-- [ RunTime:0.001000s ]
SQL: DESCRIBE wh_user [ RunTime:0.005000s ]
INFO: [ app_end ] --START--
INFO: Run Behavior\ShowPageTraceBehavior [ RunTime:0.002000s ]
INFO: [ app_end ] --END-- [ RunTime:0.002000s ]

[ 2016-12-09T20:15:05+08:00 ] ::1 /warehouse/index.php/Home/Enterstock/update
INFO: [ app_init ] --START--
INFO: Run Behavior\BuildLiteBehavior [ RunTime:0.000000s ]
INFO: [ app_init ] --END-- [ RunTime:0.001000s ]
INFO: [ app_begin ] --START--
INFO: Run Behavior\ReadHtmlCacheBehavior [ RunTime:0.001001s ]
INFO: [ app_begin ] --END-- [ RunTime:0.001001s ]
SQL: DESCRIBE wh_user [ RunTime:0.004000s ]

[ 2016-12-09T20:15:24+08:00 ] ::1 /warehouse/index.php/Home/Enterstock/edit/id/2
INFO: [ app_init ] --START--
INFO: Run Behavior\BuildLiteBehavior [ RunTime:0.000000s ]
INFO: [ app_init ] --END-- [ RunTime:0.001000s ]
INFO: [ app_begin ] --START--
INFO: Run Behavior\ReadHtmlCacheBehavior [ RunTime:0.001000s ]
INFO: [ app_begin ] --END-- [ RunTime:0.001000s ]
SQL: DESCRIBE wh_user [ RunTime:0.004001s ]
NOTIC: [2048] Declaration of Home\Model\EnterstockModel::_after_insert() should be compatible with Think\Model::_after_insert($data, $options) D:\xampp\htdocs\warehouse\Application\Home\Model\EnterstockModel.class.php 第 179 行.
SQL: DESCRIBE wh_enterstock [ RunTime:0.005000s ]
NOTIC: [2048] Declaration of Home\Model\EnterstockdetailsModel::_after_insert() should be compatible with Think\Model::_after_insert($data, $options) D:\xampp\htdocs\warehouse\Application\Home\Model\EnterstockdetailsModel.class.php 第 204 行.
SQL: DESCRIBE wh_enterstockdetails [ RunTime:0.005000s ]
SQL: DESCRIBE wh_stockhouse [ RunTime:0.004000s ]
SQL: DESCRIBE wh_type [ RunTime:0.004000s ]
SQL: SELECT * FROM `wh_enterstock` WHERE ( `id` = 2 ) LIMIT 1   [ RunTime:0.000000s ]
SQL: SELECT a.*,b.name AS name_goods,c.id AS id_type,c.name AS name_type,d.name AS name_stock FROM wh_enterstockdetails a INNER JOIN wh_goods b ON a.id_goods=b.id INNER JOIN wh_type c ON b.type_id=c.id INNER JOIN wh_stockhouse d ON a.stock_id=d.id  WHERE ( a.id_enter=2 )  [ RunTime:0.000000s ]
SQL: SELECT * FROM `wh_type`  [ RunTime:0.001000s ]
SQL: SELECT `id`,`username` FROM `wh_user`  [ RunTime:0.000000s ]
SQL: SELECT `id`,`name` FROM `wh_stockhouse`  [ RunTime:0.000000s ]
INFO: [ view_parse ] --START--
INFO: [ template_filter ] --START--
INFO: Run Behavior\ContentReplaceBehavior [ RunTime:0.000000s ]
INFO: [ template_filter ] --END-- [ RunTime:0.001000s ]
INFO: Run Behavior\ParseTemplateBehavior [ RunTime:0.019001s ]
INFO: [ view_parse ] --END-- [ RunTime:0.019001s ]
INFO: [ view_filter ] --START--
INFO: Run Behavior\WriteHtmlCacheBehavior [ RunTime:0.001000s ]
INFO: [ view_filter ] --END-- [ RunTime:0.001000s ]
INFO: [ app_end ] --START--
INFO: Run Behavior\ShowPageTraceBehavior [ RunTime:0.001000s ]
INFO: [ app_end ] --END-- [ RunTime:0.001000s ]

[ 2016-12-09T20:15:26+08:00 ] ::1 /warehouse/index.php/Home/Enterstock/index
INFO: [ app_init ] --START--
INFO: Run Behavior\BuildLiteBehavior [ RunTime:0.000000s ]
INFO: [ app_init ] --END-- [ RunTime:0.001000s ]
INFO: [ app_begin ] --START--
INFO: Run Behavior\ReadHtmlCacheBehavior [ RunTime:0.001000s ]
INFO: [ app_begin ] --END-- [ RunTime:0.001000s ]
SQL: DESCRIBE wh_user [ RunTime:0.003000s ]
NOTIC: [2048] Declaration of Home\Model\EnterstockModel::_after_insert() should be compatible with Think\Model::_after_insert($data, $options) D:\xampp\htdocs\warehouse\Application\Home\Model\EnterstockModel.class.php 第 179 行.
SQL: DESCRIBE wh_enterstock [ RunTime:0.003000s ]
NOTIC: [2] Invalid argument supplied for foreach() D:\xampp\htdocs\warehouse\ThinkPHP\Library\Think\Db.class.php 第 429 行.
SQL: SELECT COUNT(*) AS tp_count FROM `wh_enterstock` LIMIT 1   [ RunTime:0.000000s ]
NOTIC: [2] Invalid argument supplied for foreach() D:\xampp\htdocs\warehouse\ThinkPHP\Library\Think\Db.class.php 第 429 行.
SQL: SELECT a.*,b.id AS id_user,b.username FROM wh_enterstock a INNER JOIN wh_user b ON a.user_id=b.id  ORDER BY a.enterdate desc LIMIT 0,10   [ RunTime:0.001000s ]
SQL: DESCRIBE wh_type [ RunTime:0.003000s ]
SQL: SELECT * FROM `wh_type`  [ RunTime:0.001000s ]
SQL: DESCRIBE wh_category [ RunTime:0.003000s ]
SQL: SELECT * FROM `wh_category`  [ RunTime:0.000000s ]
SQL: DESCRIBE wh_stockhouse [ RunTime:0.004000s ]
SQL: SELECT * FROM `wh_stockhouse`  [ RunTime:0.001000s ]
INFO: [ view_parse ] --START--
INFO: [ template_filter ] --START--
INFO: Run Behavior\ContentReplaceBehavior [ RunTime:0.000000s ]
INFO: [ template_filter ] --END-- [ RunTime:0.000000s ]
NOTIC: [8] Undefined index: level D:\xampp\htdocs\warehouse\Application\Runtime\Cache\Home\42aecb328dedee42b40fd4200f973939.php 第 63 行.
NOTIC: [8] Undefined index: level D:\xampp\htdocs\warehouse\Application\Runtime\Cache\Home\42aecb328dedee42b40fd4200f973939.php 第 63 行.
INFO: Run Behavior\ParseTemplateBehavior [ RunTime:0.013001s ]
INFO: [ view_parse ] --END-- [ RunTime:0.013001s ]
INFO: [ view_filter ] --START--
INFO: Run Behavior\WriteHtmlCacheBehavior [ RunTime:0.001000s ]
INFO: [ view_filter ] --END-- [ RunTime:0.001000s ]
INFO: [ app_end ] --START--
INFO: Run Behavior\ShowPageTraceBehavior [ RunTime:0.001000s ]
INFO: [ app_end ] --END-- [ RunTime:0.001000s ]

[ 2016-12-09T20:15:28+08:00 ] ::1 /warehouse/index.php/Home/Enterstock/edit/id/2
INFO: [ app_init ] --START--
INFO: Run Behavior\BuildLiteBehavior [ RunTime:0.000000s ]
INFO: [ app_init ] --END-- [ RunTime:0.000000s ]
INFO: [ app_begin ] --START--
INFO: Run Behavior\ReadHtmlCacheBehavior [ RunTime:0.002000s ]
INFO: [ app_begin ] --END-- [ RunTime:0.002000s ]
SQL: DESCRIBE wh_user [ RunTime:0.006001s ]
NOTIC: [2048] Declaration of Home\Model\EnterstockModel::_after_insert() should be compatible with Think\Model::_after_insert($data, $options) D:\xampp\htdocs\warehouse\Application\Home\Model\EnterstockModel.class.php 第 179 行.
SQL: DESCRIBE wh_enterstock [ RunTime:0.004000s ]
NOTIC: [2048] Declaration of Home\Model\EnterstockdetailsModel::_after_insert() should be compatible with Think\Model::_after_insert($data, $options) D:\xampp\htdocs\warehouse\Application\Home\Model\EnterstockdetailsModel.class.php 第 204 行.
SQL: DESCRIBE wh_enterstockdetails [ RunTime:0.004000s ]
SQL: DESCRIBE wh_stockhouse [ RunTime:0.004001s ]
SQL: DESCRIBE wh_type [ RunTime:0.003000s ]
SQL: SELECT * FROM `wh_enterstock` WHERE ( `id` = 2 ) LIMIT 1   [ RunTime:0.001000s ]
SQL: SELECT a.*,b.name AS name_goods,c.id AS id_type,c.name AS name_type,d.name AS name_stock FROM wh_enterstockdetails a INNER JOIN wh_goods b ON a.id_goods=b.id INNER JOIN wh_type c ON b.type_id=c.id INNER JOIN wh_stockhouse d ON a.stock_id=d.id  WHERE ( a.id_enter=2 )  [ RunTime:0.001000s ]
SQL: SELECT * FROM `wh_type`  [ RunTime:0.000000s ]
SQL: SELECT `id`,`username` FROM `wh_user`  [ RunTime:0.000000s ]
SQL: SELECT `id`,`name` FROM `wh_stockhouse`  [ RunTime:0.000000s ]
INFO: [ view_parse ] --START--
INFO: [ template_filter ] --START--
INFO: Run Behavior\ContentReplaceBehavior [ RunTime:0.000000s ]
INFO: [ template_filter ] --END-- [ RunTime:0.000000s ]
INFO: Run Behavior\ParseTemplateBehavior [ RunTime:0.013001s ]
INFO: [ view_parse ] --END-- [ RunTime:0.013001s ]
INFO: [ view_filter ] --START--
INFO: Run Behavior\WriteHtmlCacheBehavior [ RunTime:0.001000s ]
INFO: [ view_filter ] --END-- [ RunTime:0.001000s ]
INFO: [ app_end ] --START--
INFO: Run Behavior\ShowPageTraceBehavior [ RunTime:0.001000s ]
INFO: [ app_end ] --END-- [ RunTime:0.001000s ]

[ 2016-12-09T20:15:31+08:00 ] ::1 /warehouse/index.php/Home/Enterstock/update
INFO: [ app_init ] --START--
INFO: Run Behavior\BuildLiteBehavior [ RunTime:0.000000s ]
INFO: [ app_init ] --END-- [ RunTime:0.000000s ]
INFO: [ app_begin ] --START--
INFO: Run Behavior\ReadHtmlCacheBehavior [ RunTime:0.001000s ]
INFO: [ app_begin ] --END-- [ RunTime:0.001000s ]
SQL: DESCRIBE wh_user [ RunTime:0.004001s ]

[ 2016-12-09T20:22:51+08:00 ] ::1 /warehouse/index.php/Home/Enterstock/edit/id/2
INFO: [ app_init ] --START--
INFO: Run Behavior\BuildLiteBehavior [ RunTime:0.000000s ]
INFO: [ app_init ] --END-- [ RunTime:0.001000s ]
INFO: [ app_begin ] --START--
INFO: Run Behavior\ReadHtmlCacheBehavior [ RunTime:0.002000s ]
INFO: [ app_begin ] --END-- [ RunTime:0.002000s ]
SQL: DESCRIBE wh_user [ RunTime:0.003000s ]

[ 2016-12-09T20:23:04+08:00 ] ::1 /warehouse/index.php/Home/Enterstock/edit/id/2
INFO: [ app_init ] --START--
INFO: Run Behavior\BuildLiteBehavior [ RunTime:0.000000s ]
INFO: [ app_init ] --END-- [ RunTime:0.001000s ]
INFO: [ app_begin ] --START--
INFO: Run Behavior\ReadHtmlCacheBehavior [ RunTime:0.007001s ]
INFO: [ app_begin ] --END-- [ RunTime:0.007001s ]
SQL: DESCRIBE wh_user [ RunTime:0.003000s ]
NOTIC: [2048] Declaration of Home\Model\EnterstockModel::_after_insert() should be compatible with Think\Model::_after_insert($data, $options) D:\xampp\htdocs\warehouse\Application\Home\Model\EnterstockModel.class.php 第 177 行.
SQL: DESCRIBE wh_enterstock [ RunTime:0.005000s ]
NOTIC: [2048] Declaration of Home\Model\EnterstockdetailsModel::_after_insert() should be compatible with Think\Model::_after_insert($data, $options) D:\xampp\htdocs\warehouse\Application\Home\Model\EnterstockdetailsModel.class.php 第 204 行.
SQL: DESCRIBE wh_enterstockdetails [ RunTime:0.003000s ]
SQL: DESCRIBE wh_stockhouse [ RunTime:0.003000s ]
SQL: DESCRIBE wh_type [ RunTime:0.003000s ]
SQL: SELECT * FROM `wh_enterstock` WHERE ( `id` = 2 ) LIMIT 1   [ RunTime:0.001000s ]
SQL: SELECT a.*,b.name AS name_goods,c.id AS id_type,c.name AS name_type,d.name AS name_stock FROM wh_enterstockdetails a INNER JOIN wh_goods b ON a.id_goods=b.id INNER JOIN wh_type c ON b.type_id=c.id INNER JOIN wh_stockhouse d ON a.stock_id=d.id  WHERE ( a.id_enter=2 )  [ RunTime:0.000000s ]
SQL: SELECT * FROM `wh_type`  [ RunTime:0.000000s ]
SQL: SELECT `id`,`username` FROM `wh_user`  [ RunTime:0.000000s ]
SQL: SELECT `id`,`name` FROM `wh_stockhouse`  [ RunTime:0.001000s ]
INFO: [ view_parse ] --START--
INFO: [ template_filter ] --START--
INFO: Run Behavior\ContentReplaceBehavior [ RunTime:0.000000s ]
INFO: [ template_filter ] --END-- [ RunTime:0.000000s ]
NOTIC: [8] Undefined variable: data_str D:\xampp\htdocs\warehouse\Application\Runtime\Cache\Home\c269971ecff4c1a05bdd54a0c35c34ff.php 第 355 行.
NOTIC: [8] Undefined variable: data_str D:\xampp\htdocs\warehouse\Application\Runtime\Cache\Home\c269971ecff4c1a05bdd54a0c35c34ff.php 第 356 行.
INFO: Run Behavior\ParseTemplateBehavior [ RunTime:0.013001s ]
INFO: [ view_parse ] --END-- [ RunTime:0.013001s ]
INFO: [ view_filter ] --START--
INFO: Run Behavior\WriteHtmlCacheBehavior [ RunTime:0.001000s ]
INFO: [ view_filter ] --END-- [ RunTime:0.001000s ]
INFO: [ app_end ] --START--
INFO: Run Behavior\ShowPageTraceBehavior [ RunTime:0.002000s ]
INFO: [ app_end ] --END-- [ RunTime:0.002000s ]

[ 2016-12-09T20:23:08+08:00 ] ::1 /warehouse/index.php/Home/Enterstock/update
INFO: [ app_init ] --START--
INFO: Run Behavior\BuildLiteBehavior [ RunTime:0.000000s ]
INFO: [ app_init ] --END-- [ RunTime:0.001000s ]
INFO: [ app_begin ] --START--
INFO: Run Behavior\ReadHtmlCacheBehavior [ RunTime:0.001000s ]
INFO: [ app_begin ] --END-- [ RunTime:0.002000s ]
SQL: DESCRIBE wh_user [ RunTime:0.004000s ]

[ 2016-12-09T20:23:44+08:00 ] ::1 /warehouse/index.php/Home/Enterstock/edit/id/2
INFO: [ app_init ] --START--
INFO: Run Behavior\BuildLiteBehavior [ RunTime:0.000000s ]
INFO: [ app_init ] --END-- [ RunTime:0.000000s ]
INFO: [ app_begin ] --START--
INFO: Run Behavior\ReadHtmlCacheBehavior [ RunTime:0.003000s ]
INFO: [ app_begin ] --END-- [ RunTime:0.003000s ]
SQL: DESCRIBE wh_user [ RunTime:0.003000s ]
NOTIC: [2048] Declaration of Home\Model\EnterstockModel::_after_insert() should be compatible with Think\Model::_after_insert($data, $options) D:\xampp\htdocs\warehouse\Application\Home\Model\EnterstockModel.class.php 第 177 行.
SQL: DESCRIBE wh_enterstock [ RunTime:0.003000s ]
NOTIC: [2048] Declaration of Home\Model\EnterstockdetailsModel::_after_insert() should be compatible with Think\Model::_after_insert($data, $options) D:\xampp\htdocs\warehouse\Application\Home\Model\EnterstockdetailsModel.class.php 第 204 行.
SQL: DESCRIBE wh_enterstockdetails [ RunTime:0.003001s ]
SQL: DESCRIBE wh_stockhouse [ RunTime:0.003000s ]
SQL: DESCRIBE wh_type [ RunTime:0.003000s ]
SQL: SELECT * FROM `wh_enterstock` WHERE ( `id` = 2 ) LIMIT 1   [ RunTime:0.000000s ]
SQL: SELECT a.*,b.name AS name_goods,c.id AS id_type,c.name AS name_type,d.name AS name_stock FROM wh_enterstockdetails a INNER JOIN wh_goods b ON a.id_goods=b.id INNER JOIN wh_type c ON b.type_id=c.id INNER JOIN wh_stockhouse d ON a.stock_id=d.id  WHERE ( a.id_enter=2 )  [ RunTime:0.000000s ]
SQL: SELECT * FROM `wh_type`  [ RunTime:0.001000s ]
SQL: SELECT `id`,`username` FROM `wh_user`  [ RunTime:0.000000s ]
SQL: SELECT `id`,`name` FROM `wh_stockhouse`  [ RunTime:0.001000s ]
INFO: [ view_parse ] --START--
INFO: [ template_filter ] --START--
INFO: Run Behavior\ContentReplaceBehavior [ RunTime:0.001000s ]
INFO: [ template_filter ] --END-- [ RunTime:0.001000s ]
NOTIC: [8] Undefined variable: data_str D:\xampp\htdocs\warehouse\Application\Runtime\Cache\Home\c269971ecff4c1a05bdd54a0c35c34ff.php 第 355 行.
NOTIC: [8] Undefined variable: data_str D:\xampp\htdocs\warehouse\Application\Runtime\Cache\Home\c269971ecff4c1a05bdd54a0c35c34ff.php 第 356 行.
INFO: Run Behavior\ParseTemplateBehavior [ RunTime:0.019001s ]
INFO: [ view_parse ] --END-- [ RunTime:0.019001s ]
INFO: [ view_filter ] --START--
INFO: Run Behavior\WriteHtmlCacheBehavior [ RunTime:0.001000s ]
INFO: [ view_filter ] --END-- [ RunTime:0.001000s ]
INFO: [ app_end ] --START--
INFO: Run Behavior\ShowPageTraceBehavior [ RunTime:0.001001s ]
INFO: [ app_end ] --END-- [ RunTime:0.001001s ]

[ 2016-12-09T20:24:22+08:00 ] ::1 /warehouse/index.php/Home/Enterstock/edit/id/2
INFO: [ app_init ] --START--
INFO: Run Behavior\BuildLiteBehavior [ RunTime:0.000000s ]
INFO: [ app_init ] --END-- [ RunTime:0.001000s ]
INFO: [ app_begin ] --START--
INFO: Run Behavior\ReadHtmlCacheBehavior [ RunTime:0.001000s ]
INFO: [ app_begin ] --END-- [ RunTime:0.001000s ]
SQL: DESCRIBE wh_user [ RunTime:0.003000s ]
NOTIC: [2048] Declaration of Home\Model\EnterstockModel::_after_insert() should be compatible with Think\Model::_after_insert($data, $options) D:\xampp\htdocs\warehouse\Application\Home\Model\EnterstockModel.class.php 第 177 行.
SQL: DESCRIBE wh_enterstock [ RunTime:0.005000s ]
NOTIC: [2048] Declaration of Home\Model\EnterstockdetailsModel::_after_insert() should be compatible with Think\Model::_after_insert($data, $options) D:\xampp\htdocs\warehouse\Application\Home\Model\EnterstockdetailsModel.class.php 第 204 行.
SQL: DESCRIBE wh_enterstockdetails [ RunTime:0.004001s ]
SQL: DESCRIBE wh_stockhouse [ RunTime:0.004000s ]
SQL: DESCRIBE wh_type [ RunTime:0.004000s ]
SQL: SELECT * FROM `wh_enterstock` WHERE ( `id` = 2 ) LIMIT 1   [ RunTime:0.001000s ]
SQL: SELECT a.*,b.name AS name_goods,c.id AS id_type,c.name AS name_type,d.name AS name_stock FROM wh_enterstockdetails a INNER JOIN wh_goods b ON a.id_goods=b.id INNER JOIN wh_type c ON b.type_id=c.id INNER JOIN wh_stockhouse d ON a.stock_id=d.id  WHERE ( a.id_enter=2 )  [ RunTime:0.001000s ]
SQL: SELECT * FROM `wh_type`  [ RunTime:0.000000s ]
SQL: SELECT `id`,`username` FROM `wh_user`  [ RunTime:0.001000s ]
SQL: SELECT `id`,`name` FROM `wh_stockhouse`  [ RunTime:0.000000s ]
INFO: [ view_parse ] --START--
INFO: [ template_filter ] --START--
INFO: Run Behavior\ContentReplaceBehavior [ RunTime:0.000000s ]
INFO: [ template_filter ] --END-- [ RunTime:0.000000s ]
NOTIC: [8] Undefined variable: data_str D:\xampp\htdocs\warehouse\Application\Runtime\Cache\Home\c269971ecff4c1a05bdd54a0c35c34ff.php 第 355 行.
NOTIC: [8] Undefined variable: data_str D:\xampp\htdocs\warehouse\Application\Runtime\Cache\Home\c269971ecff4c1a05bdd54a0c35c34ff.php 第 356 行.
INFO: Run Behavior\ParseTemplateBehavior [ RunTime:0.016001s ]
INFO: [ view_parse ] --END-- [ RunTime:0.016001s ]
INFO: [ view_filter ] --START--
INFO: Run Behavior\WriteHtmlCacheBehavior [ RunTime:0.001000s ]
INFO: [ view_filter ] --END-- [ RunTime:0.001000s ]
INFO: [ app_end ] --START--
INFO: Run Behavior\ShowPageTraceBehavior [ RunTime:0.002000s ]
INFO: [ app_end ] --END-- [ RunTime:0.002000s ]

[ 2016-12-09T20:25:08+08:00 ] ::1 /warehouse/index.php/Home/Enterstock/edit/id/2
INFO: [ app_init ] --START--
INFO: Run Behavior\BuildLiteBehavior [ RunTime:0.000000s ]
INFO: [ app_init ] --END-- [ RunTime:0.001000s ]
INFO: [ app_begin ] --START--
INFO: Run Behavior\ReadHtmlCacheBehavior [ RunTime:0.001000s ]
INFO: [ app_begin ] --END-- [ RunTime:0.001000s ]
SQL: DESCRIBE wh_user [ RunTime:0.004000s ]
NOTIC: [2048] Declaration of Home\Model\EnterstockModel::_after_insert() should be compatible with Think\Model::_after_insert($data, $options) D:\xampp\htdocs\warehouse\Application\Home\Model\EnterstockModel.class.php 第 177 行.
SQL: DESCRIBE wh_enterstock [ RunTime:0.005000s ]
NOTIC: [2048] Declaration of Home\Model\EnterstockdetailsModel::_after_insert() should be compatible with Think\Model::_after_insert($data, $options) D:\xampp\htdocs\warehouse\Application\Home\Model\EnterstockdetailsModel.class.php 第 204 行.
SQL: DESCRIBE wh_enterstockdetails [ RunTime:0.004000s ]
SQL: DESCRIBE wh_stockhouse [ RunTime:0.004000s ]
SQL: DESCRIBE wh_type [ RunTime:0.004000s ]
SQL: SELECT * FROM `wh_enterstock` WHERE ( `id` = 2 ) LIMIT 1   [ RunTime:0.000000s ]
SQL: SELECT a.*,b.name AS name_goods,c.id AS id_type,c.name AS name_type,d.name AS name_stock FROM wh_enterstockdetails a INNER JOIN wh_goods b ON a.id_goods=b.id INNER JOIN wh_type c ON b.type_id=c.id INNER JOIN wh_stockhouse d ON a.stock_id=d.id  WHERE ( a.id_enter=2 )  [ RunTime:0.001000s ]
SQL: SELECT * FROM `wh_type`  [ RunTime:0.001000s ]
SQL: SELECT `id`,`username` FROM `wh_user`  [ RunTime:0.000000s ]
SQL: SELECT `id`,`name` FROM `wh_stockhouse`  [ RunTime:0.000000s ]
INFO: [ view_parse ] --START--
INFO: [ template_filter ] --START--
INFO: Run Behavior\ContentReplaceBehavior [ RunTime:0.000000s ]
INFO: [ template_filter ] --END-- [ RunTime:0.001000s ]
NOTIC: [8] Undefined variable: data_str D:\xampp\htdocs\warehouse\Application\Runtime\Cache\Home\c269971ecff4c1a05bdd54a0c35c34ff.php 第 355 行.
NOTIC: [8] Undefined variable: data_str D:\xampp\htdocs\warehouse\Application\Runtime\Cache\Home\c269971ecff4c1a05bdd54a0c35c34ff.php 第 356 行.
INFO: Run Behavior\ParseTemplateBehavior [ RunTime:0.017001s ]
INFO: [ view_parse ] --END-- [ RunTime:0.017001s ]
INFO: [ view_filter ] --START--
INFO: Run Behavior\WriteHtmlCacheBehavior [ RunTime:0.001000s ]
INFO: [ view_filter ] --END-- [ RunTime:0.001000s ]
INFO: [ app_end ] --START--
INFO: Run Behavior\ShowPageTraceBehavior [ RunTime:0.001000s ]
INFO: [ app_end ] --END-- [ RunTime:0.002000s ]

[ 2016-12-09T20:25:17+08:00 ] ::1 /warehouse/index.php/Home/Enterstock/index
INFO: [ app_init ] --START--
INFO: Run Behavior\BuildLiteBehavior [ RunTime:0.000000s ]
INFO: [ app_init ] --END-- [ RunTime:0.001000s ]
INFO: [ app_begin ] --START--
INFO: Run Behavior\ReadHtmlCacheBehavior [ RunTime:0.002000s ]
INFO: [ app_begin ] --END-- [ RunTime:0.002000s ]
SQL: DESCRIBE wh_user [ RunTime:0.004000s ]
NOTIC: [2048] Declaration of Home\Model\EnterstockModel::_after_insert() should be compatible with Think\Model::_after_insert($data, $options) D:\xampp\htdocs\warehouse\Application\Home\Model\EnterstockModel.class.php 第 177 行.
SQL: DESCRIBE wh_enterstock [ RunTime:0.004000s ]
NOTIC: [2] Invalid argument supplied for foreach() D:\xampp\htdocs\warehouse\ThinkPHP\Library\Think\Db.class.php 第 429 行.
SQL: SELECT COUNT(*) AS tp_count FROM `wh_enterstock` LIMIT 1   [ RunTime:0.000000s ]
NOTIC: [2] Invalid argument supplied for foreach() D:\xampp\htdocs\warehouse\ThinkPHP\Library\Think\Db.class.php 第 429 行.
SQL: SELECT a.*,b.id AS id_user,b.username FROM wh_enterstock a INNER JOIN wh_user b ON a.user_id=b.id  ORDER BY a.enterdate desc LIMIT 0,10   [ RunTime:0.001000s ]
SQL: DESCRIBE wh_type [ RunTime:0.004000s ]
SQL: SELECT * FROM `wh_type`  [ RunTime:0.000000s ]
SQL: DESCRIBE wh_category [ RunTime:0.004000s ]
SQL: SELECT * FROM `wh_category`  [ RunTime:0.000000s ]
SQL: DESCRIBE wh_stockhouse [ RunTime:0.003000s ]
SQL: SELECT * FROM `wh_stockhouse`  [ RunTime:0.000000s ]
INFO: [ view_parse ] --START--
INFO: [ template_filter ] --START--
INFO: Run Behavior\ContentReplaceBehavior [ RunTime:0.000000s ]
INFO: [ template_filter ] --END-- [ RunTime:0.000000s ]
NOTIC: [8] Undefined index: level D:\xampp\htdocs\warehouse\Application\Runtime\Cache\Home\42aecb328dedee42b40fd4200f973939.php 第 63 行.
NOTIC: [8] Undefined index: level D:\xampp\htdocs\warehouse\Application\Runtime\Cache\Home\42aecb328dedee42b40fd4200f973939.php 第 63 行.
INFO: Run Behavior\ParseTemplateBehavior [ RunTime:0.013001s ]
INFO: [ view_parse ] --END-- [ RunTime:0.013001s ]
INFO: [ view_filter ] --START--
INFO: Run Behavior\WriteHtmlCacheBehavior [ RunTime:0.001000s ]
INFO: [ view_filter ] --END-- [ RunTime:0.001000s ]
INFO: [ app_end ] --START--
INFO: Run Behavior\ShowPageTraceBehavior [ RunTime:0.002000s ]
INFO: [ app_end ] --END-- [ RunTime:0.002000s ]

[ 2016-12-09T20:25:19+08:00 ] ::1 /warehouse/index.php/Home/Enterstock/edit/id/2
INFO: [ app_init ] --START--
INFO: Run Behavior\BuildLiteBehavior [ RunTime:0.000000s ]
INFO: [ app_init ] --END-- [ RunTime:0.001000s ]
INFO: [ app_begin ] --START--
INFO: Run Behavior\ReadHtmlCacheBehavior [ RunTime:0.003000s ]
INFO: [ app_begin ] --END-- [ RunTime:0.003000s ]
SQL: DESCRIBE wh_user [ RunTime:0.004000s ]
NOTIC: [2048] Declaration of Home\Model\EnterstockModel::_after_insert() should be compatible with Think\Model::_after_insert($data, $options) D:\xampp\htdocs\warehouse\Application\Home\Model\EnterstockModel.class.php 第 177 行.
SQL: DESCRIBE wh_enterstock [ RunTime:0.007000s ]
NOTIC: [2048] Declaration of Home\Model\EnterstockdetailsModel::_after_insert() should be compatible with Think\Model::_after_insert($data, $options) D:\xampp\htdocs\warehouse\Application\Home\Model\EnterstockdetailsModel.class.php 第 204 行.
SQL: DESCRIBE wh_enterstockdetails [ RunTime:0.004000s ]
SQL: DESCRIBE wh_stockhouse [ RunTime:0.004000s ]
SQL: DESCRIBE wh_type [ RunTime:0.005000s ]
SQL: SELECT * FROM `wh_enterstock` WHERE ( `id` = 2 ) LIMIT 1   [ RunTime:0.001000s ]
SQL: SELECT a.*,b.name AS name_goods,c.id AS id_type,c.name AS name_type,d.name AS name_stock FROM wh_enterstockdetails a INNER JOIN wh_goods b ON a.id_goods=b.id INNER JOIN wh_type c ON b.type_id=c.id INNER JOIN wh_stockhouse d ON a.stock_id=d.id  WHERE ( a.id_enter=2 )  [ RunTime:0.001000s ]
SQL: SELECT * FROM `wh_type`  [ RunTime:0.000000s ]
SQL: SELECT `id`,`username` FROM `wh_user`  [ RunTime:0.000000s ]
SQL: SELECT `id`,`name` FROM `wh_stockhouse`  [ RunTime:0.001000s ]
INFO: [ view_parse ] --START--
INFO: [ template_filter ] --START--
INFO: Run Behavior\ContentReplaceBehavior [ RunTime:0.000000s ]
INFO: [ template_filter ] --END-- [ RunTime:0.000000s ]
NOTIC: [8] Undefined variable: data_str D:\xampp\htdocs\warehouse\Application\Runtime\Cache\Home\c269971ecff4c1a05bdd54a0c35c34ff.php 第 355 行.
NOTIC: [8] Undefined variable: data_str D:\xampp\htdocs\warehouse\Application\Runtime\Cache\Home\c269971ecff4c1a05bdd54a0c35c34ff.php 第 356 行.
INFO: Run Behavior\ParseTemplateBehavior [ RunTime:0.015001s ]
INFO: [ view_parse ] --END-- [ RunTime:0.015001s ]
INFO: [ view_filter ] --START--
INFO: Run Behavior\WriteHtmlCacheBehavior [ RunTime:0.001000s ]
INFO: [ view_filter ] --END-- [ RunTime:0.001000s ]
INFO: [ app_end ] --START--
INFO: Run Behavior\ShowPageTraceBehavior [ RunTime:0.002000s ]
INFO: [ app_end ] --END-- [ RunTime:0.002000s ]

[ 2016-12-09T20:25:20+08:00 ] ::1 /warehouse/index.php/Home/Enterstock/update
INFO: [ app_init ] --START--
INFO: Run Behavior\BuildLiteBehavior [ RunTime:0.000000s ]
INFO: [ app_init ] --END-- [ RunTime:0.001001s ]
INFO: [ app_begin ] --START--
INFO: Run Behavior\ReadHtmlCacheBehavior [ RunTime:0.002000s ]
INFO: [ app_begin ] --END-- [ RunTime:0.002000s ]
SQL: DESCRIBE wh_user [ RunTime:0.004000s ]

[ 2016-12-09T20:25:24+08:00 ] ::1 /warehouse/index.php/Home/Enterstock/edit/id/2
INFO: [ app_init ] --START--
INFO: Run Behavior\BuildLiteBehavior [ RunTime:0.000000s ]
INFO: [ app_init ] --END-- [ RunTime:0.000000s ]
INFO: [ app_begin ] --START--
INFO: Run Behavior\ReadHtmlCacheBehavior [ RunTime:0.001000s ]
INFO: [ app_begin ] --END-- [ RunTime:0.001000s ]
SQL: DESCRIBE wh_user [ RunTime:0.004001s ]
NOTIC: [2048] Declaration of Home\Model\EnterstockModel::_after_insert() should be compatible with Think\Model::_after_insert($data, $options) D:\xampp\htdocs\warehouse\Application\Home\Model\EnterstockModel.class.php 第 177 行.
SQL: DESCRIBE wh_enterstock [ RunTime:0.004000s ]
NOTIC: [2048] Declaration of Home\Model\EnterstockdetailsModel::_after_insert() should be compatible with Think\Model::_after_insert($data, $options) D:\xampp\htdocs\warehouse\Application\Home\Model\EnterstockdetailsModel.class.php 第 204 行.
SQL: DESCRIBE wh_enterstockdetails [ RunTime:0.005000s ]
SQL: DESCRIBE wh_stockhouse [ RunTime:0.006000s ]
SQL: DESCRIBE wh_type [ RunTime:0.004000s ]
SQL: SELECT * FROM `wh_enterstock` WHERE ( `id` = 2 ) LIMIT 1   [ RunTime:0.001000s ]
SQL: SELECT a.*,b.name AS name_goods,c.id AS id_type,c.name AS name_type,d.name AS name_stock FROM wh_enterstockdetails a INNER JOIN wh_goods b ON a.id_goods=b.id INNER JOIN wh_type c ON b.type_id=c.id INNER JOIN wh_stockhouse d ON a.stock_id=d.id  WHERE ( a.id_enter=2 )  [ RunTime:0.001000s ]
SQL: SELECT * FROM `wh_type`  [ RunTime:0.000000s ]
SQL: SELECT `id`,`username` FROM `wh_user`  [ RunTime:0.001000s ]
SQL: SELECT `id`,`name` FROM `wh_stockhouse`  [ RunTime:0.000000s ]
INFO: [ view_parse ] --START--
INFO: [ template_filter ] --START--
INFO: Run Behavior\ContentReplaceBehavior [ RunTime:0.000000s ]
INFO: [ template_filter ] --END-- [ RunTime:0.000000s ]
NOTIC: [8] Undefined variable: data_str D:\xampp\htdocs\warehouse\Application\Runtime\Cache\Home\c269971ecff4c1a05bdd54a0c35c34ff.php 第 355 行.
NOTIC: [8] Undefined variable: data_str D:\xampp\htdocs\warehouse\Application\Runtime\Cache\Home\c269971ecff4c1a05bdd54a0c35c34ff.php 第 356 行.
INFO: Run Behavior\ParseTemplateBehavior [ RunTime:0.018001s ]
INFO: [ view_parse ] --END-- [ RunTime:0.019001s ]
INFO: [ view_filter ] --START--
INFO: Run Behavior\WriteHtmlCacheBehavior [ RunTime:0.001001s ]
INFO: [ view_filter ] --END-- [ RunTime:0.001001s ]
INFO: [ app_end ] --START--
INFO: Run Behavior\ShowPageTraceBehavior [ RunTime:0.002000s ]
INFO: [ app_end ] --END-- [ RunTime:0.002000s ]

[ 2016-12-09T20:25:57+08:00 ] ::1 /warehouse/index.php/Home/Enterstock/edit/id/2
INFO: [ app_init ] --START--
INFO: Run Behavior\BuildLiteBehavior [ RunTime:0.000000s ]
INFO: [ app_init ] --END-- [ RunTime:0.001000s ]
INFO: [ app_begin ] --START--
INFO: Run Behavior\ReadHtmlCacheBehavior [ RunTime:0.002000s ]
INFO: [ app_begin ] --END-- [ RunTime:0.002000s ]
SQL: DESCRIBE wh_user [ RunTime:0.003001s ]
NOTIC: [2048] Declaration of Home\Model\EnterstockModel::_after_insert() should be compatible with Think\Model::_after_insert($data, $options) D:\xampp\htdocs\warehouse\Application\Home\Model\EnterstockModel.class.php 第 177 行.
SQL: DESCRIBE wh_enterstock [ RunTime:0.003000s ]
NOTIC: [2048] Declaration of Home\Model\EnterstockdetailsModel::_after_insert() should be compatible with Think\Model::_after_insert($data, $options) D:\xampp\htdocs\warehouse\Application\Home\Model\EnterstockdetailsModel.class.php 第 204 行.
SQL: DESCRIBE wh_enterstockdetails [ RunTime:0.004000s ]
SQL: DESCRIBE wh_stockhouse [ RunTime:0.004001s ]
SQL: DESCRIBE wh_type [ RunTime:0.003000s ]
SQL: SELECT * FROM `wh_enterstock` WHERE ( `id` = 2 ) LIMIT 1   [ RunTime:0.000000s ]
SQL: SELECT a.*,b.name AS name_goods,c.id AS id_type,c.name AS name_type,d.name AS name_stock FROM wh_enterstockdetails a INNER JOIN wh_goods b ON a.id_goods=b.id INNER JOIN wh_type c ON b.type_id=c.id INNER JOIN wh_stockhouse d ON a.stock_id=d.id  WHERE ( a.id_enter=2 )  [ RunTime:0.000000s ]
SQL: SELECT * FROM `wh_type`  [ RunTime:0.001000s ]
SQL: SELECT `id`,`username` FROM `wh_user`  [ RunTime:0.000000s ]
SQL: SELECT `id`,`name` FROM `wh_stockhouse`  [ RunTime:0.000000s ]
INFO: [ view_parse ] --START--
INFO: [ template_filter ] --START--
INFO: Run Behavior\ContentReplaceBehavior [ RunTime:0.000000s ]
INFO: [ template_filter ] --END-- [ RunTime:0.000000s ]
NOTIC: [8] Undefined variable: data_str D:\xampp\htdocs\warehouse\Application\Runtime\Cache\Home\c269971ecff4c1a05bdd54a0c35c34ff.php 第 355 行.
NOTIC: [8] Undefined variable: data_str D:\xampp\htdocs\warehouse\Application\Runtime\Cache\Home\c269971ecff4c1a05bdd54a0c35c34ff.php 第 356 行.
INFO: Run Behavior\ParseTemplateBehavior [ RunTime:0.015001s ]
INFO: [ view_parse ] --END-- [ RunTime:0.015001s ]
INFO: [ view_filter ] --START--
INFO: Run Behavior\WriteHtmlCacheBehavior [ RunTime:0.001000s ]
INFO: [ view_filter ] --END-- [ RunTime:0.001000s ]
INFO: [ app_end ] --START--
INFO: Run Behavior\ShowPageTraceBehavior [ RunTime:0.004000s ]
INFO: [ app_end ] --END-- [ RunTime:0.004000s ]

[ 2016-12-09T20:25:58+08:00 ] ::1 /warehouse/index.php/Home/Enterstock/update
INFO: [ app_init ] --START--
INFO: Run Behavior\BuildLiteBehavior [ RunTime:0.000000s ]
INFO: [ app_init ] --END-- [ RunTime:0.001000s ]
INFO: [ app_begin ] --START--
INFO: Run Behavior\ReadHtmlCacheBehavior [ RunTime:0.001000s ]
INFO: [ app_begin ] --END-- [ RunTime:0.001000s ]
SQL: DESCRIBE wh_user [ RunTime:0.004000s ]

[ 2016-12-09T20:26:29+08:00 ] ::1 /warehouse/index.php/Home/Enterstock/edit/id/2
INFO: [ app_init ] --START--
INFO: Run Behavior\BuildLiteBehavior [ RunTime:0.000000s ]
INFO: [ app_init ] --END-- [ RunTime:0.001000s ]
INFO: [ app_begin ] --START--
INFO: Run Behavior\ReadHtmlCacheBehavior [ RunTime:0.002000s ]
INFO: [ app_begin ] --END-- [ RunTime:0.002000s ]
SQL: DESCRIBE wh_user [ RunTime:0.004001s ]
NOTIC: [2048] Declaration of Home\Model\EnterstockModel::_after_insert() should be compatible with Think\Model::_after_insert($data, $options) D:\xampp\htdocs\warehouse\Application\Home\Model\EnterstockModel.class.php 第 177 行.
SQL: DESCRIBE wh_enterstock [ RunTime:0.004000s ]
NOTIC: [2048] Declaration of Home\Model\EnterstockdetailsModel::_after_insert() should be compatible with Think\Model::_after_insert($data, $options) D:\xampp\htdocs\warehouse\Application\Home\Model\EnterstockdetailsModel.class.php 第 204 行.
SQL: DESCRIBE wh_enterstockdetails [ RunTime:0.005000s ]
SQL: DESCRIBE wh_stockhouse [ RunTime:0.004001s ]
SQL: DESCRIBE wh_type [ RunTime:0.003000s ]
SQL: SELECT * FROM `wh_enterstock` WHERE ( `id` = 2 ) LIMIT 1   [ RunTime:0.000000s ]
SQL: SELECT a.*,b.name AS name_goods,c.id AS id_type,c.name AS name_type,d.name AS name_stock FROM wh_enterstockdetails a INNER JOIN wh_goods b ON a.id_goods=b.id INNER JOIN wh_type c ON b.type_id=c.id INNER JOIN wh_stockhouse d ON a.stock_id=d.id  WHERE ( a.id_enter=2 )  [ RunTime:0.000000s ]
SQL: SELECT * FROM `wh_type`  [ RunTime:0.001000s ]
SQL: SELECT `id`,`username` FROM `wh_user`  [ RunTime:0.000000s ]
SQL: SELECT `id`,`name` FROM `wh_stockhouse`  [ RunTime:0.000000s ]
INFO: [ view_parse ] --START--
INFO: [ template_filter ] --START--
INFO: Run Behavior\ContentReplaceBehavior [ RunTime:0.000000s ]
INFO: [ template_filter ] --END-- [ RunTime:0.000000s ]
INFO: Run Behavior\ParseTemplateBehavior [ RunTime:0.015001s ]
INFO: [ view_parse ] --END-- [ RunTime:0.015001s ]
INFO: [ view_filter ] --START--
INFO: Run Behavior\WriteHtmlCacheBehavior [ RunTime:0.001000s ]
INFO: [ view_filter ] --END-- [ RunTime:0.001000s ]
INFO: [ app_end ] --START--
INFO: Run Behavior\ShowPageTraceBehavior [ RunTime:0.002000s ]
INFO: [ app_end ] --END-- [ RunTime:0.002000s ]

[ 2016-12-09T20:26:30+08:00 ] ::1 /warehouse/index.php/Home/Enterstock/update
INFO: [ app_init ] --START--
INFO: Run Behavior\BuildLiteBehavior [ RunTime:0.000000s ]
INFO: [ app_init ] --END-- [ RunTime:0.001000s ]
INFO: [ app_begin ] --START--
INFO: Run Behavior\ReadHtmlCacheBehavior [ RunTime:0.001000s ]
INFO: [ app_begin ] --END-- [ RunTime:0.001000s ]
SQL: DESCRIBE wh_user [ RunTime:0.004001s ]

[ 2016-12-09T20:36:52+08:00 ] ::1 /warehouse/index.php/Home/Enterstock/edit/id/2
INFO: [ app_init ] --START--
INFO: Run Behavior\BuildLiteBehavior [ RunTime:0.000000s ]
INFO: [ app_init ] --END-- [ RunTime:0.001000s ]
INFO: [ app_begin ] --START--
INFO: Run Behavior\ReadHtmlCacheBehavior [ RunTime:0.002001s ]
INFO: [ app_begin ] --END-- [ RunTime:0.002001s ]
SQL: DESCRIBE wh_user [ RunTime:0.004000s ]

[ 2016-12-09T20:37:10+08:00 ] ::1 /warehouse/index.php/Home/Enterstock/edit/id/2
INFO: [ app_init ] --START--
INFO: Run Behavior\BuildLiteBehavior [ RunTime:0.000000s ]
INFO: [ app_init ] --END-- [ RunTime:0.001000s ]
INFO: [ app_begin ] --START--
INFO: Run Behavior\ReadHtmlCacheBehavior [ RunTime:0.001000s ]
INFO: [ app_begin ] --END-- [ RunTime:0.001000s ]
SQL: DESCRIBE wh_user [ RunTime:0.005000s ]
NOTIC: [2048] Declaration of Home\Model\EnterstockModel::_after_insert() should be compatible with Think\Model::_after_insert($data, $options) D:\xampp\htdocs\warehouse\Application\Home\Model\EnterstockModel.class.php 第 179 行.
SQL: DESCRIBE wh_enterstock [ RunTime:0.004001s ]
NOTIC: [2048] Declaration of Home\Model\EnterstockdetailsModel::_after_insert() should be compatible with Think\Model::_after_insert($data, $options) D:\xampp\htdocs\warehouse\Application\Home\Model\EnterstockdetailsModel.class.php 第 204 行.
SQL: DESCRIBE wh_enterstockdetails [ RunTime:0.004000s ]
SQL: DESCRIBE wh_stockhouse [ RunTime:0.004000s ]
SQL: DESCRIBE wh_type [ RunTime:0.004001s ]
SQL: SELECT * FROM `wh_enterstock` WHERE ( `id` = 2 ) LIMIT 1   [ RunTime:0.001000s ]
SQL: SELECT a.*,b.name AS name_goods,c.id AS id_type,c.name AS name_type,d.name AS name_stock FROM wh_enterstockdetails a INNER JOIN wh_goods b ON a.id_goods=b.id INNER JOIN wh_type c ON b.type_id=c.id INNER JOIN wh_stockhouse d ON a.stock_id=d.id  WHERE ( a.id_enter=2 )  [ RunTime:0.001000s ]
SQL: SELECT * FROM `wh_type`  [ RunTime:0.001000s ]
SQL: SELECT `id`,`username` FROM `wh_user`  [ RunTime:0.001000s ]
SQL: SELECT `id`,`name` FROM `wh_stockhouse`  [ RunTime:0.000000s ]
INFO: [ view_parse ] --START--
INFO: [ template_filter ] --START--
INFO: Run Behavior\ContentReplaceBehavior [ RunTime:0.000000s ]
INFO: [ template_filter ] --END-- [ RunTime:0.001000s ]
INFO: Run Behavior\ParseTemplateBehavior [ RunTime:0.017001s ]
INFO: [ view_parse ] --END-- [ RunTime:0.017001s ]
INFO: [ view_filter ] --START--
INFO: Run Behavior\WriteHtmlCacheBehavior [ RunTime:0.001000s ]
INFO: [ view_filter ] --END-- [ RunTime:0.001000s ]
INFO: [ app_end ] --START--
INFO: Run Behavior\ShowPageTraceBehavior [ RunTime:0.002000s ]
INFO: [ app_end ] --END-- [ RunTime:0.002000s ]

[ 2016-12-09T20:37:11+08:00 ] ::1 /warehouse/index.php/Home/Enterstock/update
INFO: [ app_init ] --START--
INFO: Run Behavior\BuildLiteBehavior [ RunTime:0.000000s ]
INFO: [ app_init ] --END-- [ RunTime:0.001000s ]
INFO: [ app_begin ] --START--
INFO: Run Behavior\ReadHtmlCacheBehavior [ RunTime:0.002000s ]
INFO: [ app_begin ] --END-- [ RunTime:0.002000s ]
SQL: DESCRIBE wh_user [ RunTime:0.005000s ]
NOTIC: [2048] Declaration of Home\Model\EnterstockModel::_after_insert() should be compatible with Think\Model::_after_insert($data, $options) D:\xampp\htdocs\warehouse\Application\Home\Model\EnterstockModel.class.php 第 179 行.
SQL: DESCRIBE wh_enterstock [ RunTime:0.005000s ]
NOTIC: [2] in_array() expects parameter 2 to be array, string given D:\xampp\htdocs\warehouse\Application\Home\Model\EnterstockModel.class.php 第 25 行.
NOTIC: [2] in_array() expects parameter 2 to be array, string given D:\xampp\htdocs\warehouse\Application\Home\Model\EnterstockModel.class.php 第 25 行.
SQL: DESCRIBE wh_enterstockdetails [ RunTime:0.004001s ]
SQL: DESCRIBE wh_stock [ RunTime:0.004000s ]
NOTIC: [8] Undefined index: id D:\xampp\htdocs\warehouse\Application\Home\Model\EnterstockModel.class.php 第 102 行.
SQL: INSERT INTO `wh_enterstockdetails` (`id_enter`,`stock_id`,`id_goods`,`price_enter`,`quantity_enter`) VALUES (null,1,1,'30.23',120) [ RunTime:0.102006s ]
ERR: 1048:Column 'id_enter' cannot be null
 [ SQL语句 ] : INSERT INTO `wh_enterstockdetails` (`id_enter`,`stock_id`,`id_goods`,`price_enter`,`quantity_enter`) VALUES (null,1,1,'30.23',120)
SQL: INSERT INTO `wh_enterstockdetails` (`id_enter`,`stock_id`,`id_goods`,`price_enter`,`quantity_enter`) VALUES (null,2,1,'30.23',100) [ RunTime:0.000000s ]
ERR: 1048:Column 'id_enter' cannot be null
 [ SQL语句 ] : INSERT INTO `wh_enterstockdetails` (`id_enter`,`stock_id`,`id_goods`,`price_enter`,`quantity_enter`) VALUES (null,2,1,'30.23',100)
SQL: UPDATE `wh_enterstock` SET `enterdate`='2016-12-06 21:39',`user_id`=13 WHERE ( `id` = 2 ) [ RunTime:0.000000s ]
INFO: [ view_parse ] --START--
INFO: [ template_filter ] --START--
INFO: Run Behavior\ContentReplaceBehavior [ RunTime:0.000000s ]
INFO: [ template_filter ] --END-- [ RunTime:0.001000s ]
INFO: Run Behavior\ParseTemplateBehavior [ RunTime:0.021001s ]
INFO: [ view_parse ] --END-- [ RunTime:0.021001s ]
INFO: [ view_filter ] --START--
INFO: Run Behavior\WriteHtmlCacheBehavior [ RunTime:0.001000s ]
INFO: [ view_filter ] --END-- [ RunTime:0.002000s ]
INFO: [ app_end ] --START--
INFO: Run Behavior\ShowPageTraceBehavior [ RunTime:0.002000s ]
INFO: [ app_end ] --END-- [ RunTime:0.002000s ]

[ 2016-12-09T20:37:12+08:00 ] ::1 /warehouse/index.php/Home/Enterstock/index.html
INFO: [ app_init ] --START--
INFO: Run Behavior\BuildLiteBehavior [ RunTime:0.000000s ]
INFO: [ app_init ] --END-- [ RunTime:0.001000s ]
INFO: [ app_begin ] --START--
INFO: Run Behavior\ReadHtmlCacheBehavior [ RunTime:0.001000s ]
INFO: [ app_begin ] --END-- [ RunTime:0.001000s ]
SQL: DESCRIBE wh_user [ RunTime:0.004001s ]
NOTIC: [2048] Declaration of Home\Model\EnterstockModel::_after_insert() should be compatible with Think\Model::_after_insert($data, $options) D:\xampp\htdocs\warehouse\Application\Home\Model\EnterstockModel.class.php 第 179 行.
SQL: DESCRIBE wh_enterstock [ RunTime:0.004000s ]
NOTIC: [2] Invalid argument supplied for foreach() D:\xampp\htdocs\warehouse\ThinkPHP\Library\Think\Db.class.php 第 429 行.
SQL: SELECT COUNT(*) AS tp_count FROM `wh_enterstock` LIMIT 1   [ RunTime:0.000000s ]
NOTIC: [2] Invalid argument supplied for foreach() D:\xampp\htdocs\warehouse\ThinkPHP\Library\Think\Db.class.php 第 429 行.
SQL: SELECT a.*,b.id AS id_user,b.username FROM wh_enterstock a INNER JOIN wh_user b ON a.user_id=b.id  ORDER BY a.enterdate desc LIMIT 0,10   [ RunTime:0.001000s ]
SQL: DESCRIBE wh_type [ RunTime:0.005001s ]
SQL: SELECT * FROM `wh_type`  [ RunTime:0.001000s ]
SQL: DESCRIBE wh_category [ RunTime:0.005000s ]
SQL: SELECT * FROM `wh_category`  [ RunTime:0.001000s ]
SQL: DESCRIBE wh_stockhouse [ RunTime:0.005001s ]
SQL: SELECT * FROM `wh_stockhouse`  [ RunTime:0.000000s ]
INFO: [ view_parse ] --START--
INFO: [ template_filter ] --START--
INFO: Run Behavior\ContentReplaceBehavior [ RunTime:0.000000s ]
INFO: [ template_filter ] --END-- [ RunTime:0.000000s ]
NOTIC: [8] Undefined index: level D:\xampp\htdocs\warehouse\Application\Runtime\Cache\Home\42aecb328dedee42b40fd4200f973939.php 第 63 行.
NOTIC: [8] Undefined index: level D:\xampp\htdocs\warehouse\Application\Runtime\Cache\Home\42aecb328dedee42b40fd4200f973939.php 第 63 行.
INFO: Run Behavior\ParseTemplateBehavior [ RunTime:0.018001s ]
INFO: [ view_parse ] --END-- [ RunTime:0.018001s ]
INFO: [ view_filter ] --START--
INFO: Run Behavior\WriteHtmlCacheBehavior [ RunTime:0.001000s ]
INFO: [ view_filter ] --END-- [ RunTime:0.001000s ]
INFO: [ app_end ] --START--
INFO: Run Behavior\ShowPageTraceBehavior [ RunTime:0.001000s ]
INFO: [ app_end ] --END-- [ RunTime:0.001000s ]

[ 2016-12-09T20:37:19+08:00 ] ::1 /warehouse/index.php/Home/Enterstock/edit/id/2
INFO: [ app_init ] --START--
INFO: Run Behavior\BuildLiteBehavior [ RunTime:0.001000s ]
INFO: [ app_init ] --END-- [ RunTime:0.001000s ]
INFO: [ app_begin ] --START--
INFO: Run Behavior\ReadHtmlCacheBehavior [ RunTime:0.001000s ]
INFO: [ app_begin ] --END-- [ RunTime:0.001000s ]
SQL: DESCRIBE wh_user [ RunTime:0.007000s ]
NOTIC: [2048] Declaration of Home\Model\EnterstockModel::_after_insert() should be compatible with Think\Model::_after_insert($data, $options) D:\xampp\htdocs\warehouse\Application\Home\Model\EnterstockModel.class.php 第 179 行.
SQL: DESCRIBE wh_enterstock [ RunTime:0.005001s ]
NOTIC: [2048] Declaration of Home\Model\EnterstockdetailsModel::_after_insert() should be compatible with Think\Model::_after_insert($data, $options) D:\xampp\htdocs\warehouse\Application\Home\Model\EnterstockdetailsModel.class.php 第 204 行.
SQL: DESCRIBE wh_enterstockdetails [ RunTime:0.005000s ]
SQL: DESCRIBE wh_stockhouse [ RunTime:0.004000s ]
SQL: DESCRIBE wh_type [ RunTime:0.004001s ]
SQL: SELECT * FROM `wh_enterstock` WHERE ( `id` = 2 ) LIMIT 1   [ RunTime:0.001000s ]
SQL: SELECT a.*,b.name AS name_goods,c.id AS id_type,c.name AS name_type,d.name AS name_stock FROM wh_enterstockdetails a INNER JOIN wh_goods b ON a.id_goods=b.id INNER JOIN wh_type c ON b.type_id=c.id INNER JOIN wh_stockhouse d ON a.stock_id=d.id  WHERE ( a.id_enter=2 )  [ RunTime:0.001000s ]
SQL: SELECT * FROM `wh_type`  [ RunTime:0.000000s ]
SQL: SELECT `id`,`username` FROM `wh_user`  [ RunTime:0.001000s ]
SQL: SELECT `id`,`name` FROM `wh_stockhouse`  [ RunTime:0.000000s ]
INFO: [ view_parse ] --START--
INFO: [ template_filter ] --START--
INFO: Run Behavior\ContentReplaceBehavior [ RunTime:0.000000s ]
INFO: [ template_filter ] --END-- [ RunTime:0.000000s ]
INFO: Run Behavior\ParseTemplateBehavior [ RunTime:0.014001s ]
INFO: [ view_parse ] --END-- [ RunTime:0.014001s ]
INFO: [ view_filter ] --START--
INFO: Run Behavior\WriteHtmlCacheBehavior [ RunTime:0.001000s ]
INFO: [ view_filter ] --END-- [ RunTime:0.001000s ]
INFO: [ app_end ] --START--
INFO: Run Behavior\ShowPageTraceBehavior [ RunTime:0.002000s ]
INFO: [ app_end ] --END-- [ RunTime:0.002000s ]

[ 2016-12-09T20:37:54+08:00 ] ::1 /warehouse/index.php/Home/Enterstock/update
INFO: [ app_init ] --START--
INFO: Run Behavior\BuildLiteBehavior [ RunTime:0.000000s ]
INFO: [ app_init ] --END-- [ RunTime:0.001000s ]
INFO: [ app_begin ] --START--
INFO: Run Behavior\ReadHtmlCacheBehavior [ RunTime:0.001000s ]
INFO: [ app_begin ] --END-- [ RunTime:0.001000s ]
SQL: DESCRIBE wh_user [ RunTime:0.003001s ]

[ 2016-12-09T20:44:11+08:00 ] ::1 /warehouse/index.php/Home/Enterstock/edit/id/2
INFO: [ app_init ] --START--
INFO: Run Behavior\BuildLiteBehavior [ RunTime:0.000000s ]
INFO: [ app_init ] --END-- [ RunTime:0.001000s ]
INFO: [ app_begin ] --START--
INFO: Run Behavior\ReadHtmlCacheBehavior [ RunTime:0.001000s ]
INFO: [ app_begin ] --END-- [ RunTime:0.001000s ]
SQL: DESCRIBE wh_user [ RunTime:0.004000s ]
NOTIC: [2048] Declaration of Home\Model\EnterstockModel::_after_insert() should be compatible with Think\Model::_after_insert($data, $options) D:\xampp\htdocs\warehouse\Application\Home\Model\EnterstockModel.class.php 第 182 行.
SQL: DESCRIBE wh_enterstock [ RunTime:0.004000s ]
NOTIC: [2048] Declaration of Home\Model\EnterstockdetailsModel::_after_insert() should be compatible with Think\Model::_after_insert($data, $options) D:\xampp\htdocs\warehouse\Application\Home\Model\EnterstockdetailsModel.class.php 第 204 行.
SQL: DESCRIBE wh_enterstockdetails [ RunTime:0.003000s ]
SQL: DESCRIBE wh_stockhouse [ RunTime:0.003000s ]
SQL: DESCRIBE wh_type [ RunTime:0.003001s ]
SQL: SELECT * FROM `wh_enterstock` WHERE ( `id` = 2 ) LIMIT 1   [ RunTime:0.000000s ]
SQL: SELECT a.*,b.name AS name_goods,c.id AS id_type,c.name AS name_type,d.name AS name_stock FROM wh_enterstockdetails a INNER JOIN wh_goods b ON a.id_goods=b.id INNER JOIN wh_type c ON b.type_id=c.id INNER JOIN wh_stockhouse d ON a.stock_id=d.id  WHERE ( a.id_enter=2 )  [ RunTime:0.000000s ]
SQL: SELECT * FROM `wh_type`  [ RunTime:0.000000s ]
SQL: SELECT `id`,`username` FROM `wh_user`  [ RunTime:0.000000s ]
SQL: SELECT `id`,`name` FROM `wh_stockhouse`  [ RunTime:0.000000s ]
INFO: [ view_parse ] --START--
INFO: [ template_filter ] --START--
INFO: Run Behavior\ContentReplaceBehavior [ RunTime:0.000000s ]
INFO: [ template_filter ] --END-- [ RunTime:0.000000s ]
INFO: Run Behavior\ParseTemplateBehavior [ RunTime:0.013000s ]
INFO: [ view_parse ] --END-- [ RunTime:0.014000s ]
INFO: [ view_filter ] --START--
INFO: Run Behavior\WriteHtmlCacheBehavior [ RunTime:0.000000s ]
INFO: [ view_filter ] --END-- [ RunTime:0.000000s ]
INFO: [ app_end ] --START--
INFO: Run Behavior\ShowPageTraceBehavior [ RunTime:0.001000s ]
INFO: [ app_end ] --END-- [ RunTime:0.001000s ]

[ 2016-12-09T20:44:12+08:00 ] ::1 /warehouse/index.php/Home/Enterstock/update
INFO: [ app_init ] --START--
INFO: Run Behavior\BuildLiteBehavior [ RunTime:0.000000s ]
INFO: [ app_init ] --END-- [ RunTime:0.001000s ]
INFO: [ app_begin ] --START--
INFO: Run Behavior\ReadHtmlCacheBehavior [ RunTime:0.001000s ]
INFO: [ app_begin ] --END-- [ RunTime:0.001000s ]
SQL: DESCRIBE wh_user [ RunTime:0.004001s ]
NOTIC: [2048] Declaration of Home\Model\EnterstockModel::_after_insert() should be compatible with Think\Model::_after_insert($data, $options) D:\xampp\htdocs\warehouse\Application\Home\Model\EnterstockModel.class.php 第 182 行.
SQL: DESCRIBE wh_enterstock [ RunTime:0.004000s ]
NOTIC: [2] in_array() expects parameter 2 to be array, string given D:\xampp\htdocs\warehouse\Application\Home\Model\EnterstockModel.class.php 第 25 行.
NOTIC: [2] in_array() expects parameter 2 to be array, string given D:\xampp\htdocs\warehouse\Application\Home\Model\EnterstockModel.class.php 第 25 行.
SQL: DESCRIBE wh_enterstockdetails [ RunTime:0.005000s ]
SQL: DESCRIBE wh_stock [ RunTime:0.005001s ]
NOTIC: [8] Undefined index: id D:\xampp\htdocs\warehouse\Application\Home\Model\EnterstockModel.class.php 第 102 行.

