[ 2016-11-22T21:26:23+08:00 ] ::1 /warehouse/index.php/Home/enterstock/index
INFO: [ app_init ] --START--
INFO: Run Behavior\BuildLiteBehavior [ RunTime:0.000000s ]
INFO: [ app_init ] --END-- [ RunTime:0.000000s ]
INFO: [ app_begin ] --START--
INFO: Run Behavior\ReadHtmlCacheBehavior [ RunTime:0.001000s ]
INFO: [ app_begin ] --END-- [ RunTime:0.001000s ]
SQL: DESCRIBE wh_user [ RunTime:0.030002s ]
NOTIC: [2048] Declaration of Home\Model\EnterstockModel::_after_insert() should be compatible with Think\Model::_after_insert($data, $options) D:\xampp\htdocs\warehouse\Application\Home\Model\EnterstockModel.class.php 第 84 行.
SQL: DESCRIBE wh_enterstock [ RunTime:0.003000s ]
NOTIC: [2] Invalid argument supplied for foreach() D:\xampp\htdocs\warehouse\ThinkPHP\Library\Think\Db.class.php 第 429 行.
SQL: SELECT COUNT(*) AS tp_count FROM `wh_enterstock` LIMIT 1   [ RunTime:0.000000s ]
NOTIC: [2] Invalid argument supplied for foreach() D:\xampp\htdocs\warehouse\ThinkPHP\Library\Think\Db.class.php 第 429 行.
SQL: SELECT a.*,b.id AS id_user,b.username FROM wh_enterstock a INNER JOIN wh_user b ON a.user_id=b.id  ORDER BY a.enterdate desc LIMIT 0,10   [ RunTime:0.000000s ]
SQL: DESCRIBE wh_type [ RunTime:0.027002s ]
SQL: SELECT * FROM `wh_type`  [ RunTime:0.000000s ]
SQL: DESCRIBE wh_category [ RunTime:0.025001s ]
SQL: SELECT * FROM `wh_category`  [ RunTime:0.001000s ]
SQL: DESCRIBE wh_stockhouse [ RunTime:0.026002s ]
SQL: SELECT * FROM `wh_stockhouse`  [ RunTime:0.001000s ]
INFO: [ view_parse ] --START--
INFO: [ template_filter ] --START--
INFO: Run Behavior\ContentReplaceBehavior [ RunTime:0.000000s ]
INFO: [ template_filter ] --END-- [ RunTime:0.000000s ]
NOTIC: [8] Undefined index: level D:\xampp\htdocs\warehouse\Application\Runtime\Cache\Home\42aecb328dedee42b40fd4200f973939.php 第 59 行.
NOTIC: [8] Undefined index: level D:\xampp\htdocs\warehouse\Application\Runtime\Cache\Home\42aecb328dedee42b40fd4200f973939.php 第 59 行.
INFO: Run Behavior\ParseTemplateBehavior [ RunTime:0.012001s ]
INFO: [ view_parse ] --END-- [ RunTime:0.012001s ]
INFO: [ view_filter ] --START--
INFO: Run Behavior\WriteHtmlCacheBehavior [ RunTime:0.001000s ]
INFO: [ view_filter ] --END-- [ RunTime:0.001000s ]
INFO: [ app_end ] --START--
INFO: Run Behavior\ShowPageTraceBehavior [ RunTime:0.001000s ]
INFO: [ app_end ] --END-- [ RunTime:0.001000s ]

[ 2016-11-22T21:27:22+08:00 ] ::1 /warehouse/index.php/Home/enterstock/index
INFO: [ app_init ] --START--
INFO: Run Behavior\BuildLiteBehavior [ RunTime:0.000000s ]
INFO: [ app_init ] --END-- [ RunTime:0.001000s ]
INFO: [ app_begin ] --START--
INFO: Run Behavior\ReadHtmlCacheBehavior [ RunTime:0.001000s ]
INFO: [ app_begin ] --END-- [ RunTime:0.001000s ]
SQL: DESCRIBE wh_user [ RunTime:0.005000s ]
NOTIC: [2048] Declaration of Home\Model\EnterstockModel::_after_insert() should be compatible with Think\Model::_after_insert($data, $options) D:\xampp\htdocs\warehouse\Application\Home\Model\EnterstockModel.class.php 第 84 行.
SQL: DESCRIBE wh_enterstock [ RunTime:0.004000s ]
NOTIC: [2] Invalid argument supplied for foreach() D:\xampp\htdocs\warehouse\ThinkPHP\Library\Think\Db.class.php 第 429 行.
SQL: SELECT COUNT(*) AS tp_count FROM `wh_enterstock` LIMIT 1   [ RunTime:0.000000s ]
NOTIC: [2] Invalid argument supplied for foreach() D:\xampp\htdocs\warehouse\ThinkPHP\Library\Think\Db.class.php 第 429 行.
SQL: SELECT a.*,b.id AS id_user,b.username FROM wh_enterstock a INNER JOIN wh_user b ON a.user_id=b.id  ORDER BY a.enterdate desc LIMIT 0,10   [ RunTime:0.001000s ]
SQL: DESCRIBE wh_type [ RunTime:0.004000s ]
SQL: SELECT * FROM `wh_type`  [ RunTime:0.001000s ]
SQL: DESCRIBE wh_category [ RunTime:0.003000s ]
SQL: SELECT * FROM `wh_category`  [ RunTime:0.000000s ]
SQL: DESCRIBE wh_stockhouse [ RunTime:0.003001s ]
SQL: SELECT * FROM `wh_stockhouse`  [ RunTime:0.000000s ]
INFO: [ view_parse ] --START--
INFO: [ template_filter ] --START--
INFO: Run Behavior\ContentReplaceBehavior [ RunTime:0.000000s ]
INFO: [ template_filter ] --END-- [ RunTime:0.000000s ]
NOTIC: [8] Undefined index: level D:\xampp\htdocs\warehouse\Application\Runtime\Cache\Home\42aecb328dedee42b40fd4200f973939.php 第 59 行.
NOTIC: [8] Undefined index: level D:\xampp\htdocs\warehouse\Application\Runtime\Cache\Home\42aecb328dedee42b40fd4200f973939.php 第 59 行.
INFO: Run Behavior\ParseTemplateBehavior [ RunTime:0.015000s ]
INFO: [ view_parse ] --END-- [ RunTime:0.015000s ]
INFO: [ view_filter ] --START--
INFO: Run Behavior\WriteHtmlCacheBehavior [ RunTime:0.001001s ]
INFO: [ view_filter ] --END-- [ RunTime:0.001001s ]
INFO: [ app_end ] --START--
INFO: Run Behavior\ShowPageTraceBehavior [ RunTime:0.001000s ]
INFO: [ app_end ] --END-- [ RunTime:0.001000s ]

[ 2016-11-22T21:29:44+08:00 ] ::1 /warehouse/index.php/Home/enterstock/index
INFO: [ app_init ] --START--
INFO: Run Behavior\BuildLiteBehavior [ RunTime:0.000000s ]
INFO: [ app_init ] --END-- [ RunTime:0.001000s ]
INFO: [ app_begin ] --START--
INFO: Run Behavior\ReadHtmlCacheBehavior [ RunTime:0.001000s ]
INFO: [ app_begin ] --END-- [ RunTime:0.001000s ]
SQL: DESCRIBE wh_user [ RunTime:0.004001s ]
NOTIC: [2048] Declaration of Home\Model\EnterstockModel::_after_insert() should be compatible with Think\Model::_after_insert($data, $options) D:\xampp\htdocs\warehouse\Application\Home\Model\EnterstockModel.class.php 第 84 行.
SQL: DESCRIBE wh_enterstock [ RunTime:0.002000s ]
NOTIC: [2] Invalid argument supplied for foreach() D:\xampp\htdocs\warehouse\ThinkPHP\Library\Think\Db.class.php 第 429 行.
SQL: SELECT COUNT(*) AS tp_count FROM `wh_enterstock` LIMIT 1   [ RunTime:0.000000s ]
NOTIC: [2] Invalid argument supplied for foreach() D:\xampp\htdocs\warehouse\ThinkPHP\Library\Think\Db.class.php 第 429 行.
SQL: SELECT a.*,b.id AS id_user,b.username FROM wh_enterstock a INNER JOIN wh_user b ON a.user_id=b.id  ORDER BY a.enterdate desc LIMIT 0,10   [ RunTime:0.000000s ]
SQL: DESCRIBE wh_type [ RunTime:0.003000s ]
SQL: SELECT * FROM `wh_type`  [ RunTime:0.001000s ]
SQL: DESCRIBE wh_category [ RunTime:0.004001s ]
SQL: SELECT * FROM `wh_category`  [ RunTime:0.001000s ]
SQL: DESCRIBE wh_stockhouse [ RunTime:0.003000s ]
SQL: SELECT * FROM `wh_stockhouse`  [ RunTime:0.000000s ]
INFO: [ view_parse ] --START--
INFO: [ template_filter ] --START--
INFO: Run Behavior\ContentReplaceBehavior [ RunTime:0.000000s ]
INFO: [ template_filter ] --END-- [ RunTime:0.000000s ]
NOTIC: [8] Undefined index: level D:\xampp\htdocs\warehouse\Application\Runtime\Cache\Home\42aecb328dedee42b40fd4200f973939.php 第 60 行.
NOTIC: [8] Undefined index: level D:\xampp\htdocs\warehouse\Application\Runtime\Cache\Home\42aecb328dedee42b40fd4200f973939.php 第 60 行.
INFO: Run Behavior\ParseTemplateBehavior [ RunTime:0.012001s ]
INFO: [ view_parse ] --END-- [ RunTime:0.012001s ]
INFO: [ view_filter ] --START--
INFO: Run Behavior\WriteHtmlCacheBehavior [ RunTime:0.001000s ]
INFO: [ view_filter ] --END-- [ RunTime:0.001000s ]
INFO: [ app_end ] --START--
INFO: Run Behavior\ShowPageTraceBehavior [ RunTime:0.003000s ]
INFO: [ app_end ] --END-- [ RunTime:0.004000s ]

[ 2016-11-22T21:32:35+08:00 ] ::1 /warehouse/index.php/Home/enterstockdetails/index
INFO: [ app_init ] --START--
INFO: Run Behavior\BuildLiteBehavior [ RunTime:0.000000s ]
INFO: [ app_init ] --END-- [ RunTime:0.001000s ]
INFO: [ app_begin ] --START--
INFO: Run Behavior\ReadHtmlCacheBehavior [ RunTime:0.001000s ]
INFO: [ app_begin ] --END-- [ RunTime:0.001000s ]
SQL: DESCRIBE wh_user [ RunTime:0.004001s ]
SQL: DESCRIBE wh_enterstockdetails [ RunTime:0.028001s ]
NOTIC: [2] Invalid argument supplied for foreach() D:\xampp\htdocs\warehouse\ThinkPHP\Library\Think\Db.class.php 第 429 行.
SQL: SELECT COUNT(*) AS tp_count FROM `wh_enterstockdetails` LIMIT 1   [ RunTime:0.000000s ]
NOTIC: [2] Invalid argument supplied for foreach() D:\xampp\htdocs\warehouse\ThinkPHP\Library\Think\Db.class.php 第 429 行.
SQL: SELECT * FROM `wh_enterstockdetails` LIMIT 0,10   [ RunTime:0.001000s ]
INFO: [ view_parse ] --START--
INFO: [ template_filter ] --START--
INFO: Run Behavior\ContentReplaceBehavior [ RunTime:0.000000s ]
INFO: [ template_filter ] --END-- [ RunTime:0.000000s ]
NOTIC: [8] Undefined index: total D:\xampp\htdocs\warehouse\Application\Runtime\Cache\Home\64b34b681acd62baf6165599d1fd3e8d.php 第 51 行.
NOTIC: [8] Undefined index: total D:\xampp\htdocs\warehouse\Application\Runtime\Cache\Home\64b34b681acd62baf6165599d1fd3e8d.php 第 51 行.
NOTIC: [8] Undefined index: total D:\xampp\htdocs\warehouse\Application\Runtime\Cache\Home\64b34b681acd62baf6165599d1fd3e8d.php 第 51 行.
INFO: Run Behavior\ParseTemplateBehavior [ RunTime:0.016001s ]
INFO: [ view_parse ] --END-- [ RunTime:0.016001s ]
INFO: [ view_filter ] --START--
INFO: Run Behavior\WriteHtmlCacheBehavior [ RunTime:0.001000s ]
INFO: [ view_filter ] --END-- [ RunTime:0.001000s ]
INFO: [ app_end ] --START--
INFO: Run Behavior\ShowPageTraceBehavior [ RunTime:0.001000s ]
INFO: [ app_end ] --END-- [ RunTime:0.001000s ]

[ 2016-11-22T21:33:14+08:00 ] ::1 /warehouse/index.php/Home/enterstockdetails/index
INFO: [ app_init ] --START--
INFO: Run Behavior\BuildLiteBehavior [ RunTime:0.000000s ]
INFO: [ app_init ] --END-- [ RunTime:0.001000s ]
INFO: [ app_begin ] --START--
INFO: Run Behavior\ReadHtmlCacheBehavior [ RunTime:0.001001s ]
INFO: [ app_begin ] --END-- [ RunTime:0.001001s ]
SQL: DESCRIBE wh_user [ RunTime:0.003001s ]
SQL: DESCRIBE wh_enterstockdetails [ RunTime:0.004000s ]
NOTIC: [2] Invalid argument supplied for foreach() D:\xampp\htdocs\warehouse\ThinkPHP\Library\Think\Db.class.php 第 429 行.
SQL: SELECT COUNT(*) AS tp_count FROM `wh_enterstockdetails` LIMIT 1   [ RunTime:0.000000s ]
NOTIC: [2] Invalid argument supplied for foreach() D:\xampp\htdocs\warehouse\ThinkPHP\Library\Think\Db.class.php 第 429 行.
SQL: SELECT * FROM `wh_enterstockdetails` LIMIT 0,10   [ RunTime:0.001000s ]
INFO: [ view_parse ] --START--
INFO: [ template_filter ] --START--
INFO: Run Behavior\ContentReplaceBehavior [ RunTime:0.000000s ]
INFO: [ template_filter ] --END-- [ RunTime:0.000000s ]
NOTIC: [8] Undefined index: total D:\xampp\htdocs\warehouse\Application\Runtime\Cache\Home\64b34b681acd62baf6165599d1fd3e8d.php 第 51 行.
NOTIC: [8] Undefined index: total D:\xampp\htdocs\warehouse\Application\Runtime\Cache\Home\64b34b681acd62baf6165599d1fd3e8d.php 第 51 行.
NOTIC: [8] Undefined index: total D:\xampp\htdocs\warehouse\Application\Runtime\Cache\Home\64b34b681acd62baf6165599d1fd3e8d.php 第 51 行.
INFO: Run Behavior\ParseTemplateBehavior [ RunTime:0.010000s ]
INFO: [ view_parse ] --END-- [ RunTime:0.010000s ]
INFO: [ view_filter ] --START--
INFO: Run Behavior\WriteHtmlCacheBehavior [ RunTime:0.001001s ]
INFO: [ view_filter ] --END-- [ RunTime:0.001001s ]
INFO: [ app_end ] --START--
INFO: Run Behavior\ShowPageTraceBehavior [ RunTime:0.001000s ]
INFO: [ app_end ] --END-- [ RunTime:0.001000s ]

[ 2016-11-22T21:33:21+08:00 ] ::1 /warehouse/index.php/Home/stock/index
INFO: [ app_init ] --START--
INFO: Run Behavior\BuildLiteBehavior [ RunTime:0.000000s ]
INFO: [ app_init ] --END-- [ RunTime:0.001000s ]
INFO: [ app_begin ] --START--
INFO: Run Behavior\ReadHtmlCacheBehavior [ RunTime:0.001000s ]
INFO: [ app_begin ] --END-- [ RunTime:0.001000s ]
SQL: DESCRIBE wh_user [ RunTime:0.003000s ]
SQL: DESCRIBE wh_stock [ RunTime:0.029002s ]
NOTIC: [2] Invalid argument supplied for foreach() D:\xampp\htdocs\warehouse\ThinkPHP\Library\Think\Db.class.php 第 429 行.
SQL: SELECT COUNT(*) AS tp_count FROM `wh_stock` LIMIT 1   [ RunTime:0.000000s ]
NOTIC: [2] Invalid argument supplied for foreach() D:\xampp\htdocs\warehouse\ThinkPHP\Library\Think\Db.class.php 第 429 行.
SQL: SELECT a.*,b.id as id_goods_b,b.name as name_goods,b.type_id,b.cat_id,b.price,b.stock_id,b.unit,c.id as id_stock_c,c.name as name_stockhouse,d.id as id_type_d,d.name as name_type,e.id as id_cat_e,e.name as name_category FROM wh_stock a INNER JOIN wh_goods b ON a.id_goods=b.id INNER JOIN wh_type d ON b.type_id=d.id INNER JOIN wh_stockhouse c ON b.stock_id=c.id INNER JOIN wh_category e ON b.cat_id=e.id  LIMIT 0,10   [ RunTime:0.024001s ]
SQL: DESCRIBE wh_type [ RunTime:0.004000s ]
SQL: SELECT * FROM `wh_type`  [ RunTime:0.000000s ]
SQL: DESCRIBE wh_category [ RunTime:0.003000s ]
SQL: SELECT * FROM `wh_category`  [ RunTime:0.001000s ]
SQL: DESCRIBE wh_stockhouse [ RunTime:0.004000s ]
SQL: SELECT * FROM `wh_stockhouse`  [ RunTime:0.000000s ]
INFO: [ view_parse ] --START--
INFO: [ template_filter ] --START--
INFO: Run Behavior\ContentReplaceBehavior [ RunTime:0.000000s ]
INFO: [ template_filter ] --END-- [ RunTime:0.000000s ]
NOTIC: [8] Undefined index: level D:\xampp\htdocs\warehouse\Application\Runtime\Cache\Home\41c991b64167ab4f15d3c50a73fd2e47.php 第 44 行.
NOTIC: [8] Undefined index: level D:\xampp\htdocs\warehouse\Application\Runtime\Cache\Home\41c991b64167ab4f15d3c50a73fd2e47.php 第 44 行.
INFO: Run Behavior\ParseTemplateBehavior [ RunTime:0.013001s ]
INFO: [ view_parse ] --END-- [ RunTime:0.013001s ]
INFO: [ view_filter ] --START--
INFO: Run Behavior\WriteHtmlCacheBehavior [ RunTime:0.000000s ]
INFO: [ view_filter ] --END-- [ RunTime:0.000000s ]
INFO: [ app_end ] --START--
INFO: Run Behavior\ShowPageTraceBehavior [ RunTime:0.001000s ]
INFO: [ app_end ] --END-- [ RunTime:0.001000s ]

[ 2016-11-22T21:33:48+08:00 ] ::1 /warehouse/index.php/Home/stock/index
INFO: [ app_init ] --START--
INFO: Run Behavior\BuildLiteBehavior [ RunTime:0.000000s ]
INFO: [ app_init ] --END-- [ RunTime:0.001000s ]
INFO: [ app_begin ] --START--
INFO: Run Behavior\ReadHtmlCacheBehavior [ RunTime:0.001000s ]
INFO: [ app_begin ] --END-- [ RunTime:0.001000s ]
SQL: DESCRIBE wh_user [ RunTime:0.003000s ]
SQL: DESCRIBE wh_stock [ RunTime:0.003000s ]
NOTIC: [2] Invalid argument supplied for foreach() D:\xampp\htdocs\warehouse\ThinkPHP\Library\Think\Db.class.php 第 429 行.
SQL: SELECT COUNT(*) AS tp_count FROM `wh_stock` LIMIT 1   [ RunTime:0.000000s ]
NOTIC: [2] Invalid argument supplied for foreach() D:\xampp\htdocs\warehouse\ThinkPHP\Library\Think\Db.class.php 第 429 行.
SQL: SELECT a.*,b.id as id_goods_b,b.name as name_goods,b.type_id,b.cat_id,b.price,b.stock_id,b.unit,c.id as id_stock_c,c.name as name_stockhouse,d.id as id_type_d,d.name as name_type,e.id as id_cat_e,e.name as name_category FROM wh_stock a INNER JOIN wh_goods b ON a.id_goods=b.id INNER JOIN wh_type d ON b.type_id=d.id INNER JOIN wh_stockhouse c ON b.stock_id=c.id INNER JOIN wh_category e ON b.cat_id=e.id  LIMIT 0,10   [ RunTime:0.000000s ]
SQL: DESCRIBE wh_type [ RunTime:0.003000s ]
SQL: SELECT * FROM `wh_type`  [ RunTime:0.001000s ]
SQL: DESCRIBE wh_category [ RunTime:0.003000s ]
SQL: SELECT * FROM `wh_category`  [ RunTime:0.001001s ]
SQL: DESCRIBE wh_stockhouse [ RunTime:0.003000s ]
SQL: SELECT * FROM `wh_stockhouse`  [ RunTime:0.000000s ]
INFO: [ view_parse ] --START--
INFO: [ template_filter ] --START--
INFO: Run Behavior\ContentReplaceBehavior [ RunTime:0.000000s ]
INFO: [ template_filter ] --END-- [ RunTime:0.000000s ]
NOTIC: [8] Undefined index: level D:\xampp\htdocs\warehouse\Application\Runtime\Cache\Home\41c991b64167ab4f15d3c50a73fd2e47.php 第 44 行.
NOTIC: [8] Undefined index: level D:\xampp\htdocs\warehouse\Application\Runtime\Cache\Home\41c991b64167ab4f15d3c50a73fd2e47.php 第 44 行.
INFO: Run Behavior\ParseTemplateBehavior [ RunTime:0.009000s ]
INFO: [ view_parse ] --END-- [ RunTime:0.009000s ]
INFO: [ view_filter ] --START--
INFO: Run Behavior\WriteHtmlCacheBehavior [ RunTime:0.000000s ]
INFO: [ view_filter ] --END-- [ RunTime:0.000000s ]
INFO: [ app_end ] --START--
INFO: Run Behavior\ShowPageTraceBehavior [ RunTime:0.001000s ]
INFO: [ app_end ] --END-- [ RunTime:0.001000s ]

[ 2016-11-22T21:34:03+08:00 ] ::1 /warehouse/index.php/Home/stock/index
INFO: [ app_init ] --START--
INFO: Run Behavior\BuildLiteBehavior [ RunTime:0.000000s ]
INFO: [ app_init ] --END-- [ RunTime:0.001000s ]
INFO: [ app_begin ] --START--
INFO: Run Behavior\ReadHtmlCacheBehavior [ RunTime:0.001000s ]
INFO: [ app_begin ] --END-- [ RunTime:0.001000s ]
SQL: DESCRIBE wh_user [ RunTime:0.003000s ]
SQL: DESCRIBE wh_stock [ RunTime:0.003000s ]
NOTIC: [2] Invalid argument supplied for foreach() D:\xampp\htdocs\warehouse\ThinkPHP\Library\Think\Db.class.php 第 429 行.
SQL: SELECT COUNT(*) AS tp_count FROM `wh_stock` LIMIT 1   [ RunTime:0.000000s ]
NOTIC: [2] Invalid argument supplied for foreach() D:\xampp\htdocs\warehouse\ThinkPHP\Library\Think\Db.class.php 第 429 行.
SQL: SELECT a.*,b.id as id_goods_b,b.name as name_goods,b.type_id,b.cat_id,b.price,b.stock_id,b.unit,c.id as id_stock_c,c.name as name_stockhouse,d.id as id_type_d,d.name as name_type,e.id as id_cat_e,e.name as name_category FROM wh_stock a INNER JOIN wh_goods b ON a.id_goods=b.id INNER JOIN wh_type d ON b.type_id=d.id INNER JOIN wh_stockhouse c ON b.stock_id=c.id INNER JOIN wh_category e ON b.cat_id=e.id  LIMIT 0,10   [ RunTime:0.001000s ]
SQL: DESCRIBE wh_type [ RunTime:0.003000s ]
SQL: SELECT * FROM `wh_type`  [ RunTime:0.000000s ]
SQL: DESCRIBE wh_category [ RunTime:0.004000s ]
SQL: SELECT * FROM `wh_category`  [ RunTime:0.001000s ]
SQL: DESCRIBE wh_stockhouse [ RunTime:0.003000s ]
SQL: SELECT * FROM `wh_stockhouse`  [ RunTime:0.000000s ]
INFO: [ view_parse ] --START--
INFO: [ template_filter ] --START--
INFO: Run Behavior\ContentReplaceBehavior [ RunTime:0.000000s ]
INFO: [ template_filter ] --END-- [ RunTime:0.000000s ]
NOTIC: [8] Undefined index: level D:\xampp\htdocs\warehouse\Application\Runtime\Cache\Home\41c991b64167ab4f15d3c50a73fd2e47.php 第 44 行.
NOTIC: [8] Undefined index: level D:\xampp\htdocs\warehouse\Application\Runtime\Cache\Home\41c991b64167ab4f15d3c50a73fd2e47.php 第 44 行.
INFO: Run Behavior\ParseTemplateBehavior [ RunTime:0.011001s ]
INFO: [ view_parse ] --END-- [ RunTime:0.012001s ]
INFO: [ view_filter ] --START--
INFO: Run Behavior\WriteHtmlCacheBehavior [ RunTime:0.000000s ]
INFO: [ view_filter ] --END-- [ RunTime:0.000000s ]
INFO: [ app_end ] --START--
INFO: Run Behavior\ShowPageTraceBehavior [ RunTime:0.001000s ]
INFO: [ app_end ] --END-- [ RunTime:0.001000s ]

[ 2016-11-22T21:34:28+08:00 ] ::1 /warehouse/index.php/Home/stock/index
INFO: [ app_init ] --START--
INFO: Run Behavior\BuildLiteBehavior [ RunTime:0.000000s ]
INFO: [ app_init ] --END-- [ RunTime:0.001000s ]
INFO: [ app_begin ] --START--
INFO: Run Behavior\ReadHtmlCacheBehavior [ RunTime:0.001000s ]
INFO: [ app_begin ] --END-- [ RunTime:0.001000s ]
SQL: DESCRIBE wh_user [ RunTime:0.004000s ]
SQL: DESCRIBE wh_stock [ RunTime:0.005000s ]
NOTIC: [2] Invalid argument supplied for foreach() D:\xampp\htdocs\warehouse\ThinkPHP\Library\Think\Db.class.php 第 429 行.
SQL: SELECT COUNT(*) AS tp_count FROM `wh_stock` LIMIT 1   [ RunTime:0.000000s ]
NOTIC: [2] Invalid argument supplied for foreach() D:\xampp\htdocs\warehouse\ThinkPHP\Library\Think\Db.class.php 第 429 行.
SQL: SELECT a.*,b.id as id_goods_b,b.name as name_goods,b.type_id,b.cat_id,b.price,b.stock_id,b.unit,c.id as id_stock_c,c.name as name_stockhouse,d.id as id_type_d,d.name as name_type,e.id as id_cat_e,e.name as name_category FROM wh_stock a INNER JOIN wh_goods b ON a.id_goods=b.id INNER JOIN wh_type d ON b.type_id=d.id INNER JOIN wh_stockhouse c ON b.stock_id=c.id INNER JOIN wh_category e ON b.cat_id=e.id  LIMIT 0,10   [ RunTime:0.001000s ]
SQL: DESCRIBE wh_type [ RunTime:0.003000s ]
SQL: SELECT * FROM `wh_type`  [ RunTime:0.000000s ]
SQL: DESCRIBE wh_category [ RunTime:0.006000s ]
SQL: SELECT * FROM `wh_category`  [ RunTime:0.001000s ]
SQL: DESCRIBE wh_stockhouse [ RunTime:0.004000s ]
SQL: SELECT * FROM `wh_stockhouse`  [ RunTime:0.000000s ]
INFO: [ view_parse ] --START--
INFO: [ template_filter ] --START--
INFO: Run Behavior\ContentReplaceBehavior [ RunTime:0.000000s ]
INFO: [ template_filter ] --END-- [ RunTime:0.000000s ]
NOTIC: [8] Undefined index: level D:\xampp\htdocs\warehouse\Application\Runtime\Cache\Home\41c991b64167ab4f15d3c50a73fd2e47.php 第 44 行.
NOTIC: [8] Undefined index: level D:\xampp\htdocs\warehouse\Application\Runtime\Cache\Home\41c991b64167ab4f15d3c50a73fd2e47.php 第 44 行.
INFO: Run Behavior\ParseTemplateBehavior [ RunTime:0.012000s ]
INFO: [ view_parse ] --END-- [ RunTime:0.012000s ]
INFO: [ view_filter ] --START--
INFO: Run Behavior\WriteHtmlCacheBehavior [ RunTime:0.001000s ]
INFO: [ view_filter ] --END-- [ RunTime:0.001000s ]
INFO: [ app_end ] --START--
INFO: Run Behavior\ShowPageTraceBehavior [ RunTime:0.001000s ]
INFO: [ app_end ] --END-- [ RunTime:0.001000s ]

[ 2016-11-22T21:39:18+08:00 ] ::1 /warehouse/index.php/Home/stock/index
INFO: [ app_init ] --START--
INFO: Run Behavior\BuildLiteBehavior [ RunTime:0.000000s ]
INFO: [ app_init ] --END-- [ RunTime:0.001000s ]
INFO: [ app_begin ] --START--
INFO: Run Behavior\ReadHtmlCacheBehavior [ RunTime:0.001000s ]
INFO: [ app_begin ] --END-- [ RunTime:0.001000s ]
SQL: DESCRIBE wh_user [ RunTime:0.004001s ]
SQL: DESCRIBE wh_stock [ RunTime:0.004000s ]
NOTIC: [2] Invalid argument supplied for foreach() D:\xampp\htdocs\warehouse\ThinkPHP\Library\Think\Db.class.php 第 429 行.
SQL: SELECT COUNT(*) AS tp_count FROM `wh_stock` LIMIT 1   [ RunTime:0.001000s ]
NOTIC: [2] Invalid argument supplied for foreach() D:\xampp\htdocs\warehouse\ThinkPHP\Library\Think\Db.class.php 第 429 行.
SQL: SELECT a.*,b.id as id_goods_b,b.name as name_goods,b.type_id,b.cat_id,b.price,b.stock_id,b.unit,c.id as id_stock_c,c.name as name_stockhouse,d.id as id_type_d,d.name as name_type,e.id as id_cat_e,e.name as name_category,f.price_enter FROM wh_stock a INNER JOIN wh_goods b ON a.id_goods=b.id INNER JOIN wh_type d ON b.type_id=d.id INNER JOIN wh_stockhouse c ON b.stock_id=c.id INNER JOIN wh_category e ON b.cat_id=e.id INNER JOIN wh_enterstockdetails f ON f.id_goods=b.id  LIMIT 0,10   [ RunTime:0.001000s ]
SQL: DESCRIBE wh_type [ RunTime:0.003000s ]
SQL: SELECT * FROM `wh_type`  [ RunTime:0.001000s ]
SQL: DESCRIBE wh_category [ RunTime:0.003000s ]
SQL: SELECT * FROM `wh_category`  [ RunTime:0.001000s ]
SQL: DESCRIBE wh_stockhouse [ RunTime:0.003000s ]
SQL: SELECT * FROM `wh_stockhouse`  [ RunTime:0.000000s ]
INFO: [ view_parse ] --START--
INFO: [ template_filter ] --START--
INFO: Run Behavior\ContentReplaceBehavior [ RunTime:0.001000s ]
INFO: [ template_filter ] --END-- [ RunTime:0.001000s ]
NOTIC: [8] Undefined index: level D:\xampp\htdocs\warehouse\Application\Runtime\Cache\Home\41c991b64167ab4f15d3c50a73fd2e47.php 第 44 行.
NOTIC: [8] Undefined index: level D:\xampp\htdocs\warehouse\Application\Runtime\Cache\Home\41c991b64167ab4f15d3c50a73fd2e47.php 第 44 行.
INFO: Run Behavior\ParseTemplateBehavior [ RunTime:0.012001s ]
INFO: [ view_parse ] --END-- [ RunTime:0.013001s ]
INFO: [ view_filter ] --START--
INFO: Run Behavior\WriteHtmlCacheBehavior [ RunTime:0.000000s ]
INFO: [ view_filter ] --END-- [ RunTime:0.000000s ]
INFO: [ app_end ] --START--
INFO: Run Behavior\ShowPageTraceBehavior [ RunTime:0.003000s ]
INFO: [ app_end ] --END-- [ RunTime:0.003000s ]

[ 2016-11-22T21:39:50+08:00 ] ::1 /warehouse/index.php/Home/stock/index
INFO: [ app_init ] --START--
INFO: Run Behavior\BuildLiteBehavior [ RunTime:0.000000s ]
INFO: [ app_init ] --END-- [ RunTime:0.000000s ]
INFO: [ app_begin ] --START--
INFO: Run Behavior\ReadHtmlCacheBehavior [ RunTime:0.001000s ]
INFO: [ app_begin ] --END-- [ RunTime:0.002000s ]
SQL: DESCRIBE wh_user [ RunTime:0.003000s ]
SQL: DESCRIBE wh_stock [ RunTime:0.003000s ]
NOTIC: [2] Invalid argument supplied for foreach() D:\xampp\htdocs\warehouse\ThinkPHP\Library\Think\Db.class.php 第 429 行.
SQL: SELECT COUNT(*) AS tp_count FROM `wh_stock` LIMIT 1   [ RunTime:0.001000s ]
NOTIC: [2] Invalid argument supplied for foreach() D:\xampp\htdocs\warehouse\ThinkPHP\Library\Think\Db.class.php 第 429 行.
SQL: SELECT a.*,b.id as id_goods_b,b.name as name_goods,b.type_id,b.cat_id,b.price,b.stock_id,b.unit,c.id as id_stock_c,c.name as name_stockhouse,d.id as id_type_d,d.name as name_type,e.id as id_cat_e,e.name as name_category,f.price_enter FROM wh_stock a INNER JOIN wh_goods b ON a.id_goods=b.id INNER JOIN wh_type d ON b.type_id=d.id INNER JOIN wh_stockhouse c ON b.stock_id=c.id INNER JOIN wh_category e ON b.cat_id=e.id INNER JOIN wh_enterstockdetails f ON f.id_goods=b.id  LIMIT 0,10   [ RunTime:0.001000s ]
SQL: DESCRIBE wh_type [ RunTime:0.003000s ]
SQL: SELECT * FROM `wh_type`  [ RunTime:0.000000s ]
SQL: DESCRIBE wh_category [ RunTime:0.003000s ]
SQL: SELECT * FROM `wh_category`  [ RunTime:0.000000s ]
SQL: DESCRIBE wh_stockhouse [ RunTime:0.003001s ]
SQL: SELECT * FROM `wh_stockhouse`  [ RunTime:0.000000s ]
INFO: [ view_parse ] --START--
INFO: [ template_filter ] --START--
INFO: Run Behavior\ContentReplaceBehavior [ RunTime:0.000000s ]
INFO: [ template_filter ] --END-- [ RunTime:0.001000s ]
NOTIC: [8] Undefined index: level D:\xampp\htdocs\warehouse\Application\Runtime\Cache\Home\41c991b64167ab4f15d3c50a73fd2e47.php 第 44 行.
NOTIC: [8] Undefined index: level D:\xampp\htdocs\warehouse\Application\Runtime\Cache\Home\41c991b64167ab4f15d3c50a73fd2e47.php 第 44 行.
INFO: Run Behavior\ParseTemplateBehavior [ RunTime:0.011000s ]
INFO: [ view_parse ] --END-- [ RunTime:0.011000s ]
INFO: [ view_filter ] --START--
INFO: Run Behavior\WriteHtmlCacheBehavior [ RunTime:0.001000s ]
INFO: [ view_filter ] --END-- [ RunTime:0.001000s ]
INFO: [ app_end ] --START--
INFO: Run Behavior\ShowPageTraceBehavior [ RunTime:0.001000s ]
INFO: [ app_end ] --END-- [ RunTime:0.001000s ]

[ 2016-11-22T21:40:42+08:00 ] ::1 /warehouse/index.php/Home/enterstockdetails/index
INFO: [ app_init ] --START--
INFO: Run Behavior\BuildLiteBehavior [ RunTime:0.000000s ]
INFO: [ app_init ] --END-- [ RunTime:0.001000s ]
INFO: [ app_begin ] --START--
INFO: Run Behavior\ReadHtmlCacheBehavior [ RunTime:0.001000s ]
INFO: [ app_begin ] --END-- [ RunTime:0.001000s ]
SQL: DESCRIBE wh_user [ RunTime:0.003000s ]
SQL: DESCRIBE wh_enterstockdetails [ RunTime:0.003000s ]
NOTIC: [2] Invalid argument supplied for foreach() D:\xampp\htdocs\warehouse\ThinkPHP\Library\Think\Db.class.php 第 429 行.
SQL: SELECT COUNT(*) AS tp_count FROM `wh_enterstockdetails` LIMIT 1   [ RunTime:0.000000s ]
NOTIC: [2] Invalid argument supplied for foreach() D:\xampp\htdocs\warehouse\ThinkPHP\Library\Think\Db.class.php 第 429 行.
SQL: SELECT * FROM `wh_enterstockdetails` LIMIT 0,10   [ RunTime:0.001000s ]
INFO: [ view_parse ] --START--
INFO: [ template_filter ] --START--
INFO: Run Behavior\ContentReplaceBehavior [ RunTime:0.000000s ]
INFO: [ template_filter ] --END-- [ RunTime:0.001000s ]
NOTIC: [8] Undefined index: total D:\xampp\htdocs\warehouse\Application\Runtime\Cache\Home\64b34b681acd62baf6165599d1fd3e8d.php 第 51 行.
NOTIC: [8] Undefined index: total D:\xampp\htdocs\warehouse\Application\Runtime\Cache\Home\64b34b681acd62baf6165599d1fd3e8d.php 第 51 行.
NOTIC: [8] Undefined index: total D:\xampp\htdocs\warehouse\Application\Runtime\Cache\Home\64b34b681acd62baf6165599d1fd3e8d.php 第 51 行.
INFO: Run Behavior\ParseTemplateBehavior [ RunTime:0.014000s ]
INFO: [ view_parse ] --END-- [ RunTime:0.014000s ]
INFO: [ view_filter ] --START--
INFO: Run Behavior\WriteHtmlCacheBehavior [ RunTime:0.001000s ]
INFO: [ view_filter ] --END-- [ RunTime:0.001000s ]
INFO: [ app_end ] --START--
INFO: Run Behavior\ShowPageTraceBehavior [ RunTime:0.001001s ]
INFO: [ app_end ] --END-- [ RunTime:0.001001s ]

[ 2016-11-22T21:41:09+08:00 ] ::1 /warehouse/index.php/Home/enterstock/index
INFO: [ app_init ] --START--
INFO: Run Behavior\BuildLiteBehavior [ RunTime:0.000000s ]
INFO: [ app_init ] --END-- [ RunTime:0.001000s ]
INFO: [ app_begin ] --START--
INFO: Run Behavior\ReadHtmlCacheBehavior [ RunTime:0.001000s ]
INFO: [ app_begin ] --END-- [ RunTime:0.001000s ]
SQL: DESCRIBE wh_user [ RunTime:0.004000s ]
NOTIC: [2048] Declaration of Home\Model\EnterstockModel::_after_insert() should be compatible with Think\Model::_after_insert($data, $options) D:\xampp\htdocs\warehouse\Application\Home\Model\EnterstockModel.class.php 第 84 行.
SQL: DESCRIBE wh_enterstock [ RunTime:0.003000s ]
NOTIC: [2] Invalid argument supplied for foreach() D:\xampp\htdocs\warehouse\ThinkPHP\Library\Think\Db.class.php 第 429 行.
SQL: SELECT COUNT(*) AS tp_count FROM `wh_enterstock` LIMIT 1   [ RunTime:0.001000s ]
NOTIC: [2] Invalid argument supplied for foreach() D:\xampp\htdocs\warehouse\ThinkPHP\Library\Think\Db.class.php 第 429 行.
SQL: SELECT a.*,b.id AS id_user,b.username FROM wh_enterstock a INNER JOIN wh_user b ON a.user_id=b.id  ORDER BY a.enterdate desc LIMIT 0,10   [ RunTime:0.001000s ]
SQL: DESCRIBE wh_type [ RunTime:0.004001s ]
SQL: SELECT * FROM `wh_type`  [ RunTime:0.001000s ]
SQL: DESCRIBE wh_category [ RunTime:0.003000s ]
SQL: SELECT * FROM `wh_category`  [ RunTime:0.000000s ]
SQL: DESCRIBE wh_stockhouse [ RunTime:0.003000s ]
SQL: SELECT * FROM `wh_stockhouse`  [ RunTime:0.000000s ]
INFO: [ view_parse ] --START--
INFO: [ template_filter ] --START--
INFO: Run Behavior\ContentReplaceBehavior [ RunTime:0.000000s ]
INFO: [ template_filter ] --END-- [ RunTime:0.000000s ]
NOTIC: [8] Undefined index: level D:\xampp\htdocs\warehouse\Application\Runtime\Cache\Home\42aecb328dedee42b40fd4200f973939.php 第 60 行.
NOTIC: [8] Undefined index: level D:\xampp\htdocs\warehouse\Application\Runtime\Cache\Home\42aecb328dedee42b40fd4200f973939.php 第 60 行.
INFO: Run Behavior\ParseTemplateBehavior [ RunTime:0.015001s ]
INFO: [ view_parse ] --END-- [ RunTime:0.015001s ]
INFO: [ view_filter ] --START--
INFO: Run Behavior\WriteHtmlCacheBehavior [ RunTime:0.001000s ]
INFO: [ view_filter ] --END-- [ RunTime:0.001000s ]
INFO: [ app_end ] --START--
INFO: Run Behavior\ShowPageTraceBehavior [ RunTime:0.002000s ]
INFO: [ app_end ] --END-- [ RunTime:0.002000s ]

[ 2016-11-22T21:41:52+08:00 ] ::1 /warehouse/index.php/Home/enterstockdetails/index
INFO: [ app_init ] --START--
INFO: Run Behavior\BuildLiteBehavior [ RunTime:0.000000s ]
INFO: [ app_init ] --END-- [ RunTime:0.001000s ]
INFO: [ app_begin ] --START--
INFO: Run Behavior\ReadHtmlCacheBehavior [ RunTime:0.002000s ]
INFO: [ app_begin ] --END-- [ RunTime:0.002000s ]
SQL: DESCRIBE wh_user [ RunTime:0.005000s ]
SQL: DESCRIBE wh_enterstockdetails [ RunTime:0.003001s ]
NOTIC: [2] Invalid argument supplied for foreach() D:\xampp\htdocs\warehouse\ThinkPHP\Library\Think\Db.class.php 第 429 行.
SQL: SELECT COUNT(*) AS tp_count FROM `wh_enterstockdetails` LIMIT 1   [ RunTime:0.000000s ]
NOTIC: [2] Invalid argument supplied for foreach() D:\xampp\htdocs\warehouse\ThinkPHP\Library\Think\Db.class.php 第 429 行.
SQL: SELECT * FROM `wh_enterstockdetails` LIMIT 0,10   [ RunTime:0.000000s ]
INFO: [ view_parse ] --START--
INFO: [ template_filter ] --START--
INFO: Run Behavior\ContentReplaceBehavior [ RunTime:0.000000s ]
INFO: [ template_filter ] --END-- [ RunTime:0.000000s ]
NOTIC: [8] Undefined index: total D:\xampp\htdocs\warehouse\Application\Runtime\Cache\Home\64b34b681acd62baf6165599d1fd3e8d.php 第 51 行.
NOTIC: [8] Undefined index: total D:\xampp\htdocs\warehouse\Application\Runtime\Cache\Home\64b34b681acd62baf6165599d1fd3e8d.php 第 51 行.
NOTIC: [8] Undefined index: total D:\xampp\htdocs\warehouse\Application\Runtime\Cache\Home\64b34b681acd62baf6165599d1fd3e8d.php 第 51 行.
INFO: Run Behavior\ParseTemplateBehavior [ RunTime:0.014001s ]
INFO: [ view_parse ] --END-- [ RunTime:0.014001s ]
INFO: [ view_filter ] --START--
INFO: Run Behavior\WriteHtmlCacheBehavior [ RunTime:0.001000s ]
INFO: [ view_filter ] --END-- [ RunTime:0.001000s ]
INFO: [ app_end ] --START--
INFO: Run Behavior\ShowPageTraceBehavior [ RunTime:0.002000s ]
INFO: [ app_end ] --END-- [ RunTime:0.002000s ]

[ 2016-11-22T21:42:10+08:00 ] ::1 /warehouse/index.php/Home/enterstock/index
INFO: [ app_init ] --START--
INFO: Run Behavior\BuildLiteBehavior [ RunTime:0.000000s ]
INFO: [ app_init ] --END-- [ RunTime:0.000000s ]
INFO: [ app_begin ] --START--
INFO: Run Behavior\ReadHtmlCacheBehavior [ RunTime:0.001000s ]
INFO: [ app_begin ] --END-- [ RunTime:0.001000s ]
SQL: DESCRIBE wh_user [ RunTime:0.004000s ]
NOTIC: [2048] Declaration of Home\Model\EnterstockModel::_after_insert() should be compatible with Think\Model::_after_insert($data, $options) D:\xampp\htdocs\warehouse\Application\Home\Model\EnterstockModel.class.php 第 84 行.
SQL: DESCRIBE wh_enterstock [ RunTime:0.003000s ]
NOTIC: [2] Invalid argument supplied for foreach() D:\xampp\htdocs\warehouse\ThinkPHP\Library\Think\Db.class.php 第 429 行.
SQL: SELECT COUNT(*) AS tp_count FROM `wh_enterstock` LIMIT 1   [ RunTime:0.000000s ]
NOTIC: [2] Invalid argument supplied for foreach() D:\xampp\htdocs\warehouse\ThinkPHP\Library\Think\Db.class.php 第 429 行.
SQL: SELECT a.*,b.id AS id_user,b.username FROM wh_enterstock a INNER JOIN wh_user b ON a.user_id=b.id  ORDER BY a.enterdate desc LIMIT 0,10   [ RunTime:0.000000s ]
SQL: DESCRIBE wh_type [ RunTime:0.003001s ]
SQL: SELECT * FROM `wh_type`  [ RunTime:0.001000s ]
SQL: DESCRIBE wh_category [ RunTime:0.003000s ]
SQL: SELECT * FROM `wh_category`  [ RunTime:0.001000s ]
SQL: DESCRIBE wh_stockhouse [ RunTime:0.003000s ]
SQL: SELECT * FROM `wh_stockhouse`  [ RunTime:0.001000s ]
INFO: [ view_parse ] --START--
INFO: [ template_filter ] --START--
INFO: Run Behavior\ContentReplaceBehavior [ RunTime:0.000000s ]
INFO: [ template_filter ] --END-- [ RunTime:0.000000s ]
NOTIC: [8] Undefined index: level D:\xampp\htdocs\warehouse\Application\Runtime\Cache\Home\42aecb328dedee42b40fd4200f973939.php 第 60 行.
NOTIC: [8] Undefined index: level D:\xampp\htdocs\warehouse\Application\Runtime\Cache\Home\42aecb328dedee42b40fd4200f973939.php 第 60 行.
INFO: Run Behavior\ParseTemplateBehavior [ RunTime:0.012001s ]
INFO: [ view_parse ] --END-- [ RunTime:0.012001s ]
INFO: [ view_filter ] --START--
INFO: Run Behavior\WriteHtmlCacheBehavior [ RunTime:0.000000s ]
INFO: [ view_filter ] --END-- [ RunTime:0.001000s ]
INFO: [ app_end ] --START--
INFO: Run Behavior\ShowPageTraceBehavior [ RunTime:0.002000s ]
INFO: [ app_end ] --END-- [ RunTime:0.002000s ]

[ 2016-11-22T21:42:37+08:00 ] ::1 /warehouse/index.php/Home/Enterstock/edit/id/1
INFO: [ app_init ] --START--
INFO: Run Behavior\BuildLiteBehavior [ RunTime:0.000000s ]
INFO: [ app_init ] --END-- [ RunTime:0.000000s ]
INFO: [ app_begin ] --START--
INFO: Run Behavior\ReadHtmlCacheBehavior [ RunTime:0.001000s ]
INFO: [ app_begin ] --END-- [ RunTime:0.001000s ]
SQL: DESCRIBE wh_user [ RunTime:0.004000s ]
NOTIC: [2048] Declaration of Home\Model\EnterstockModel::_after_insert() should be compatible with Think\Model::_after_insert($data, $options) D:\xampp\htdocs\warehouse\Application\Home\Model\EnterstockModel.class.php 第 84 行.
SQL: DESCRIBE wh_enterstock [ RunTime:0.003000s ]
SQL: SELECT * FROM `wh_enterstock` WHERE ( `id` = 1 ) LIMIT 1   [ RunTime:0.001000s ]
SQL: DESCRIBE wh_stockhouse [ RunTime:0.003000s ]
SQL: SELECT `id`,`username` FROM `wh_user`  [ RunTime:0.000000s ]
SQL: SELECT `id`,`name` FROM `wh_stockhouse`  [ RunTime:0.001000s ]
INFO: [ view_parse ] --START--
INFO: [ template_filter ] --START--
INFO: Run Behavior\ContentReplaceBehavior [ RunTime:0.000000s ]
INFO: [ template_filter ] --END-- [ RunTime:0.000000s ]
NOTIC: [8] Undefined index: stock_id D:\xampp\htdocs\warehouse\Application\Runtime\Cache\Home\c269971ecff4c1a05bdd54a0c35c34ff.php 第 73 行.
NOTIC: [8] Undefined index: stock_id D:\xampp\htdocs\warehouse\Application\Runtime\Cache\Home\c269971ecff4c1a05bdd54a0c35c34ff.php 第 73 行.
INFO: Run Behavior\ParseTemplateBehavior [ RunTime:0.011000s ]
INFO: [ view_parse ] --END-- [ RunTime:0.011000s ]
INFO: [ view_filter ] --START--
INFO: Run Behavior\WriteHtmlCacheBehavior [ RunTime:0.000000s ]
INFO: [ view_filter ] --END-- [ RunTime:0.000000s ]
INFO: [ app_end ] --START--
INFO: Run Behavior\ShowPageTraceBehavior [ RunTime:0.001000s ]
INFO: [ app_end ] --END-- [ RunTime:0.001000s ]

[ 2016-11-22T21:57:48+08:00 ] ::1 /warehouse/index.php/Home/enterstock/index
INFO: [ app_init ] --START--
INFO: Run Behavior\BuildLiteBehavior [ RunTime:0.000000s ]
INFO: [ app_init ] --END-- [ RunTime:0.000000s ]
INFO: [ app_begin ] --START--
INFO: Run Behavior\ReadHtmlCacheBehavior [ RunTime:0.001000s ]
INFO: [ app_begin ] --END-- [ RunTime:0.001000s ]
SQL: DESCRIBE wh_user [ RunTime:0.003000s ]
NOTIC: [2048] Declaration of Home\Model\EnterstockModel::_after_insert() should be compatible with Think\Model::_after_insert($data, $options) D:\xampp\htdocs\warehouse\Application\Home\Model\EnterstockModel.class.php 第 84 行.
SQL: DESCRIBE wh_enterstock [ RunTime:0.004000s ]
NOTIC: [2] Invalid argument supplied for foreach() D:\xampp\htdocs\warehouse\ThinkPHP\Library\Think\Db.class.php 第 429 行.
SQL: SELECT COUNT(*) AS tp_count FROM `wh_enterstock` LIMIT 1   [ RunTime:0.000000s ]
NOTIC: [2] Invalid argument supplied for foreach() D:\xampp\htdocs\warehouse\ThinkPHP\Library\Think\Db.class.php 第 429 行.
SQL: SELECT a.*,b.id AS id_user,b.username FROM wh_enterstock a INNER JOIN wh_user b ON a.user_id=b.id  ORDER BY a.enterdate desc LIMIT 0,10   [ RunTime:0.000000s ]
SQL: DESCRIBE wh_type [ RunTime:0.003000s ]
SQL: SELECT * FROM `wh_type`  [ RunTime:0.000000s ]
SQL: DESCRIBE wh_category [ RunTime:0.004000s ]
SQL: SELECT * FROM `wh_category`  [ RunTime:0.000000s ]
SQL: DESCRIBE wh_stockhouse [ RunTime:0.003000s ]
SQL: SELECT * FROM `wh_stockhouse`  [ RunTime:0.000000s ]
INFO: [ view_parse ] --START--
INFO: [ template_filter ] --START--
INFO: Run Behavior\ContentReplaceBehavior [ RunTime:0.000000s ]
INFO: [ template_filter ] --END-- [ RunTime:0.000000s ]
NOTIC: [8] Undefined index: level D:\xampp\htdocs\warehouse\Application\Runtime\Cache\Home\42aecb328dedee42b40fd4200f973939.php 第 60 行.
NOTIC: [8] Undefined index: level D:\xampp\htdocs\warehouse\Application\Runtime\Cache\Home\42aecb328dedee42b40fd4200f973939.php 第 60 行.
INFO: Run Behavior\ParseTemplateBehavior [ RunTime:0.011001s ]
INFO: [ view_parse ] --END-- [ RunTime:0.011001s ]
INFO: [ view_filter ] --START--
INFO: Run Behavior\WriteHtmlCacheBehavior [ RunTime:0.000000s ]
INFO: [ view_filter ] --END-- [ RunTime:0.001000s ]
INFO: [ app_end ] --START--
INFO: Run Behavior\ShowPageTraceBehavior [ RunTime:0.001000s ]
INFO: [ app_end ] --END-- [ RunTime:0.002000s ]

[ 2016-11-22T21:58:03+08:00 ] ::1 /warehouse/index.php/Home/enterstockdetails/lst/id/1
INFO: [ app_init ] --START--
INFO: Run Behavior\BuildLiteBehavior [ RunTime:0.000000s ]
INFO: [ app_init ] --END-- [ RunTime:0.001000s ]
INFO: [ app_begin ] --START--
INFO: Run Behavior\ReadHtmlCacheBehavior [ RunTime:0.001000s ]
INFO: [ app_begin ] --END-- [ RunTime:0.001000s ]
SQL: DESCRIBE wh_user [ RunTime:0.004000s ]
ERR: 非法操作:lst

