[ 2016-11-06T19:53:00+08:00 ] ::1 /warehouse/
INFO: [ app_init ] --START--
INFO: Run Behavior\BuildLiteBehavior [ RunTime:0.000000s ]
INFO: [ app_init ] --END-- [ RunTime:0.001000s ]
INFO: [ app_begin ] --START--
INFO: Run Behavior\ReadHtmlCacheBehavior [ RunTime:0.001000s ]
INFO: [ app_begin ] --END-- [ RunTime:0.001000s ]
SQL: DESCRIBE wh_user [ RunTime:0.005000s ]
SQL: SELECT `role_id` FROM `wh_user` LIMIT 1   [ RunTime:0.000000s ]
SQL: DESCRIBE wh_role [ RunTime:0.031002s ]
SQL: SELECT `pri_id_list` FROM `wh_role` WHERE ( `id` = 1 ) LIMIT 1   [ RunTime:0.000000s ]
SQL: DESCRIBE wh_privilege [ RunTime:0.007001s ]
SQL: SELECT COUNT(*) AS tp_count FROM `wh_privilege` WHERE ( id IN(1,2,4,21,24,3,5,20,6,7,8,9,10,11,13,22,12,14,15,17,23,16,18,19) AND 
				module_name='Home' AND 
				controller_name='Index' AND 
				action_name='Index' ) LIMIT 1   [ RunTime:0.001000s ]

[ 2016-11-06T19:53:42+08:00 ] ::1 /warehouse/
INFO: [ app_init ] --START--
INFO: Run Behavior\BuildLiteBehavior [ RunTime:0.000000s ]
INFO: [ app_init ] --END-- [ RunTime:0.001000s ]
INFO: [ app_begin ] --START--
INFO: Run Behavior\ReadHtmlCacheBehavior [ RunTime:0.000000s ]
INFO: [ app_begin ] --END-- [ RunTime:0.000000s ]
SQL: DESCRIBE wh_user [ RunTime:0.003000s ]
SQL: SELECT `role_id` FROM `wh_user` LIMIT 1   [ RunTime:0.000000s ]
SQL: DESCRIBE wh_role [ RunTime:0.003001s ]
SQL: SELECT `pri_id_list` FROM `wh_role` WHERE ( `id` = 1 ) LIMIT 1   [ RunTime:0.000000s ]
SQL: DESCRIBE wh_privilege [ RunTime:0.003000s ]
SQL: SELECT COUNT(*) AS tp_count FROM `wh_privilege` WHERE ( id IN(1,2,4,21,24,3,5,20,6,7,8,9,10,11,13,22,12,14,15,17,23,16,18,19) AND 
				module_name='Home' AND 
				controller_name='Index' AND 
				action_name='Index' ) LIMIT 1   [ RunTime:0.000000s ]

[ 2016-11-06T19:56:36+08:00 ] ::1 /warehouse/
INFO: [ app_init ] --START--
INFO: Run Behavior\BuildLiteBehavior [ RunTime:0.000000s ]
INFO: [ app_init ] --END-- [ RunTime:0.001000s ]
INFO: [ app_begin ] --START--
INFO: Run Behavior\ReadHtmlCacheBehavior [ RunTime:0.001000s ]
INFO: [ app_begin ] --END-- [ RunTime:0.001000s ]
SQL: DESCRIBE wh_user [ RunTime:0.004000s ]
SQL: SELECT `role_id` FROM `wh_user` LIMIT 1   [ RunTime:0.000000s ]
SQL: DESCRIBE wh_role [ RunTime:0.004000s ]
SQL: SELECT `pri_id_list` FROM `wh_role` WHERE ( `id` = 1 ) LIMIT 1   [ RunTime:0.000000s ]
SQL: DESCRIBE wh_privilege [ RunTime:0.005000s ]
SQL: SELECT COUNT(*) AS tp_count FROM `wh_privilege` WHERE ( id IN(1,2,4,21,24,3,5,20,6,7,8,9,10,11,13,22,12,14,15,17,23,16,18,19) AND 
				module_name='Home' AND 
				controller_name='Index' AND 
				action_name='Index' ) LIMIT 1   [ RunTime:0.001001s ]

[ 2016-11-06T19:57:00+08:00 ] ::1 /warehouse/
INFO: [ app_init ] --START--
INFO: Run Behavior\BuildLiteBehavior [ RunTime:0.000000s ]
INFO: [ app_init ] --END-- [ RunTime:0.001000s ]
INFO: [ app_begin ] --START--
INFO: Run Behavior\ReadHtmlCacheBehavior [ RunTime:0.001000s ]
INFO: [ app_begin ] --END-- [ RunTime:0.001000s ]
SQL: DESCRIBE wh_user [ RunTime:0.003000s ]
SQL: SELECT `role_id` FROM `wh_user` LIMIT 1   [ RunTime:0.001000s ]
SQL: DESCRIBE wh_role [ RunTime:0.003000s ]
SQL: SELECT `pri_id_list` FROM `wh_role` WHERE ( `id` = 1 ) LIMIT 1   [ RunTime:0.001000s ]
SQL: DESCRIBE wh_privilege [ RunTime:0.004001s ]
SQL: SELECT COUNT(*) AS tp_count FROM `wh_privilege` WHERE ( id IN(1,2,4,21,24,3,5,20,6,7,8,9,10,11,13,22,12,14,15,17,23,16,18,19) AND 
				module_name='Home' AND 
				controller_name='Index' AND 
				action_name='Index' ) LIMIT 1   [ RunTime:0.001000s ]

[ 2016-11-06T19:57:11+08:00 ] ::1 /warehouse/
INFO: [ app_init ] --START--
INFO: Run Behavior\BuildLiteBehavior [ RunTime:0.000000s ]
INFO: [ app_init ] --END-- [ RunTime:0.000000s ]
INFO: [ app_begin ] --START--
INFO: Run Behavior\ReadHtmlCacheBehavior [ RunTime:0.001000s ]
INFO: [ app_begin ] --END-- [ RunTime:0.001000s ]
SQL: DESCRIBE wh_user [ RunTime:0.004000s ]
SQL: SELECT `role_id` FROM `wh_user` LIMIT 1   [ RunTime:0.001000s ]
SQL: DESCRIBE wh_role [ RunTime:0.003000s ]
SQL: SELECT `pri_id_list` FROM `wh_role` WHERE ( `id` = 1 ) LIMIT 1   [ RunTime:0.001000s ]
SQL: DESCRIBE wh_privilege [ RunTime:0.004001s ]
SQL: SELECT COUNT(*) AS tp_count FROM `wh_privilege` WHERE ( id IN(1,2,4,21,24,3,5,20,6,7,8,9,10,11,13,22,12,14,15,17,23,16,18,19) AND 
				module_name='Home' AND 
				controller_name='Index' AND 
				action_name='Index' ) LIMIT 1   [ RunTime:0.001000s ]

[ 2016-11-06T19:57:40+08:00 ] ::1 /warehouse/
INFO: [ app_init ] --START--
INFO: Run Behavior\BuildLiteBehavior [ RunTime:0.000000s ]
INFO: [ app_init ] --END-- [ RunTime:0.001000s ]
INFO: [ app_begin ] --START--
INFO: Run Behavior\ReadHtmlCacheBehavior [ RunTime:0.001000s ]
INFO: [ app_begin ] --END-- [ RunTime:0.001000s ]
SQL: DESCRIBE wh_user [ RunTime:0.004001s ]
SQL: SELECT `role_id` FROM `wh_user` LIMIT 1   [ RunTime:0.001000s ]
SQL: DESCRIBE wh_role [ RunTime:0.004000s ]
SQL: SELECT `pri_id_list` FROM `wh_role` WHERE ( `id` = 1 ) LIMIT 1   [ RunTime:0.001000s ]
SQL: DESCRIBE wh_privilege [ RunTime:0.003000s ]
SQL: SELECT COUNT(*) AS tp_count FROM `wh_privilege` WHERE ( id IN(1,2,4,21,24,3,5,20,6,7,8,9,10,11,13,22,12,14,15,17,23,16,18,19) AND 
				module_name='Home' AND 
				controller_name='Index' AND 
				action_name='Index' ) LIMIT 1   [ RunTime:0.001000s ]

[ 2016-11-06T19:57:58+08:00 ] ::1 /warehouse/
INFO: [ app_init ] --START--
INFO: Run Behavior\BuildLiteBehavior [ RunTime:0.000000s ]
INFO: [ app_init ] --END-- [ RunTime:0.001000s ]
INFO: [ app_begin ] --START--
INFO: Run Behavior\ReadHtmlCacheBehavior [ RunTime:0.001000s ]
INFO: [ app_begin ] --END-- [ RunTime:0.001000s ]
SQL: DESCRIBE wh_user [ RunTime:0.004000s ]
SQL: SELECT `role_id` FROM `wh_user` LIMIT 1   [ RunTime:0.000000s ]
SQL: DESCRIBE wh_role [ RunTime:0.003001s ]
SQL: SELECT `pri_id_list` FROM `wh_role` WHERE ( `id` = 1 ) LIMIT 1   [ RunTime:0.001000s ]
SQL: DESCRIBE wh_privilege [ RunTime:0.003000s ]
SQL: SELECT COUNT(*) AS tp_count FROM `wh_privilege` WHERE ( id IN(1,2,4,21,24,3,5,20,6,7,8,9,10,11,13,22,12,14,15,17,23,16,18,19) AND 
				module_name='Home' AND 
				controller_name='Index' AND 
				action_name='Index' ) LIMIT 1   [ RunTime:0.000000s ]

[ 2016-11-06T19:58:03+08:00 ] ::1 /warehouse/
INFO: [ app_init ] --START--
INFO: Run Behavior\BuildLiteBehavior [ RunTime:0.000000s ]
INFO: [ app_init ] --END-- [ RunTime:0.001000s ]
INFO: [ app_begin ] --START--
INFO: Run Behavior\ReadHtmlCacheBehavior [ RunTime:0.000000s ]
INFO: [ app_begin ] --END-- [ RunTime:0.001000s ]
SQL: DESCRIBE wh_user [ RunTime:0.004000s ]
SQL: SELECT `role_id` FROM `wh_user` LIMIT 1   [ RunTime:0.000000s ]
SQL: DESCRIBE wh_role [ RunTime:0.004000s ]
SQL: SELECT `pri_id_list` FROM `wh_role` WHERE ( `id` = 1 ) LIMIT 1   [ RunTime:0.000000s ]
SQL: DESCRIBE wh_privilege [ RunTime:0.003000s ]
SQL: SELECT COUNT(*) AS tp_count FROM `wh_privilege` WHERE ( id IN(1,2,4,21,24,3,5,20,6,7,8,9,10,11,13,22,12,14,15,17,23,16,18,19) AND 
				module_name='Home' AND 
				controller_name='Index' AND 
				action_name='Index' ) LIMIT 1   [ RunTime:0.000000s ]

[ 2016-11-06T20:04:13+08:00 ] ::1 /warehouse/
INFO: [ app_init ] --START--
INFO: Run Behavior\BuildLiteBehavior [ RunTime:0.000000s ]
INFO: [ app_init ] --END-- [ RunTime:0.000000s ]
INFO: [ app_begin ] --START--
INFO: Run Behavior\ReadHtmlCacheBehavior [ RunTime:0.001000s ]
INFO: [ app_begin ] --END-- [ RunTime:0.001000s ]
SQL: DESCRIBE wh_user [ RunTime:0.004000s ]

[ 2016-11-06T20:04:28+08:00 ] ::1 /warehouse/
INFO: [ app_init ] --START--
INFO: Run Behavior\BuildLiteBehavior [ RunTime:0.000000s ]
INFO: [ app_init ] --END-- [ RunTime:0.001000s ]
INFO: [ app_begin ] --START--
INFO: Run Behavior\ReadHtmlCacheBehavior [ RunTime:0.001000s ]
INFO: [ app_begin ] --END-- [ RunTime:0.001000s ]
SQL: DESCRIBE wh_user [ RunTime:0.004000s ]

[ 2016-11-06T20:05:16+08:00 ] ::1 /warehouse/
INFO: [ app_init ] --START--
INFO: Run Behavior\BuildLiteBehavior [ RunTime:0.000000s ]
INFO: [ app_init ] --END-- [ RunTime:0.001000s ]
INFO: [ app_begin ] --START--
INFO: Run Behavior\ReadHtmlCacheBehavior [ RunTime:0.001000s ]
INFO: [ app_begin ] --END-- [ RunTime:0.001000s ]
SQL: DESCRIBE wh_user [ RunTime:0.003000s ]

[ 2016-11-06T20:05:23+08:00 ] ::1 /warehouse/
INFO: [ app_init ] --START--
INFO: Run Behavior\BuildLiteBehavior [ RunTime:0.000000s ]
INFO: [ app_init ] --END-- [ RunTime:0.001000s ]
INFO: [ app_begin ] --START--
INFO: Run Behavior\ReadHtmlCacheBehavior [ RunTime:0.001000s ]
INFO: [ app_begin ] --END-- [ RunTime:0.001000s ]
SQL: DESCRIBE wh_user [ RunTime:0.003000s ]

[ 2016-11-06T20:05:23+08:00 ] ::1 /warehouse/index.php/Home/Index/login.html
INFO: [ app_init ] --START--
INFO: Run Behavior\BuildLiteBehavior [ RunTime:0.000000s ]
INFO: [ app_init ] --END-- [ RunTime:0.001000s ]
INFO: [ app_begin ] --START--
INFO: Run Behavior\ReadHtmlCacheBehavior [ RunTime:0.001000s ]
INFO: [ app_begin ] --END-- [ RunTime:0.001000s ]
SQL: DESCRIBE wh_user [ RunTime:0.003001s ]

[ 2016-11-06T20:05:23+08:00 ] ::1 /warehouse/index.php/Home/Index/login.html
INFO: [ app_init ] --START--
INFO: Run Behavior\BuildLiteBehavior [ RunTime:0.000000s ]
INFO: [ app_init ] --END-- [ RunTime:0.000000s ]
INFO: [ app_begin ] --START--
INFO: Run Behavior\ReadHtmlCacheBehavior [ RunTime:0.001000s ]
INFO: [ app_begin ] --END-- [ RunTime:0.001000s ]
SQL: DESCRIBE wh_user [ RunTime:0.004000s ]

[ 2016-11-06T20:05:23+08:00 ] ::1 /warehouse/index.php/Home/Index/login.html
INFO: [ app_init ] --START--
INFO: Run Behavior\BuildLiteBehavior [ RunTime:0.000000s ]
INFO: [ app_init ] --END-- [ RunTime:0.001000s ]
INFO: [ app_begin ] --START--
INFO: Run Behavior\ReadHtmlCacheBehavior [ RunTime:0.000000s ]
INFO: [ app_begin ] --END-- [ RunTime:0.001000s ]
SQL: DESCRIBE wh_user [ RunTime:0.003000s ]

[ 2016-11-06T20:05:23+08:00 ] ::1 /warehouse/index.php/Home/Index/login.html
INFO: [ app_init ] --START--
INFO: Run Behavior\BuildLiteBehavior [ RunTime:0.000000s ]
INFO: [ app_init ] --END-- [ RunTime:0.000000s ]
INFO: [ app_begin ] --START--
INFO: Run Behavior\ReadHtmlCacheBehavior [ RunTime:0.001000s ]
INFO: [ app_begin ] --END-- [ RunTime:0.001000s ]
SQL: DESCRIBE wh_user [ RunTime:0.003000s ]

[ 2016-11-06T20:05:23+08:00 ] ::1 /warehouse/index.php/Home/Index/login.html
INFO: [ app_init ] --START--
INFO: Run Behavior\BuildLiteBehavior [ RunTime:0.000000s ]
INFO: [ app_init ] --END-- [ RunTime:0.000000s ]
INFO: [ app_begin ] --START--
INFO: Run Behavior\ReadHtmlCacheBehavior [ RunTime:0.001000s ]
INFO: [ app_begin ] --END-- [ RunTime:0.001000s ]
SQL: DESCRIBE wh_user [ RunTime:0.003000s ]

[ 2016-11-06T20:05:23+08:00 ] ::1 /warehouse/index.php/Home/Index/login.html
INFO: [ app_init ] --START--
INFO: Run Behavior\BuildLiteBehavior [ RunTime:0.000000s ]
INFO: [ app_init ] --END-- [ RunTime:0.001000s ]
INFO: [ app_begin ] --START--
INFO: Run Behavior\ReadHtmlCacheBehavior [ RunTime:0.000000s ]
INFO: [ app_begin ] --END-- [ RunTime:0.000000s ]
SQL: DESCRIBE wh_user [ RunTime:0.004001s ]

[ 2016-11-06T20:05:23+08:00 ] ::1 /warehouse/index.php/Home/Index/login.html
INFO: [ app_init ] --START--
INFO: Run Behavior\BuildLiteBehavior [ RunTime:0.000000s ]
INFO: [ app_init ] --END-- [ RunTime:0.001000s ]
INFO: [ app_begin ] --START--
INFO: Run Behavior\ReadHtmlCacheBehavior [ RunTime:0.001000s ]
INFO: [ app_begin ] --END-- [ RunTime:0.001000s ]
SQL: DESCRIBE wh_user [ RunTime:0.004000s ]

[ 2016-11-06T20:05:23+08:00 ] ::1 /warehouse/index.php/Home/Index/login.html
INFO: [ app_init ] --START--
INFO: Run Behavior\BuildLiteBehavior [ RunTime:0.000000s ]
INFO: [ app_init ] --END-- [ RunTime:0.001000s ]
INFO: [ app_begin ] --START--
INFO: Run Behavior\ReadHtmlCacheBehavior [ RunTime:0.001001s ]
INFO: [ app_begin ] --END-- [ RunTime:0.001001s ]
SQL: DESCRIBE wh_user [ RunTime:0.003000s ]

[ 2016-11-06T20:05:23+08:00 ] ::1 /warehouse/index.php/Home/Index/login.html
INFO: [ app_init ] --START--
INFO: Run Behavior\BuildLiteBehavior [ RunTime:0.000000s ]
INFO: [ app_init ] --END-- [ RunTime:0.000000s ]
INFO: [ app_begin ] --START--
INFO: Run Behavior\ReadHtmlCacheBehavior [ RunTime:0.001000s ]
INFO: [ app_begin ] --END-- [ RunTime:0.001000s ]
SQL: DESCRIBE wh_user [ RunTime:0.003000s ]

[ 2016-11-06T20:05:23+08:00 ] ::1 /warehouse/index.php/Home/Index/login.html
INFO: [ app_init ] --START--
INFO: Run Behavior\BuildLiteBehavior [ RunTime:0.000000s ]
INFO: [ app_init ] --END-- [ RunTime:0.001000s ]
INFO: [ app_begin ] --START--
INFO: Run Behavior\ReadHtmlCacheBehavior [ RunTime:0.001000s ]
INFO: [ app_begin ] --END-- [ RunTime:0.001000s ]
SQL: DESCRIBE wh_user [ RunTime:0.003000s ]

[ 2016-11-06T20:05:23+08:00 ] ::1 /warehouse/index.php/Home/Index/login.html
INFO: [ app_init ] --START--
INFO: Run Behavior\BuildLiteBehavior [ RunTime:0.000000s ]
INFO: [ app_init ] --END-- [ RunTime:0.001000s ]
INFO: [ app_begin ] --START--
INFO: Run Behavior\ReadHtmlCacheBehavior [ RunTime:0.000000s ]
INFO: [ app_begin ] --END-- [ RunTime:0.000000s ]
SQL: DESCRIBE wh_user [ RunTime:0.003000s ]

[ 2016-11-06T20:05:23+08:00 ] ::1 /warehouse/index.php/Home/Index/login.html
INFO: [ app_init ] --START--
INFO: Run Behavior\BuildLiteBehavior [ RunTime:0.000000s ]
INFO: [ app_init ] --END-- [ RunTime:0.000000s ]
INFO: [ app_begin ] --START--
INFO: Run Behavior\ReadHtmlCacheBehavior [ RunTime:0.001000s ]
INFO: [ app_begin ] --END-- [ RunTime:0.001000s ]
SQL: DESCRIBE wh_user [ RunTime:0.003000s ]

[ 2016-11-06T20:05:23+08:00 ] ::1 /warehouse/index.php/Home/Index/login.html
INFO: [ app_init ] --START--
INFO: Run Behavior\BuildLiteBehavior [ RunTime:0.000000s ]
INFO: [ app_init ] --END-- [ RunTime:0.000000s ]
INFO: [ app_begin ] --START--
INFO: Run Behavior\ReadHtmlCacheBehavior [ RunTime:0.001000s ]
INFO: [ app_begin ] --END-- [ RunTime:0.001000s ]
SQL: DESCRIBE wh_user [ RunTime:0.004000s ]

[ 2016-11-06T20:05:23+08:00 ] ::1 /warehouse/index.php/Home/Index/login.html
INFO: [ app_init ] --START--
INFO: Run Behavior\BuildLiteBehavior [ RunTime:0.000000s ]
INFO: [ app_init ] --END-- [ RunTime:0.001000s ]
INFO: [ app_begin ] --START--
INFO: Run Behavior\ReadHtmlCacheBehavior [ RunTime:0.000000s ]
INFO: [ app_begin ] --END-- [ RunTime:0.000000s ]
SQL: DESCRIBE wh_user [ RunTime:0.003000s ]

[ 2016-11-06T20:05:24+08:00 ] ::1 /warehouse/index.php/Home/Index/login.html
INFO: [ app_init ] --START--
INFO: Run Behavior\BuildLiteBehavior [ RunTime:0.000000s ]
INFO: [ app_init ] --END-- [ RunTime:0.001000s ]
INFO: [ app_begin ] --START--
INFO: Run Behavior\ReadHtmlCacheBehavior [ RunTime:0.000000s ]
INFO: [ app_begin ] --END-- [ RunTime:0.001000s ]
SQL: DESCRIBE wh_user [ RunTime:0.003000s ]

[ 2016-11-06T20:05:24+08:00 ] ::1 /warehouse/index.php/Home/Index/login.html
INFO: [ app_init ] --START--
INFO: Run Behavior\BuildLiteBehavior [ RunTime:0.000000s ]
INFO: [ app_init ] --END-- [ RunTime:0.000000s ]
INFO: [ app_begin ] --START--
INFO: Run Behavior\ReadHtmlCacheBehavior [ RunTime:0.001000s ]
INFO: [ app_begin ] --END-- [ RunTime:0.001000s ]
SQL: DESCRIBE wh_user [ RunTime:0.004000s ]

[ 2016-11-06T20:05:24+08:00 ] ::1 /warehouse/index.php/Home/Index/login.html
INFO: [ app_init ] --START--
INFO: Run Behavior\BuildLiteBehavior [ RunTime:0.000000s ]
INFO: [ app_init ] --END-- [ RunTime:0.000000s ]
INFO: [ app_begin ] --START--
INFO: Run Behavior\ReadHtmlCacheBehavior [ RunTime:0.000000s ]
INFO: [ app_begin ] --END-- [ RunTime:0.000000s ]
SQL: DESCRIBE wh_user [ RunTime:0.003000s ]

[ 2016-11-06T20:05:24+08:00 ] ::1 /warehouse/index.php/Home/Index/login.html
INFO: [ app_init ] --START--
INFO: Run Behavior\BuildLiteBehavior [ RunTime:0.000000s ]
INFO: [ app_init ] --END-- [ RunTime:0.000000s ]
INFO: [ app_begin ] --START--
INFO: Run Behavior\ReadHtmlCacheBehavior [ RunTime:0.001000s ]
INFO: [ app_begin ] --END-- [ RunTime:0.001000s ]
SQL: DESCRIBE wh_user [ RunTime:0.003000s ]

[ 2016-11-06T20:05:24+08:00 ] ::1 /warehouse/index.php/Home/Index/login.html
INFO: [ app_init ] --START--
INFO: Run Behavior\BuildLiteBehavior [ RunTime:0.000000s ]
INFO: [ app_init ] --END-- [ RunTime:0.001000s ]
INFO: [ app_begin ] --START--
INFO: Run Behavior\ReadHtmlCacheBehavior [ RunTime:0.001000s ]
INFO: [ app_begin ] --END-- [ RunTime:0.001000s ]
SQL: DESCRIBE wh_user [ RunTime:0.003000s ]

[ 2016-11-06T20:05:24+08:00 ] ::1 /warehouse/index.php/Home/Index/login.html
INFO: [ app_init ] --START--
INFO: Run Behavior\BuildLiteBehavior [ RunTime:0.000000s ]
INFO: [ app_init ] --END-- [ RunTime:0.000000s ]
INFO: [ app_begin ] --START--
INFO: Run Behavior\ReadHtmlCacheBehavior [ RunTime:0.000000s ]
INFO: [ app_begin ] --END-- [ RunTime:0.001000s ]
SQL: DESCRIBE wh_user [ RunTime:0.003000s ]

[ 2016-11-06T20:05:35+08:00 ] ::1 /warehouse/index.php/Home/Index/login
INFO: [ app_init ] --START--
INFO: Run Behavior\BuildLiteBehavior [ RunTime:0.000000s ]
INFO: [ app_init ] --END-- [ RunTime:0.001001s ]
INFO: [ app_begin ] --START--
INFO: Run Behavior\ReadHtmlCacheBehavior [ RunTime:0.000000s ]
INFO: [ app_begin ] --END-- [ RunTime:0.000000s ]
SQL: DESCRIBE wh_user [ RunTime:0.003001s ]

[ 2016-11-06T20:05:35+08:00 ] ::1 /warehouse/index.php/Home/Index/login.html
INFO: [ app_init ] --START--
INFO: Run Behavior\BuildLiteBehavior [ RunTime:0.000000s ]
INFO: [ app_init ] --END-- [ RunTime:0.001000s ]
INFO: [ app_begin ] --START--
INFO: Run Behavior\ReadHtmlCacheBehavior [ RunTime:0.001000s ]
INFO: [ app_begin ] --END-- [ RunTime:0.001000s ]
SQL: DESCRIBE wh_user [ RunTime:0.004000s ]

[ 2016-11-06T20:05:35+08:00 ] ::1 /warehouse/index.php/Home/Index/login.html
INFO: [ app_init ] --START--
INFO: Run Behavior\BuildLiteBehavior [ RunTime:0.000000s ]
INFO: [ app_init ] --END-- [ RunTime:0.001000s ]
INFO: [ app_begin ] --START--
INFO: Run Behavior\ReadHtmlCacheBehavior [ RunTime:0.001000s ]
INFO: [ app_begin ] --END-- [ RunTime:0.001000s ]
SQL: DESCRIBE wh_user [ RunTime:0.004000s ]

[ 2016-11-06T20:05:35+08:00 ] ::1 /warehouse/index.php/Home/Index/login.html
INFO: [ app_init ] --START--
INFO: Run Behavior\BuildLiteBehavior [ RunTime:0.000000s ]
INFO: [ app_init ] --END-- [ RunTime:0.001000s ]
INFO: [ app_begin ] --START--
INFO: Run Behavior\ReadHtmlCacheBehavior [ RunTime:0.001000s ]
INFO: [ app_begin ] --END-- [ RunTime:0.001000s ]
SQL: DESCRIBE wh_user [ RunTime:0.003000s ]

[ 2016-11-06T20:05:35+08:00 ] ::1 /warehouse/index.php/Home/Index/login.html
INFO: [ app_init ] --START--
INFO: Run Behavior\BuildLiteBehavior [ RunTime:0.000000s ]
INFO: [ app_init ] --END-- [ RunTime:0.001000s ]
INFO: [ app_begin ] --START--
INFO: Run Behavior\ReadHtmlCacheBehavior [ RunTime:0.001000s ]
INFO: [ app_begin ] --END-- [ RunTime:0.001000s ]
SQL: DESCRIBE wh_user [ RunTime:0.003000s ]

[ 2016-11-06T20:05:35+08:00 ] ::1 /warehouse/index.php/Home/Index/login.html
INFO: [ app_init ] --START--
INFO: Run Behavior\BuildLiteBehavior [ RunTime:0.000000s ]
INFO: [ app_init ] --END-- [ RunTime:0.001000s ]
INFO: [ app_begin ] --START--
INFO: Run Behavior\ReadHtmlCacheBehavior [ RunTime:0.000000s ]
INFO: [ app_begin ] --END-- [ RunTime:0.000000s ]
SQL: DESCRIBE wh_user [ RunTime:0.004000s ]

[ 2016-11-06T20:05:35+08:00 ] ::1 /warehouse/index.php/Home/Index/login.html
INFO: [ app_init ] --START--
INFO: Run Behavior\BuildLiteBehavior [ RunTime:0.000000s ]
INFO: [ app_init ] --END-- [ RunTime:0.001000s ]
INFO: [ app_begin ] --START--
INFO: Run Behavior\ReadHtmlCacheBehavior [ RunTime:0.000000s ]
INFO: [ app_begin ] --END-- [ RunTime:0.001000s ]
SQL: DESCRIBE wh_user [ RunTime:0.004000s ]

[ 2016-11-06T20:05:35+08:00 ] ::1 /warehouse/index.php/Home/Index/login.html
INFO: [ app_init ] --START--
INFO: Run Behavior\BuildLiteBehavior [ RunTime:0.000000s ]
INFO: [ app_init ] --END-- [ RunTime:0.001000s ]
INFO: [ app_begin ] --START--
INFO: Run Behavior\ReadHtmlCacheBehavior [ RunTime:0.003000s ]
INFO: [ app_begin ] --END-- [ RunTime:0.003000s ]
SQL: DESCRIBE wh_user [ RunTime:0.003000s ]

[ 2016-11-06T20:05:35+08:00 ] ::1 /warehouse/index.php/Home/Index/login.html
INFO: [ app_init ] --START--
INFO: Run Behavior\BuildLiteBehavior [ RunTime:0.000000s ]
INFO: [ app_init ] --END-- [ RunTime:0.000000s ]
INFO: [ app_begin ] --START--
INFO: Run Behavior\ReadHtmlCacheBehavior [ RunTime:0.001000s ]
INFO: [ app_begin ] --END-- [ RunTime:0.001000s ]
SQL: DESCRIBE wh_user [ RunTime:0.003000s ]

[ 2016-11-06T20:05:36+08:00 ] ::1 /warehouse/index.php/Home/Index/login.html
INFO: [ app_init ] --START--
INFO: Run Behavior\BuildLiteBehavior [ RunTime:0.000000s ]
INFO: [ app_init ] --END-- [ RunTime:0.001000s ]
INFO: [ app_begin ] --START--
INFO: Run Behavior\ReadHtmlCacheBehavior [ RunTime:0.001000s ]
INFO: [ app_begin ] --END-- [ RunTime:0.001000s ]
SQL: DESCRIBE wh_user [ RunTime:0.003001s ]

[ 2016-11-06T20:05:36+08:00 ] ::1 /warehouse/index.php/Home/Index/login.html
INFO: [ app_init ] --START--
INFO: Run Behavior\BuildLiteBehavior [ RunTime:0.000000s ]
INFO: [ app_init ] --END-- [ RunTime:0.001000s ]
INFO: [ app_begin ] --START--
INFO: Run Behavior\ReadHtmlCacheBehavior [ RunTime:0.001000s ]
INFO: [ app_begin ] --END-- [ RunTime:0.001000s ]
SQL: DESCRIBE wh_user [ RunTime:0.004000s ]

[ 2016-11-06T20:05:36+08:00 ] ::1 /warehouse/index.php/Home/Index/login.html
INFO: [ app_init ] --START--
INFO: Run Behavior\BuildLiteBehavior [ RunTime:0.000000s ]
INFO: [ app_init ] --END-- [ RunTime:0.000000s ]
INFO: [ app_begin ] --START--
INFO: Run Behavior\ReadHtmlCacheBehavior [ RunTime:0.001000s ]
INFO: [ app_begin ] --END-- [ RunTime:0.001000s ]
SQL: DESCRIBE wh_user [ RunTime:0.003000s ]

[ 2016-11-06T20:05:36+08:00 ] ::1 /warehouse/index.php/Home/Index/login.html
INFO: [ app_init ] --START--
INFO: Run Behavior\BuildLiteBehavior [ RunTime:0.000000s ]
INFO: [ app_init ] --END-- [ RunTime:0.000000s ]
INFO: [ app_begin ] --START--
INFO: Run Behavior\ReadHtmlCacheBehavior [ RunTime:0.001001s ]
INFO: [ app_begin ] --END-- [ RunTime:0.001001s ]
SQL: DESCRIBE wh_user [ RunTime:0.003000s ]

[ 2016-11-06T20:05:36+08:00 ] ::1 /warehouse/index.php/Home/Index/login.html
INFO: [ app_init ] --START--
INFO: Run Behavior\BuildLiteBehavior [ RunTime:0.000000s ]
INFO: [ app_init ] --END-- [ RunTime:0.000000s ]
INFO: [ app_begin ] --START--
INFO: Run Behavior\ReadHtmlCacheBehavior [ RunTime:0.001000s ]
INFO: [ app_begin ] --END-- [ RunTime:0.001000s ]
SQL: DESCRIBE wh_user [ RunTime:0.003000s ]

[ 2016-11-06T20:05:36+08:00 ] ::1 /warehouse/index.php/Home/Index/login.html
INFO: [ app_init ] --START--
INFO: Run Behavior\BuildLiteBehavior [ RunTime:0.001000s ]
INFO: [ app_init ] --END-- [ RunTime:0.001000s ]
INFO: [ app_begin ] --START--
INFO: Run Behavior\ReadHtmlCacheBehavior [ RunTime:0.001000s ]
INFO: [ app_begin ] --END-- [ RunTime:0.001000s ]
SQL: DESCRIBE wh_user [ RunTime:0.003000s ]

[ 2016-11-06T20:05:36+08:00 ] ::1 /warehouse/index.php/Home/Index/login.html
INFO: [ app_init ] --START--
INFO: Run Behavior\BuildLiteBehavior [ RunTime:0.000000s ]
INFO: [ app_init ] --END-- [ RunTime:0.001000s ]
INFO: [ app_begin ] --START--
INFO: Run Behavior\ReadHtmlCacheBehavior [ RunTime:0.001000s ]
INFO: [ app_begin ] --END-- [ RunTime:0.001000s ]
SQL: DESCRIBE wh_user [ RunTime:0.003000s ]

[ 2016-11-06T20:05:36+08:00 ] ::1 /warehouse/index.php/Home/Index/login.html
INFO: [ app_init ] --START--
INFO: Run Behavior\BuildLiteBehavior [ RunTime:0.000000s ]
INFO: [ app_init ] --END-- [ RunTime:0.001000s ]
INFO: [ app_begin ] --START--
INFO: Run Behavior\ReadHtmlCacheBehavior [ RunTime:0.000000s ]
INFO: [ app_begin ] --END-- [ RunTime:0.001000s ]
SQL: DESCRIBE wh_user [ RunTime:0.003000s ]

[ 2016-11-06T20:05:36+08:00 ] ::1 /warehouse/index.php/Home/Index/login.html
INFO: [ app_init ] --START--
INFO: Run Behavior\BuildLiteBehavior [ RunTime:0.000000s ]
INFO: [ app_init ] --END-- [ RunTime:0.001000s ]
INFO: [ app_begin ] --START--
INFO: Run Behavior\ReadHtmlCacheBehavior [ RunTime:0.001000s ]
INFO: [ app_begin ] --END-- [ RunTime:0.001000s ]
SQL: DESCRIBE wh_user [ RunTime:0.004000s ]

[ 2016-11-06T20:05:36+08:00 ] ::1 /warehouse/index.php/Home/Index/login.html
INFO: [ app_init ] --START--
INFO: Run Behavior\BuildLiteBehavior [ RunTime:0.000000s ]
INFO: [ app_init ] --END-- [ RunTime:0.001000s ]
INFO: [ app_begin ] --START--
INFO: Run Behavior\ReadHtmlCacheBehavior [ RunTime:0.001000s ]
INFO: [ app_begin ] --END-- [ RunTime:0.001000s ]
SQL: DESCRIBE wh_user [ RunTime:0.003000s ]

[ 2016-11-06T20:05:36+08:00 ] ::1 /warehouse/index.php/Home/Index/login.html
INFO: [ app_init ] --START--
INFO: Run Behavior\BuildLiteBehavior [ RunTime:0.000000s ]
INFO: [ app_init ] --END-- [ RunTime:0.001000s ]
INFO: [ app_begin ] --START--
INFO: Run Behavior\ReadHtmlCacheBehavior [ RunTime:0.000000s ]
INFO: [ app_begin ] --END-- [ RunTime:0.001000s ]
SQL: DESCRIBE wh_user [ RunTime:0.003000s ]

[ 2016-11-06T20:05:36+08:00 ] ::1 /warehouse/index.php/Home/Index/login.html
INFO: [ app_init ] --START--
INFO: Run Behavior\BuildLiteBehavior [ RunTime:0.000000s ]
INFO: [ app_init ] --END-- [ RunTime:0.001000s ]
INFO: [ app_begin ] --START--
INFO: Run Behavior\ReadHtmlCacheBehavior [ RunTime:0.000000s ]
INFO: [ app_begin ] --END-- [ RunTime:0.000000s ]
SQL: DESCRIBE wh_user [ RunTime:0.003000s ]

[ 2016-11-06T20:05:47+08:00 ] ::1 /warehouse/Home/Index/login.html
INFO: [ app_init ] --START--
INFO: Run Behavior\BuildLiteBehavior [ RunTime:0.000000s ]
INFO: [ app_init ] --END-- [ RunTime:0.001000s ]
INFO: [ app_begin ] --START--
INFO: Run Behavior\ReadHtmlCacheBehavior [ RunTime:0.000000s ]
INFO: [ app_begin ] --END-- [ RunTime:0.001000s ]
SQL: DESCRIBE wh_user [ RunTime:0.003000s ]

[ 2016-11-06T20:05:47+08:00 ] ::1 /warehouse/index.php/Home/Index/login.html
INFO: [ app_init ] --START--
INFO: Run Behavior\BuildLiteBehavior [ RunTime:0.000000s ]
INFO: [ app_init ] --END-- [ RunTime:0.001000s ]
INFO: [ app_begin ] --START--
INFO: Run Behavior\ReadHtmlCacheBehavior [ RunTime:0.001000s ]
INFO: [ app_begin ] --END-- [ RunTime:0.001000s ]
SQL: DESCRIBE wh_user [ RunTime:0.003001s ]

[ 2016-11-06T20:05:47+08:00 ] ::1 /warehouse/index.php/Home/Index/login.html
INFO: [ app_init ] --START--
INFO: Run Behavior\BuildLiteBehavior [ RunTime:0.000000s ]
INFO: [ app_init ] --END-- [ RunTime:0.000000s ]
INFO: [ app_begin ] --START--
INFO: Run Behavior\ReadHtmlCacheBehavior [ RunTime:0.001000s ]
INFO: [ app_begin ] --END-- [ RunTime:0.001000s ]
SQL: DESCRIBE wh_user [ RunTime:0.004000s ]

[ 2016-11-06T20:05:47+08:00 ] ::1 /warehouse/index.php/Home/Index/login.html
INFO: [ app_init ] --START--
INFO: Run Behavior\BuildLiteBehavior [ RunTime:0.000000s ]
INFO: [ app_init ] --END-- [ RunTime:0.000000s ]
INFO: [ app_begin ] --START--
INFO: Run Behavior\ReadHtmlCacheBehavior [ RunTime:0.001000s ]
INFO: [ app_begin ] --END-- [ RunTime:0.001000s ]
SQL: DESCRIBE wh_user [ RunTime:0.003000s ]

[ 2016-11-06T20:05:47+08:00 ] ::1 /warehouse/index.php/Home/Index/login.html
INFO: [ app_init ] --START--
INFO: Run Behavior\BuildLiteBehavior [ RunTime:0.000000s ]
INFO: [ app_init ] --END-- [ RunTime:0.001000s ]
INFO: [ app_begin ] --START--
INFO: Run Behavior\ReadHtmlCacheBehavior [ RunTime:0.001000s ]
INFO: [ app_begin ] --END-- [ RunTime:0.001000s ]
SQL: DESCRIBE wh_user [ RunTime:0.003000s ]

[ 2016-11-06T20:05:47+08:00 ] ::1 /warehouse/index.php/Home/Index/login.html
INFO: [ app_init ] --START--
INFO: Run Behavior\BuildLiteBehavior [ RunTime:0.000000s ]
INFO: [ app_init ] --END-- [ RunTime:0.001000s ]
INFO: [ app_begin ] --START--
INFO: Run Behavior\ReadHtmlCacheBehavior [ RunTime:0.001000s ]
INFO: [ app_begin ] --END-- [ RunTime:0.001000s ]
SQL: DESCRIBE wh_user [ RunTime:0.004000s ]

[ 2016-11-06T20:05:47+08:00 ] ::1 /warehouse/index.php/Home/Index/login.html
INFO: [ app_init ] --START--
INFO: Run Behavior\BuildLiteBehavior [ RunTime:0.000000s ]
INFO: [ app_init ] --END-- [ RunTime:0.000000s ]
INFO: [ app_begin ] --START--
INFO: Run Behavior\ReadHtmlCacheBehavior [ RunTime:0.001000s ]
INFO: [ app_begin ] --END-- [ RunTime:0.001000s ]
SQL: DESCRIBE wh_user [ RunTime:0.003000s ]

[ 2016-11-06T20:05:47+08:00 ] ::1 /warehouse/index.php/Home/Index/login.html
INFO: [ app_init ] --START--
INFO: Run Behavior\BuildLiteBehavior [ RunTime:0.000000s ]
INFO: [ app_init ] --END-- [ RunTime:0.001000s ]
INFO: [ app_begin ] --START--
INFO: Run Behavior\ReadHtmlCacheBehavior [ RunTime:0.000000s ]
INFO: [ app_begin ] --END-- [ RunTime:0.000000s ]
SQL: DESCRIBE wh_user [ RunTime:0.003000s ]

[ 2016-11-06T20:05:47+08:00 ] ::1 /warehouse/index.php/Home/Index/login.html
INFO: [ app_init ] --START--
INFO: Run Behavior\BuildLiteBehavior [ RunTime:0.000000s ]
INFO: [ app_init ] --END-- [ RunTime:0.001001s ]
INFO: [ app_begin ] --START--
INFO: Run Behavior\ReadHtmlCacheBehavior [ RunTime:0.001000s ]
INFO: [ app_begin ] --END-- [ RunTime:0.001000s ]
SQL: DESCRIBE wh_user [ RunTime:0.003000s ]

[ 2016-11-06T20:05:47+08:00 ] ::1 /warehouse/index.php/Home/Index/login.html
INFO: [ app_init ] --START--
INFO: Run Behavior\BuildLiteBehavior [ RunTime:0.000000s ]
INFO: [ app_init ] --END-- [ RunTime:0.000000s ]
INFO: [ app_begin ] --START--
INFO: Run Behavior\ReadHtmlCacheBehavior [ RunTime:0.001000s ]
INFO: [ app_begin ] --END-- [ RunTime:0.001000s ]
SQL: DESCRIBE wh_user [ RunTime:0.004000s ]

[ 2016-11-06T20:05:48+08:00 ] ::1 /warehouse/index.php/Home/Index/login.html
INFO: [ app_init ] --START--
INFO: Run Behavior\BuildLiteBehavior [ RunTime:0.000000s ]
INFO: [ app_init ] --END-- [ RunTime:0.001000s ]
INFO: [ app_begin ] --START--
INFO: Run Behavior\ReadHtmlCacheBehavior [ RunTime:0.001000s ]
INFO: [ app_begin ] --END-- [ RunTime:0.001000s ]
SQL: DESCRIBE wh_user [ RunTime:0.003000s ]

[ 2016-11-06T20:05:48+08:00 ] ::1 /warehouse/index.php/Home/Index/login.html
INFO: [ app_init ] --START--
INFO: Run Behavior\BuildLiteBehavior [ RunTime:0.000000s ]
INFO: [ app_init ] --END-- [ RunTime:0.001000s ]
INFO: [ app_begin ] --START--
INFO: Run Behavior\ReadHtmlCacheBehavior [ RunTime:0.001000s ]
INFO: [ app_begin ] --END-- [ RunTime:0.001000s ]
SQL: DESCRIBE wh_user [ RunTime:0.003000s ]

[ 2016-11-06T20:05:48+08:00 ] ::1 /warehouse/index.php/Home/Index/login.html
INFO: [ app_init ] --START--
INFO: Run Behavior\BuildLiteBehavior [ RunTime:0.000000s ]
INFO: [ app_init ] --END-- [ RunTime:0.001000s ]
INFO: [ app_begin ] --START--
INFO: Run Behavior\ReadHtmlCacheBehavior [ RunTime:0.000000s ]
INFO: [ app_begin ] --END-- [ RunTime:0.000000s ]
SQL: DESCRIBE wh_user [ RunTime:0.003000s ]

[ 2016-11-06T20:05:48+08:00 ] ::1 /warehouse/index.php/Home/Index/login.html
INFO: [ app_init ] --START--
INFO: Run Behavior\BuildLiteBehavior [ RunTime:0.000000s ]
INFO: [ app_init ] --END-- [ RunTime:0.001000s ]
INFO: [ app_begin ] --START--
INFO: Run Behavior\ReadHtmlCacheBehavior [ RunTime:0.001000s ]
INFO: [ app_begin ] --END-- [ RunTime:0.001000s ]
SQL: DESCRIBE wh_user [ RunTime:0.003000s ]

[ 2016-11-06T20:05:48+08:00 ] ::1 /warehouse/index.php/Home/Index/login.html
INFO: [ app_init ] --START--
INFO: Run Behavior\BuildLiteBehavior [ RunTime:0.000000s ]
INFO: [ app_init ] --END-- [ RunTime:0.000000s ]
INFO: [ app_begin ] --START--
INFO: Run Behavior\ReadHtmlCacheBehavior [ RunTime:0.001000s ]
INFO: [ app_begin ] --END-- [ RunTime:0.001000s ]
SQL: DESCRIBE wh_user [ RunTime:0.003000s ]

[ 2016-11-06T20:05:48+08:00 ] ::1 /warehouse/index.php/Home/Index/login.html
INFO: [ app_init ] --START--
INFO: Run Behavior\BuildLiteBehavior [ RunTime:0.000000s ]
INFO: [ app_init ] --END-- [ RunTime:0.000000s ]
INFO: [ app_begin ] --START--
INFO: Run Behavior\ReadHtmlCacheBehavior [ RunTime:0.000000s ]
INFO: [ app_begin ] --END-- [ RunTime:0.001000s ]
SQL: DESCRIBE wh_user [ RunTime:0.003001s ]

[ 2016-11-06T20:05:48+08:00 ] ::1 /warehouse/index.php/Home/Index/login.html
INFO: [ app_init ] --START--
INFO: Run Behavior\BuildLiteBehavior [ RunTime:0.000000s ]
INFO: [ app_init ] --END-- [ RunTime:0.001000s ]
INFO: [ app_begin ] --START--
INFO: Run Behavior\ReadHtmlCacheBehavior [ RunTime:0.001000s ]
INFO: [ app_begin ] --END-- [ RunTime:0.001000s ]
SQL: DESCRIBE wh_user [ RunTime:0.003000s ]

[ 2016-11-06T20:05:48+08:00 ] ::1 /warehouse/index.php/Home/Index/login.html
INFO: [ app_init ] --START--
INFO: Run Behavior\BuildLiteBehavior [ RunTime:0.000000s ]
INFO: [ app_init ] --END-- [ RunTime:0.001000s ]
INFO: [ app_begin ] --START--
INFO: Run Behavior\ReadHtmlCacheBehavior [ RunTime:0.000000s ]
INFO: [ app_begin ] --END-- [ RunTime:0.000000s ]
SQL: DESCRIBE wh_user [ RunTime:0.004000s ]

[ 2016-11-06T20:05:48+08:00 ] ::1 /warehouse/index.php/Home/Index/login.html
INFO: [ app_init ] --START--
INFO: Run Behavior\BuildLiteBehavior [ RunTime:0.000000s ]
INFO: [ app_init ] --END-- [ RunTime:0.001000s ]
INFO: [ app_begin ] --START--
INFO: Run Behavior\ReadHtmlCacheBehavior [ RunTime:0.001000s ]
INFO: [ app_begin ] --END-- [ RunTime:0.001000s ]
SQL: DESCRIBE wh_user [ RunTime:0.004000s ]

[ 2016-11-06T20:05:48+08:00 ] ::1 /warehouse/index.php/Home/Index/login.html
INFO: [ app_init ] --START--
INFO: Run Behavior\BuildLiteBehavior [ RunTime:0.000000s ]
INFO: [ app_init ] --END-- [ RunTime:0.000000s ]
INFO: [ app_begin ] --START--
INFO: Run Behavior\ReadHtmlCacheBehavior [ RunTime:0.000000s ]
INFO: [ app_begin ] --END-- [ RunTime:0.001000s ]
SQL: DESCRIBE wh_user [ RunTime:0.003000s ]

[ 2016-11-06T20:05:48+08:00 ] ::1 /warehouse/index.php/Home/Index/login.html
INFO: [ app_init ] --START--
INFO: Run Behavior\BuildLiteBehavior [ RunTime:0.000000s ]
INFO: [ app_init ] --END-- [ RunTime:0.001000s ]
INFO: [ app_begin ] --START--
INFO: Run Behavior\ReadHtmlCacheBehavior [ RunTime:0.000000s ]
INFO: [ app_begin ] --END-- [ RunTime:0.000000s ]
SQL: DESCRIBE wh_user [ RunTime:0.004000s ]

[ 2016-11-06T20:06:01+08:00 ] ::1 /warehouse/index.php/Home/Index/login.html
INFO: [ app_init ] --START--
INFO: Run Behavior\BuildLiteBehavior [ RunTime:0.000000s ]
INFO: [ app_init ] --END-- [ RunTime:0.000000s ]
INFO: [ app_begin ] --START--
INFO: Run Behavior\ReadHtmlCacheBehavior [ RunTime:0.001000s ]
INFO: [ app_begin ] --END-- [ RunTime:0.001000s ]
SQL: DESCRIBE wh_user [ RunTime:0.004000s ]
SQL: SELECT `role_id` FROM `wh_user` LIMIT 1   [ RunTime:0.001000s ]
SQL: DESCRIBE wh_role [ RunTime:0.003001s ]
SQL: SELECT `pri_id_list` FROM `wh_role` WHERE ( `id` = 1 ) LIMIT 1   [ RunTime:0.000000s ]
SQL: DESCRIBE wh_privilege [ RunTime:0.003000s ]
SQL: SELECT COUNT(*) AS tp_count FROM `wh_privilege` WHERE ( id IN(1,2,4,21,24,3,5,20,6,7,8,9,10,11,13,22,12,14,15,17,23,16,18,19) AND 
				module_name='Home' AND 
				controller_name='Index' AND 
				action_name='Login' ) LIMIT 1   [ RunTime:0.001000s ]
INFO: [ view_parse ] --START--
INFO: [ template_filter ] --START--
INFO: Run Behavior\ContentReplaceBehavior [ RunTime:0.000000s ]
INFO: [ template_filter ] --END-- [ RunTime:0.000000s ]
INFO: Run Behavior\ParseTemplateBehavior [ RunTime:0.010000s ]
INFO: [ view_parse ] --END-- [ RunTime:0.010000s ]
INFO: [ view_filter ] --START--
INFO: Run Behavior\WriteHtmlCacheBehavior [ RunTime:0.001001s ]
INFO: [ view_filter ] --END-- [ RunTime:0.001001s ]

[ 2016-11-06T20:06:23+08:00 ] ::1 /warehouse/index.php/Home/Index/index
INFO: [ app_init ] --START--
INFO: Run Behavior\BuildLiteBehavior [ RunTime:0.000000s ]
INFO: [ app_init ] --END-- [ RunTime:0.001000s ]
INFO: [ app_begin ] --START--
INFO: Run Behavior\ReadHtmlCacheBehavior [ RunTime:0.001000s ]
INFO: [ app_begin ] --END-- [ RunTime:0.001000s ]
SQL: DESCRIBE wh_user [ RunTime:0.003001s ]
SQL: SELECT `role_id` FROM `wh_user` LIMIT 1   [ RunTime:0.000000s ]
SQL: DESCRIBE wh_role [ RunTime:0.003000s ]
SQL: SELECT `pri_id_list` FROM `wh_role` WHERE ( `id` = 1 ) LIMIT 1   [ RunTime:0.001000s ]
SQL: DESCRIBE wh_privilege [ RunTime:0.003000s ]
SQL: SELECT COUNT(*) AS tp_count FROM `wh_privilege` WHERE ( id IN(1,2,4,21,24,3,5,20,6,7,8,9,10,11,13,22,12,14,15,17,23,16,18,19) AND 
				module_name='Home' AND 
				controller_name='Index' AND 
				action_name='Index' ) LIMIT 1   [ RunTime:0.000000s ]
INFO: [ view_parse ] --START--
INFO: [ template_filter ] --START--
INFO: Run Behavior\ContentReplaceBehavior [ RunTime:0.000000s ]
INFO: [ template_filter ] --END-- [ RunTime:0.000000s ]
INFO: Run Behavior\ParseTemplateBehavior [ RunTime:0.008001s ]
INFO: [ view_parse ] --END-- [ RunTime:0.008001s ]
INFO: [ view_filter ] --START--
INFO: Run Behavior\WriteHtmlCacheBehavior [ RunTime:0.000000s ]
INFO: [ view_filter ] --END-- [ RunTime:0.001000s ]
INFO: [ app_end ] --START--
INFO: Run Behavior\ShowPageTraceBehavior [ RunTime:0.001000s ]
INFO: [ app_end ] --END-- [ RunTime:0.001000s ]

[ 2016-11-06T20:06:24+08:00 ] ::1 /warehouse/index.php/Home/Index/top
INFO: [ app_init ] --START--
INFO: Run Behavior\BuildLiteBehavior [ RunTime:0.000000s ]
INFO: [ app_init ] --END-- [ RunTime:0.001000s ]
INFO: [ app_begin ] --START--
INFO: Run Behavior\ReadHtmlCacheBehavior [ RunTime:0.001000s ]
INFO: [ app_begin ] --END-- [ RunTime:0.001000s ]
SQL: DESCRIBE wh_user [ RunTime:0.005000s ]
SQL: SELECT `role_id` FROM `wh_user` LIMIT 1   [ RunTime:0.001000s ]
SQL: DESCRIBE wh_role [ RunTime:0.005000s ]
SQL: SELECT `pri_id_list` FROM `wh_role` WHERE ( `id` = 1 ) LIMIT 1   [ RunTime:0.001000s ]
SQL: DESCRIBE wh_privilege [ RunTime:0.005001s ]
SQL: SELECT COUNT(*) AS tp_count FROM `wh_privilege` WHERE ( id IN(1,2,4,21,24,3,5,20,6,7,8,9,10,11,13,22,12,14,15,17,23,16,18,19) AND 
				module_name='Home' AND 
				controller_name='Index' AND 
				action_name='Top' ) LIMIT 1   [ RunTime:0.001000s ]
INFO: [ view_parse ] --START--
INFO: [ template_filter ] --START--
INFO: Run Behavior\ContentReplaceBehavior [ RunTime:0.000000s ]
INFO: [ template_filter ] --END-- [ RunTime:0.001000s ]
INFO: Run Behavior\ParseTemplateBehavior [ RunTime:0.010000s ]
INFO: [ view_parse ] --END-- [ RunTime:0.010000s ]
INFO: [ view_filter ] --START--
INFO: Run Behavior\WriteHtmlCacheBehavior [ RunTime:0.000000s ]
INFO: [ view_filter ] --END-- [ RunTime:0.000000s ]
INFO: [ app_end ] --START--
INFO: Run Behavior\ShowPageTraceBehavior [ RunTime:0.001000s ]
INFO: [ app_end ] --END-- [ RunTime:0.001000s ]

[ 2016-11-06T20:06:24+08:00 ] ::1 /warehouse/index.php/Home/Index/drag
INFO: [ app_init ] --START--
INFO: Run Behavior\BuildLiteBehavior [ RunTime:0.000000s ]
INFO: [ app_init ] --END-- [ RunTime:0.001000s ]
INFO: [ app_begin ] --START--
INFO: Run Behavior\ReadHtmlCacheBehavior [ RunTime:0.001000s ]
INFO: [ app_begin ] --END-- [ RunTime:0.001000s ]
SQL: DESCRIBE wh_user [ RunTime:0.005001s ]
SQL: SELECT `role_id` FROM `wh_user` LIMIT 1   [ RunTime:0.001000s ]
SQL: DESCRIBE wh_role [ RunTime:0.004000s ]
SQL: SELECT `pri_id_list` FROM `wh_role` WHERE ( `id` = 1 ) LIMIT 1   [ RunTime:0.001000s ]
SQL: DESCRIBE wh_privilege [ RunTime:0.004000s ]
SQL: SELECT COUNT(*) AS tp_count FROM `wh_privilege` WHERE ( id IN(1,2,4,21,24,3,5,20,6,7,8,9,10,11,13,22,12,14,15,17,23,16,18,19) AND 
				module_name='Home' AND 
				controller_name='Index' AND 
				action_name='Drag' ) LIMIT 1   [ RunTime:0.001000s ]
INFO: [ view_parse ] --START--
INFO: [ template_filter ] --START--
INFO: Run Behavior\ContentReplaceBehavior [ RunTime:0.000000s ]
INFO: [ template_filter ] --END-- [ RunTime:0.000000s ]
INFO: Run Behavior\ParseTemplateBehavior [ RunTime:0.012001s ]
INFO: [ view_parse ] --END-- [ RunTime:0.012001s ]
INFO: [ view_filter ] --START--
INFO: Run Behavior\WriteHtmlCacheBehavior [ RunTime:0.000000s ]
INFO: [ view_filter ] --END-- [ RunTime:0.000000s ]
INFO: [ app_end ] --START--
INFO: Run Behavior\ShowPageTraceBehavior [ RunTime:0.001000s ]
INFO: [ app_end ] --END-- [ RunTime:0.001000s ]

[ 2016-11-06T20:06:24+08:00 ] ::1 /warehouse/index.php/Home/Index/menu
INFO: [ app_init ] --START--
INFO: Run Behavior\BuildLiteBehavior [ RunTime:0.000000s ]
INFO: [ app_init ] --END-- [ RunTime:0.001000s ]
INFO: [ app_begin ] --START--
INFO: Run Behavior\ReadHtmlCacheBehavior [ RunTime:0.001000s ]
INFO: [ app_begin ] --END-- [ RunTime:0.001000s ]
SQL: DESCRIBE wh_user [ RunTime:0.004000s ]
SQL: SELECT `role_id` FROM `wh_user` LIMIT 1   [ RunTime:0.000000s ]
SQL: DESCRIBE wh_role [ RunTime:0.004000s ]
SQL: SELECT `pri_id_list` FROM `wh_role` WHERE ( `id` = 1 ) LIMIT 1   [ RunTime:0.001000s ]
SQL: DESCRIBE wh_privilege [ RunTime:0.005000s ]
SQL: SELECT COUNT(*) AS tp_count FROM `wh_privilege` WHERE ( id IN(1,2,4,21,24,3,5,20,6,7,8,9,10,11,13,22,12,14,15,17,23,16,18,19) AND 
				module_name='Home' AND 
				controller_name='Index' AND 
				action_name='Menu' ) LIMIT 1   [ RunTime:0.001000s ]
SQL: DESCRIBE wh_user [ RunTime:0.005001s ]
SQL: SELECT `role_id` FROM `wh_user` LIMIT 1   [ RunTime:0.001000s ]
SQL: SELECT `pri_id_list` FROM `wh_role` WHERE ( `id` = 1 ) LIMIT 1   [ RunTime:0.000000s ]
SQL: DESCRIBE wh_privilege [ RunTime:0.005000s ]
SQL: SELECT * FROM `wh_privilege` WHERE ( id IN (1,2,4,21,24,3,5,20,6,7,8,9,10,11,13,22,12,14,15,17,23,16,18,19) )  [ RunTime:0.001000s ]
INFO: [ view_parse ] --START--
INFO: [ template_filter ] --START--
INFO: Run Behavior\ContentReplaceBehavior [ RunTime:0.001000s ]
INFO: [ template_filter ] --END-- [ RunTime:0.001000s ]
INFO: Run Behavior\ParseTemplateBehavior [ RunTime:0.013001s ]
INFO: [ view_parse ] --END-- [ RunTime:0.013001s ]
INFO: [ view_filter ] --START--
INFO: Run Behavior\WriteHtmlCacheBehavior [ RunTime:0.001000s ]
INFO: [ view_filter ] --END-- [ RunTime:0.001000s ]
INFO: [ app_end ] --START--
INFO: Run Behavior\ShowPageTraceBehavior [ RunTime:0.001000s ]
INFO: [ app_end ] --END-- [ RunTime:0.001000s ]

[ 2016-11-06T20:06:24+08:00 ] ::1 /warehouse/index.php/Home/Index/main
INFO: [ app_init ] --START--
INFO: Run Behavior\BuildLiteBehavior [ RunTime:0.000000s ]
INFO: [ app_init ] --END-- [ RunTime:0.001000s ]
INFO: [ app_begin ] --START--
INFO: Run Behavior\ReadHtmlCacheBehavior [ RunTime:0.001000s ]
INFO: [ app_begin ] --END-- [ RunTime:0.001000s ]
SQL: DESCRIBE wh_user [ RunTime:0.005000s ]
SQL: SELECT `role_id` FROM `wh_user` LIMIT 1   [ RunTime:0.001000s ]
SQL: DESCRIBE wh_role [ RunTime:0.005001s ]
SQL: SELECT `pri_id_list` FROM `wh_role` WHERE ( `id` = 1 ) LIMIT 1   [ RunTime:0.001000s ]
SQL: DESCRIBE wh_privilege [ RunTime:0.005000s ]
SQL: SELECT COUNT(*) AS tp_count FROM `wh_privilege` WHERE ( id IN(1,2,4,21,24,3,5,20,6,7,8,9,10,11,13,22,12,14,15,17,23,16,18,19) AND 
				module_name='Home' AND 
				controller_name='Index' AND 
				action_name='Main' ) LIMIT 1   [ RunTime:0.001000s ]
INFO: [ view_parse ] --START--
INFO: [ template_filter ] --START--
INFO: Run Behavior\ContentReplaceBehavior [ RunTime:0.000000s ]
INFO: [ template_filter ] --END-- [ RunTime:0.000000s ]
INFO: Run Behavior\ParseTemplateBehavior [ RunTime:0.012001s ]
INFO: [ view_parse ] --END-- [ RunTime:0.012001s ]
INFO: [ view_filter ] --START--
INFO: Run Behavior\WriteHtmlCacheBehavior [ RunTime:0.000000s ]
INFO: [ view_filter ] --END-- [ RunTime:0.000000s ]
INFO: [ app_end ] --START--
INFO: Run Behavior\ShowPageTraceBehavior [ RunTime:0.001000s ]
INFO: [ app_end ] --END-- [ RunTime:0.001000s ]

[ 2016-11-06T20:06:32+08:00 ] ::1 /warehouse/index.php/Home/Index/login
INFO: [ app_init ] --START--
INFO: Run Behavior\BuildLiteBehavior [ RunTime:0.000000s ]
INFO: [ app_init ] --END-- [ RunTime:0.001000s ]
INFO: [ app_begin ] --START--
INFO: Run Behavior\ReadHtmlCacheBehavior [ RunTime:0.000000s ]
INFO: [ app_begin ] --END-- [ RunTime:0.000000s ]
SQL: DESCRIBE wh_user [ RunTime:0.003001s ]
SQL: SELECT `role_id` FROM `wh_user` LIMIT 1   [ RunTime:0.000000s ]
SQL: DESCRIBE wh_role [ RunTime:0.004000s ]
SQL: SELECT `pri_id_list` FROM `wh_role` WHERE ( `id` = 1 ) LIMIT 1   [ RunTime:0.000000s ]
SQL: DESCRIBE wh_privilege [ RunTime:0.003000s ]
SQL: SELECT COUNT(*) AS tp_count FROM `wh_privilege` WHERE ( id IN(1,2,4,21,24,3,5,20,6,7,8,9,10,11,13,22,12,14,15,17,23,16,18,19) AND 
				module_name='Home' AND 
				controller_name='Index' AND 
				action_name='Login' ) LIMIT 1   [ RunTime:0.001000s ]
INFO: [ view_parse ] --START--
INFO: [ template_filter ] --START--
INFO: Run Behavior\ContentReplaceBehavior [ RunTime:0.000000s ]
INFO: [ template_filter ] --END-- [ RunTime:0.001000s ]
INFO: Run Behavior\ParseTemplateBehavior [ RunTime:0.009001s ]
INFO: [ view_parse ] --END-- [ RunTime:0.009001s ]
INFO: [ view_filter ] --START--
INFO: Run Behavior\WriteHtmlCacheBehavior [ RunTime:0.000000s ]
INFO: [ view_filter ] --END-- [ RunTime:0.000000s ]

[ 2016-11-06T20:06:39+08:00 ] ::1 /warehouse/index.php/Home/User/Add.html
INFO: [ app_init ] --START--
INFO: Run Behavior\BuildLiteBehavior [ RunTime:0.000000s ]
INFO: [ app_init ] --END-- [ RunTime:0.001000s ]
INFO: [ app_begin ] --START--
INFO: Run Behavior\ReadHtmlCacheBehavior [ RunTime:0.001000s ]
INFO: [ app_begin ] --END-- [ RunTime:0.001000s ]
SQL: DESCRIBE wh_user [ RunTime:0.003001s ]
SQL: SELECT `role_id` FROM `wh_user` LIMIT 1   [ RunTime:0.000000s ]
SQL: DESCRIBE wh_role [ RunTime:0.004000s ]
SQL: SELECT `pri_id_list` FROM `wh_role` WHERE ( `id` = 1 ) LIMIT 1   [ RunTime:0.000000s ]
SQL: DESCRIBE wh_privilege [ RunTime:0.003000s ]
SQL: SELECT COUNT(*) AS tp_count FROM `wh_privilege` WHERE ( id IN(1,2,4,21,24,3,5,20,6,7,8,9,10,11,13,22,12,14,15,17,23,16,18,19) AND 
				module_name='Home' AND 
				controller_name='User' AND 
				action_name='Add' ) LIMIT 1   [ RunTime:0.000000s ]
INFO: [ view_parse ] --START--
INFO: [ template_filter ] --START--
INFO: Run Behavior\ContentReplaceBehavior [ RunTime:0.000000s ]
INFO: [ template_filter ] --END-- [ RunTime:0.000000s ]
INFO: Run Behavior\ParseTemplateBehavior [ RunTime:0.008001s ]
INFO: [ view_parse ] --END-- [ RunTime:0.008001s ]
INFO: [ view_filter ] --START--
INFO: Run Behavior\WriteHtmlCacheBehavior [ RunTime:0.001000s ]
INFO: [ view_filter ] --END-- [ RunTime:0.001000s ]
INFO: [ app_end ] --START--
INFO: Run Behavior\ShowPageTraceBehavior [ RunTime:0.000000s ]
INFO: [ app_end ] --END-- [ RunTime:0.001000s ]

[ 2016-11-06T20:06:41+08:00 ] ::1 /warehouse/index.php/Home/Index/Index.html
INFO: [ app_init ] --START--
INFO: Run Behavior\BuildLiteBehavior [ RunTime:0.000000s ]
INFO: [ app_init ] --END-- [ RunTime:0.001000s ]
INFO: [ app_begin ] --START--
INFO: Run Behavior\ReadHtmlCacheBehavior [ RunTime:0.001000s ]
INFO: [ app_begin ] --END-- [ RunTime:0.001000s ]
SQL: DESCRIBE wh_user [ RunTime:0.004000s ]
SQL: SELECT `role_id` FROM `wh_user` LIMIT 1   [ RunTime:0.001000s ]
SQL: DESCRIBE wh_role [ RunTime:0.002000s ]
SQL: SELECT `pri_id_list` FROM `wh_role` WHERE ( `id` = 1 ) LIMIT 1   [ RunTime:0.000000s ]
SQL: DESCRIBE wh_privilege [ RunTime:0.003000s ]
SQL: SELECT COUNT(*) AS tp_count FROM `wh_privilege` WHERE ( id IN(1,2,4,21,24,3,5,20,6,7,8,9,10,11,13,22,12,14,15,17,23,16,18,19) AND 
				module_name='Home' AND 
				controller_name='Index' AND 
				action_name='Index' ) LIMIT 1   [ RunTime:0.000000s ]
INFO: [ view_parse ] --START--
INFO: [ template_filter ] --START--
INFO: Run Behavior\ContentReplaceBehavior [ RunTime:0.000000s ]
INFO: [ template_filter ] --END-- [ RunTime:0.000000s ]
INFO: Run Behavior\ParseTemplateBehavior [ RunTime:0.007000s ]
INFO: [ view_parse ] --END-- [ RunTime:0.007000s ]
INFO: [ view_filter ] --START--
INFO: Run Behavior\WriteHtmlCacheBehavior [ RunTime:0.001000s ]
INFO: [ view_filter ] --END-- [ RunTime:0.001000s ]
INFO: [ app_end ] --START--
INFO: Run Behavior\ShowPageTraceBehavior [ RunTime:0.001000s ]
INFO: [ app_end ] --END-- [ RunTime:0.001000s ]

[ 2016-11-06T20:06:41+08:00 ] ::1 /warehouse/index.php/Home/Index/menu
INFO: [ app_init ] --START--
INFO: Run Behavior\BuildLiteBehavior [ RunTime:0.000000s ]
INFO: [ app_init ] --END-- [ RunTime:0.001000s ]
INFO: [ app_begin ] --START--
INFO: Run Behavior\ReadHtmlCacheBehavior [ RunTime:0.000000s ]
INFO: [ app_begin ] --END-- [ RunTime:0.001000s ]
SQL: DESCRIBE wh_user [ RunTime:0.006001s ]
SQL: SELECT `role_id` FROM `wh_user` LIMIT 1   [ RunTime:0.001000s ]
SQL: DESCRIBE wh_role [ RunTime:0.005000s ]
SQL: SELECT `pri_id_list` FROM `wh_role` WHERE ( `id` = 1 ) LIMIT 1   [ RunTime:0.001000s ]
SQL: DESCRIBE wh_privilege [ RunTime:0.004000s ]
SQL: SELECT COUNT(*) AS tp_count FROM `wh_privilege` WHERE ( id IN(1,2,4,21,24,3,5,20,6,7,8,9,10,11,13,22,12,14,15,17,23,16,18,19) AND 
				module_name='Home' AND 
				controller_name='Index' AND 
				action_name='Menu' ) LIMIT 1   [ RunTime:0.001000s ]
SQL: DESCRIBE wh_user [ RunTime:0.004001s ]
SQL: SELECT `role_id` FROM `wh_user` LIMIT 1   [ RunTime:0.001000s ]
SQL: SELECT `pri_id_list` FROM `wh_role` WHERE ( `id` = 1 ) LIMIT 1   [ RunTime:0.000000s ]
SQL: DESCRIBE wh_privilege [ RunTime:0.004000s ]
SQL: SELECT * FROM `wh_privilege` WHERE ( id IN (1,2,4,21,24,3,5,20,6,7,8,9,10,11,13,22,12,14,15,17,23,16,18,19) )  [ RunTime:0.001000s ]
INFO: [ view_parse ] --START--
INFO: [ template_filter ] --START--
INFO: Run Behavior\ContentReplaceBehavior [ RunTime:0.001000s ]
INFO: [ template_filter ] --END-- [ RunTime:0.001000s ]
INFO: Run Behavior\ParseTemplateBehavior [ RunTime:0.011001s ]
INFO: [ view_parse ] --END-- [ RunTime:0.011001s ]
INFO: [ view_filter ] --START--
INFO: Run Behavior\WriteHtmlCacheBehavior [ RunTime:0.000000s ]
INFO: [ view_filter ] --END-- [ RunTime:0.000000s ]
INFO: [ app_end ] --START--
INFO: Run Behavior\ShowPageTraceBehavior [ RunTime:0.001000s ]
INFO: [ app_end ] --END-- [ RunTime:0.001000s ]

[ 2016-11-06T20:06:41+08:00 ] ::1 /warehouse/index.php/Home/Index/top
INFO: [ app_init ] --START--
INFO: Run Behavior\BuildLiteBehavior [ RunTime:0.000000s ]
INFO: [ app_init ] --END-- [ RunTime:0.001000s ]
INFO: [ app_begin ] --START--
INFO: Run Behavior\ReadHtmlCacheBehavior [ RunTime:0.001001s ]
INFO: [ app_begin ] --END-- [ RunTime:0.001001s ]
SQL: DESCRIBE wh_user [ RunTime:0.005000s ]
SQL: SELECT `role_id` FROM `wh_user` LIMIT 1   [ RunTime:0.000000s ]
SQL: DESCRIBE wh_role [ RunTime:0.004000s ]
SQL: SELECT `pri_id_list` FROM `wh_role` WHERE ( `id` = 1 ) LIMIT 1   [ RunTime:0.000000s ]
SQL: DESCRIBE wh_privilege [ RunTime:0.004001s ]
SQL: SELECT COUNT(*) AS tp_count FROM `wh_privilege` WHERE ( id IN(1,2,4,21,24,3,5,20,6,7,8,9,10,11,13,22,12,14,15,17,23,16,18,19) AND 
				module_name='Home' AND 
				controller_name='Index' AND 
				action_name='Top' ) LIMIT 1   [ RunTime:0.001000s ]
INFO: [ view_parse ] --START--
INFO: [ template_filter ] --START--
INFO: Run Behavior\ContentReplaceBehavior [ RunTime:0.000000s ]
INFO: [ template_filter ] --END-- [ RunTime:0.000000s ]
INFO: Run Behavior\ParseTemplateBehavior [ RunTime:0.010000s ]
INFO: [ view_parse ] --END-- [ RunTime:0.010000s ]
INFO: [ view_filter ] --START--
INFO: Run Behavior\WriteHtmlCacheBehavior [ RunTime:0.000000s ]
INFO: [ view_filter ] --END-- [ RunTime:0.000000s ]
INFO: [ app_end ] --START--
INFO: Run Behavior\ShowPageTraceBehavior [ RunTime:0.001000s ]
INFO: [ app_end ] --END-- [ RunTime:0.001000s ]

[ 2016-11-06T20:06:41+08:00 ] ::1 /warehouse/index.php/Home/Index/drag
INFO: [ app_init ] --START--
INFO: Run Behavior\BuildLiteBehavior [ RunTime:0.000000s ]
INFO: [ app_init ] --END-- [ RunTime:0.000000s ]
INFO: [ app_begin ] --START--
INFO: Run Behavior\ReadHtmlCacheBehavior [ RunTime:0.001000s ]
INFO: [ app_begin ] --END-- [ RunTime:0.001000s ]
SQL: DESCRIBE wh_user [ RunTime:0.006001s ]
SQL: SELECT `role_id` FROM `wh_user` LIMIT 1   [ RunTime:0.000000s ]
SQL: DESCRIBE wh_role [ RunTime:0.003000s ]
SQL: SELECT `pri_id_list` FROM `wh_role` WHERE ( `id` = 1 ) LIMIT 1   [ RunTime:0.000000s ]
SQL: DESCRIBE wh_privilege [ RunTime:0.004000s ]
SQL: SELECT COUNT(*) AS tp_count FROM `wh_privilege` WHERE ( id IN(1,2,4,21,24,3,5,20,6,7,8,9,10,11,13,22,12,14,15,17,23,16,18,19) AND 
				module_name='Home' AND 
				controller_name='Index' AND 
				action_name='Drag' ) LIMIT 1   [ RunTime:0.001000s ]
INFO: [ view_parse ] --START--
INFO: [ template_filter ] --START--
INFO: Run Behavior\ContentReplaceBehavior [ RunTime:0.000000s ]
INFO: [ template_filter ] --END-- [ RunTime:0.000000s ]
INFO: Run Behavior\ParseTemplateBehavior [ RunTime:0.008001s ]
INFO: [ view_parse ] --END-- [ RunTime:0.008001s ]
INFO: [ view_filter ] --START--
INFO: Run Behavior\WriteHtmlCacheBehavior [ RunTime:0.000000s ]
INFO: [ view_filter ] --END-- [ RunTime:0.000000s ]
INFO: [ app_end ] --START--
INFO: Run Behavior\ShowPageTraceBehavior [ RunTime:0.001000s ]
INFO: [ app_end ] --END-- [ RunTime:0.001000s ]

[ 2016-11-06T20:06:41+08:00 ] ::1 /warehouse/index.php/Home/Index/main
INFO: [ app_init ] --START--
INFO: Run Behavior\BuildLiteBehavior [ RunTime:0.000000s ]
INFO: [ app_init ] --END-- [ RunTime:0.001000s ]
INFO: [ app_begin ] --START--
INFO: Run Behavior\ReadHtmlCacheBehavior [ RunTime:0.001000s ]
INFO: [ app_begin ] --END-- [ RunTime:0.002000s ]
SQL: DESCRIBE wh_user [ RunTime:0.003000s ]
SQL: SELECT `role_id` FROM `wh_user` LIMIT 1   [ RunTime:0.000000s ]
SQL: DESCRIBE wh_role [ RunTime:0.004001s ]
SQL: SELECT `pri_id_list` FROM `wh_role` WHERE ( `id` = 1 ) LIMIT 1   [ RunTime:0.000000s ]
SQL: DESCRIBE wh_privilege [ RunTime:0.003000s ]
SQL: SELECT COUNT(*) AS tp_count FROM `wh_privilege` WHERE ( id IN(1,2,4,21,24,3,5,20,6,7,8,9,10,11,13,22,12,14,15,17,23,16,18,19) AND 
				module_name='Home' AND 
				controller_name='Index' AND 
				action_name='Main' ) LIMIT 1   [ RunTime:0.001000s ]
INFO: [ view_parse ] --START--
INFO: [ template_filter ] --START--
INFO: Run Behavior\ContentReplaceBehavior [ RunTime:0.000000s ]
INFO: [ template_filter ] --END-- [ RunTime:0.000000s ]
INFO: Run Behavior\ParseTemplateBehavior [ RunTime:0.009000s ]
INFO: [ view_parse ] --END-- [ RunTime:0.009000s ]
INFO: [ view_filter ] --START--
INFO: Run Behavior\WriteHtmlCacheBehavior [ RunTime:0.001001s ]
INFO: [ view_filter ] --END-- [ RunTime:0.001001s ]
INFO: [ app_end ] --START--
INFO: Run Behavior\ShowPageTraceBehavior [ RunTime:0.000000s ]
INFO: [ app_end ] --END-- [ RunTime:0.001000s ]

[ 2016-11-06T20:06:42+08:00 ] ::1 /warehouse/index.php/Home/Privilege/Index.html
INFO: [ app_init ] --START--
INFO: Run Behavior\BuildLiteBehavior [ RunTime:0.000000s ]
INFO: [ app_init ] --END-- [ RunTime:0.000000s ]
INFO: [ app_begin ] --START--
INFO: Run Behavior\ReadHtmlCacheBehavior [ RunTime:0.001000s ]
INFO: [ app_begin ] --END-- [ RunTime:0.001000s ]
SQL: DESCRIBE wh_user [ RunTime:0.003000s ]
SQL: SELECT `role_id` FROM `wh_user` LIMIT 1   [ RunTime:0.000000s ]
SQL: DESCRIBE wh_role [ RunTime:0.004001s ]
SQL: SELECT `pri_id_list` FROM `wh_role` WHERE ( `id` = 1 ) LIMIT 1   [ RunTime:0.001000s ]
SQL: DESCRIBE wh_privilege [ RunTime:0.004000s ]
SQL: SELECT COUNT(*) AS tp_count FROM `wh_privilege` WHERE ( id IN(1,2,4,21,24,3,5,20,6,7,8,9,10,11,13,22,12,14,15,17,23,16,18,19) AND 
				module_name='Home' AND 
				controller_name='Privilege' AND 
				action_name='Index' ) LIMIT 1   [ RunTime:0.001000s ]
SQL: DESCRIBE wh_privilege [ RunTime:0.004000s ]
SQL: SELECT * FROM `wh_privilege`  [ RunTime:0.000000s ]
INFO: [ view_parse ] --START--
INFO: [ template_filter ] --START--
INFO: Run Behavior\ContentReplaceBehavior [ RunTime:0.000000s ]
INFO: [ template_filter ] --END-- [ RunTime:0.000000s ]
NOTIC: [8] Undefined variable: fields D:\xampp\htdocs\warehouse\Application\Runtime\Cache\Home\db0897c86e0c0bc02808b575f00bb095.php  44 .
NOTIC: [8] Undefined variable: str D:\xampp\htdocs\warehouse\Application\Runtime\Cache\Home\db0897c86e0c0bc02808b575f00bb095.php  67 .
INFO: Run Behavior\ParseTemplateBehavior [ RunTime:0.010001s ]
INFO: [ view_parse ] --END-- [ RunTime:0.010001s ]
INFO: [ view_filter ] --START--
INFO: Run Behavior\WriteHtmlCacheBehavior [ RunTime:0.001000s ]
INFO: [ view_filter ] --END-- [ RunTime:0.001000s ]
INFO: [ app_end ] --START--
INFO: Run Behavior\ShowPageTraceBehavior [ RunTime:0.001000s ]
INFO: [ app_end ] --END-- [ RunTime:0.001000s ]

[ 2016-11-06T20:06:43+08:00 ] ::1 /warehouse/index.php/Home/Privilege/Add.html
INFO: [ app_init ] --START--
INFO: Run Behavior\BuildLiteBehavior [ RunTime:0.000000s ]
INFO: [ app_init ] --END-- [ RunTime:0.001000s ]
INFO: [ app_begin ] --START--
INFO: Run Behavior\ReadHtmlCacheBehavior [ RunTime:0.001000s ]
INFO: [ app_begin ] --END-- [ RunTime:0.001000s ]
SQL: DESCRIBE wh_user [ RunTime:0.004000s ]
SQL: SELECT `role_id` FROM `wh_user` LIMIT 1   [ RunTime:0.001000s ]
SQL: DESCRIBE wh_role [ RunTime:0.003001s ]
SQL: SELECT `pri_id_list` FROM `wh_role` WHERE ( `id` = 1 ) LIMIT 1   [ RunTime:0.001000s ]
SQL: DESCRIBE wh_privilege [ RunTime:0.003000s ]
SQL: SELECT COUNT(*) AS tp_count FROM `wh_privilege` WHERE ( id IN(1,2,4,21,24,3,5,20,6,7,8,9,10,11,13,22,12,14,15,17,23,16,18,19) AND 
				module_name='Home' AND 
				controller_name='Privilege' AND 
				action_name='Add' ) LIMIT 1   [ RunTime:0.001000s ]
SQL: DESCRIBE wh_privilege [ RunTime:0.003000s ]
SQL: SELECT * FROM `wh_privilege`  [ RunTime:0.000000s ]
INFO: [ view_parse ] --START--
INFO: [ template_filter ] --START--
INFO: Run Behavior\ContentReplaceBehavior [ RunTime:0.000000s ]
INFO: [ template_filter ] --END-- [ RunTime:0.000000s ]
INFO: Run Behavior\ParseTemplateBehavior [ RunTime:0.009001s ]
INFO: [ view_parse ] --END-- [ RunTime:0.009001s ]
INFO: [ view_filter ] --START--
INFO: Run Behavior\WriteHtmlCacheBehavior [ RunTime:0.000000s ]
INFO: [ view_filter ] --END-- [ RunTime:0.000000s ]
INFO: [ app_end ] --START--
INFO: Run Behavior\ShowPageTraceBehavior [ RunTime:0.001000s ]
INFO: [ app_end ] --END-- [ RunTime:0.001000s ]

[ 2016-11-06T20:06:44+08:00 ] ::1 /warehouse/index.php/Home/Role/Index.html
INFO: [ app_init ] --START--
INFO: Run Behavior\BuildLiteBehavior [ RunTime:0.000000s ]
INFO: [ app_init ] --END-- [ RunTime:0.001000s ]
INFO: [ app_begin ] --START--
INFO: Run Behavior\ReadHtmlCacheBehavior [ RunTime:0.002000s ]
INFO: [ app_begin ] --END-- [ RunTime:0.002000s ]
SQL: DESCRIBE wh_user [ RunTime:0.003000s ]
SQL: SELECT `role_id` FROM `wh_user` LIMIT 1   [ RunTime:0.001000s ]
SQL: DESCRIBE wh_role [ RunTime:0.003001s ]
SQL: SELECT `pri_id_list` FROM `wh_role` WHERE ( `id` = 1 ) LIMIT 1   [ RunTime:0.000000s ]
SQL: DESCRIBE wh_privilege [ RunTime:0.004000s ]
SQL: SELECT COUNT(*) AS tp_count FROM `wh_privilege` WHERE ( id IN(1,2,4,21,24,3,5,20,6,7,8,9,10,11,13,22,12,14,15,17,23,16,18,19) AND 
				module_name='Home' AND 
				controller_name='Role' AND 
				action_name='Index' ) LIMIT 1   [ RunTime:0.000000s ]
SQL: 
    			SELECT a.*,GROUP_CONCAT(b.pri_name) AS pri_name_list FROM wh_role a
    			LEFT JOIN wh_privilege b ON FIND_IN_SET(b.id, a.pri_id_list)
    			GROUP BY a.id; [ RunTime:0.000000s ]
INFO: [ view_parse ] --START--
INFO: [ template_filter ] --START--
INFO: Run Behavior\ContentReplaceBehavior [ RunTime:0.000000s ]
INFO: [ template_filter ] --END-- [ RunTime:0.000000s ]
NOTIC: [8] Undefined variable: str D:\xampp\htdocs\warehouse\Application\Runtime\Cache\Home\c9b81de8ec4a8bde9400b653962cd77e.php  61 .
INFO: Run Behavior\ParseTemplateBehavior [ RunTime:0.009000s ]
INFO: [ view_parse ] --END-- [ RunTime:0.009000s ]
INFO: [ view_filter ] --START--
INFO: Run Behavior\WriteHtmlCacheBehavior [ RunTime:0.001000s ]
INFO: [ view_filter ] --END-- [ RunTime:0.001000s ]
INFO: [ app_end ] --START--
INFO: Run Behavior\ShowPageTraceBehavior [ RunTime:0.000000s ]
INFO: [ app_end ] --END-- [ RunTime:0.000000s ]

[ 2016-11-06T20:06:44+08:00 ] ::1 /warehouse/index.php/Home/Role/Add.html
INFO: [ app_init ] --START--
INFO: Run Behavior\BuildLiteBehavior [ RunTime:0.000000s ]
INFO: [ app_init ] --END-- [ RunTime:0.001000s ]
INFO: [ app_begin ] --START--
INFO: Run Behavior\ReadHtmlCacheBehavior [ RunTime:0.001000s ]
INFO: [ app_begin ] --END-- [ RunTime:0.001000s ]
SQL: DESCRIBE wh_user [ RunTime:0.005001s ]
SQL: SELECT `role_id` FROM `wh_user` LIMIT 1   [ RunTime:0.000000s ]
SQL: DESCRIBE wh_role [ RunTime:0.004000s ]
SQL: SELECT `pri_id_list` FROM `wh_role` WHERE ( `id` = 1 ) LIMIT 1   [ RunTime:0.000000s ]
SQL: DESCRIBE wh_privilege [ RunTime:0.004000s ]
SQL: SELECT COUNT(*) AS tp_count FROM `wh_privilege` WHERE ( id IN(1,2,4,21,24,3,5,20,6,7,8,9,10,11,13,22,12,14,15,17,23,16,18,19) AND 
				module_name='Home' AND 
				controller_name='Role' AND 
				action_name='Add' ) LIMIT 1   [ RunTime:0.001000s ]
SQL: DESCRIBE wh_privilege [ RunTime:0.004001s ]
SQL: SELECT * FROM `wh_privilege`  [ RunTime:0.000000s ]
INFO: [ view_parse ] --START--
INFO: [ template_filter ] --START--
INFO: Run Behavior\ContentReplaceBehavior [ RunTime:0.000000s ]
INFO: [ template_filter ] --END-- [ RunTime:0.000000s ]
INFO: Run Behavior\ParseTemplateBehavior [ RunTime:0.009000s ]
INFO: [ view_parse ] --END-- [ RunTime:0.009000s ]
INFO: [ view_filter ] --START--
INFO: Run Behavior\WriteHtmlCacheBehavior [ RunTime:0.000000s ]
INFO: [ view_filter ] --END-- [ RunTime:0.000000s ]
INFO: [ app_end ] --START--
INFO: Run Behavior\ShowPageTraceBehavior [ RunTime:0.001000s ]
INFO: [ app_end ] --END-- [ RunTime:0.001000s ]

[ 2016-11-06T20:06:46+08:00 ] ::1 /warehouse/index.php/Home/Category/Index.html
INFO: [ app_init ] --START--
INFO: Run Behavior\BuildLiteBehavior [ RunTime:0.000000s ]
INFO: [ app_init ] --END-- [ RunTime:0.001000s ]
INFO: [ app_begin ] --START--
INFO: Run Behavior\ReadHtmlCacheBehavior [ RunTime:0.001000s ]
INFO: [ app_begin ] --END-- [ RunTime:0.001000s ]
ERR: :Category

[ 2016-11-06T20:06:47+08:00 ] ::1 /warehouse/index.php/Home/User/Index.html
INFO: [ app_init ] --START--
INFO: Run Behavior\BuildLiteBehavior [ RunTime:0.000000s ]
INFO: [ app_init ] --END-- [ RunTime:0.001000s ]
INFO: [ app_begin ] --START--
INFO: Run Behavior\ReadHtmlCacheBehavior [ RunTime:0.001000s ]
INFO: [ app_begin ] --END-- [ RunTime:0.001000s ]
SQL: DESCRIBE wh_user [ RunTime:0.004000s ]
SQL: SELECT `role_id` FROM `wh_user` LIMIT 1   [ RunTime:0.001000s ]
SQL: DESCRIBE wh_role [ RunTime:0.003000s ]
SQL: SELECT `pri_id_list` FROM `wh_role` WHERE ( `id` = 1 ) LIMIT 1   [ RunTime:0.000000s ]
SQL: DESCRIBE wh_privilege [ RunTime:0.004000s ]
SQL: SELECT COUNT(*) AS tp_count FROM `wh_privilege` WHERE ( id IN(1,2,4,21,24,3,5,20,6,7,8,9,10,11,13,22,12,14,15,17,23,16,18,19) AND 
				module_name='Home' AND 
				controller_name='User' AND 
				action_name='Index' ) LIMIT 1   [ RunTime:0.001000s ]
SQL: DESCRIBE wh_user [ RunTime:0.003001s ]
NOTIC: [2] Invalid argument supplied for foreach() D:\xampp\htdocs\warehouse\ThinkPHP\Library\Think\Db.class.php  429 .
SQL: SELECT COUNT(*) AS tp_count FROM `wh_user` LIMIT 1   [ RunTime:0.000000s ]
NOTIC: [2] Invalid argument supplied for foreach() D:\xampp\htdocs\warehouse\ThinkPHP\Library\Think\Db.class.php  429 .
SQL: SELECT a.id,a.username,a.role_id,b.id,b.name as role_name FROM wh_user a INNER JOIN wh_role b ON a.role_id=b.id  LIMIT 0,2   [ RunTime:0.001000s ]
INFO: [ view_parse ] --START--
INFO: [ template_filter ] --START--
INFO: Run Behavior\ContentReplaceBehavior [ RunTime:0.000000s ]
INFO: [ template_filter ] --END-- [ RunTime:0.001000s ]
INFO: Run Behavior\ParseTemplateBehavior [ RunTime:0.009000s ]
INFO: [ view_parse ] --END-- [ RunTime:0.009000s ]
INFO: [ view_filter ] --START--
INFO: Run Behavior\WriteHtmlCacheBehavior [ RunTime:0.001000s ]
INFO: [ view_filter ] --END-- [ RunTime:0.001000s ]
INFO: [ app_end ] --START--
INFO: Run Behavior\ShowPageTraceBehavior [ RunTime:0.001000s ]
INFO: [ app_end ] --END-- [ RunTime:0.001000s ]

[ 2016-11-06T20:07:44+08:00 ] ::1 /warehouse/index.php/Home/Index/index
INFO: [ app_init ] --START--
INFO: Run Behavior\BuildLiteBehavior [ RunTime:0.000000s ]
INFO: [ app_init ] --END-- [ RunTime:0.000000s ]
INFO: [ app_begin ] --START--
INFO: Run Behavior\ReadHtmlCacheBehavior [ RunTime:0.001000s ]
INFO: [ app_begin ] --END-- [ RunTime:0.002000s ]
SQL: DESCRIBE wh_user [ RunTime:0.003000s ]
INFO: [ view_parse ] --START--
INFO: [ template_filter ] --START--
INFO: Run Behavior\ContentReplaceBehavior [ RunTime:0.000000s ]
INFO: [ template_filter ] --END-- [ RunTime:0.000000s ]
INFO: Run Behavior\ParseTemplateBehavior [ RunTime:0.008000s ]
INFO: [ view_parse ] --END-- [ RunTime:0.009000s ]
INFO: [ view_filter ] --START--
INFO: Run Behavior\WriteHtmlCacheBehavior [ RunTime:0.000000s ]
INFO: [ view_filter ] --END-- [ RunTime:0.000000s ]
INFO: [ app_end ] --START--
INFO: Run Behavior\ShowPageTraceBehavior [ RunTime:0.001000s ]
INFO: [ app_end ] --END-- [ RunTime:0.001000s ]

[ 2016-11-06T20:07:44+08:00 ] ::1 /warehouse/index.php/Home/Index/top
INFO: [ app_init ] --START--
INFO: Run Behavior\BuildLiteBehavior [ RunTime:0.000000s ]
INFO: [ app_init ] --END-- [ RunTime:0.001000s ]
INFO: [ app_begin ] --START--
INFO: Run Behavior\ReadHtmlCacheBehavior [ RunTime:0.001001s ]
INFO: [ app_begin ] --END-- [ RunTime:0.001001s ]
SQL: DESCRIBE wh_user [ RunTime:0.005000s ]
INFO: [ view_parse ] --START--
INFO: [ template_filter ] --START--
INFO: Run Behavior\ContentReplaceBehavior [ RunTime:0.001000s ]
INFO: [ template_filter ] --END-- [ RunTime:0.001000s ]
INFO: Run Behavior\ParseTemplateBehavior [ RunTime:0.011001s ]
INFO: [ view_parse ] --END-- [ RunTime:0.011001s ]
INFO: [ view_filter ] --START--
INFO: Run Behavior\WriteHtmlCacheBehavior [ RunTime:0.001000s ]
INFO: [ view_filter ] --END-- [ RunTime:0.001000s ]
INFO: [ app_end ] --START--
INFO: Run Behavior\ShowPageTraceBehavior [ RunTime:0.001000s ]
INFO: [ app_end ] --END-- [ RunTime:0.001000s ]

[ 2016-11-06T20:07:44+08:00 ] ::1 /warehouse/index.php/Home/Index/menu
INFO: [ app_init ] --START--
INFO: Run Behavior\BuildLiteBehavior [ RunTime:0.000000s ]
INFO: [ app_init ] --END-- [ RunTime:0.000000s ]
INFO: [ app_begin ] --START--
INFO: Run Behavior\ReadHtmlCacheBehavior [ RunTime:0.004000s ]
INFO: [ app_begin ] --END-- [ RunTime:0.004000s ]
SQL: DESCRIBE wh_user [ RunTime:0.005000s ]
SQL: DESCRIBE wh_user [ RunTime:0.005000s ]
SQL: SELECT `role_id` FROM `wh_user` LIMIT 1   [ RunTime:0.000000s ]
SQL: DESCRIBE wh_role [ RunTime:0.003000s ]
SQL: SELECT `pri_id_list` FROM `wh_role` WHERE ( `id` = 1 ) LIMIT 1   [ RunTime:0.001000s ]
SQL: DESCRIBE wh_privilege [ RunTime:0.004000s ]
SQL: SELECT * FROM `wh_privilege` WHERE ( id IN (1,2,4,21,24,3,5,20,6,7,8,9,10,11,13,22,12,14,15,17,23,16,18,19) )  [ RunTime:0.001001s ]
INFO: [ view_parse ] --START--
INFO: [ template_filter ] --START--
INFO: Run Behavior\ContentReplaceBehavior [ RunTime:0.000000s ]
INFO: [ template_filter ] --END-- [ RunTime:0.000000s ]
INFO: Run Behavior\ParseTemplateBehavior [ RunTime:0.011000s ]
INFO: [ view_parse ] --END-- [ RunTime:0.012000s ]
INFO: [ view_filter ] --START--
INFO: Run Behavior\WriteHtmlCacheBehavior [ RunTime:0.000000s ]
INFO: [ view_filter ] --END-- [ RunTime:0.000000s ]
INFO: [ app_end ] --START--
INFO: Run Behavior\ShowPageTraceBehavior [ RunTime:0.000000s ]
INFO: [ app_end ] --END-- [ RunTime:0.000000s ]

[ 2016-11-06T20:07:44+08:00 ] ::1 /warehouse/index.php/Home/Index/drag
INFO: [ app_init ] --START--
INFO: Run Behavior\BuildLiteBehavior [ RunTime:0.000000s ]
INFO: [ app_init ] --END-- [ RunTime:0.001000s ]
INFO: [ app_begin ] --START--
INFO: Run Behavior\ReadHtmlCacheBehavior [ RunTime:0.001000s ]
INFO: [ app_begin ] --END-- [ RunTime:0.001000s ]
SQL: DESCRIBE wh_user [ RunTime:0.004001s ]
INFO: [ view_parse ] --START--
INFO: [ template_filter ] --START--
INFO: Run Behavior\ContentReplaceBehavior [ RunTime:0.000000s ]
INFO: [ template_filter ] --END-- [ RunTime:0.000000s ]
INFO: Run Behavior\ParseTemplateBehavior [ RunTime:0.010000s ]
INFO: [ view_parse ] --END-- [ RunTime:0.011000s ]
INFO: [ view_filter ] --START--
INFO: Run Behavior\WriteHtmlCacheBehavior [ RunTime:0.000000s ]
INFO: [ view_filter ] --END-- [ RunTime:0.000000s ]
INFO: [ app_end ] --START--
INFO: Run Behavior\ShowPageTraceBehavior [ RunTime:0.001000s ]
INFO: [ app_end ] --END-- [ RunTime:0.001000s ]

[ 2016-11-06T20:07:45+08:00 ] ::1 /warehouse/index.php/Home/Index/main
INFO: [ app_init ] --START--
INFO: Run Behavior\BuildLiteBehavior [ RunTime:0.000000s ]
INFO: [ app_init ] --END-- [ RunTime:0.001000s ]
INFO: [ app_begin ] --START--
INFO: Run Behavior\ReadHtmlCacheBehavior [ RunTime:0.002000s ]
INFO: [ app_begin ] --END-- [ RunTime:0.002000s ]
SQL: DESCRIBE wh_user [ RunTime:0.004001s ]
INFO: [ view_parse ] --START--
INFO: [ template_filter ] --START--
INFO: Run Behavior\ContentReplaceBehavior [ RunTime:0.000000s ]
INFO: [ template_filter ] --END-- [ RunTime:0.000000s ]
INFO: Run Behavior\ParseTemplateBehavior [ RunTime:0.010000s ]
INFO: [ view_parse ] --END-- [ RunTime:0.010000s ]
INFO: [ view_filter ] --START--
INFO: Run Behavior\WriteHtmlCacheBehavior [ RunTime:0.000000s ]
INFO: [ view_filter ] --END-- [ RunTime:0.000000s ]
INFO: [ app_end ] --START--
INFO: Run Behavior\ShowPageTraceBehavior [ RunTime:0.001000s ]
INFO: [ app_end ] --END-- [ RunTime:0.001000s ]

[ 2016-11-06T20:07:47+08:00 ] ::1 /warehouse/index.php/Home/Privilege/Index.html
INFO: [ app_init ] --START--
INFO: Run Behavior\BuildLiteBehavior [ RunTime:0.000000s ]
INFO: [ app_init ] --END-- [ RunTime:0.001000s ]
INFO: [ app_begin ] --START--
INFO: Run Behavior\ReadHtmlCacheBehavior [ RunTime:0.000000s ]
INFO: [ app_begin ] --END-- [ RunTime:0.000000s ]
SQL: DESCRIBE wh_user [ RunTime:0.004000s ]
SQL: DESCRIBE wh_privilege [ RunTime:0.004000s ]
SQL: SELECT * FROM `wh_privilege`  [ RunTime:0.000000s ]
INFO: [ view_parse ] --START--
INFO: [ template_filter ] --START--
INFO: Run Behavior\ContentReplaceBehavior [ RunTime:0.000000s ]
INFO: [ template_filter ] --END-- [ RunTime:0.000000s ]
NOTIC: [8] Undefined variable: fields D:\xampp\htdocs\warehouse\Application\Runtime\Cache\Home\db0897c86e0c0bc02808b575f00bb095.php  44 .
NOTIC: [8] Undefined variable: str D:\xampp\htdocs\warehouse\Application\Runtime\Cache\Home\db0897c86e0c0bc02808b575f00bb095.php  67 .
INFO: Run Behavior\ParseTemplateBehavior [ RunTime:0.010000s ]
INFO: [ view_parse ] --END-- [ RunTime:0.010000s ]
INFO: [ view_filter ] --START--
INFO: Run Behavior\WriteHtmlCacheBehavior [ RunTime:0.001001s ]
INFO: [ view_filter ] --END-- [ RunTime:0.001001s ]
INFO: [ app_end ] --START--
INFO: Run Behavior\ShowPageTraceBehavior [ RunTime:0.001000s ]
INFO: [ app_end ] --END-- [ RunTime:0.001000s ]

[ 2016-11-06T20:07:48+08:00 ] ::1 /warehouse/index.php/Home/Privilege/Add.html
INFO: [ app_init ] --START--
INFO: Run Behavior\BuildLiteBehavior [ RunTime:0.000000s ]
INFO: [ app_init ] --END-- [ RunTime:0.001000s ]
INFO: [ app_begin ] --START--
INFO: Run Behavior\ReadHtmlCacheBehavior [ RunTime:0.001000s ]
INFO: [ app_begin ] --END-- [ RunTime:0.001000s ]
SQL: DESCRIBE wh_user [ RunTime:0.003000s ]
SQL: DESCRIBE wh_privilege [ RunTime:0.004001s ]
SQL: SELECT * FROM `wh_privilege`  [ RunTime:0.000000s ]
INFO: [ view_parse ] --START--
INFO: [ template_filter ] --START--
INFO: Run Behavior\ContentReplaceBehavior [ RunTime:0.000000s ]
INFO: [ template_filter ] --END-- [ RunTime:0.000000s ]
INFO: Run Behavior\ParseTemplateBehavior [ RunTime:0.009000s ]
INFO: [ view_parse ] --END-- [ RunTime:0.009000s ]
INFO: [ view_filter ] --START--
INFO: Run Behavior\WriteHtmlCacheBehavior [ RunTime:0.001000s ]
INFO: [ view_filter ] --END-- [ RunTime:0.001000s ]
INFO: [ app_end ] --START--
INFO: Run Behavior\ShowPageTraceBehavior [ RunTime:0.001000s ]
INFO: [ app_end ] --END-- [ RunTime:0.001000s ]

[ 2016-11-06T20:08:20+08:00 ] ::1 /warehouse/index.php/gii/
INFO: [ app_init ] --START--
INFO: Run Behavior\BuildLiteBehavior [ RunTime:0.000000s ]
INFO: [ app_init ] --END-- [ RunTime:0.000000s ]
INFO: [ app_begin ] --START--
INFO: Run Behavior\ReadHtmlCacheBehavior [ RunTime:0.000000s ]
INFO: [ app_begin ] --END-- [ RunTime:0.001000s ]
INFO: [ view_parse ] --START--
INFO: [ template_filter ] --START--
INFO: Run Behavior\ContentReplaceBehavior [ RunTime:0.000000s ]
INFO: [ template_filter ] --END-- [ RunTime:0.000000s ]
INFO: Run Behavior\ParseTemplateBehavior [ RunTime:0.009001s ]
INFO: [ view_parse ] --END-- [ RunTime:0.009001s ]
INFO: [ view_filter ] --START--
INFO: Run Behavior\WriteHtmlCacheBehavior [ RunTime:0.000000s ]
INFO: [ view_filter ] --END-- [ RunTime:0.000000s ]
INFO: [ app_end ] --START--
INFO: Run Behavior\ShowPageTraceBehavior [ RunTime:0.000000s ]
INFO: [ app_end ] --END-- [ RunTime:0.000000s ]

[ 2016-11-06T20:09:06+08:00 ] ::1 /warehouse/index.php/gii/
INFO: [ app_init ] --START--
INFO: Run Behavior\BuildLiteBehavior [ RunTime:0.000000s ]
INFO: [ app_init ] --END-- [ RunTime:0.001000s ]
INFO: [ app_begin ] --START--
INFO: Run Behavior\ReadHtmlCacheBehavior [ RunTime:0.001000s ]
INFO: [ app_begin ] --END-- [ RunTime:0.001000s ]
SQL: SHOW FULL FIELDS FROM wh_category [ RunTime:0.005000s ]
ERR: 1146:Table 'warehouse.wh_category' doesn't exist
 [ SQL ] : SHOW FULL FIELDS FROM wh_category
NOTIC: [2] Invalid argument supplied for foreach() D:\xampp\htdocs\warehouse\Application\Gii\Template\Model.tpl  8 .
NOTIC: [2] Invalid argument supplied for foreach() D:\xampp\htdocs\warehouse\Application\Gii\Template\add.html  21 .
NOTIC: [2] Invalid argument supplied for foreach() D:\xampp\htdocs\warehouse\Application\Gii\Template\edit.html  22 .
NOTIC: [2] Invalid argument supplied for foreach() D:\xampp\htdocs\warehouse\Application\Gii\Template\index.html  35 .
NOTIC: [2] Invalid argument supplied for foreach() D:\xampp\htdocs\warehouse\Application\Gii\Template\index.html  47 .
INFO: [ view_parse ] --START--
INFO: [ template_filter ] --START--
INFO: Run Behavior\ContentReplaceBehavior [ RunTime:0.000000s ]
INFO: [ template_filter ] --END-- [ RunTime:0.000000s ]
INFO: Run Behavior\ParseTemplateBehavior [ RunTime:0.014001s ]
INFO: [ view_parse ] --END-- [ RunTime:0.014001s ]
INFO: [ view_filter ] --START--
INFO: Run Behavior\WriteHtmlCacheBehavior [ RunTime:0.001000s ]
INFO: [ view_filter ] --END-- [ RunTime:0.001000s ]

[ 2016-11-06T20:09:07+08:00 ] ::1 /warehouse/index.php/gii/
INFO: [ app_init ] --START--
INFO: Run Behavior\BuildLiteBehavior [ RunTime:0.000000s ]
INFO: [ app_init ] --END-- [ RunTime:0.001000s ]
INFO: [ app_begin ] --START--
INFO: Run Behavior\ReadHtmlCacheBehavior [ RunTime:0.001000s ]
INFO: [ app_begin ] --END-- [ RunTime:0.001000s ]
INFO: [ view_parse ] --START--
INFO: [ template_filter ] --START--
INFO: Run Behavior\ContentReplaceBehavior [ RunTime:0.000000s ]
INFO: [ template_filter ] --END-- [ RunTime:0.001000s ]
INFO: Run Behavior\ParseTemplateBehavior [ RunTime:0.008000s ]
INFO: [ view_parse ] --END-- [ RunTime:0.008000s ]
INFO: [ view_filter ] --START--
INFO: Run Behavior\WriteHtmlCacheBehavior [ RunTime:0.001000s ]
INFO: [ view_filter ] --END-- [ RunTime:0.001000s ]
INFO: [ app_end ] --START--
INFO: Run Behavior\ShowPageTraceBehavior [ RunTime:0.001000s ]
INFO: [ app_end ] --END-- [ RunTime:0.001000s ]

[ 2016-11-06T20:09:42+08:00 ] ::1 /warehouse/index.php/Home/category
INFO: [ app_init ] --START--
INFO: Run Behavior\BuildLiteBehavior [ RunTime:0.000000s ]
INFO: [ app_init ] --END-- [ RunTime:0.001000s ]
INFO: [ app_begin ] --START--
INFO: Run Behavior\ReadHtmlCacheBehavior [ RunTime:0.001000s ]
INFO: [ app_begin ] --END-- [ RunTime:0.001000s ]
SQL: DESCRIBE wh_user [ RunTime:0.004000s ]
SQL: DESCRIBE wh_category [ RunTime:0.003000s ]
ERR: 1146:Table 'warehouse.wh_category' doesn't exist
 [ SQL ] : DESCRIBE wh_category
NOTIC: [2] Invalid argument supplied for foreach() D:\xampp\htdocs\warehouse\ThinkPHP\Library\Think\Db.class.php  429 .
SQL: SELECT COUNT(*) AS tp_count FROM `wh_category` LIMIT 1   [ RunTime:0.001000s ]
ERR: 1146:Table 'warehouse.wh_category' doesn't exist
 [ SQL ] : SELECT COUNT(*) AS tp_count FROM `wh_category` LIMIT 1  
NOTIC: [2] Invalid argument supplied for foreach() D:\xampp\htdocs\warehouse\ThinkPHP\Library\Think\Db.class.php  429 .
SQL: SELECT * FROM `wh_category` LIMIT 0,10   [ RunTime:0.001000s ]
ERR: 1146:Table 'warehouse.wh_category' doesn't exist
 [ SQL ] : SELECT * FROM `wh_category` LIMIT 0,10  
INFO: [ view_parse ] --START--
INFO: [ template_filter ] --START--
INFO: Run Behavior\ContentReplaceBehavior [ RunTime:0.000000s ]
INFO: [ template_filter ] --END-- [ RunTime:0.000000s ]
NOTIC: [2] Invalid argument supplied for foreach() D:\xampp\htdocs\warehouse\Application\Runtime\Cache\Home\fd93d816414af0ade2156438a8d6b092.php  38 .
INFO: Run Behavior\ParseTemplateBehavior [ RunTime:0.010000s ]
INFO: [ view_parse ] --END-- [ RunTime:0.010000s ]
INFO: [ view_filter ] --START--
INFO: Run Behavior\WriteHtmlCacheBehavior [ RunTime:0.001000s ]
INFO: [ view_filter ] --END-- [ RunTime:0.001000s ]
INFO: [ app_end ] --START--
INFO: Run Behavior\ShowPageTraceBehavior [ RunTime:0.001001s ]
INFO: [ app_end ] --END-- [ RunTime:0.001001s ]

[ 2016-11-06T20:09:47+08:00 ] ::1 /warehouse/index.php/Home/Category/add
INFO: [ app_init ] --START--
INFO: Run Behavior\BuildLiteBehavior [ RunTime:0.000000s ]
INFO: [ app_init ] --END-- [ RunTime:0.000000s ]
INFO: [ app_begin ] --START--
INFO: Run Behavior\ReadHtmlCacheBehavior [ RunTime:0.001000s ]
INFO: [ app_begin ] --END-- [ RunTime:0.001000s ]
SQL: DESCRIBE wh_user [ RunTime:0.024002s ]
INFO: [ view_parse ] --START--
INFO: [ template_filter ] --START--
INFO: Run Behavior\ContentReplaceBehavior [ RunTime:0.000000s ]
INFO: [ template_filter ] --END-- [ RunTime:0.001000s ]
INFO: Run Behavior\ParseTemplateBehavior [ RunTime:0.008000s ]
INFO: [ view_parse ] --END-- [ RunTime:0.008000s ]
INFO: [ view_filter ] --START--
INFO: Run Behavior\WriteHtmlCacheBehavior [ RunTime:0.000000s ]
INFO: [ view_filter ] --END-- [ RunTime:0.000000s ]
INFO: [ app_end ] --START--
INFO: Run Behavior\ShowPageTraceBehavior [ RunTime:0.001000s ]
INFO: [ app_end ] --END-- [ RunTime:0.001000s ]

[ 2016-11-06T20:23:46+08:00 ] ::1 /warehouse/gii
INFO: [ app_init ] --START--
INFO: Run Behavior\BuildLiteBehavior [ RunTime:0.001000s ]
INFO: [ app_init ] --END-- [ RunTime:0.001000s ]
INFO: [ app_begin ] --START--
INFO: Run Behavior\ReadHtmlCacheBehavior [ RunTime:0.001000s ]
INFO: [ app_begin ] --END-- [ RunTime:0.001000s ]
INFO: [ view_parse ] --START--
INFO: [ template_filter ] --START--
INFO: Run Behavior\ContentReplaceBehavior [ RunTime:0.000000s ]
INFO: [ template_filter ] --END-- [ RunTime:0.000000s ]
INFO: Run Behavior\ParseTemplateBehavior [ RunTime:0.009000s ]
INFO: [ view_parse ] --END-- [ RunTime:0.009000s ]
INFO: [ view_filter ] --START--
INFO: Run Behavior\WriteHtmlCacheBehavior [ RunTime:0.001000s ]
INFO: [ view_filter ] --END-- [ RunTime:0.001000s ]
INFO: [ app_end ] --START--
INFO: Run Behavior\ShowPageTraceBehavior [ RunTime:0.001000s ]
INFO: [ app_end ] --END-- [ RunTime:0.001000s ]

[ 2016-11-06T20:23:55+08:00 ] ::1 /warehouse/gii
INFO: [ app_init ] --START--
INFO: Run Behavior\BuildLiteBehavior [ RunTime:0.000000s ]
INFO: [ app_init ] --END-- [ RunTime:0.001000s ]
INFO: [ app_begin ] --START--
INFO: Run Behavior\ReadHtmlCacheBehavior [ RunTime:0.001000s ]
INFO: [ app_begin ] --END-- [ RunTime:0.001000s ]
SQL: SHOW FULL FIELDS FROM wh_category [ RunTime:0.004000s ]
INFO: [ view_parse ] --START--
INFO: [ template_filter ] --START--
INFO: Run Behavior\ContentReplaceBehavior [ RunTime:0.000000s ]
INFO: [ template_filter ] --END-- [ RunTime:0.000000s ]
INFO: Run Behavior\ParseTemplateBehavior [ RunTime:0.010001s ]
INFO: [ view_parse ] --END-- [ RunTime:0.011001s ]
INFO: [ view_filter ] --START--
INFO: Run Behavior\WriteHtmlCacheBehavior [ RunTime:0.001000s ]
INFO: [ view_filter ] --END-- [ RunTime:0.001000s ]

[ 2016-11-06T20:23:56+08:00 ] ::1 /warehouse/gii
INFO: [ app_init ] --START--
INFO: Run Behavior\BuildLiteBehavior [ RunTime:0.000000s ]
INFO: [ app_init ] --END-- [ RunTime:0.001000s ]
INFO: [ app_begin ] --START--
INFO: Run Behavior\ReadHtmlCacheBehavior [ RunTime:0.001000s ]
INFO: [ app_begin ] --END-- [ RunTime:0.001000s ]
INFO: [ view_parse ] --START--
INFO: [ template_filter ] --START--
INFO: Run Behavior\ContentReplaceBehavior [ RunTime:0.000000s ]
INFO: [ template_filter ] --END-- [ RunTime:0.000000s ]
INFO: Run Behavior\ParseTemplateBehavior [ RunTime:0.009000s ]
INFO: [ view_parse ] --END-- [ RunTime:0.009000s ]
INFO: [ view_filter ] --START--
INFO: Run Behavior\WriteHtmlCacheBehavior [ RunTime:0.001000s ]
INFO: [ view_filter ] --END-- [ RunTime:0.001000s ]
INFO: [ app_end ] --START--
INFO: Run Behavior\ShowPageTraceBehavior [ RunTime:0.001000s ]
INFO: [ app_end ] --END-- [ RunTime:0.001000s ]

[ 2016-11-06T20:24:08+08:00 ] ::1 /warehouse/home/category
INFO: [ app_init ] --START--
INFO: Run Behavior\BuildLiteBehavior [ RunTime:0.000000s ]
INFO: [ app_init ] --END-- [ RunTime:0.001000s ]
INFO: [ app_begin ] --START--
INFO: Run Behavior\ReadHtmlCacheBehavior [ RunTime:0.001000s ]
INFO: [ app_begin ] --END-- [ RunTime:0.001000s ]
SQL: DESCRIBE wh_user [ RunTime:0.004000s ]
SQL: DESCRIBE wh_category [ RunTime:0.004000s ]
NOTIC: [2] Invalid argument supplied for foreach() D:\xampp\htdocs\warehouse\ThinkPHP\Library\Think\Db.class.php  429 .
SQL: SELECT COUNT(*) AS tp_count FROM `wh_category` LIMIT 1   [ RunTime:0.001000s ]
NOTIC: [2] Invalid argument supplied for foreach() D:\xampp\htdocs\warehouse\ThinkPHP\Library\Think\Db.class.php  429 .
SQL: SELECT * FROM `wh_category` LIMIT 0,10   [ RunTime:0.000000s ]
INFO: [ view_parse ] --START--
INFO: [ template_filter ] --START--
INFO: Run Behavior\ContentReplaceBehavior [ RunTime:0.000000s ]
INFO: [ template_filter ] --END-- [ RunTime:0.000000s ]
INFO: Run Behavior\ParseTemplateBehavior [ RunTime:0.011001s ]
INFO: [ view_parse ] --END-- [ RunTime:0.011001s ]
INFO: [ view_filter ] --START--
INFO: Run Behavior\WriteHtmlCacheBehavior [ RunTime:0.001000s ]
INFO: [ view_filter ] --END-- [ RunTime:0.001000s ]
INFO: [ app_end ] --START--
INFO: Run Behavior\ShowPageTraceBehavior [ RunTime:0.003000s ]
INFO: [ app_end ] --END-- [ RunTime:0.003000s ]

[ 2016-11-06T20:24:11+08:00 ] ::1 /warehouse/index.php/Home/Category/index/p/2.html
INFO: [ app_init ] --START--
INFO: Run Behavior\BuildLiteBehavior [ RunTime:0.000000s ]
INFO: [ app_init ] --END-- [ RunTime:0.001000s ]
INFO: [ app_begin ] --START--
INFO: Run Behavior\ReadHtmlCacheBehavior [ RunTime:0.002000s ]
INFO: [ app_begin ] --END-- [ RunTime:0.002000s ]
SQL: DESCRIBE wh_user [ RunTime:0.004000s ]
SQL: DESCRIBE wh_category [ RunTime:0.004001s ]
NOTIC: [2] Invalid argument supplied for foreach() D:\xampp\htdocs\warehouse\ThinkPHP\Library\Think\Db.class.php  429 .
SQL: SELECT COUNT(*) AS tp_count FROM `wh_category` LIMIT 1   [ RunTime:0.000000s ]
NOTIC: [2] Invalid argument supplied for foreach() D:\xampp\htdocs\warehouse\ThinkPHP\Library\Think\Db.class.php  429 .
SQL: SELECT * FROM `wh_category` LIMIT 10,10   [ RunTime:0.001000s ]
INFO: [ view_parse ] --START--
INFO: [ template_filter ] --START--
INFO: Run Behavior\ContentReplaceBehavior [ RunTime:0.000000s ]
INFO: [ template_filter ] --END-- [ RunTime:0.001000s ]
INFO: Run Behavior\ParseTemplateBehavior [ RunTime:0.012000s ]
INFO: [ view_parse ] --END-- [ RunTime:0.012000s ]
INFO: [ view_filter ] --START--
INFO: Run Behavior\WriteHtmlCacheBehavior [ RunTime:0.001000s ]
INFO: [ view_filter ] --END-- [ RunTime:0.001000s ]
INFO: [ app_end ] --START--
INFO: Run Behavior\ShowPageTraceBehavior [ RunTime:0.001000s ]
INFO: [ app_end ] --END-- [ RunTime:0.002001s ]

[ 2016-11-06T20:24:12+08:00 ] ::1 /warehouse/index.php/Home/Category/index/p/1.html
INFO: [ app_init ] --START--
INFO: Run Behavior\BuildLiteBehavior [ RunTime:0.000000s ]
INFO: [ app_init ] --END-- [ RunTime:0.001000s ]
INFO: [ app_begin ] --START--
INFO: Run Behavior\ReadHtmlCacheBehavior [ RunTime:0.001000s ]
INFO: [ app_begin ] --END-- [ RunTime:0.001000s ]
SQL: DESCRIBE wh_user [ RunTime:0.004000s ]
SQL: DESCRIBE wh_category [ RunTime:0.004001s ]
NOTIC: [2] Invalid argument supplied for foreach() D:\xampp\htdocs\warehouse\ThinkPHP\Library\Think\Db.class.php  429 .
SQL: SELECT COUNT(*) AS tp_count FROM `wh_category` LIMIT 1   [ RunTime:0.001000s ]
NOTIC: [2] Invalid argument supplied for foreach() D:\xampp\htdocs\warehouse\ThinkPHP\Library\Think\Db.class.php  429 .
SQL: SELECT * FROM `wh_category` LIMIT 0,10   [ RunTime:0.001000s ]
INFO: [ view_parse ] --START--
INFO: [ template_filter ] --START--
INFO: Run Behavior\ContentReplaceBehavior [ RunTime:0.000000s ]
INFO: [ template_filter ] --END-- [ RunTime:0.001000s ]
INFO: Run Behavior\ParseTemplateBehavior [ RunTime:0.011000s ]
INFO: [ view_parse ] --END-- [ RunTime:0.011000s ]
INFO: [ view_filter ] --START--
INFO: Run Behavior\WriteHtmlCacheBehavior [ RunTime:0.001001s ]
INFO: [ view_filter ] --END-- [ RunTime:0.001001s ]
INFO: [ app_end ] --START--
INFO: Run Behavior\ShowPageTraceBehavior [ RunTime:0.003000s ]
INFO: [ app_end ] --END-- [ RunTime:0.004000s ]

[ 2016-11-06T20:24:23+08:00 ] ::1 /warehouse/index.php/Home/Category/index/p/2.html
INFO: [ app_init ] --START--
INFO: Run Behavior\BuildLiteBehavior [ RunTime:0.000000s ]
INFO: [ app_init ] --END-- [ RunTime:0.000000s ]
INFO: [ app_begin ] --START--
INFO: Run Behavior\ReadHtmlCacheBehavior [ RunTime:0.001000s ]
INFO: [ app_begin ] --END-- [ RunTime:0.001000s ]
SQL: DESCRIBE wh_user [ RunTime:0.005000s ]
SQL: DESCRIBE wh_category [ RunTime:0.005001s ]
NOTIC: [2] Invalid argument supplied for foreach() D:\xampp\htdocs\warehouse\ThinkPHP\Library\Think\Db.class.php  429 .
SQL: SELECT COUNT(*) AS tp_count FROM `wh_category` LIMIT 1   [ RunTime:0.000000s ]
NOTIC: [2] Invalid argument supplied for foreach() D:\xampp\htdocs\warehouse\ThinkPHP\Library\Think\Db.class.php  429 .
SQL: SELECT * FROM `wh_category` LIMIT 10,10   [ RunTime:0.000000s ]
INFO: [ view_parse ] --START--
INFO: [ template_filter ] --START--
INFO: Run Behavior\ContentReplaceBehavior [ RunTime:0.000000s ]
INFO: [ template_filter ] --END-- [ RunTime:0.000000s ]
INFO: Run Behavior\ParseTemplateBehavior [ RunTime:0.010000s ]
INFO: [ view_parse ] --END-- [ RunTime:0.010000s ]
INFO: [ view_filter ] --START--
INFO: Run Behavior\WriteHtmlCacheBehavior [ RunTime:0.001000s ]
INFO: [ view_filter ] --END-- [ RunTime:0.001000s ]
INFO: [ app_end ] --START--
INFO: Run Behavior\ShowPageTraceBehavior [ RunTime:0.002001s ]
INFO: [ app_end ] --END-- [ RunTime:0.002001s ]

[ 2016-11-06T20:24:25+08:00 ] ::1 /warehouse/index.php/Home/Category/index/p/1.html
INFO: [ app_init ] --START--
INFO: Run Behavior\BuildLiteBehavior [ RunTime:0.000000s ]
INFO: [ app_init ] --END-- [ RunTime:0.001000s ]
INFO: [ app_begin ] --START--
INFO: Run Behavior\ReadHtmlCacheBehavior [ RunTime:0.001000s ]
INFO: [ app_begin ] --END-- [ RunTime:0.001000s ]
SQL: DESCRIBE wh_user [ RunTime:0.004000s ]
SQL: DESCRIBE wh_category [ RunTime:0.004000s ]
NOTIC: [2] Invalid argument supplied for foreach() D:\xampp\htdocs\warehouse\ThinkPHP\Library\Think\Db.class.php  429 .
SQL: SELECT COUNT(*) AS tp_count FROM `wh_category` LIMIT 1   [ RunTime:0.001000s ]
NOTIC: [2] Invalid argument supplied for foreach() D:\xampp\htdocs\warehouse\ThinkPHP\Library\Think\Db.class.php  429 .
SQL: SELECT * FROM `wh_category` LIMIT 0,10   [ RunTime:0.001000s ]
INFO: [ view_parse ] --START--
INFO: [ template_filter ] --START--
INFO: Run Behavior\ContentReplaceBehavior [ RunTime:0.000000s ]
INFO: [ template_filter ] --END-- [ RunTime:0.000000s ]
INFO: Run Behavior\ParseTemplateBehavior [ RunTime:0.010001s ]
INFO: [ view_parse ] --END-- [ RunTime:0.010001s ]
INFO: [ view_filter ] --START--
INFO: Run Behavior\WriteHtmlCacheBehavior [ RunTime:0.001000s ]
INFO: [ view_filter ] --END-- [ RunTime:0.001000s ]
INFO: [ app_end ] --START--
INFO: Run Behavior\ShowPageTraceBehavior [ RunTime:0.001000s ]
INFO: [ app_end ] --END-- [ RunTime:0.001000s ]

[ 2016-11-06T20:24:55+08:00 ] ::1 /warehouse/index.php/Home/Category/add
INFO: [ app_init ] --START--
INFO: Run Behavior\BuildLiteBehavior [ RunTime:0.000000s ]
INFO: [ app_init ] --END-- [ RunTime:0.001000s ]
INFO: [ app_begin ] --START--
INFO: Run Behavior\ReadHtmlCacheBehavior [ RunTime:0.001000s ]
INFO: [ app_begin ] --END-- [ RunTime:0.001000s ]
SQL: DESCRIBE wh_user [ RunTime:0.004001s ]
INFO: [ view_parse ] --START--
INFO: [ template_filter ] --START--
INFO: Run Behavior\ContentReplaceBehavior [ RunTime:0.000000s ]
INFO: [ template_filter ] --END-- [ RunTime:0.000000s ]
INFO: Run Behavior\ParseTemplateBehavior [ RunTime:0.010000s ]
INFO: [ view_parse ] --END-- [ RunTime:0.010000s ]
INFO: [ view_filter ] --START--
INFO: Run Behavior\WriteHtmlCacheBehavior [ RunTime:0.000000s ]
INFO: [ view_filter ] --END-- [ RunTime:0.000000s ]
INFO: [ app_end ] --START--
INFO: Run Behavior\ShowPageTraceBehavior [ RunTime:0.002000s ]
INFO: [ app_end ] --END-- [ RunTime:0.002000s ]

[ 2016-11-06T20:41:24+08:00 ] ::1 /warehouse/index.php/Home/Category/add
INFO: [ app_init ] --START--
INFO: Run Behavior\BuildLiteBehavior [ RunTime:0.000000s ]
INFO: [ app_init ] --END-- [ RunTime:0.002000s ]
INFO: [ app_begin ] --START--
INFO: Run Behavior\ReadHtmlCacheBehavior [ RunTime:0.001000s ]
INFO: [ app_begin ] --END-- [ RunTime:0.001000s ]
SQL: DESCRIBE wh_user [ RunTime:0.004000s ]
INFO: [ view_parse ] --START--
INFO: [ template_filter ] --START--
INFO: Run Behavior\ContentReplaceBehavior [ RunTime:0.000000s ]
INFO: [ template_filter ] --END-- [ RunTime:0.000000s ]
INFO: Run Behavior\ParseTemplateBehavior [ RunTime:0.012000s ]
INFO: [ view_parse ] --END-- [ RunTime:0.012000s ]
INFO: [ view_filter ] --START--
INFO: Run Behavior\WriteHtmlCacheBehavior [ RunTime:0.001000s ]
INFO: [ view_filter ] --END-- [ RunTime:0.001000s ]
INFO: [ app_end ] --START--
INFO: Run Behavior\ShowPageTraceBehavior [ RunTime:0.001000s ]
INFO: [ app_end ] --END-- [ RunTime:0.001000s ]

[ 2016-11-06T20:41:26+08:00 ] ::1 /warehouse/index.php/Home/Category/index
INFO: [ app_init ] --START--
INFO: Run Behavior\BuildLiteBehavior [ RunTime:0.000000s ]
INFO: [ app_init ] --END-- [ RunTime:0.001001s ]
INFO: [ app_begin ] --START--
INFO: Run Behavior\ReadHtmlCacheBehavior [ RunTime:0.001000s ]
INFO: [ app_begin ] --END-- [ RunTime:0.001000s ]
SQL: DESCRIBE wh_user [ RunTime:0.005000s ]
SQL: DESCRIBE wh_category [ RunTime:0.004000s ]
SQL: SELECT * FROM `wh_category`  [ RunTime:0.000000s ]
INFO: [ view_parse ] --START--
INFO: [ template_filter ] --START--
INFO: Run Behavior\ContentReplaceBehavior [ RunTime:0.000000s ]
INFO: [ template_filter ] --END-- [ RunTime:0.000000s ]
NOTIC: [8] Undefined variable: str D:\xampp\htdocs\warehouse\Application\Runtime\Cache\Home\fd93d816414af0ade2156438a8d6b092.php  63 .
INFO: Run Behavior\ParseTemplateBehavior [ RunTime:0.012001s ]
INFO: [ view_parse ] --END-- [ RunTime:0.012001s ]
INFO: [ view_filter ] --START--
INFO: Run Behavior\WriteHtmlCacheBehavior [ RunTime:0.001000s ]
INFO: [ view_filter ] --END-- [ RunTime:0.001000s ]
INFO: [ app_end ] --START--
INFO: Run Behavior\ShowPageTraceBehavior [ RunTime:0.002000s ]
INFO: [ app_end ] --END-- [ RunTime:0.002000s ]

[ 2016-11-06T20:46:57+08:00 ] ::1 /warehouse/index.php/Home/Category/index
INFO: [ app_init ] --START--
INFO: Run Behavior\BuildLiteBehavior [ RunTime:0.000000s ]
INFO: [ app_init ] --END-- [ RunTime:0.001000s ]
INFO: [ app_begin ] --START--
INFO: Run Behavior\ReadHtmlCacheBehavior [ RunTime:0.002000s ]
INFO: [ app_begin ] --END-- [ RunTime:0.002000s ]
SQL: DESCRIBE wh_user [ RunTime:0.005001s ]
SQL: DESCRIBE wh_category [ RunTime:0.005000s ]
SQL: SELECT * FROM `wh_category`  [ RunTime:0.000000s ]
INFO: [ view_parse ] --START--
INFO: [ template_filter ] --START--
INFO: Run Behavior\ContentReplaceBehavior [ RunTime:0.000000s ]
INFO: [ template_filter ] --END-- [ RunTime:0.000000s ]
NOTIC: [8] Undefined variable: fields D:\xampp\htdocs\warehouse\Application\Runtime\Cache\Home\fd93d816414af0ade2156438a8d6b092.php  42 .
NOTIC: [8] Undefined index: pri_name D:\xampp\htdocs\warehouse\Application\Runtime\Cache\Home\fd93d816414af0ade2156438a8d6b092.php  45 .
NOTIC: [8] Undefined index: pri_name D:\xampp\htdocs\warehouse\Application\Runtime\Cache\Home\fd93d816414af0ade2156438a8d6b092.php  45 .
NOTIC: [8] Undefined index: pri_name D:\xampp\htdocs\warehouse\Application\Runtime\Cache\Home\fd93d816414af0ade2156438a8d6b092.php  45 .
NOTIC: [8] Undefined index: pri_name D:\xampp\htdocs\warehouse\Application\Runtime\Cache\Home\fd93d816414af0ade2156438a8d6b092.php  45 .
NOTIC: [8] Undefined index: pri_name D:\xampp\htdocs\warehouse\Application\Runtime\Cache\Home\fd93d816414af0ade2156438a8d6b092.php  45 .
NOTIC: [8] Undefined index: pri_name D:\xampp\htdocs\warehouse\Application\Runtime\Cache\Home\fd93d816414af0ade2156438a8d6b092.php  45 .
NOTIC: [8] Undefined index: pri_name D:\xampp\htdocs\warehouse\Application\Runtime\Cache\Home\fd93d816414af0ade2156438a8d6b092.php  45 .
NOTIC: [8] Undefined index: pri_name D:\xampp\htdocs\warehouse\Application\Runtime\Cache\Home\fd93d816414af0ade2156438a8d6b092.php  45 .
NOTIC: [8] Undefined index: pri_name D:\xampp\htdocs\warehouse\Application\Runtime\Cache\Home\fd93d816414af0ade2156438a8d6b092.php  45 .
NOTIC: [8] Undefined index: pri_name D:\xampp\htdocs\warehouse\Application\Runtime\Cache\Home\fd93d816414af0ade2156438a8d6b092.php  45 .
NOTIC: [8] Undefined index: pri_name D:\xampp\htdocs\warehouse\Application\Runtime\Cache\Home\fd93d816414af0ade2156438a8d6b092.php  45 .
NOTIC: [8] Undefined variable: str D:\xampp\htdocs\warehouse\Application\Runtime\Cache\Home\fd93d816414af0ade2156438a8d6b092.php  62 .
INFO: Run Behavior\ParseTemplateBehavior [ RunTime:0.012001s ]
INFO: [ view_parse ] --END-- [ RunTime:0.012001s ]
INFO: [ view_filter ] --START--
INFO: Run Behavior\WriteHtmlCacheBehavior [ RunTime:0.001000s ]
INFO: [ view_filter ] --END-- [ RunTime:0.001000s ]
INFO: [ app_end ] --START--
INFO: Run Behavior\ShowPageTraceBehavior [ RunTime:0.005000s ]
INFO: [ app_end ] --END-- [ RunTime:0.006000s ]

[ 2016-11-06T20:47:07+08:00 ] ::1 /warehouse/index.php/Home/Category/index
INFO: [ app_init ] --START--
INFO: Run Behavior\BuildLiteBehavior [ RunTime:0.000000s ]
INFO: [ app_init ] --END-- [ RunTime:0.000000s ]
INFO: [ app_begin ] --START--
INFO: Run Behavior\ReadHtmlCacheBehavior [ RunTime:0.001000s ]
INFO: [ app_begin ] --END-- [ RunTime:0.002000s ]
SQL: DESCRIBE wh_user [ RunTime:0.006000s ]
SQL: DESCRIBE wh_category [ RunTime:0.005000s ]
SQL: SELECT * FROM `wh_category`  [ RunTime:0.001001s ]
INFO: [ view_parse ] --START--
INFO: [ template_filter ] --START--
INFO: Run Behavior\ContentReplaceBehavior [ RunTime:0.000000s ]
INFO: [ template_filter ] --END-- [ RunTime:0.000000s ]
NOTIC: [8] Undefined variable: fields D:\xampp\htdocs\warehouse\Application\Runtime\Cache\Home\fd93d816414af0ade2156438a8d6b092.php  42 .
NOTIC: [8] Undefined variable: str D:\xampp\htdocs\warehouse\Application\Runtime\Cache\Home\fd93d816414af0ade2156438a8d6b092.php  62 .
INFO: Run Behavior\ParseTemplateBehavior [ RunTime:0.011000s ]
INFO: [ view_parse ] --END-- [ RunTime:0.012000s ]
INFO: [ view_filter ] --START--
INFO: Run Behavior\WriteHtmlCacheBehavior [ RunTime:0.001000s ]
INFO: [ view_filter ] --END-- [ RunTime:0.001000s ]
INFO: [ app_end ] --START--
INFO: Run Behavior\ShowPageTraceBehavior [ RunTime:0.001000s ]
INFO: [ app_end ] --END-- [ RunTime:0.001000s ]

