[ 2016-12-01T13:55:10+08:00 ] ::1 /warehouse/index.php/Home/index/login
INFO: [ app_init ] --START--
INFO: Run Behavior\BuildLiteBehavior [ RunTime:0.000000s ]
INFO: [ app_init ] --END-- [ RunTime:0.080001s ]
INFO: [ app_begin ] --START--
INFO: Run Behavior\ReadHtmlCacheBehavior [ RunTime:0.020000s ]
INFO: [ app_begin ] --END-- [ RunTime:0.020000s ]
SQL: DESCRIBE wh_user [ RunTime:0.145002s ]
INFO: [ view_parse ] --START--
INFO: [ template_filter ] --START--
INFO: Run Behavior\ContentReplaceBehavior [ RunTime:0.002500s ]
INFO: [ template_filter ] --END-- [ RunTime:0.002500s ]
INFO: Run Behavior\ParseTemplateBehavior [ RunTime:0.145002s ]
INFO: [ view_parse ] --END-- [ RunTime:0.145002s ]
INFO: [ view_filter ] --START--
INFO: Run Behavior\WriteHtmlCacheBehavior [ RunTime:0.017500s ]
INFO: [ view_filter ] --END-- [ RunTime:0.017500s ]
INFO: [ app_end ] --START--
INFO: Run Behavior\ShowPageTraceBehavior [ RunTime:0.012501s ]
INFO: [ app_end ] --END-- [ RunTime:0.012501s ]

[ 2016-12-01T13:55:11+08:00 ] ::1 /warehouse/index.php/Home/Index/getCodeImg
INFO: [ app_init ] --START--
INFO: Run Behavior\BuildLiteBehavior [ RunTime:0.000000s ]
INFO: [ app_init ] --END-- [ RunTime:0.002500s ]
INFO: [ app_begin ] --START--
INFO: Run Behavior\ReadHtmlCacheBehavior [ RunTime:0.002500s ]
INFO: [ app_begin ] --END-- [ RunTime:0.002500s ]
SQL: DESCRIBE wh_user [ RunTime:0.020001s ]
INFO: [ app_end ] --START--
INFO: Run Behavior\ShowPageTraceBehavior [ RunTime:0.002500s ]
INFO: [ app_end ] --END-- [ RunTime:0.002500s ]

[ 2016-12-01T13:55:37+08:00 ] ::1 /warehouse/index.php/Home/index/index
INFO: [ app_init ] --START--
INFO: Run Behavior\BuildLiteBehavior [ RunTime:0.000000s ]
INFO: [ app_init ] --END-- [ RunTime:0.000000s ]
INFO: [ app_begin ] --START--
INFO: Run Behavior\ReadHtmlCacheBehavior [ RunTime:0.000000s ]
INFO: [ app_begin ] --END-- [ RunTime:0.000000s ]
SQL: DESCRIBE wh_user [ RunTime:0.005000s ]
INFO: [ view_parse ] --START--
INFO: [ template_filter ] --START--
INFO: Run Behavior\ContentReplaceBehavior [ RunTime:0.000000s ]
INFO: [ template_filter ] --END-- [ RunTime:0.000000s ]
INFO: Run Behavior\ParseTemplateBehavior [ RunTime:0.035001s ]
INFO: [ view_parse ] --END-- [ RunTime:0.035001s ]
INFO: [ view_filter ] --START--
INFO: Run Behavior\WriteHtmlCacheBehavior [ RunTime:0.002500s ]
INFO: [ view_filter ] --END-- [ RunTime:0.002500s ]
INFO: [ app_end ] --START--
INFO: Run Behavior\ShowPageTraceBehavior [ RunTime:0.000000s ]
INFO: [ app_end ] --END-- [ RunTime:0.000000s ]

[ 2016-12-01T13:55:37+08:00 ] ::1 /warehouse/index.php/Home/Index/menu
INFO: [ app_init ] --START--
INFO: Run Behavior\BuildLiteBehavior [ RunTime:0.000000s ]
INFO: [ app_init ] --END-- [ RunTime:0.000000s ]
INFO: [ app_begin ] --START--
INFO: Run Behavior\ReadHtmlCacheBehavior [ RunTime:0.002500s ]
INFO: [ app_begin ] --END-- [ RunTime:0.002500s ]
SQL: DESCRIBE wh_user [ RunTime:0.005000s ]
SQL: DESCRIBE wh_user [ RunTime:0.005000s ]
SQL: SELECT `role_id` FROM `wh_user` LIMIT 1   [ RunTime:0.000000s ]
SQL: DESCRIBE wh_role [ RunTime:0.027500s ]
SQL: SELECT `pri_id_list` FROM `wh_role` WHERE ( `id` = 1 ) LIMIT 1   [ RunTime:0.032501s ]
SQL: DESCRIBE wh_privilege [ RunTime:0.150003s ]
SQL: SELECT * FROM `wh_privilege` WHERE ( id IN (1,2,4,21,24,3,5,20,6,7,8,9,10,11,13,22,12,14,15,17,23,16,18,19) )  [ RunTime:0.032500s ]
INFO: [ view_parse ] --START--
INFO: [ template_filter ] --START--
INFO: Run Behavior\ContentReplaceBehavior [ RunTime:0.000000s ]
INFO: [ template_filter ] --END-- [ RunTime:0.000000s ]
INFO: Run Behavior\ParseTemplateBehavior [ RunTime:0.052501s ]
INFO: [ view_parse ] --END-- [ RunTime:0.055001s ]
INFO: [ view_filter ] --START--
INFO: Run Behavior\WriteHtmlCacheBehavior [ RunTime:0.000000s ]
INFO: [ view_filter ] --END-- [ RunTime:0.000000s ]
INFO: [ app_end ] --START--
INFO: Run Behavior\ShowPageTraceBehavior [ RunTime:0.002500s ]
INFO: [ app_end ] --END-- [ RunTime:0.002500s ]

[ 2016-12-01T13:55:37+08:00 ] ::1 /warehouse/index.php/Home/Index/main
INFO: [ app_init ] --START--
INFO: Run Behavior\BuildLiteBehavior [ RunTime:0.000000s ]
INFO: [ app_init ] --END-- [ RunTime:0.002500s ]
INFO: [ app_begin ] --START--
INFO: Run Behavior\ReadHtmlCacheBehavior [ RunTime:0.002500s ]
INFO: [ app_begin ] --END-- [ RunTime:0.002500s ]
SQL: DESCRIBE wh_user [ RunTime:0.062501s ]
INFO: [ view_parse ] --START--
INFO: [ template_filter ] --START--
INFO: Run Behavior\ContentReplaceBehavior [ RunTime:0.000000s ]
INFO: [ template_filter ] --END-- [ RunTime:0.000000s ]
INFO: Run Behavior\ParseTemplateBehavior [ RunTime:0.070001s ]
INFO: [ view_parse ] --END-- [ RunTime:0.070001s ]
INFO: [ view_filter ] --START--
INFO: Run Behavior\WriteHtmlCacheBehavior [ RunTime:0.000000s ]
INFO: [ view_filter ] --END-- [ RunTime:0.000000s ]
INFO: [ app_end ] --START--
INFO: Run Behavior\ShowPageTraceBehavior [ RunTime:0.002500s ]
INFO: [ app_end ] --END-- [ RunTime:0.002500s ]

[ 2016-12-01T13:55:37+08:00 ] ::1 /warehouse/index.php/Home/Index/drag
INFO: [ app_init ] --START--
INFO: Run Behavior\BuildLiteBehavior [ RunTime:0.000000s ]
INFO: [ app_init ] --END-- [ RunTime:0.000000s ]
INFO: [ app_begin ] --START--
INFO: Run Behavior\ReadHtmlCacheBehavior [ RunTime:0.002500s ]
INFO: [ app_begin ] --END-- [ RunTime:0.002500s ]
SQL: DESCRIBE wh_user [ RunTime:0.100001s ]
INFO: [ view_parse ] --START--
INFO: [ template_filter ] --START--
INFO: Run Behavior\ContentReplaceBehavior [ RunTime:0.000000s ]
INFO: [ template_filter ] --END-- [ RunTime:0.000000s ]
INFO: Run Behavior\ParseTemplateBehavior [ RunTime:0.027501s ]
INFO: [ view_parse ] --END-- [ RunTime:0.032501s ]
INFO: [ view_filter ] --START--
INFO: Run Behavior\WriteHtmlCacheBehavior [ RunTime:0.002500s ]
INFO: [ view_filter ] --END-- [ RunTime:0.002500s ]
INFO: [ app_end ] --START--
INFO: Run Behavior\ShowPageTraceBehavior [ RunTime:0.000000s ]
INFO: [ app_end ] --END-- [ RunTime:0.000000s ]

[ 2016-12-01T13:55:38+08:00 ] ::1 /warehouse/index.php/Home/Index/top
INFO: [ app_init ] --START--
INFO: Run Behavior\BuildLiteBehavior [ RunTime:0.000000s ]
INFO: [ app_init ] --END-- [ RunTime:0.002500s ]
INFO: [ app_begin ] --START--
INFO: Run Behavior\ReadHtmlCacheBehavior [ RunTime:0.002500s ]
INFO: [ app_begin ] --END-- [ RunTime:0.002500s ]
SQL: DESCRIBE wh_user [ RunTime:0.152503s ]
INFO: [ view_parse ] --START--
INFO: [ template_filter ] --START--
INFO: Run Behavior\ContentReplaceBehavior [ RunTime:0.000000s ]
INFO: [ template_filter ] --END-- [ RunTime:0.002500s ]
INFO: Run Behavior\ParseTemplateBehavior [ RunTime:0.092501s ]
INFO: [ view_parse ] --END-- [ RunTime:0.092501s ]
INFO: [ view_filter ] --START--
INFO: Run Behavior\WriteHtmlCacheBehavior [ RunTime:0.000000s ]
INFO: [ view_filter ] --END-- [ RunTime:0.000000s ]
INFO: [ app_end ] --START--
INFO: Run Behavior\ShowPageTraceBehavior [ RunTime:0.000000s ]
INFO: [ app_end ] --END-- [ RunTime:0.000000s ]

[ 2016-12-01T13:56:18+08:00 ] ::1 /warehouse/index.php/Home/User/Index.html
INFO: [ app_init ] --START--
INFO: Run Behavior\BuildLiteBehavior [ RunTime:0.000000s ]
INFO: [ app_init ] --END-- [ RunTime:0.002500s ]
INFO: [ app_begin ] --START--
INFO: Run Behavior\ReadHtmlCacheBehavior [ RunTime:0.002500s ]
INFO: [ app_begin ] --END-- [ RunTime:0.002500s ]
SQL: DESCRIBE wh_user [ RunTime:0.005000s ]
SQL: DESCRIBE wh_user [ RunTime:0.005000s ]
NOTIC: [2] Invalid argument supplied for foreach() D:\xampp\htdocs\warehouse\ThinkPHP\Library\Think\Db.class.php 第 429 行.
SQL: SELECT COUNT(*) AS tp_count FROM `wh_user` LIMIT 1   [ RunTime:0.000000s ]
NOTIC: [2] Invalid argument supplied for foreach() D:\xampp\htdocs\warehouse\ThinkPHP\Library\Think\Db.class.php 第 429 行.
SQL: SELECT a.id,a.username,a.role_id,b.id,b.name as role_name FROM wh_user a INNER JOIN wh_role b ON a.role_id=b.id  LIMIT 0,2   [ RunTime:0.000000s ]
INFO: [ view_parse ] --START--
INFO: [ template_filter ] --START--
INFO: Run Behavior\ContentReplaceBehavior [ RunTime:0.000000s ]
INFO: [ template_filter ] --END-- [ RunTime:0.000000s ]
INFO: Run Behavior\ParseTemplateBehavior [ RunTime:0.040001s ]
INFO: [ view_parse ] --END-- [ RunTime:0.040001s ]
INFO: [ view_filter ] --START--
INFO: Run Behavior\WriteHtmlCacheBehavior [ RunTime:0.002500s ]
INFO: [ view_filter ] --END-- [ RunTime:0.002500s ]
INFO: [ app_end ] --START--
INFO: Run Behavior\ShowPageTraceBehavior [ RunTime:0.005000s ]
INFO: [ app_end ] --END-- [ RunTime:0.005000s ]

[ 2016-12-01T13:56:55+08:00 ] ::1 /warehouse/index.php/Home/User/edit/id/1
INFO: [ app_init ] --START--
INFO: Run Behavior\BuildLiteBehavior [ RunTime:0.000000s ]
INFO: [ app_init ] --END-- [ RunTime:0.000000s ]
INFO: [ app_begin ] --START--
INFO: Run Behavior\ReadHtmlCacheBehavior [ RunTime:0.002500s ]
INFO: [ app_begin ] --END-- [ RunTime:0.002500s ]
SQL: DESCRIBE wh_user [ RunTime:0.005000s ]
SQL: DESCRIBE wh_user [ RunTime:0.002500s ]
SQL: SELECT * FROM `wh_user` WHERE ( `id` = 1 ) LIMIT 1   [ RunTime:0.000000s ]
INFO: [ view_parse ] --START--
INFO: [ template_filter ] --START--
INFO: Run Behavior\ContentReplaceBehavior [ RunTime:0.000000s ]
INFO: [ template_filter ] --END-- [ RunTime:0.000000s ]
INFO: Run Behavior\ParseTemplateBehavior [ RunTime:0.035001s ]
INFO: [ view_parse ] --END-- [ RunTime:0.035001s ]
INFO: [ view_filter ] --START--
INFO: Run Behavior\WriteHtmlCacheBehavior [ RunTime:0.002500s ]
INFO: [ view_filter ] --END-- [ RunTime:0.002500s ]
INFO: [ app_end ] --START--
INFO: Run Behavior\ShowPageTraceBehavior [ RunTime:0.002500s ]
INFO: [ app_end ] --END-- [ RunTime:0.002500s ]

[ 2016-12-01T13:56:59+08:00 ] ::1 /warehouse/index.php/Home/Privilege/Index.html
INFO: [ app_init ] --START--
INFO: Run Behavior\BuildLiteBehavior [ RunTime:0.000000s ]
INFO: [ app_init ] --END-- [ RunTime:0.000000s ]
INFO: [ app_begin ] --START--
INFO: Run Behavior\ReadHtmlCacheBehavior [ RunTime:0.000000s ]
INFO: [ app_begin ] --END-- [ RunTime:0.002500s ]
SQL: DESCRIBE wh_user [ RunTime:0.010000s ]
SQL: DESCRIBE wh_privilege [ RunTime:0.010000s ]
SQL: SELECT * FROM `wh_privilege`  [ RunTime:0.000000s ]
INFO: [ view_parse ] --START--
INFO: [ template_filter ] --START--
INFO: Run Behavior\ContentReplaceBehavior [ RunTime:0.000000s ]
INFO: [ template_filter ] --END-- [ RunTime:0.000000s ]
NOTIC: [8] Undefined variable: fields D:\xampp\htdocs\warehouse\Application\Runtime\Cache\Home\db0897c86e0c0bc02808b575f00bb095.php 第 44 行.
NOTIC: [8] Undefined variable: str D:\xampp\htdocs\warehouse\Application\Runtime\Cache\Home\db0897c86e0c0bc02808b575f00bb095.php 第 67 行.
INFO: Run Behavior\ParseTemplateBehavior [ RunTime:0.040000s ]
INFO: [ view_parse ] --END-- [ RunTime:0.040000s ]
INFO: [ view_filter ] --START--
INFO: Run Behavior\WriteHtmlCacheBehavior [ RunTime:0.002500s ]
INFO: [ view_filter ] --END-- [ RunTime:0.002500s ]
INFO: [ app_end ] --START--
INFO: Run Behavior\ShowPageTraceBehavior [ RunTime:0.005000s ]
INFO: [ app_end ] --END-- [ RunTime:0.005000s ]

[ 2016-12-01T13:57:11+08:00 ] ::1 /warehouse/index.php/Home/Category/Index.html
INFO: [ app_init ] --START--
INFO: Run Behavior\BuildLiteBehavior [ RunTime:0.000000s ]
INFO: [ app_init ] --END-- [ RunTime:0.002500s ]
INFO: [ app_begin ] --START--
INFO: Run Behavior\ReadHtmlCacheBehavior [ RunTime:0.002500s ]
INFO: [ app_begin ] --END-- [ RunTime:0.002500s ]
SQL: DESCRIBE wh_user [ RunTime:0.007500s ]
SQL: DESCRIBE wh_category [ RunTime:0.005000s ]
SQL: SELECT * FROM `wh_category`  [ RunTime:0.000000s ]
INFO: [ view_parse ] --START--
INFO: [ template_filter ] --START--
INFO: Run Behavior\ContentReplaceBehavior [ RunTime:0.000000s ]
INFO: [ template_filter ] --END-- [ RunTime:0.000000s ]
NOTIC: [8] Undefined variable: fields D:\xampp\htdocs\warehouse\Application\Runtime\Cache\Home\0cb3f3107f505e44ada7d17f2c283b31.php 第 42 行.
NOTIC: [8] Undefined index: order D:\xampp\htdocs\warehouse\Application\Runtime\Cache\Home\0cb3f3107f505e44ada7d17f2c283b31.php 第 46 行.
NOTIC: [8] Undefined index: order D:\xampp\htdocs\warehouse\Application\Runtime\Cache\Home\0cb3f3107f505e44ada7d17f2c283b31.php 第 46 行.
NOTIC: [8] Undefined index: order D:\xampp\htdocs\warehouse\Application\Runtime\Cache\Home\0cb3f3107f505e44ada7d17f2c283b31.php 第 46 行.
NOTIC: [8] Undefined index: order D:\xampp\htdocs\warehouse\Application\Runtime\Cache\Home\0cb3f3107f505e44ada7d17f2c283b31.php 第 46 行.
NOTIC: [8] Undefined index: order D:\xampp\htdocs\warehouse\Application\Runtime\Cache\Home\0cb3f3107f505e44ada7d17f2c283b31.php 第 46 行.
NOTIC: [8] Undefined index: order D:\xampp\htdocs\warehouse\Application\Runtime\Cache\Home\0cb3f3107f505e44ada7d17f2c283b31.php 第 46 行.
NOTIC: [8] Undefined index: order D:\xampp\htdocs\warehouse\Application\Runtime\Cache\Home\0cb3f3107f505e44ada7d17f2c283b31.php 第 46 行.
NOTIC: [8] Undefined index: order D:\xampp\htdocs\warehouse\Application\Runtime\Cache\Home\0cb3f3107f505e44ada7d17f2c283b31.php 第 46 行.
NOTIC: [8] Undefined index: order D:\xampp\htdocs\warehouse\Application\Runtime\Cache\Home\0cb3f3107f505e44ada7d17f2c283b31.php 第 46 行.
NOTIC: [8] Undefined index: order D:\xampp\htdocs\warehouse\Application\Runtime\Cache\Home\0cb3f3107f505e44ada7d17f2c283b31.php 第 46 行.
NOTIC: [8] Undefined index: order D:\xampp\htdocs\warehouse\Application\Runtime\Cache\Home\0cb3f3107f505e44ada7d17f2c283b31.php 第 46 行.
NOTIC: [8] Undefined index: order D:\xampp\htdocs\warehouse\Application\Runtime\Cache\Home\0cb3f3107f505e44ada7d17f2c283b31.php 第 46 行.
NOTIC: [8] Undefined variable: str D:\xampp\htdocs\warehouse\Application\Runtime\Cache\Home\0cb3f3107f505e44ada7d17f2c283b31.php 第 63 行.
INFO: Run Behavior\ParseTemplateBehavior [ RunTime:0.030001s ]
INFO: [ view_parse ] --END-- [ RunTime:0.030001s ]
INFO: [ view_filter ] --START--
INFO: Run Behavior\WriteHtmlCacheBehavior [ RunTime:0.002500s ]
INFO: [ view_filter ] --END-- [ RunTime:0.002500s ]
INFO: [ app_end ] --START--
INFO: Run Behavior\ShowPageTraceBehavior [ RunTime:0.002500s ]
INFO: [ app_end ] --END-- [ RunTime:0.002500s ]

[ 2016-12-01T13:57:33+08:00 ] ::1 /warehouse/index.php/Home/goods/index
INFO: [ app_init ] --START--
INFO: Run Behavior\BuildLiteBehavior [ RunTime:0.000000s ]
INFO: [ app_init ] --END-- [ RunTime:0.002500s ]
INFO: [ app_begin ] --START--
INFO: Run Behavior\ReadHtmlCacheBehavior [ RunTime:0.002500s ]
INFO: [ app_begin ] --END-- [ RunTime:0.002500s ]
SQL: DESCRIBE wh_user [ RunTime:0.002500s ]
SQL: DESCRIBE wh_goods [ RunTime:0.005000s ]
NOTIC: [2] Invalid argument supplied for foreach() D:\xampp\htdocs\warehouse\ThinkPHP\Library\Think\Db.class.php 第 429 行.
SQL: SELECT COUNT(*) AS tp_count FROM `wh_goods` LIMIT 1   [ RunTime:0.000000s ]
NOTIC: [2] Invalid argument supplied for foreach() D:\xampp\htdocs\warehouse\ThinkPHP\Library\Think\Db.class.php 第 429 行.
SQL: SELECT a.id as goods_id,a.name,a.type_id,a.cat_id,a.pic,a.price,a.unit,b.id,b.name as name_type,d.id,d.name as name_category FROM wh_goods a INNER JOIN wh_type b ON a.type_id=b.id INNER JOIN wh_category d ON a.cat_id=d.id  LIMIT 0,10   [ RunTime:0.000000s ]
SQL: DESCRIBE wh_type [ RunTime:0.002500s ]
SQL: SELECT * FROM `wh_type`  [ RunTime:0.000000s ]
SQL: DESCRIBE wh_category [ RunTime:0.005000s ]
SQL: SELECT * FROM `wh_category`  [ RunTime:0.000000s ]
SQL: DESCRIBE wh_stockhouse [ RunTime:0.005000s ]
SQL: SELECT * FROM `wh_stockhouse`  [ RunTime:0.000000s ]
INFO: [ view_parse ] --START--
INFO: [ template_filter ] --START--
INFO: Run Behavior\ContentReplaceBehavior [ RunTime:0.000000s ]
INFO: [ template_filter ] --END-- [ RunTime:0.000000s ]
NOTIC: [8] Undefined index: level D:\xampp\htdocs\warehouse\Application\Runtime\Cache\Home\63839bc489ada1b251c78e0251f28b7d.php 第 44 行.
NOTIC: [8] Undefined index: level D:\xampp\htdocs\warehouse\Application\Runtime\Cache\Home\63839bc489ada1b251c78e0251f28b7d.php 第 44 行.
NOTIC: [8] Undefined index: name_stockhouse D:\xampp\htdocs\warehouse\Application\Runtime\Cache\Home\63839bc489ada1b251c78e0251f28b7d.php 第 81 行.
NOTIC: [8] Undefined index: name_stockhouse D:\xampp\htdocs\warehouse\Application\Runtime\Cache\Home\63839bc489ada1b251c78e0251f28b7d.php 第 81 行.
INFO: Run Behavior\ParseTemplateBehavior [ RunTime:0.027500s ]
INFO: [ view_parse ] --END-- [ RunTime:0.027500s ]
INFO: [ view_filter ] --START--
INFO: Run Behavior\WriteHtmlCacheBehavior [ RunTime:0.000000s ]
INFO: [ view_filter ] --END-- [ RunTime:0.000000s ]
INFO: [ app_end ] --START--
INFO: Run Behavior\ShowPageTraceBehavior [ RunTime:0.002500s ]
INFO: [ app_end ] --END-- [ RunTime:0.002500s ]

[ 2016-12-01T13:58:08+08:00 ] ::1 /warehouse/index.php/Home/Goods/index?name=&type=hd&cat=0
INFO: [ app_init ] --START--
INFO: Run Behavior\BuildLiteBehavior [ RunTime:0.000000s ]
INFO: [ app_init ] --END-- [ RunTime:0.002500s ]
INFO: [ app_begin ] --START--
INFO: Run Behavior\ReadHtmlCacheBehavior [ RunTime:0.002500s ]
INFO: [ app_begin ] --END-- [ RunTime:0.002500s ]
SQL: DESCRIBE wh_user [ RunTime:0.005000s ]
SQL: DESCRIBE wh_goods [ RunTime:0.002500s ]
SQL: SELECT COUNT(*) AS tp_count FROM `wh_goods` WHERE ( 1 AND b.name LIKE '%hd%' ) LIMIT 1   [ RunTime:0.037500s ]
ERR: 1054:Unknown column 'b.name' in 'where clause'
 [ SQL语句 ] : SELECT COUNT(*) AS tp_count FROM `wh_goods` WHERE ( 1 AND b.name LIKE '%hd%' ) LIMIT 1  
SQL: SELECT a.id as goods_id,a.name,a.type_id,a.cat_id,a.pic,a.price,a.unit,b.id,b.name as name_type,d.id,d.name as name_category FROM wh_goods a INNER JOIN wh_type b ON a.type_id=b.id INNER JOIN wh_category d ON a.cat_id=d.id  WHERE ( 1 AND b.name LIKE '%hd%' ) LIMIT 0,10   [ RunTime:0.002500s ]
SQL: DESCRIBE wh_type [ RunTime:0.005000s ]
SQL: SELECT * FROM `wh_type`  [ RunTime:0.002500s ]
SQL: DESCRIBE wh_category [ RunTime:0.007500s ]
SQL: SELECT * FROM `wh_category`  [ RunTime:0.000000s ]
SQL: DESCRIBE wh_stockhouse [ RunTime:0.005000s ]
SQL: SELECT * FROM `wh_stockhouse`  [ RunTime:0.000000s ]
INFO: [ view_parse ] --START--
INFO: [ template_filter ] --START--
INFO: Run Behavior\ContentReplaceBehavior [ RunTime:0.000000s ]
INFO: [ template_filter ] --END-- [ RunTime:0.000000s ]
NOTIC: [8] Undefined index: level D:\xampp\htdocs\warehouse\Application\Runtime\Cache\Home\63839bc489ada1b251c78e0251f28b7d.php 第 44 行.
NOTIC: [8] Undefined index: level D:\xampp\htdocs\warehouse\Application\Runtime\Cache\Home\63839bc489ada1b251c78e0251f28b7d.php 第 44 行.
NOTIC: [8] Undefined index: name_stockhouse D:\xampp\htdocs\warehouse\Application\Runtime\Cache\Home\63839bc489ada1b251c78e0251f28b7d.php 第 81 行.
INFO: Run Behavior\ParseTemplateBehavior [ RunTime:0.025000s ]
INFO: [ view_parse ] --END-- [ RunTime:0.025000s ]
INFO: [ view_filter ] --START--
INFO: Run Behavior\WriteHtmlCacheBehavior [ RunTime:0.002500s ]
INFO: [ view_filter ] --END-- [ RunTime:0.002500s ]
INFO: [ app_end ] --START--
INFO: Run Behavior\ShowPageTraceBehavior [ RunTime:0.002500s ]
INFO: [ app_end ] --END-- [ RunTime:0.002500s ]

[ 2016-12-01T13:58:32+08:00 ] ::1 /warehouse/index.php/Home/stock/index
INFO: [ app_init ] --START--
INFO: Run Behavior\BuildLiteBehavior [ RunTime:0.000000s ]
INFO: [ app_init ] --END-- [ RunTime:0.000000s ]
INFO: [ app_begin ] --START--
INFO: Run Behavior\ReadHtmlCacheBehavior [ RunTime:0.000000s ]
INFO: [ app_begin ] --END-- [ RunTime:0.000000s ]
SQL: DESCRIBE wh_user [ RunTime:0.005000s ]
SQL: DESCRIBE wh_stock [ RunTime:0.005000s ]
NOTIC: [2] Invalid argument supplied for foreach() D:\xampp\htdocs\warehouse\ThinkPHP\Library\Think\Db.class.php 第 429 行.
SQL: SELECT COUNT(*) AS tp_count FROM `wh_stock` LIMIT 1   [ RunTime:0.000000s ]
NOTIC: [2] Invalid argument supplied for foreach() D:\xampp\htdocs\warehouse\ThinkPHP\Library\Think\Db.class.php 第 429 行.
SQL: SELECT a.*,b.id as id_goods_b,b.name as name_goods,b.type_id,b.cat_id,b.price,b.stock_id,b.unit,c.id as id_stock_c,c.name as name_stockhouse,d.id as id_type_d,d.name as name_type,e.id as id_cat_e,e.name as name_category,f.price_enter FROM wh_stock a INNER JOIN wh_goods b ON a.id_goods=b.id INNER JOIN wh_type d ON b.type_id=d.id INNER JOIN wh_stockhouse c ON b.stock_id=c.id INNER JOIN wh_category e ON b.cat_id=e.id INNER JOIN wh_enterstockdetails f ON f.id_goods=b.id  LIMIT 0,10   [ RunTime:0.000000s ]
ERR: 1054:Unknown column 'b.stock_id' in 'field list'
 [ SQL语句 ] : SELECT a.*,b.id as id_goods_b,b.name as name_goods,b.type_id,b.cat_id,b.price,b.stock_id,b.unit,c.id as id_stock_c,c.name as name_stockhouse,d.id as id_type_d,d.name as name_type,e.id as id_cat_e,e.name as name_category,f.price_enter FROM wh_stock a INNER JOIN wh_goods b ON a.id_goods=b.id INNER JOIN wh_type d ON b.type_id=d.id INNER JOIN wh_stockhouse c ON b.stock_id=c.id INNER JOIN wh_category e ON b.cat_id=e.id INNER JOIN wh_enterstockdetails f ON f.id_goods=b.id  LIMIT 0,10  
SQL: DESCRIBE wh_type [ RunTime:0.005000s ]
SQL: SELECT * FROM `wh_type`  [ RunTime:0.002500s ]
SQL: DESCRIBE wh_category [ RunTime:0.005000s ]
SQL: SELECT * FROM `wh_category`  [ RunTime:0.000000s ]
SQL: DESCRIBE wh_stockhouse [ RunTime:0.005001s ]
SQL: SELECT * FROM `wh_stockhouse`  [ RunTime:0.000000s ]
INFO: [ view_parse ] --START--
INFO: [ template_filter ] --START--
INFO: Run Behavior\ContentReplaceBehavior [ RunTime:0.000000s ]
INFO: [ template_filter ] --END-- [ RunTime:0.000000s ]
NOTIC: [8] Undefined index: level D:\xampp\htdocs\warehouse\Application\Runtime\Cache\Home\41c991b64167ab4f15d3c50a73fd2e47.php 第 44 行.
NOTIC: [8] Undefined index: level D:\xampp\htdocs\warehouse\Application\Runtime\Cache\Home\41c991b64167ab4f15d3c50a73fd2e47.php 第 44 行.
NOTIC: [2] Invalid argument supplied for foreach() D:\xampp\htdocs\warehouse\Application\Runtime\Cache\Home\41c991b64167ab4f15d3c50a73fd2e47.php 第 71 行.
INFO: Run Behavior\ParseTemplateBehavior [ RunTime:0.027500s ]
INFO: [ view_parse ] --END-- [ RunTime:0.030000s ]
INFO: [ view_filter ] --START--
INFO: Run Behavior\WriteHtmlCacheBehavior [ RunTime:0.000000s ]
INFO: [ view_filter ] --END-- [ RunTime:0.000000s ]
INFO: [ app_end ] --START--
INFO: Run Behavior\ShowPageTraceBehavior [ RunTime:0.000000s ]
INFO: [ app_end ] --END-- [ RunTime:0.000000s ]

[ 2016-12-01T13:59:40+08:00 ] ::1 /warehouse/index.php/Home/goods/index
INFO: [ app_init ] --START--
INFO: Run Behavior\BuildLiteBehavior [ RunTime:0.000000s ]
INFO: [ app_init ] --END-- [ RunTime:0.000000s ]
INFO: [ app_begin ] --START--
INFO: Run Behavior\ReadHtmlCacheBehavior [ RunTime:0.000000s ]
INFO: [ app_begin ] --END-- [ RunTime:0.000000s ]
SQL: DESCRIBE wh_user [ RunTime:0.002500s ]
SQL: DESCRIBE wh_goods [ RunTime:0.005000s ]
NOTIC: [2] Invalid argument supplied for foreach() D:\xampp\htdocs\warehouse\ThinkPHP\Library\Think\Db.class.php 第 429 行.
SQL: SELECT COUNT(*) AS tp_count FROM `wh_goods` LIMIT 1   [ RunTime:0.000000s ]
NOTIC: [2] Invalid argument supplied for foreach() D:\xampp\htdocs\warehouse\ThinkPHP\Library\Think\Db.class.php 第 429 行.
SQL: SELECT a.id as goods_id,a.name,a.type_id,a.cat_id,a.pic,a.price,a.unit,b.id,b.name as name_type,d.id,d.name as name_category FROM wh_goods a INNER JOIN wh_type b ON a.type_id=b.id INNER JOIN wh_category d ON a.cat_id=d.id  LIMIT 0,10   [ RunTime:0.000000s ]
SQL: DESCRIBE wh_type [ RunTime:0.005000s ]
SQL: SELECT * FROM `wh_type`  [ RunTime:0.000000s ]
SQL: DESCRIBE wh_category [ RunTime:0.005000s ]
SQL: SELECT * FROM `wh_category`  [ RunTime:0.002500s ]
SQL: DESCRIBE wh_stockhouse [ RunTime:0.005000s ]
SQL: SELECT * FROM `wh_stockhouse`  [ RunTime:0.000000s ]
INFO: [ view_parse ] --START--
INFO: [ template_filter ] --START--
INFO: Run Behavior\ContentReplaceBehavior [ RunTime:0.002500s ]
INFO: [ template_filter ] --END-- [ RunTime:0.002500s ]
NOTIC: [8] Undefined index: level D:\xampp\htdocs\warehouse\Application\Runtime\Cache\Home\63839bc489ada1b251c78e0251f28b7d.php 第 44 行.
NOTIC: [8] Undefined index: level D:\xampp\htdocs\warehouse\Application\Runtime\Cache\Home\63839bc489ada1b251c78e0251f28b7d.php 第 44 行.
NOTIC: [8] Undefined index: name_stockhouse D:\xampp\htdocs\warehouse\Application\Runtime\Cache\Home\63839bc489ada1b251c78e0251f28b7d.php 第 81 行.
NOTIC: [8] Undefined index: name_stockhouse D:\xampp\htdocs\warehouse\Application\Runtime\Cache\Home\63839bc489ada1b251c78e0251f28b7d.php 第 81 行.
INFO: Run Behavior\ParseTemplateBehavior [ RunTime:0.015000s ]
INFO: [ view_parse ] --END-- [ RunTime:0.015000s ]
INFO: [ view_filter ] --START--
INFO: Run Behavior\WriteHtmlCacheBehavior [ RunTime:0.002500s ]
INFO: [ view_filter ] --END-- [ RunTime:0.002500s ]
INFO: [ app_end ] --START--
INFO: Run Behavior\ShowPageTraceBehavior [ RunTime:0.000000s ]
INFO: [ app_end ] --END-- [ RunTime:0.000000s ]

[ 2016-12-01T13:59:42+08:00 ] ::1 /warehouse/index.php/Home/Goods/add
INFO: [ app_init ] --START--
INFO: Run Behavior\BuildLiteBehavior [ RunTime:0.000000s ]
INFO: [ app_init ] --END-- [ RunTime:0.000000s ]
INFO: [ app_begin ] --START--
INFO: Run Behavior\ReadHtmlCacheBehavior [ RunTime:0.000000s ]
INFO: [ app_begin ] --END-- [ RunTime:0.000000s ]
SQL: DESCRIBE wh_user [ RunTime:0.002500s ]
SQL: DESCRIBE wh_type [ RunTime:0.002500s ]
SQL: SELECT * FROM `wh_type`  [ RunTime:0.000000s ]
SQL: DESCRIBE wh_category [ RunTime:0.002500s ]
SQL: SELECT * FROM `wh_category`  [ RunTime:0.000000s ]
SQL: DESCRIBE wh_stockhouse [ RunTime:0.005001s ]
SQL: SELECT * FROM `wh_stockhouse`  [ RunTime:0.000000s ]
INFO: [ view_parse ] --START--
INFO: [ template_filter ] --START--
INFO: Run Behavior\ContentReplaceBehavior [ RunTime:0.002500s ]
INFO: [ template_filter ] --END-- [ RunTime:0.002500s ]
INFO: Run Behavior\ParseTemplateBehavior [ RunTime:0.037500s ]
INFO: [ view_parse ] --END-- [ RunTime:0.037500s ]
INFO: [ view_filter ] --START--
INFO: Run Behavior\WriteHtmlCacheBehavior [ RunTime:0.002500s ]
INFO: [ view_filter ] --END-- [ RunTime:0.002500s ]
INFO: [ app_end ] --START--
INFO: Run Behavior\ShowPageTraceBehavior [ RunTime:0.000000s ]
INFO: [ app_end ] --END-- [ RunTime:0.000000s ]

[ 2016-12-01T13:59:50+08:00 ] ::1 /warehouse/index.php/Home/Goods/index
INFO: [ app_init ] --START--
INFO: Run Behavior\BuildLiteBehavior [ RunTime:0.000000s ]
INFO: [ app_init ] --END-- [ RunTime:0.000000s ]
INFO: [ app_begin ] --START--
INFO: Run Behavior\ReadHtmlCacheBehavior [ RunTime:0.000000s ]
INFO: [ app_begin ] --END-- [ RunTime:0.000000s ]
SQL: DESCRIBE wh_user [ RunTime:0.002500s ]
SQL: DESCRIBE wh_goods [ RunTime:0.005000s ]
NOTIC: [2] Invalid argument supplied for foreach() D:\xampp\htdocs\warehouse\ThinkPHP\Library\Think\Db.class.php 第 429 行.
SQL: SELECT COUNT(*) AS tp_count FROM `wh_goods` LIMIT 1   [ RunTime:0.000000s ]
NOTIC: [2] Invalid argument supplied for foreach() D:\xampp\htdocs\warehouse\ThinkPHP\Library\Think\Db.class.php 第 429 行.
SQL: SELECT a.id as goods_id,a.name,a.type_id,a.cat_id,a.pic,a.price,a.unit,b.id,b.name as name_type,d.id,d.name as name_category FROM wh_goods a INNER JOIN wh_type b ON a.type_id=b.id INNER JOIN wh_category d ON a.cat_id=d.id  LIMIT 0,10   [ RunTime:0.000000s ]
SQL: DESCRIBE wh_type [ RunTime:0.002500s ]
SQL: SELECT * FROM `wh_type`  [ RunTime:0.000000s ]
SQL: DESCRIBE wh_category [ RunTime:0.005000s ]
SQL: SELECT * FROM `wh_category`  [ RunTime:0.000000s ]
SQL: DESCRIBE wh_stockhouse [ RunTime:0.002500s ]
SQL: SELECT * FROM `wh_stockhouse`  [ RunTime:0.002500s ]
INFO: [ view_parse ] --START--
INFO: [ template_filter ] --START--
INFO: Run Behavior\ContentReplaceBehavior [ RunTime:0.000000s ]
INFO: [ template_filter ] --END-- [ RunTime:0.002500s ]
NOTIC: [8] Undefined index: level D:\xampp\htdocs\warehouse\Application\Runtime\Cache\Home\63839bc489ada1b251c78e0251f28b7d.php 第 44 行.
NOTIC: [8] Undefined index: level D:\xampp\htdocs\warehouse\Application\Runtime\Cache\Home\63839bc489ada1b251c78e0251f28b7d.php 第 44 行.
NOTIC: [8] Undefined index: name_stockhouse D:\xampp\htdocs\warehouse\Application\Runtime\Cache\Home\63839bc489ada1b251c78e0251f28b7d.php 第 81 行.
NOTIC: [8] Undefined index: name_stockhouse D:\xampp\htdocs\warehouse\Application\Runtime\Cache\Home\63839bc489ada1b251c78e0251f28b7d.php 第 81 行.
INFO: Run Behavior\ParseTemplateBehavior [ RunTime:0.015000s ]
INFO: [ view_parse ] --END-- [ RunTime:0.015000s ]
INFO: [ view_filter ] --START--
INFO: Run Behavior\WriteHtmlCacheBehavior [ RunTime:0.000000s ]
INFO: [ view_filter ] --END-- [ RunTime:0.000000s ]
INFO: [ app_end ] --START--
INFO: Run Behavior\ShowPageTraceBehavior [ RunTime:0.002500s ]
INFO: [ app_end ] --END-- [ RunTime:0.002500s ]

[ 2016-12-01T13:59:59+08:00 ] ::1 /warehouse/index.php/Home/index/index
INFO: [ app_init ] --START--
INFO: Run Behavior\BuildLiteBehavior [ RunTime:0.000000s ]
INFO: [ app_init ] --END-- [ RunTime:0.000000s ]
INFO: [ app_begin ] --START--
INFO: Run Behavior\ReadHtmlCacheBehavior [ RunTime:0.000000s ]
INFO: [ app_begin ] --END-- [ RunTime:0.000000s ]
SQL: DESCRIBE wh_user [ RunTime:0.002500s ]
INFO: [ view_parse ] --START--
INFO: [ template_filter ] --START--
INFO: Run Behavior\ContentReplaceBehavior [ RunTime:0.000000s ]
INFO: [ template_filter ] --END-- [ RunTime:0.000000s ]
INFO: Run Behavior\ParseTemplateBehavior [ RunTime:0.010000s ]
INFO: [ view_parse ] --END-- [ RunTime:0.010000s ]
INFO: [ view_filter ] --START--
INFO: Run Behavior\WriteHtmlCacheBehavior [ RunTime:0.000000s ]
INFO: [ view_filter ] --END-- [ RunTime:0.002500s ]
INFO: [ app_end ] --START--
INFO: Run Behavior\ShowPageTraceBehavior [ RunTime:0.000000s ]
INFO: [ app_end ] --END-- [ RunTime:0.000000s ]

[ 2016-12-01T13:59:59+08:00 ] ::1 /warehouse/index.php/Home/Index/menu
INFO: [ app_init ] --START--
INFO: Run Behavior\BuildLiteBehavior [ RunTime:0.000000s ]
INFO: [ app_init ] --END-- [ RunTime:0.000000s ]
INFO: [ app_begin ] --START--
INFO: Run Behavior\ReadHtmlCacheBehavior [ RunTime:0.000000s ]
INFO: [ app_begin ] --END-- [ RunTime:0.000000s ]
SQL: DESCRIBE wh_user [ RunTime:0.005000s ]
SQL: DESCRIBE wh_user [ RunTime:0.002500s ]
SQL: SELECT `role_id` FROM `wh_user` LIMIT 1   [ RunTime:0.000000s ]
SQL: DESCRIBE wh_role [ RunTime:0.002500s ]
SQL: SELECT `pri_id_list` FROM `wh_role` WHERE ( `id` = 1 ) LIMIT 1   [ RunTime:0.000000s ]
SQL: DESCRIBE wh_privilege [ RunTime:0.002500s ]
SQL: SELECT * FROM `wh_privilege` WHERE ( id IN (1,2,4,21,24,3,5,20,6,7,8,9,10,11,13,22,12,14,15,17,23,16,18,19) )  [ RunTime:0.002501s ]
INFO: [ view_parse ] --START--
INFO: [ template_filter ] --START--
INFO: Run Behavior\ContentReplaceBehavior [ RunTime:0.000000s ]
INFO: [ template_filter ] --END-- [ RunTime:0.000000s ]
INFO: Run Behavior\ParseTemplateBehavior [ RunTime:0.010000s ]
INFO: [ view_parse ] --END-- [ RunTime:0.010000s ]
INFO: [ view_filter ] --START--
INFO: Run Behavior\WriteHtmlCacheBehavior [ RunTime:0.002500s ]
INFO: [ view_filter ] --END-- [ RunTime:0.002500s ]
INFO: [ app_end ] --START--
INFO: Run Behavior\ShowPageTraceBehavior [ RunTime:0.000000s ]
INFO: [ app_end ] --END-- [ RunTime:0.000000s ]

[ 2016-12-01T13:59:59+08:00 ] ::1 /warehouse/index.php/Home/Index/main
INFO: [ app_init ] --START--
INFO: Run Behavior\BuildLiteBehavior [ RunTime:0.000000s ]
INFO: [ app_init ] --END-- [ RunTime:0.002500s ]
INFO: [ app_begin ] --START--
INFO: Run Behavior\ReadHtmlCacheBehavior [ RunTime:0.002500s ]
INFO: [ app_begin ] --END-- [ RunTime:0.002500s ]
SQL: DESCRIBE wh_user [ RunTime:0.002500s ]
INFO: [ view_parse ] --START--
INFO: [ template_filter ] --START--
INFO: Run Behavior\ContentReplaceBehavior [ RunTime:0.000000s ]
INFO: [ template_filter ] --END-- [ RunTime:0.000000s ]
INFO: Run Behavior\ParseTemplateBehavior [ RunTime:0.010000s ]
INFO: [ view_parse ] --END-- [ RunTime:0.012500s ]
INFO: [ view_filter ] --START--
INFO: Run Behavior\WriteHtmlCacheBehavior [ RunTime:0.000000s ]
INFO: [ view_filter ] --END-- [ RunTime:0.000000s ]
INFO: [ app_end ] --START--
INFO: Run Behavior\ShowPageTraceBehavior [ RunTime:0.002500s ]
INFO: [ app_end ] --END-- [ RunTime:0.002500s ]

[ 2016-12-01T13:59:59+08:00 ] ::1 /warehouse/index.php/Home/Index/top
INFO: [ app_init ] --START--
INFO: Run Behavior\BuildLiteBehavior [ RunTime:0.000000s ]
INFO: [ app_init ] --END-- [ RunTime:0.002500s ]
INFO: [ app_begin ] --START--
INFO: Run Behavior\ReadHtmlCacheBehavior [ RunTime:0.022501s ]
INFO: [ app_begin ] --END-- [ RunTime:0.022501s ]
SQL: DESCRIBE wh_user [ RunTime:0.005000s ]
INFO: [ view_parse ] --START--
INFO: [ template_filter ] --START--
INFO: Run Behavior\ContentReplaceBehavior [ RunTime:0.000000s ]
INFO: [ template_filter ] --END-- [ RunTime:0.000000s ]
INFO: Run Behavior\ParseTemplateBehavior [ RunTime:0.010000s ]
INFO: [ view_parse ] --END-- [ RunTime:0.010000s ]
INFO: [ view_filter ] --START--
INFO: Run Behavior\WriteHtmlCacheBehavior [ RunTime:0.000000s ]
INFO: [ view_filter ] --END-- [ RunTime:0.000000s ]
INFO: [ app_end ] --START--
INFO: Run Behavior\ShowPageTraceBehavior [ RunTime:0.005000s ]
INFO: [ app_end ] --END-- [ RunTime:0.005000s ]

[ 2016-12-01T13:59:59+08:00 ] ::1 /warehouse/index.php/Home/Index/drag
INFO: [ app_init ] --START--
INFO: Run Behavior\BuildLiteBehavior [ RunTime:0.000000s ]
INFO: [ app_init ] --END-- [ RunTime:0.000000s ]
INFO: [ app_begin ] --START--
INFO: Run Behavior\ReadHtmlCacheBehavior [ RunTime:0.002500s ]
INFO: [ app_begin ] --END-- [ RunTime:0.002500s ]
SQL: DESCRIBE wh_user [ RunTime:0.002500s ]
INFO: [ view_parse ] --START--
INFO: [ template_filter ] --START--
INFO: Run Behavior\ContentReplaceBehavior [ RunTime:0.000000s ]
INFO: [ template_filter ] --END-- [ RunTime:0.000000s ]
INFO: Run Behavior\ParseTemplateBehavior [ RunTime:0.007500s ]
INFO: [ view_parse ] --END-- [ RunTime:0.010000s ]
INFO: [ view_filter ] --START--
INFO: Run Behavior\WriteHtmlCacheBehavior [ RunTime:0.000000s ]
INFO: [ view_filter ] --END-- [ RunTime:0.000000s ]
INFO: [ app_end ] --START--
INFO: Run Behavior\ShowPageTraceBehavior [ RunTime:0.000000s ]
INFO: [ app_end ] --END-- [ RunTime:0.000000s ]

[ 2016-12-01T14:00:14+08:00 ] ::1 /warehouse/index.php/Home/Privilege/Add.html
INFO: [ app_init ] --START--
INFO: Run Behavior\BuildLiteBehavior [ RunTime:0.000000s ]
INFO: [ app_init ] --END-- [ RunTime:0.002500s ]
INFO: [ app_begin ] --START--
INFO: Run Behavior\ReadHtmlCacheBehavior [ RunTime:0.002500s ]
INFO: [ app_begin ] --END-- [ RunTime:0.002500s ]
SQL: DESCRIBE wh_user [ RunTime:0.002500s ]
SQL: DESCRIBE wh_privilege [ RunTime:0.002500s ]
SQL: SELECT * FROM `wh_privilege`  [ RunTime:0.002500s ]
INFO: [ view_parse ] --START--
INFO: [ template_filter ] --START--
INFO: Run Behavior\ContentReplaceBehavior [ RunTime:0.002501s ]
INFO: [ template_filter ] --END-- [ RunTime:0.002501s ]
INFO: Run Behavior\ParseTemplateBehavior [ RunTime:0.030001s ]
INFO: [ view_parse ] --END-- [ RunTime:0.030001s ]
INFO: [ view_filter ] --START--
INFO: Run Behavior\WriteHtmlCacheBehavior [ RunTime:0.002500s ]
INFO: [ view_filter ] --END-- [ RunTime:0.002500s ]
INFO: [ app_end ] --START--
INFO: Run Behavior\ShowPageTraceBehavior [ RunTime:0.000000s ]
INFO: [ app_end ] --END-- [ RunTime:0.000000s ]

[ 2016-12-01T14:00:35+08:00 ] ::1 /warehouse/index.php/Home/Category/Index.html
INFO: [ app_init ] --START--
INFO: Run Behavior\BuildLiteBehavior [ RunTime:0.000000s ]
INFO: [ app_init ] --END-- [ RunTime:0.000000s ]
INFO: [ app_begin ] --START--
INFO: Run Behavior\ReadHtmlCacheBehavior [ RunTime:0.000000s ]
INFO: [ app_begin ] --END-- [ RunTime:0.000000s ]
SQL: DESCRIBE wh_user [ RunTime:0.005000s ]
SQL: DESCRIBE wh_category [ RunTime:0.005000s ]
SQL: SELECT * FROM `wh_category`  [ RunTime:0.000000s ]
INFO: [ view_parse ] --START--
INFO: [ template_filter ] --START--
INFO: Run Behavior\ContentReplaceBehavior [ RunTime:0.000000s ]
INFO: [ template_filter ] --END-- [ RunTime:0.000000s ]
NOTIC: [8] Undefined variable: fields D:\xampp\htdocs\warehouse\Application\Runtime\Cache\Home\0cb3f3107f505e44ada7d17f2c283b31.php 第 42 行.
NOTIC: [8] Undefined index: order D:\xampp\htdocs\warehouse\Application\Runtime\Cache\Home\0cb3f3107f505e44ada7d17f2c283b31.php 第 46 行.
NOTIC: [8] Undefined index: order D:\xampp\htdocs\warehouse\Application\Runtime\Cache\Home\0cb3f3107f505e44ada7d17f2c283b31.php 第 46 行.
NOTIC: [8] Undefined index: order D:\xampp\htdocs\warehouse\Application\Runtime\Cache\Home\0cb3f3107f505e44ada7d17f2c283b31.php 第 46 行.
NOTIC: [8] Undefined index: order D:\xampp\htdocs\warehouse\Application\Runtime\Cache\Home\0cb3f3107f505e44ada7d17f2c283b31.php 第 46 行.
NOTIC: [8] Undefined index: order D:\xampp\htdocs\warehouse\Application\Runtime\Cache\Home\0cb3f3107f505e44ada7d17f2c283b31.php 第 46 行.
NOTIC: [8] Undefined index: order D:\xampp\htdocs\warehouse\Application\Runtime\Cache\Home\0cb3f3107f505e44ada7d17f2c283b31.php 第 46 行.
NOTIC: [8] Undefined index: order D:\xampp\htdocs\warehouse\Application\Runtime\Cache\Home\0cb3f3107f505e44ada7d17f2c283b31.php 第 46 行.
NOTIC: [8] Undefined index: order D:\xampp\htdocs\warehouse\Application\Runtime\Cache\Home\0cb3f3107f505e44ada7d17f2c283b31.php 第 46 行.
NOTIC: [8] Undefined index: order D:\xampp\htdocs\warehouse\Application\Runtime\Cache\Home\0cb3f3107f505e44ada7d17f2c283b31.php 第 46 行.
NOTIC: [8] Undefined index: order D:\xampp\htdocs\warehouse\Application\Runtime\Cache\Home\0cb3f3107f505e44ada7d17f2c283b31.php 第 46 行.
NOTIC: [8] Undefined index: order D:\xampp\htdocs\warehouse\Application\Runtime\Cache\Home\0cb3f3107f505e44ada7d17f2c283b31.php 第 46 行.
NOTIC: [8] Undefined index: order D:\xampp\htdocs\warehouse\Application\Runtime\Cache\Home\0cb3f3107f505e44ada7d17f2c283b31.php 第 46 行.
NOTIC: [8] Undefined variable: str D:\xampp\htdocs\warehouse\Application\Runtime\Cache\Home\0cb3f3107f505e44ada7d17f2c283b31.php 第 63 行.
INFO: Run Behavior\ParseTemplateBehavior [ RunTime:0.010000s ]
INFO: [ view_parse ] --END-- [ RunTime:0.010000s ]
INFO: [ view_filter ] --START--
INFO: Run Behavior\WriteHtmlCacheBehavior [ RunTime:0.002500s ]
INFO: [ view_filter ] --END-- [ RunTime:0.002500s ]
INFO: [ app_end ] --START--
INFO: Run Behavior\ShowPageTraceBehavior [ RunTime:0.002500s ]
INFO: [ app_end ] --END-- [ RunTime:0.002500s ]

[ 2016-12-01T14:01:04+08:00 ] ::1 /warehouse/index.php/Home/enterstock/index
INFO: [ app_init ] --START--
INFO: Run Behavior\BuildLiteBehavior [ RunTime:0.000000s ]
INFO: [ app_init ] --END-- [ RunTime:0.002500s ]
INFO: [ app_begin ] --START--
INFO: Run Behavior\ReadHtmlCacheBehavior [ RunTime:0.002500s ]
INFO: [ app_begin ] --END-- [ RunTime:0.002500s ]
SQL: DESCRIBE wh_user [ RunTime:0.002500s ]
NOTIC: [2048] Declaration of Home\Model\EnterstockModel::_after_insert() should be compatible with Think\Model::_after_insert($data, $options) D:\xampp\htdocs\warehouse\Application\Home\Model\EnterstockModel.class.php 第 105 行.
SQL: DESCRIBE wh_enterstock [ RunTime:0.005000s ]
NOTIC: [2] Invalid argument supplied for foreach() D:\xampp\htdocs\warehouse\ThinkPHP\Library\Think\Db.class.php 第 429 行.
SQL: SELECT COUNT(*) AS tp_count FROM `wh_enterstock` LIMIT 1   [ RunTime:0.000000s ]
NOTIC: [2] Invalid argument supplied for foreach() D:\xampp\htdocs\warehouse\ThinkPHP\Library\Think\Db.class.php 第 429 行.
SQL: SELECT a.*,b.id AS id_user,b.username FROM wh_enterstock a INNER JOIN wh_user b ON a.user_id=b.id  ORDER BY a.enterdate desc LIMIT 0,10   [ RunTime:0.002500s ]
SQL: DESCRIBE wh_type [ RunTime:0.002500s ]
SQL: SELECT * FROM `wh_type`  [ RunTime:0.000000s ]
SQL: DESCRIBE wh_category [ RunTime:0.005000s ]
SQL: SELECT * FROM `wh_category`  [ RunTime:0.002500s ]
SQL: DESCRIBE wh_stockhouse [ RunTime:0.005000s ]
SQL: SELECT * FROM `wh_stockhouse`  [ RunTime:0.000000s ]
INFO: [ view_parse ] --START--
INFO: [ template_filter ] --START--
INFO: Run Behavior\ContentReplaceBehavior [ RunTime:0.000000s ]
INFO: [ template_filter ] --END-- [ RunTime:0.002500s ]
NOTIC: [8] Undefined index: level D:\xampp\htdocs\warehouse\Application\Runtime\Cache\Home\42aecb328dedee42b40fd4200f973939.php 第 62 行.
NOTIC: [8] Undefined index: level D:\xampp\htdocs\warehouse\Application\Runtime\Cache\Home\42aecb328dedee42b40fd4200f973939.php 第 62 行.
INFO: Run Behavior\ParseTemplateBehavior [ RunTime:0.022501s ]
INFO: [ view_parse ] --END-- [ RunTime:0.022501s ]
INFO: [ view_filter ] --START--
INFO: Run Behavior\WriteHtmlCacheBehavior [ RunTime:0.000000s ]
INFO: [ view_filter ] --END-- [ RunTime:0.000000s ]
INFO: [ app_end ] --START--
INFO: Run Behavior\ShowPageTraceBehavior [ RunTime:0.002500s ]
INFO: [ app_end ] --END-- [ RunTime:0.002500s ]

[ 2016-12-01T14:01:08+08:00 ] ::1 /warehouse/index.php/Home/Enterstock/add
INFO: [ app_init ] --START--
INFO: Run Behavior\BuildLiteBehavior [ RunTime:0.000000s ]
INFO: [ app_init ] --END-- [ RunTime:0.002500s ]
INFO: [ app_begin ] --START--
INFO: Run Behavior\ReadHtmlCacheBehavior [ RunTime:0.002500s ]
INFO: [ app_begin ] --END-- [ RunTime:0.002500s ]
SQL: DESCRIBE wh_user [ RunTime:0.002500s ]
SQL: DESCRIBE wh_type [ RunTime:0.002500s ]
SQL: SELECT * FROM `wh_type`  [ RunTime:0.000000s ]
SQL: DESCRIBE wh_category [ RunTime:0.002500s ]
SQL: SELECT * FROM `wh_category`  [ RunTime:0.000000s ]
SQL: DESCRIBE wh_stockhouse [ RunTime:0.002500s ]
SQL: SELECT * FROM `wh_stockhouse`  [ RunTime:0.000000s ]
SQL: DESCRIBE wh_user [ RunTime:0.002500s ]
SQL: SELECT `id`,`username` FROM `wh_user`  [ RunTime:0.002500s ]
INFO: [ view_parse ] --START--
INFO: [ template_filter ] --START--
INFO: Run Behavior\ContentReplaceBehavior [ RunTime:0.000000s ]
INFO: [ template_filter ] --END-- [ RunTime:0.000000s ]
INFO: Run Behavior\ParseTemplateBehavior [ RunTime:0.015000s ]
INFO: [ view_parse ] --END-- [ RunTime:0.015000s ]
INFO: [ view_filter ] --START--
INFO: Run Behavior\WriteHtmlCacheBehavior [ RunTime:0.000000s ]
INFO: [ view_filter ] --END-- [ RunTime:0.000000s ]
INFO: [ app_end ] --START--
INFO: Run Behavior\ShowPageTraceBehavior [ RunTime:0.002500s ]
INFO: [ app_end ] --END-- [ RunTime:0.002500s ]

[ 2016-12-01T14:01:46+08:00 ] ::1 /warehouse/index.php/Home/Enterstock/add
INFO: [ app_init ] --START--
INFO: Run Behavior\BuildLiteBehavior [ RunTime:0.000000s ]
INFO: [ app_init ] --END-- [ RunTime:0.000000s ]
INFO: [ app_begin ] --START--
INFO: Run Behavior\ReadHtmlCacheBehavior [ RunTime:0.002500s ]
INFO: [ app_begin ] --END-- [ RunTime:0.002500s ]
SQL: DESCRIBE wh_user [ RunTime:0.005000s ]
SQL: DESCRIBE wh_type [ RunTime:0.005000s ]
SQL: SELECT * FROM `wh_type`  [ RunTime:0.000000s ]
SQL: DESCRIBE wh_category [ RunTime:0.002500s ]
SQL: SELECT * FROM `wh_category`  [ RunTime:0.000000s ]
SQL: DESCRIBE wh_stockhouse [ RunTime:0.005001s ]
SQL: SELECT * FROM `wh_stockhouse`  [ RunTime:0.000000s ]
SQL: DESCRIBE wh_user [ RunTime:0.002500s ]
SQL: SELECT `id`,`username` FROM `wh_user`  [ RunTime:0.002500s ]
INFO: [ view_parse ] --START--
INFO: [ template_filter ] --START--
INFO: Run Behavior\ContentReplaceBehavior [ RunTime:0.000000s ]
INFO: [ template_filter ] --END-- [ RunTime:0.000000s ]
INFO: Run Behavior\ParseTemplateBehavior [ RunTime:0.015000s ]
INFO: [ view_parse ] --END-- [ RunTime:0.015000s ]
INFO: [ view_filter ] --START--
INFO: Run Behavior\WriteHtmlCacheBehavior [ RunTime:0.000000s ]
INFO: [ view_filter ] --END-- [ RunTime:0.000000s ]
INFO: [ app_end ] --START--
INFO: Run Behavior\ShowPageTraceBehavior [ RunTime:0.002500s ]
INFO: [ app_end ] --END-- [ RunTime:0.002500s ]

[ 2016-12-01T14:02:02+08:00 ] ::1 /warehouse/index.php/Home/Goods/getGoodsByTypeId
INFO: [ app_init ] --START--
INFO: Run Behavior\BuildLiteBehavior [ RunTime:0.000000s ]
INFO: [ app_init ] --END-- [ RunTime:0.000000s ]
INFO: [ app_begin ] --START--
INFO: Run Behavior\ReadHtmlCacheBehavior [ RunTime:0.002500s ]
INFO: [ app_begin ] --END-- [ RunTime:0.002500s ]
SQL: DESCRIBE wh_user [ RunTime:0.005000s ]
SQL: DESCRIBE wh_goods [ RunTime:0.002500s ]
SQL: SELECT `id`,`name` FROM `wh_goods` WHERE ( `type_id` = 1 )  [ RunTime:0.000000s ]

[ 2016-12-01T14:02:10+08:00 ] ::1 /warehouse/index.php/Home/Enterstock/index
INFO: [ app_init ] --START--
INFO: Run Behavior\BuildLiteBehavior [ RunTime:0.000000s ]
INFO: [ app_init ] --END-- [ RunTime:0.002500s ]
INFO: [ app_begin ] --START--
INFO: Run Behavior\ReadHtmlCacheBehavior [ RunTime:0.000000s ]
INFO: [ app_begin ] --END-- [ RunTime:0.000000s ]
SQL: DESCRIBE wh_user [ RunTime:0.002500s ]
NOTIC: [2048] Declaration of Home\Model\EnterstockModel::_after_insert() should be compatible with Think\Model::_after_insert($data, $options) D:\xampp\htdocs\warehouse\Application\Home\Model\EnterstockModel.class.php 第 105 行.
SQL: DESCRIBE wh_enterstock [ RunTime:0.002500s ]
NOTIC: [2] Invalid argument supplied for foreach() D:\xampp\htdocs\warehouse\ThinkPHP\Library\Think\Db.class.php 第 429 行.
SQL: SELECT COUNT(*) AS tp_count FROM `wh_enterstock` LIMIT 1   [ RunTime:0.000000s ]
NOTIC: [2] Invalid argument supplied for foreach() D:\xampp\htdocs\warehouse\ThinkPHP\Library\Think\Db.class.php 第 429 行.
SQL: SELECT a.*,b.id AS id_user,b.username FROM wh_enterstock a INNER JOIN wh_user b ON a.user_id=b.id  ORDER BY a.enterdate desc LIMIT 0,10   [ RunTime:0.000000s ]
SQL: DESCRIBE wh_type [ RunTime:0.002500s ]
SQL: SELECT * FROM `wh_type`  [ RunTime:0.000000s ]
SQL: DESCRIBE wh_category [ RunTime:0.005000s ]
SQL: SELECT * FROM `wh_category`  [ RunTime:0.000000s ]
SQL: DESCRIBE wh_stockhouse [ RunTime:0.002500s ]
SQL: SELECT * FROM `wh_stockhouse`  [ RunTime:0.000000s ]
INFO: [ view_parse ] --START--
INFO: [ template_filter ] --START--
INFO: Run Behavior\ContentReplaceBehavior [ RunTime:0.000000s ]
INFO: [ template_filter ] --END-- [ RunTime:0.000000s ]
NOTIC: [8] Undefined index: level D:\xampp\htdocs\warehouse\Application\Runtime\Cache\Home\42aecb328dedee42b40fd4200f973939.php 第 62 行.
NOTIC: [8] Undefined index: level D:\xampp\htdocs\warehouse\Application\Runtime\Cache\Home\42aecb328dedee42b40fd4200f973939.php 第 62 行.
INFO: Run Behavior\ParseTemplateBehavior [ RunTime:0.012500s ]
INFO: [ view_parse ] --END-- [ RunTime:0.012500s ]
INFO: [ view_filter ] --START--
INFO: Run Behavior\WriteHtmlCacheBehavior [ RunTime:0.000000s ]
INFO: [ view_filter ] --END-- [ RunTime:0.000000s ]
INFO: [ app_end ] --START--
INFO: Run Behavior\ShowPageTraceBehavior [ RunTime:0.000000s ]
INFO: [ app_end ] --END-- [ RunTime:0.000000s ]

[ 2016-12-01T14:02:14+08:00 ] ::1 /warehouse/index.php/Home/Enterstock/lst/id/2
INFO: [ app_init ] --START--
INFO: Run Behavior\BuildLiteBehavior [ RunTime:0.000000s ]
INFO: [ app_init ] --END-- [ RunTime:0.000000s ]
INFO: [ app_begin ] --START--
INFO: Run Behavior\ReadHtmlCacheBehavior [ RunTime:0.002500s ]
INFO: [ app_begin ] --END-- [ RunTime:0.002500s ]
SQL: DESCRIBE wh_user [ RunTime:0.002500s ]
NOTIC: [2048] Declaration of Home\Model\EnterstockModel::_after_insert() should be compatible with Think\Model::_after_insert($data, $options) D:\xampp\htdocs\warehouse\Application\Home\Model\EnterstockModel.class.php 第 105 行.
SQL: DESCRIBE wh_enterstock [ RunTime:0.002500s ]
NOTIC: [2048] Declaration of Home\Model\EnterstockdetailsModel::_after_insert() should be compatible with Think\Model::_after_insert($data, $options) D:\xampp\htdocs\warehouse\Application\Home\Model\EnterstockdetailsModel.class.php 第 216 行.
SQL: DESCRIBE wh_enterstockdetails [ RunTime:0.005001s ]
SQL: SELECT a.*,b.username FROM wh_enterstock a INNER JOIN wh_user b ON b.id=a.user_id  WHERE ( a.id=2 ) LIMIT 1   [ RunTime:0.000000s ]
SQL: SELECT a.*,b.name AS name_goods,c.name AS name_stock FROM wh_enterstockdetails a INNER JOIN wh_goods b ON b.id=a.id_goods INNER JOIN wh_stockhouse c ON c.id=a.stock_id  WHERE ( a.id_enter=2 )  [ RunTime:0.000000s ]
INFO: [ view_parse ] --START--
INFO: [ template_filter ] --START--
INFO: Run Behavior\ContentReplaceBehavior [ RunTime:0.002500s ]
INFO: [ template_filter ] --END-- [ RunTime:0.002500s ]
INFO: Run Behavior\ParseTemplateBehavior [ RunTime:0.010000s ]
INFO: [ view_parse ] --END-- [ RunTime:0.010000s ]
INFO: [ view_filter ] --START--
INFO: Run Behavior\WriteHtmlCacheBehavior [ RunTime:0.002500s ]
INFO: [ view_filter ] --END-- [ RunTime:0.002500s ]
INFO: [ app_end ] --START--
INFO: Run Behavior\ShowPageTraceBehavior [ RunTime:0.000000s ]
INFO: [ app_end ] --END-- [ RunTime:0.000000s ]

[ 2016-12-01T14:02:50+08:00 ] ::1 /warehouse/index.php/Home/Enterstock/lst/id/2
INFO: [ app_init ] --START--
INFO: Run Behavior\BuildLiteBehavior [ RunTime:0.000000s ]
INFO: [ app_init ] --END-- [ RunTime:0.002500s ]
INFO: [ app_begin ] --START--
INFO: Run Behavior\ReadHtmlCacheBehavior [ RunTime:0.000000s ]
INFO: [ app_begin ] --END-- [ RunTime:0.000000s ]
SQL: DESCRIBE wh_user [ RunTime:0.002500s ]
NOTIC: [2048] Declaration of Home\Model\EnterstockModel::_after_insert() should be compatible with Think\Model::_after_insert($data, $options) D:\xampp\htdocs\warehouse\Application\Home\Model\EnterstockModel.class.php 第 105 行.
SQL: DESCRIBE wh_enterstock [ RunTime:0.005000s ]
NOTIC: [2048] Declaration of Home\Model\EnterstockdetailsModel::_after_insert() should be compatible with Think\Model::_after_insert($data, $options) D:\xampp\htdocs\warehouse\Application\Home\Model\EnterstockdetailsModel.class.php 第 216 行.
SQL: DESCRIBE wh_enterstockdetails [ RunTime:0.002500s ]
SQL: SELECT a.*,b.username FROM wh_enterstock a INNER JOIN wh_user b ON b.id=a.user_id  WHERE ( a.id=2 ) LIMIT 1   [ RunTime:0.000000s ]
SQL: SELECT a.*,b.name AS name_goods,c.name AS name_stock FROM wh_enterstockdetails a INNER JOIN wh_goods b ON b.id=a.id_goods INNER JOIN wh_stockhouse c ON c.id=a.stock_id  WHERE ( a.id_enter=2 )  [ RunTime:0.000000s ]
INFO: [ view_parse ] --START--
INFO: [ template_filter ] --START--
INFO: Run Behavior\ContentReplaceBehavior [ RunTime:0.000000s ]
INFO: [ template_filter ] --END-- [ RunTime:0.000000s ]
INFO: Run Behavior\ParseTemplateBehavior [ RunTime:0.007500s ]
INFO: [ view_parse ] --END-- [ RunTime:0.007500s ]
INFO: [ view_filter ] --START--
INFO: Run Behavior\WriteHtmlCacheBehavior [ RunTime:0.000000s ]
INFO: [ view_filter ] --END-- [ RunTime:0.000000s ]
INFO: [ app_end ] --START--
INFO: Run Behavior\ShowPageTraceBehavior [ RunTime:0.002500s ]
INFO: [ app_end ] --END-- [ RunTime:0.002500s ]

