[ 2016-11-21T11:14:30+08:00 ] ::1 /warehouse/index.php/Home/enterstock/index
INFO: [ app_init ] --START--
INFO: Run Behavior\BuildLiteBehavior [ RunTime:0.000000s ]
INFO: [ app_init ] --END-- [ RunTime:0.000000s ]
INFO: [ app_begin ] --START--
INFO: Run Behavior\ReadHtmlCacheBehavior [ RunTime:0.001000s ]
INFO: [ app_begin ] --END-- [ RunTime:0.001000s ]
SQL: DESCRIBE wh_user [ RunTime:0.032002s ]
NOTIC: [2048] Declaration of Home\Model\EnterstockModel::_after_insert() should be compatible with Think\Model::_after_insert($data, $options) D:\xampp\htdocs\warehouse\Application\Home\Model\EnterstockModel.class.php 第 84 行.
SQL: DESCRIBE wh_enterstock [ RunTime:0.018001s ]
NOTIC: [2] Invalid argument supplied for foreach() D:\xampp\htdocs\warehouse\ThinkPHP\Library\Think\Db.class.php 第 429 行.
SQL: SELECT COUNT(*) AS tp_count FROM `wh_enterstock` LIMIT 1   [ RunTime:0.001000s ]
NOTIC: [2] Invalid argument supplied for foreach() D:\xampp\htdocs\warehouse\ThinkPHP\Library\Think\Db.class.php 第 429 行.
SQL: SELECT a.*,b.id AS id_user,b.username FROM wh_enterstock a INNER JOIN wh_user b ON a.user_id=b.id  ORDER BY a.enterdate desc LIMIT 0,10   [ RunTime:0.001000s ]
INFO: [ view_parse ] --START--
INFO: [ template_filter ] --START--
INFO: Run Behavior\ContentReplaceBehavior [ RunTime:0.000000s ]
INFO: [ template_filter ] --END-- [ RunTime:0.000000s ]
NOTIC: [8] Undefined variable: data_category D:\xampp\htdocs\warehouse\Application\Runtime\Cache\Home\42aecb328dedee42b40fd4200f973939.php 第 46 行.
NOTIC: [2] Invalid argument supplied for foreach() D:\xampp\htdocs\warehouse\Application\Runtime\Cache\Home\42aecb328dedee42b40fd4200f973939.php 第 46 行.
NOTIC: [8] Undefined variable: data_stockhouse D:\xampp\htdocs\warehouse\Application\Runtime\Cache\Home\42aecb328dedee42b40fd4200f973939.php 第 58 行.
NOTIC: [2] Invalid argument supplied for foreach() D:\xampp\htdocs\warehouse\Application\Runtime\Cache\Home\42aecb328dedee42b40fd4200f973939.php 第 58 行.
INFO: Run Behavior\ParseTemplateBehavior [ RunTime:0.015001s ]
INFO: [ view_parse ] --END-- [ RunTime:0.015001s ]
INFO: [ view_filter ] --START--
INFO: Run Behavior\WriteHtmlCacheBehavior [ RunTime:0.001000s ]
INFO: [ view_filter ] --END-- [ RunTime:0.001000s ]
INFO: [ app_end ] --START--
INFO: Run Behavior\ShowPageTraceBehavior [ RunTime:0.001000s ]
INFO: [ app_end ] --END-- [ RunTime:0.001000s ]

[ 2016-11-21T11:28:04+08:00 ] ::1 /warehouse/index.php/Home/enterstock/index
INFO: [ app_init ] --START--
INFO: Run Behavior\BuildLiteBehavior [ RunTime:0.000000s ]
INFO: [ app_init ] --END-- [ RunTime:0.001000s ]
INFO: [ app_begin ] --START--
INFO: Run Behavior\ReadHtmlCacheBehavior [ RunTime:0.001000s ]
INFO: [ app_begin ] --END-- [ RunTime:0.001000s ]
SQL: DESCRIBE wh_user [ RunTime:0.011000s ]
NOTIC: [2048] Declaration of Home\Model\EnterstockModel::_after_insert() should be compatible with Think\Model::_after_insert($data, $options) D:\xampp\htdocs\warehouse\Application\Home\Model\EnterstockModel.class.php 第 84 行.
SQL: DESCRIBE wh_enterstock [ RunTime:0.010001s ]
NOTIC: [2] Invalid argument supplied for foreach() D:\xampp\htdocs\warehouse\ThinkPHP\Library\Think\Db.class.php 第 429 行.
SQL: SELECT COUNT(*) AS tp_count FROM `wh_enterstock` LIMIT 1   [ RunTime:0.000000s ]
NOTIC: [2] Invalid argument supplied for foreach() D:\xampp\htdocs\warehouse\ThinkPHP\Library\Think\Db.class.php 第 429 行.
SQL: SELECT a.*,b.id AS id_user,b.username FROM wh_enterstock a INNER JOIN wh_user b ON a.user_id=b.id  ORDER BY a.enterdate desc LIMIT 0,10   [ RunTime:0.000000s ]
INFO: [ view_parse ] --START--
INFO: [ template_filter ] --START--
INFO: Run Behavior\ContentReplaceBehavior [ RunTime:0.000000s ]
INFO: [ template_filter ] --END-- [ RunTime:0.000000s ]
NOTIC: [8] Undefined variable: data_category D:\xampp\htdocs\warehouse\Application\Runtime\Cache\Home\42aecb328dedee42b40fd4200f973939.php 第 46 行.
NOTIC: [2] Invalid argument supplied for foreach() D:\xampp\htdocs\warehouse\Application\Runtime\Cache\Home\42aecb328dedee42b40fd4200f973939.php 第 46 行.
NOTIC: [8] Undefined variable: data_stockhouse D:\xampp\htdocs\warehouse\Application\Runtime\Cache\Home\42aecb328dedee42b40fd4200f973939.php 第 58 行.
NOTIC: [2] Invalid argument supplied for foreach() D:\xampp\htdocs\warehouse\Application\Runtime\Cache\Home\42aecb328dedee42b40fd4200f973939.php 第 58 行.
INFO: Run Behavior\ParseTemplateBehavior [ RunTime:0.014001s ]
INFO: [ view_parse ] --END-- [ RunTime:0.014001s ]
INFO: [ view_filter ] --START--
INFO: Run Behavior\WriteHtmlCacheBehavior [ RunTime:0.001000s ]
INFO: [ view_filter ] --END-- [ RunTime:0.001000s ]
INFO: [ app_end ] --START--
INFO: Run Behavior\ShowPageTraceBehavior [ RunTime:0.001000s ]
INFO: [ app_end ] --END-- [ RunTime:0.001000s ]

[ 2016-11-21T11:28:50+08:00 ] ::1 /warehouse/index.php/Home/enterstock/index
INFO: [ app_init ] --START--
INFO: Run Behavior\BuildLiteBehavior [ RunTime:0.001000s ]
INFO: [ app_init ] --END-- [ RunTime:0.001000s ]
INFO: [ app_begin ] --START--
INFO: Run Behavior\ReadHtmlCacheBehavior [ RunTime:0.001000s ]
INFO: [ app_begin ] --END-- [ RunTime:0.001000s ]
SQL: DESCRIBE wh_user [ RunTime:0.013001s ]
NOTIC: [2048] Declaration of Home\Model\EnterstockModel::_after_insert() should be compatible with Think\Model::_after_insert($data, $options) D:\xampp\htdocs\warehouse\Application\Home\Model\EnterstockModel.class.php 第 84 行.
SQL: DESCRIBE wh_enterstock [ RunTime:0.012001s ]
NOTIC: [2] Invalid argument supplied for foreach() D:\xampp\htdocs\warehouse\ThinkPHP\Library\Think\Db.class.php 第 429 行.
SQL: SELECT COUNT(*) AS tp_count FROM `wh_enterstock` LIMIT 1   [ RunTime:0.001000s ]
NOTIC: [2] Invalid argument supplied for foreach() D:\xampp\htdocs\warehouse\ThinkPHP\Library\Think\Db.class.php 第 429 行.
SQL: SELECT a.*,b.id AS id_user,b.username FROM wh_enterstock a INNER JOIN wh_user b ON a.user_id=b.id  ORDER BY a.enterdate desc LIMIT 0,10   [ RunTime:0.000000s ]
INFO: [ view_parse ] --START--
INFO: [ template_filter ] --START--
INFO: Run Behavior\ContentReplaceBehavior [ RunTime:0.000000s ]
INFO: [ template_filter ] --END-- [ RunTime:0.000000s ]
NOTIC: [8] Undefined variable: data_category D:\xampp\htdocs\warehouse\Application\Runtime\Cache\Home\42aecb328dedee42b40fd4200f973939.php 第 46 行.
NOTIC: [2] Invalid argument supplied for foreach() D:\xampp\htdocs\warehouse\Application\Runtime\Cache\Home\42aecb328dedee42b40fd4200f973939.php 第 46 行.
NOTIC: [8] Undefined variable: data_stockhouse D:\xampp\htdocs\warehouse\Application\Runtime\Cache\Home\42aecb328dedee42b40fd4200f973939.php 第 58 行.
NOTIC: [2] Invalid argument supplied for foreach() D:\xampp\htdocs\warehouse\Application\Runtime\Cache\Home\42aecb328dedee42b40fd4200f973939.php 第 58 行.
INFO: Run Behavior\ParseTemplateBehavior [ RunTime:0.014001s ]
INFO: [ view_parse ] --END-- [ RunTime:0.014001s ]
INFO: [ view_filter ] --START--
INFO: Run Behavior\WriteHtmlCacheBehavior [ RunTime:0.001000s ]
INFO: [ view_filter ] --END-- [ RunTime:0.001000s ]
INFO: [ app_end ] --START--
INFO: Run Behavior\ShowPageTraceBehavior [ RunTime:0.001000s ]
INFO: [ app_end ] --END-- [ RunTime:0.001000s ]

[ 2016-11-21T11:30:57+08:00 ] ::1 /warehouse/index.php/Home/enterstock/index
INFO: [ app_init ] --START--
INFO: Run Behavior\BuildLiteBehavior [ RunTime:0.000000s ]
INFO: [ app_init ] --END-- [ RunTime:0.001000s ]
INFO: [ app_begin ] --START--
INFO: Run Behavior\ReadHtmlCacheBehavior [ RunTime:0.001000s ]
INFO: [ app_begin ] --END-- [ RunTime:0.001000s ]
SQL: DESCRIBE wh_user [ RunTime:0.010000s ]
NOTIC: [2048] Declaration of Home\Model\EnterstockModel::_after_insert() should be compatible with Think\Model::_after_insert($data, $options) D:\xampp\htdocs\warehouse\Application\Home\Model\EnterstockModel.class.php 第 84 行.
SQL: DESCRIBE wh_enterstock [ RunTime:0.012001s ]
NOTIC: [2] Invalid argument supplied for foreach() D:\xampp\htdocs\warehouse\ThinkPHP\Library\Think\Db.class.php 第 429 行.
SQL: SELECT COUNT(*) AS tp_count FROM `wh_enterstock` LIMIT 1   [ RunTime:0.000000s ]
NOTIC: [2] Invalid argument supplied for foreach() D:\xampp\htdocs\warehouse\ThinkPHP\Library\Think\Db.class.php 第 429 行.
SQL: SELECT a.*,b.id AS id_user,b.username FROM wh_enterstock a INNER JOIN wh_user b ON a.user_id=b.id  ORDER BY a.enterdate desc LIMIT 0,10   [ RunTime:0.000000s ]
INFO: [ view_parse ] --START--
INFO: [ template_filter ] --START--
INFO: Run Behavior\ContentReplaceBehavior [ RunTime:0.000000s ]
INFO: [ template_filter ] --END-- [ RunTime:0.000000s ]
NOTIC: [8] Undefined variable: data_category D:\xampp\htdocs\warehouse\Application\Runtime\Cache\Home\42aecb328dedee42b40fd4200f973939.php 第 46 行.
NOTIC: [2] Invalid argument supplied for foreach() D:\xampp\htdocs\warehouse\Application\Runtime\Cache\Home\42aecb328dedee42b40fd4200f973939.php 第 46 行.
NOTIC: [8] Undefined variable: data_stockhouse D:\xampp\htdocs\warehouse\Application\Runtime\Cache\Home\42aecb328dedee42b40fd4200f973939.php 第 58 行.
NOTIC: [2] Invalid argument supplied for foreach() D:\xampp\htdocs\warehouse\Application\Runtime\Cache\Home\42aecb328dedee42b40fd4200f973939.php 第 58 行.
INFO: Run Behavior\ParseTemplateBehavior [ RunTime:0.013001s ]
INFO: [ view_parse ] --END-- [ RunTime:0.013001s ]
INFO: [ view_filter ] --START--
INFO: Run Behavior\WriteHtmlCacheBehavior [ RunTime:0.000000s ]
INFO: [ view_filter ] --END-- [ RunTime:0.001000s ]
INFO: [ app_end ] --START--
INFO: Run Behavior\ShowPageTraceBehavior [ RunTime:0.001000s ]
INFO: [ app_end ] --END-- [ RunTime:0.001000s ]

[ 2016-11-21T11:31:25+08:00 ] ::1 /warehouse/index.php/Home/enterstock/index
INFO: [ app_init ] --START--
INFO: Run Behavior\BuildLiteBehavior [ RunTime:0.000000s ]
INFO: [ app_init ] --END-- [ RunTime:0.000000s ]
INFO: [ app_begin ] --START--
INFO: Run Behavior\ReadHtmlCacheBehavior [ RunTime:0.001000s ]
INFO: [ app_begin ] --END-- [ RunTime:0.002000s ]
SQL: DESCRIBE wh_user [ RunTime:0.012001s ]
NOTIC: [2048] Declaration of Home\Model\EnterstockModel::_after_insert() should be compatible with Think\Model::_after_insert($data, $options) D:\xampp\htdocs\warehouse\Application\Home\Model\EnterstockModel.class.php 第 84 行.
SQL: DESCRIBE wh_enterstock [ RunTime:0.011001s ]
NOTIC: [2] Invalid argument supplied for foreach() D:\xampp\htdocs\warehouse\ThinkPHP\Library\Think\Db.class.php 第 429 行.
SQL: SELECT COUNT(*) AS tp_count FROM `wh_enterstock` LIMIT 1   [ RunTime:0.001000s ]
NOTIC: [2] Invalid argument supplied for foreach() D:\xampp\htdocs\warehouse\ThinkPHP\Library\Think\Db.class.php 第 429 行.
SQL: SELECT a.*,b.id AS id_user,b.username FROM wh_enterstock a INNER JOIN wh_user b ON a.user_id=b.id  ORDER BY a.enterdate desc LIMIT 0,10   [ RunTime:0.001000s ]
INFO: [ view_parse ] --START--
INFO: [ template_filter ] --START--
INFO: Run Behavior\ContentReplaceBehavior [ RunTime:0.000000s ]
INFO: [ template_filter ] --END-- [ RunTime:0.000000s ]
NOTIC: [8] Undefined variable: data_category D:\xampp\htdocs\warehouse\Application\Runtime\Cache\Home\42aecb328dedee42b40fd4200f973939.php 第 46 行.
NOTIC: [2] Invalid argument supplied for foreach() D:\xampp\htdocs\warehouse\Application\Runtime\Cache\Home\42aecb328dedee42b40fd4200f973939.php 第 46 行.
NOTIC: [8] Undefined variable: data_stockhouse D:\xampp\htdocs\warehouse\Application\Runtime\Cache\Home\42aecb328dedee42b40fd4200f973939.php 第 58 行.
NOTIC: [2] Invalid argument supplied for foreach() D:\xampp\htdocs\warehouse\Application\Runtime\Cache\Home\42aecb328dedee42b40fd4200f973939.php 第 58 行.
INFO: Run Behavior\ParseTemplateBehavior [ RunTime:0.015001s ]
INFO: [ view_parse ] --END-- [ RunTime:0.015001s ]
INFO: [ view_filter ] --START--
INFO: Run Behavior\WriteHtmlCacheBehavior [ RunTime:0.000000s ]
INFO: [ view_filter ] --END-- [ RunTime:0.000000s ]
INFO: [ app_end ] --START--
INFO: Run Behavior\ShowPageTraceBehavior [ RunTime:0.001000s ]
INFO: [ app_end ] --END-- [ RunTime:0.001000s ]

[ 2016-11-21T11:34:12+08:00 ] ::1 /warehouse/index.php/Home/enterstock/index
INFO: [ app_init ] --START--
INFO: Run Behavior\BuildLiteBehavior [ RunTime:0.000000s ]
INFO: [ app_init ] --END-- [ RunTime:0.001000s ]
INFO: [ app_begin ] --START--
INFO: Run Behavior\ReadHtmlCacheBehavior [ RunTime:0.001000s ]
INFO: [ app_begin ] --END-- [ RunTime:0.001000s ]
SQL: DESCRIBE wh_user [ RunTime:0.013001s ]
NOTIC: [2048] Declaration of Home\Model\EnterstockModel::_after_insert() should be compatible with Think\Model::_after_insert($data, $options) D:\xampp\htdocs\warehouse\Application\Home\Model\EnterstockModel.class.php 第 84 行.
SQL: DESCRIBE wh_enterstock [ RunTime:0.010001s ]
NOTIC: [2] Invalid argument supplied for foreach() D:\xampp\htdocs\warehouse\ThinkPHP\Library\Think\Db.class.php 第 429 行.
SQL: SELECT COUNT(*) AS tp_count FROM `wh_enterstock` LIMIT 1   [ RunTime:0.000000s ]
NOTIC: [2] Invalid argument supplied for foreach() D:\xampp\htdocs\warehouse\ThinkPHP\Library\Think\Db.class.php 第 429 行.
SQL: SELECT a.*,b.id AS id_user,b.username FROM wh_enterstock a INNER JOIN wh_user b ON a.user_id=b.id  ORDER BY a.enterdate desc LIMIT 0,10   [ RunTime:0.001000s ]
INFO: [ view_parse ] --START--
INFO: [ template_filter ] --START--
INFO: Run Behavior\ContentReplaceBehavior [ RunTime:0.000000s ]
INFO: [ template_filter ] --END-- [ RunTime:0.000000s ]
NOTIC: [8] Undefined variable: data_category D:\xampp\htdocs\warehouse\Application\Runtime\Cache\Home\42aecb328dedee42b40fd4200f973939.php 第 46 行.
NOTIC: [2] Invalid argument supplied for foreach() D:\xampp\htdocs\warehouse\Application\Runtime\Cache\Home\42aecb328dedee42b40fd4200f973939.php 第 46 行.
NOTIC: [8] Undefined variable: data_stockhouse D:\xampp\htdocs\warehouse\Application\Runtime\Cache\Home\42aecb328dedee42b40fd4200f973939.php 第 58 行.
NOTIC: [2] Invalid argument supplied for foreach() D:\xampp\htdocs\warehouse\Application\Runtime\Cache\Home\42aecb328dedee42b40fd4200f973939.php 第 58 行.
INFO: Run Behavior\ParseTemplateBehavior [ RunTime:0.014001s ]
INFO: [ view_parse ] --END-- [ RunTime:0.014001s ]
INFO: [ view_filter ] --START--
INFO: Run Behavior\WriteHtmlCacheBehavior [ RunTime:0.001000s ]
INFO: [ view_filter ] --END-- [ RunTime:0.001000s ]
INFO: [ app_end ] --START--
INFO: Run Behavior\ShowPageTraceBehavior [ RunTime:0.001000s ]
INFO: [ app_end ] --END-- [ RunTime:0.001000s ]

[ 2016-11-21T11:35:56+08:00 ] ::1 /warehouse/index.php/Home/enterstock/index
INFO: [ app_init ] --START--
INFO: Run Behavior\BuildLiteBehavior [ RunTime:0.000000s ]
INFO: [ app_init ] --END-- [ RunTime:0.001000s ]
INFO: [ app_begin ] --START--
INFO: Run Behavior\ReadHtmlCacheBehavior [ RunTime:0.001000s ]
INFO: [ app_begin ] --END-- [ RunTime:0.001000s ]
SQL: DESCRIBE wh_user [ RunTime:0.011000s ]
NOTIC: [2048] Declaration of Home\Model\EnterstockModel::_after_insert() should be compatible with Think\Model::_after_insert($data, $options) D:\xampp\htdocs\warehouse\Application\Home\Model\EnterstockModel.class.php 第 84 行.
SQL: DESCRIBE wh_enterstock [ RunTime:0.010001s ]
NOTIC: [2] Invalid argument supplied for foreach() D:\xampp\htdocs\warehouse\ThinkPHP\Library\Think\Db.class.php 第 429 行.
SQL: SELECT COUNT(*) AS tp_count FROM `wh_enterstock` LIMIT 1   [ RunTime:0.001000s ]
NOTIC: [2] Invalid argument supplied for foreach() D:\xampp\htdocs\warehouse\ThinkPHP\Library\Think\Db.class.php 第 429 行.
SQL: SELECT a.*,b.id AS id_user,b.username FROM wh_enterstock a INNER JOIN wh_user b ON a.user_id=b.id  ORDER BY a.enterdate desc LIMIT 0,10   [ RunTime:0.000000s ]
INFO: [ view_parse ] --START--
INFO: [ template_filter ] --START--
INFO: Run Behavior\ContentReplaceBehavior [ RunTime:0.000000s ]
INFO: [ template_filter ] --END-- [ RunTime:0.000000s ]
NOTIC: [8] Undefined variable: data_category D:\xampp\htdocs\warehouse\Application\Runtime\Cache\Home\42aecb328dedee42b40fd4200f973939.php 第 46 行.
NOTIC: [2] Invalid argument supplied for foreach() D:\xampp\htdocs\warehouse\Application\Runtime\Cache\Home\42aecb328dedee42b40fd4200f973939.php 第 46 行.
NOTIC: [8] Undefined variable: data_stockhouse D:\xampp\htdocs\warehouse\Application\Runtime\Cache\Home\42aecb328dedee42b40fd4200f973939.php 第 58 行.
NOTIC: [2] Invalid argument supplied for foreach() D:\xampp\htdocs\warehouse\Application\Runtime\Cache\Home\42aecb328dedee42b40fd4200f973939.php 第 58 行.
INFO: Run Behavior\ParseTemplateBehavior [ RunTime:0.015001s ]
INFO: [ view_parse ] --END-- [ RunTime:0.015001s ]
INFO: [ view_filter ] --START--
INFO: Run Behavior\WriteHtmlCacheBehavior [ RunTime:0.001000s ]
INFO: [ view_filter ] --END-- [ RunTime:0.001000s ]
INFO: [ app_end ] --START--
INFO: Run Behavior\ShowPageTraceBehavior [ RunTime:0.001000s ]
INFO: [ app_end ] --END-- [ RunTime:0.001000s ]

[ 2016-11-21T11:36:18+08:00 ] ::1 /warehouse/index.php/Home/enterstock/index
INFO: [ app_init ] --START--
INFO: Run Behavior\BuildLiteBehavior [ RunTime:0.001000s ]
INFO: [ app_init ] --END-- [ RunTime:0.001000s ]
INFO: [ app_begin ] --START--
INFO: Run Behavior\ReadHtmlCacheBehavior [ RunTime:0.001000s ]
INFO: [ app_begin ] --END-- [ RunTime:0.001000s ]
SQL: DESCRIBE wh_user [ RunTime:0.012000s ]
NOTIC: [2048] Declaration of Home\Model\EnterstockModel::_after_insert() should be compatible with Think\Model::_after_insert($data, $options) D:\xampp\htdocs\warehouse\Application\Home\Model\EnterstockModel.class.php 第 84 行.
SQL: DESCRIBE wh_enterstock [ RunTime:0.011000s ]
NOTIC: [2] Invalid argument supplied for foreach() D:\xampp\htdocs\warehouse\ThinkPHP\Library\Think\Db.class.php 第 429 行.
SQL: SELECT COUNT(*) AS tp_count FROM `wh_enterstock` LIMIT 1   [ RunTime:0.000000s ]
NOTIC: [2] Invalid argument supplied for foreach() D:\xampp\htdocs\warehouse\ThinkPHP\Library\Think\Db.class.php 第 429 行.
SQL: SELECT a.*,b.id AS id_user,b.username FROM wh_enterstock a INNER JOIN wh_user b ON a.user_id=b.id  ORDER BY a.enterdate desc LIMIT 0,10   [ RunTime:0.001000s ]
INFO: [ view_parse ] --START--
INFO: [ template_filter ] --START--
INFO: Run Behavior\ContentReplaceBehavior [ RunTime:0.000000s ]
INFO: [ template_filter ] --END-- [ RunTime:0.001000s ]
NOTIC: [8] Undefined variable: data_category D:\xampp\htdocs\warehouse\Application\Runtime\Cache\Home\42aecb328dedee42b40fd4200f973939.php 第 46 行.
NOTIC: [2] Invalid argument supplied for foreach() D:\xampp\htdocs\warehouse\Application\Runtime\Cache\Home\42aecb328dedee42b40fd4200f973939.php 第 46 行.
NOTIC: [8] Undefined variable: data_stockhouse D:\xampp\htdocs\warehouse\Application\Runtime\Cache\Home\42aecb328dedee42b40fd4200f973939.php 第 58 行.
NOTIC: [2] Invalid argument supplied for foreach() D:\xampp\htdocs\warehouse\Application\Runtime\Cache\Home\42aecb328dedee42b40fd4200f973939.php 第 58 行.
INFO: Run Behavior\ParseTemplateBehavior [ RunTime:0.016001s ]
INFO: [ view_parse ] --END-- [ RunTime:0.016001s ]
INFO: [ view_filter ] --START--
INFO: Run Behavior\WriteHtmlCacheBehavior [ RunTime:0.000000s ]
INFO: [ view_filter ] --END-- [ RunTime:0.000000s ]
INFO: [ app_end ] --START--
INFO: Run Behavior\ShowPageTraceBehavior [ RunTime:0.001000s ]
INFO: [ app_end ] --END-- [ RunTime:0.001000s ]

[ 2016-11-21T11:36:21+08:00 ] ::1 /warehouse/index.php/Home/enterstock/index
INFO: [ app_init ] --START--
INFO: Run Behavior\BuildLiteBehavior [ RunTime:0.000000s ]
INFO: [ app_init ] --END-- [ RunTime:0.000000s ]
INFO: [ app_begin ] --START--
INFO: Run Behavior\ReadHtmlCacheBehavior [ RunTime:0.001000s ]
INFO: [ app_begin ] --END-- [ RunTime:0.001000s ]
SQL: DESCRIBE wh_user [ RunTime:0.013001s ]
NOTIC: [2048] Declaration of Home\Model\EnterstockModel::_after_insert() should be compatible with Think\Model::_after_insert($data, $options) D:\xampp\htdocs\warehouse\Application\Home\Model\EnterstockModel.class.php 第 84 行.
SQL: DESCRIBE wh_enterstock [ RunTime:0.012001s ]
NOTIC: [2] Invalid argument supplied for foreach() D:\xampp\htdocs\warehouse\ThinkPHP\Library\Think\Db.class.php 第 429 行.
SQL: SELECT COUNT(*) AS tp_count FROM `wh_enterstock` LIMIT 1   [ RunTime:0.000000s ]
NOTIC: [2] Invalid argument supplied for foreach() D:\xampp\htdocs\warehouse\ThinkPHP\Library\Think\Db.class.php 第 429 行.
SQL: SELECT a.*,b.id AS id_user,b.username FROM wh_enterstock a INNER JOIN wh_user b ON a.user_id=b.id  ORDER BY a.enterdate desc LIMIT 0,10   [ RunTime:0.001000s ]
INFO: [ view_parse ] --START--
INFO: [ template_filter ] --START--
INFO: Run Behavior\ContentReplaceBehavior [ RunTime:0.000000s ]
INFO: [ template_filter ] --END-- [ RunTime:0.000000s ]
NOTIC: [8] Undefined variable: data_category D:\xampp\htdocs\warehouse\Application\Runtime\Cache\Home\42aecb328dedee42b40fd4200f973939.php 第 46 行.
NOTIC: [2] Invalid argument supplied for foreach() D:\xampp\htdocs\warehouse\Application\Runtime\Cache\Home\42aecb328dedee42b40fd4200f973939.php 第 46 行.
NOTIC: [8] Undefined variable: data_stockhouse D:\xampp\htdocs\warehouse\Application\Runtime\Cache\Home\42aecb328dedee42b40fd4200f973939.php 第 58 行.
NOTIC: [2] Invalid argument supplied for foreach() D:\xampp\htdocs\warehouse\Application\Runtime\Cache\Home\42aecb328dedee42b40fd4200f973939.php 第 58 行.
INFO: Run Behavior\ParseTemplateBehavior [ RunTime:0.015001s ]
INFO: [ view_parse ] --END-- [ RunTime:0.015001s ]
INFO: [ view_filter ] --START--
INFO: Run Behavior\WriteHtmlCacheBehavior [ RunTime:0.000000s ]
INFO: [ view_filter ] --END-- [ RunTime:0.000000s ]
INFO: [ app_end ] --START--
INFO: Run Behavior\ShowPageTraceBehavior [ RunTime:0.001000s ]
INFO: [ app_end ] --END-- [ RunTime:0.001000s ]

[ 2016-11-21T11:36:52+08:00 ] ::1 /warehouse/index.php/Home/enterstock/index
INFO: [ app_init ] --START--
INFO: Run Behavior\BuildLiteBehavior [ RunTime:0.000000s ]
INFO: [ app_init ] --END-- [ RunTime:0.000000s ]
INFO: [ app_begin ] --START--
INFO: Run Behavior\ReadHtmlCacheBehavior [ RunTime:0.001000s ]
INFO: [ app_begin ] --END-- [ RunTime:0.001000s ]
SQL: DESCRIBE wh_user [ RunTime:0.016001s ]
NOTIC: [2048] Declaration of Home\Model\EnterstockModel::_after_insert() should be compatible with Think\Model::_after_insert($data, $options) D:\xampp\htdocs\warehouse\Application\Home\Model\EnterstockModel.class.php 第 84 行.
SQL: DESCRIBE wh_enterstock [ RunTime:0.011000s ]
NOTIC: [2] Invalid argument supplied for foreach() D:\xampp\htdocs\warehouse\ThinkPHP\Library\Think\Db.class.php 第 429 行.
SQL: SELECT COUNT(*) AS tp_count FROM `wh_enterstock` LIMIT 1   [ RunTime:0.001000s ]
NOTIC: [2] Invalid argument supplied for foreach() D:\xampp\htdocs\warehouse\ThinkPHP\Library\Think\Db.class.php 第 429 行.
SQL: SELECT a.*,b.id AS id_user,b.username FROM wh_enterstock a INNER JOIN wh_user b ON a.user_id=b.id  ORDER BY a.enterdate desc LIMIT 0,10   [ RunTime:0.000000s ]
INFO: [ view_parse ] --START--
INFO: [ template_filter ] --START--
INFO: Run Behavior\ContentReplaceBehavior [ RunTime:0.001000s ]
INFO: [ template_filter ] --END-- [ RunTime:0.001000s ]
NOTIC: [8] Undefined variable: data_category D:\xampp\htdocs\warehouse\Application\Runtime\Cache\Home\42aecb328dedee42b40fd4200f973939.php 第 46 行.
NOTIC: [2] Invalid argument supplied for foreach() D:\xampp\htdocs\warehouse\Application\Runtime\Cache\Home\42aecb328dedee42b40fd4200f973939.php 第 46 行.
NOTIC: [8] Undefined variable: data_stockhouse D:\xampp\htdocs\warehouse\Application\Runtime\Cache\Home\42aecb328dedee42b40fd4200f973939.php 第 58 行.
NOTIC: [2] Invalid argument supplied for foreach() D:\xampp\htdocs\warehouse\Application\Runtime\Cache\Home\42aecb328dedee42b40fd4200f973939.php 第 58 行.
INFO: Run Behavior\ParseTemplateBehavior [ RunTime:0.014001s ]
INFO: [ view_parse ] --END-- [ RunTime:0.014001s ]
INFO: [ view_filter ] --START--
INFO: Run Behavior\WriteHtmlCacheBehavior [ RunTime:0.001000s ]
INFO: [ view_filter ] --END-- [ RunTime:0.001000s ]
INFO: [ app_end ] --START--
INFO: Run Behavior\ShowPageTraceBehavior [ RunTime:0.001000s ]
INFO: [ app_end ] --END-- [ RunTime:0.001000s ]

[ 2016-11-21T11:38:57+08:00 ] ::1 /warehouse/index.php/Home/enterstock/index
INFO: [ app_init ] --START--
INFO: Run Behavior\BuildLiteBehavior [ RunTime:0.000000s ]
INFO: [ app_init ] --END-- [ RunTime:0.001000s ]
INFO: [ app_begin ] --START--
INFO: Run Behavior\ReadHtmlCacheBehavior [ RunTime:0.001000s ]
INFO: [ app_begin ] --END-- [ RunTime:0.001000s ]
SQL: DESCRIBE wh_user [ RunTime:0.011001s ]
NOTIC: [2048] Declaration of Home\Model\EnterstockModel::_after_insert() should be compatible with Think\Model::_after_insert($data, $options) D:\xampp\htdocs\warehouse\Application\Home\Model\EnterstockModel.class.php 第 84 行.
SQL: DESCRIBE wh_enterstock [ RunTime:0.010001s ]
NOTIC: [2] Invalid argument supplied for foreach() D:\xampp\htdocs\warehouse\ThinkPHP\Library\Think\Db.class.php 第 429 行.
SQL: SELECT COUNT(*) AS tp_count FROM `wh_enterstock` LIMIT 1   [ RunTime:0.001000s ]
NOTIC: [2] Invalid argument supplied for foreach() D:\xampp\htdocs\warehouse\ThinkPHP\Library\Think\Db.class.php 第 429 行.
SQL: SELECT a.*,b.id AS id_user,b.username FROM wh_enterstock a INNER JOIN wh_user b ON a.user_id=b.id  ORDER BY a.enterdate desc LIMIT 0,10   [ RunTime:0.001000s ]
ERR: Think\Controller:getData方法不存在！

[ 2016-11-21T11:39:29+08:00 ] ::1 /warehouse/index.php/Home/enterstock/index
INFO: [ app_init ] --START--
INFO: Run Behavior\BuildLiteBehavior [ RunTime:0.000000s ]
INFO: [ app_init ] --END-- [ RunTime:0.001000s ]
INFO: [ app_begin ] --START--
INFO: Run Behavior\ReadHtmlCacheBehavior [ RunTime:0.002000s ]
INFO: [ app_begin ] --END-- [ RunTime:0.002000s ]
SQL: DESCRIBE wh_user [ RunTime:0.013001s ]
NOTIC: [2048] Declaration of Home\Model\EnterstockModel::_after_insert() should be compatible with Think\Model::_after_insert($data, $options) D:\xampp\htdocs\warehouse\Application\Home\Model\EnterstockModel.class.php 第 84 行.
SQL: DESCRIBE wh_enterstock [ RunTime:0.015001s ]
NOTIC: [2] Invalid argument supplied for foreach() D:\xampp\htdocs\warehouse\ThinkPHP\Library\Think\Db.class.php 第 429 行.
SQL: SELECT COUNT(*) AS tp_count FROM `wh_enterstock` LIMIT 1   [ RunTime:0.000000s ]
NOTIC: [2] Invalid argument supplied for foreach() D:\xampp\htdocs\warehouse\ThinkPHP\Library\Think\Db.class.php 第 429 行.
SQL: SELECT a.*,b.id AS id_user,b.username FROM wh_enterstock a INNER JOIN wh_user b ON a.user_id=b.id  ORDER BY a.enterdate desc LIMIT 0,10   [ RunTime:0.001000s ]
SQL: DESCRIBE wh_type [ RunTime:0.052003s ]
SQL: SELECT * FROM `wh_type`  [ RunTime:0.000000s ]
SQL: DESCRIBE wh_category [ RunTime:0.026002s ]
SQL: SELECT * FROM `wh_category`  [ RunTime:0.001000s ]
SQL: DESCRIBE wh_stockhouse [ RunTime:0.042002s ]
SQL: SELECT * FROM `wh_stockhouse`  [ RunTime:0.001000s ]
INFO: [ view_parse ] --START--
INFO: [ template_filter ] --START--
INFO: Run Behavior\ContentReplaceBehavior [ RunTime:0.000000s ]
INFO: [ template_filter ] --END-- [ RunTime:0.000000s ]
NOTIC: [8] Undefined index: level D:\xampp\htdocs\warehouse\Application\Runtime\Cache\Home\42aecb328dedee42b40fd4200f973939.php 第 62 行.
NOTIC: [8] Undefined index: level D:\xampp\htdocs\warehouse\Application\Runtime\Cache\Home\42aecb328dedee42b40fd4200f973939.php 第 62 行.
INFO: Run Behavior\ParseTemplateBehavior [ RunTime:0.018001s ]
INFO: [ view_parse ] --END-- [ RunTime:0.018001s ]
INFO: [ view_filter ] --START--
INFO: Run Behavior\WriteHtmlCacheBehavior [ RunTime:0.001000s ]
INFO: [ view_filter ] --END-- [ RunTime:0.001000s ]
INFO: [ app_end ] --START--
INFO: Run Behavior\ShowPageTraceBehavior [ RunTime:0.001000s ]
INFO: [ app_end ] --END-- [ RunTime:0.001000s ]

[ 2016-11-21T11:40:15+08:00 ] ::1 /warehouse/index.php/Home/enterstock/index
INFO: [ app_init ] --START--
INFO: Run Behavior\BuildLiteBehavior [ RunTime:0.000000s ]
INFO: [ app_init ] --END-- [ RunTime:0.001000s ]
INFO: [ app_begin ] --START--
INFO: Run Behavior\ReadHtmlCacheBehavior [ RunTime:0.001000s ]
INFO: [ app_begin ] --END-- [ RunTime:0.001000s ]
SQL: DESCRIBE wh_user [ RunTime:0.011001s ]
NOTIC: [2048] Declaration of Home\Model\EnterstockModel::_after_insert() should be compatible with Think\Model::_after_insert($data, $options) D:\xampp\htdocs\warehouse\Application\Home\Model\EnterstockModel.class.php 第 84 行.
SQL: DESCRIBE wh_enterstock [ RunTime:0.016001s ]
NOTIC: [2] Invalid argument supplied for foreach() D:\xampp\htdocs\warehouse\ThinkPHP\Library\Think\Db.class.php 第 429 行.
SQL: SELECT COUNT(*) AS tp_count FROM `wh_enterstock` LIMIT 1   [ RunTime:0.000000s ]
NOTIC: [2] Invalid argument supplied for foreach() D:\xampp\htdocs\warehouse\ThinkPHP\Library\Think\Db.class.php 第 429 行.
SQL: SELECT a.*,b.id AS id_user,b.username FROM wh_enterstock a INNER JOIN wh_user b ON a.user_id=b.id  ORDER BY a.enterdate desc LIMIT 0,10   [ RunTime:0.000000s ]
SQL: DESCRIBE wh_type [ RunTime:0.012001s ]
SQL: SELECT * FROM `wh_type`  [ RunTime:0.000000s ]
SQL: DESCRIBE wh_category [ RunTime:0.012001s ]
SQL: SELECT * FROM `wh_category`  [ RunTime:0.001000s ]
SQL: DESCRIBE wh_stockhouse [ RunTime:0.010000s ]
SQL: SELECT * FROM `wh_stockhouse`  [ RunTime:0.000000s ]
INFO: [ view_parse ] --START--
INFO: [ template_filter ] --START--
INFO: Run Behavior\ContentReplaceBehavior [ RunTime:0.000000s ]
INFO: [ template_filter ] --END-- [ RunTime:0.000000s ]
NOTIC: [8] Undefined index: level D:\xampp\htdocs\warehouse\Application\Runtime\Cache\Home\42aecb328dedee42b40fd4200f973939.php 第 62 行.
NOTIC: [8] Undefined index: level D:\xampp\htdocs\warehouse\Application\Runtime\Cache\Home\42aecb328dedee42b40fd4200f973939.php 第 62 行.
INFO: Run Behavior\ParseTemplateBehavior [ RunTime:0.014001s ]
INFO: [ view_parse ] --END-- [ RunTime:0.014001s ]
INFO: [ view_filter ] --START--
INFO: Run Behavior\WriteHtmlCacheBehavior [ RunTime:0.000000s ]
INFO: [ view_filter ] --END-- [ RunTime:0.000000s ]
INFO: [ app_end ] --START--
INFO: Run Behavior\ShowPageTraceBehavior [ RunTime:0.001000s ]
INFO: [ app_end ] --END-- [ RunTime:0.001000s ]

[ 2016-11-21T11:40:45+08:00 ] ::1 /warehouse/index.php/Home/enterstock/index
INFO: [ app_init ] --START--
INFO: Run Behavior\BuildLiteBehavior [ RunTime:0.000000s ]
INFO: [ app_init ] --END-- [ RunTime:0.000000s ]
INFO: [ app_begin ] --START--
INFO: Run Behavior\ReadHtmlCacheBehavior [ RunTime:0.001000s ]
INFO: [ app_begin ] --END-- [ RunTime:0.001000s ]
SQL: DESCRIBE wh_user [ RunTime:0.010001s ]
NOTIC: [2048] Declaration of Home\Model\EnterstockModel::_after_insert() should be compatible with Think\Model::_after_insert($data, $options) D:\xampp\htdocs\warehouse\Application\Home\Model\EnterstockModel.class.php 第 84 行.
SQL: DESCRIBE wh_enterstock [ RunTime:0.011000s ]
NOTIC: [2] Invalid argument supplied for foreach() D:\xampp\htdocs\warehouse\ThinkPHP\Library\Think\Db.class.php 第 429 行.
SQL: SELECT COUNT(*) AS tp_count FROM `wh_enterstock` LIMIT 1   [ RunTime:0.001000s ]
NOTIC: [2] Invalid argument supplied for foreach() D:\xampp\htdocs\warehouse\ThinkPHP\Library\Think\Db.class.php 第 429 行.
SQL: SELECT a.*,b.id AS id_user,b.username FROM wh_enterstock a INNER JOIN wh_user b ON a.user_id=b.id  ORDER BY a.enterdate desc LIMIT 0,10   [ RunTime:0.001001s ]
SQL: DESCRIBE wh_type [ RunTime:0.011000s ]
SQL: SELECT * FROM `wh_type`  [ RunTime:0.000000s ]
SQL: DESCRIBE wh_category [ RunTime:0.011001s ]
SQL: SELECT * FROM `wh_category`  [ RunTime:0.000000s ]
SQL: DESCRIBE wh_stockhouse [ RunTime:0.013001s ]
SQL: SELECT * FROM `wh_stockhouse`  [ RunTime:0.001000s ]
INFO: [ view_parse ] --START--
INFO: [ template_filter ] --START--
INFO: Run Behavior\ContentReplaceBehavior [ RunTime:0.000000s ]
INFO: [ template_filter ] --END-- [ RunTime:0.000000s ]
NOTIC: [8] Undefined index: level D:\xampp\htdocs\warehouse\Application\Runtime\Cache\Home\42aecb328dedee42b40fd4200f973939.php 第 59 行.
NOTIC: [8] Undefined index: level D:\xampp\htdocs\warehouse\Application\Runtime\Cache\Home\42aecb328dedee42b40fd4200f973939.php 第 59 行.
INFO: Run Behavior\ParseTemplateBehavior [ RunTime:0.019001s ]
INFO: [ view_parse ] --END-- [ RunTime:0.019001s ]
INFO: [ view_filter ] --START--
INFO: Run Behavior\WriteHtmlCacheBehavior [ RunTime:0.001000s ]
INFO: [ view_filter ] --END-- [ RunTime:0.001000s ]
INFO: [ app_end ] --START--
INFO: Run Behavior\ShowPageTraceBehavior [ RunTime:0.001000s ]
INFO: [ app_end ] --END-- [ RunTime:0.001000s ]

[ 2016-11-21T11:41:23+08:00 ] ::1 /warehouse/index.php/Home/Enterstock/index?name=&type=&cat=0&stock=0&start=2016-11-21+11%3A41&end=2016-11-21+23%3A59
INFO: [ app_init ] --START--
INFO: Run Behavior\BuildLiteBehavior [ RunTime:0.000000s ]
INFO: [ app_init ] --END-- [ RunTime:0.001001s ]
INFO: [ app_begin ] --START--
INFO: Run Behavior\ReadHtmlCacheBehavior [ RunTime:0.001000s ]
INFO: [ app_begin ] --END-- [ RunTime:0.001000s ]
SQL: DESCRIBE wh_user [ RunTime:0.011000s ]
NOTIC: [2048] Declaration of Home\Model\EnterstockModel::_after_insert() should be compatible with Think\Model::_after_insert($data, $options) D:\xampp\htdocs\warehouse\Application\Home\Model\EnterstockModel.class.php 第 84 行.
SQL: DESCRIBE wh_enterstock [ RunTime:0.010001s ]
NOTIC: [2] Invalid argument supplied for foreach() D:\xampp\htdocs\warehouse\ThinkPHP\Library\Think\Db.class.php 第 429 行.
SQL: SELECT COUNT(*) AS tp_count FROM `wh_enterstock` LIMIT 1   [ RunTime:0.000000s ]
NOTIC: [2] Invalid argument supplied for foreach() D:\xampp\htdocs\warehouse\ThinkPHP\Library\Think\Db.class.php 第 429 行.
SQL: SELECT a.*,b.id AS id_user,b.username FROM wh_enterstock a INNER JOIN wh_user b ON a.user_id=b.id  ORDER BY a.enterdate desc LIMIT 0,10   [ RunTime:0.001000s ]
SQL: DESCRIBE wh_type [ RunTime:0.011001s ]
SQL: SELECT * FROM `wh_type`  [ RunTime:0.000000s ]
SQL: DESCRIBE wh_category [ RunTime:0.011001s ]
SQL: SELECT * FROM `wh_category`  [ RunTime:0.001000s ]
SQL: DESCRIBE wh_stockhouse [ RunTime:0.010000s ]
SQL: SELECT * FROM `wh_stockhouse`  [ RunTime:0.000000s ]
INFO: [ view_parse ] --START--
INFO: [ template_filter ] --START--
INFO: Run Behavior\ContentReplaceBehavior [ RunTime:0.000000s ]
INFO: [ template_filter ] --END-- [ RunTime:0.000000s ]
NOTIC: [8] Undefined index: level D:\xampp\htdocs\warehouse\Application\Runtime\Cache\Home\42aecb328dedee42b40fd4200f973939.php 第 59 行.
NOTIC: [8] Undefined index: level D:\xampp\htdocs\warehouse\Application\Runtime\Cache\Home\42aecb328dedee42b40fd4200f973939.php 第 59 行.
INFO: Run Behavior\ParseTemplateBehavior [ RunTime:0.052003s ]
INFO: [ view_parse ] --END-- [ RunTime:0.053003s ]
INFO: [ view_filter ] --START--
INFO: Run Behavior\WriteHtmlCacheBehavior [ RunTime:0.000000s ]
INFO: [ view_filter ] --END-- [ RunTime:0.000000s ]
INFO: [ app_end ] --START--
INFO: Run Behavior\ShowPageTraceBehavior [ RunTime:0.005001s ]
INFO: [ app_end ] --END-- [ RunTime:0.005001s ]

[ 2016-11-21T11:41:23+08:00 ] ::1 /warehouse/index.php/Home/Enterstock/index?name=&type=&cat=0&stock=0&start=2016-11-21+11%3A41&end=2016-11-21+23%3A59
INFO: [ app_init ] --START--
INFO: Run Behavior\BuildLiteBehavior [ RunTime:0.001000s ]
INFO: [ app_init ] --END-- [ RunTime:0.001000s ]
INFO: [ app_begin ] --START--
INFO: Run Behavior\ReadHtmlCacheBehavior [ RunTime:0.001000s ]
INFO: [ app_begin ] --END-- [ RunTime:0.001000s ]
SQL: DESCRIBE wh_user [ RunTime:0.010001s ]
NOTIC: [2048] Declaration of Home\Model\EnterstockModel::_after_insert() should be compatible with Think\Model::_after_insert($data, $options) D:\xampp\htdocs\warehouse\Application\Home\Model\EnterstockModel.class.php 第 84 行.
SQL: DESCRIBE wh_enterstock [ RunTime:0.011001s ]
NOTIC: [2] Invalid argument supplied for foreach() D:\xampp\htdocs\warehouse\ThinkPHP\Library\Think\Db.class.php 第 429 行.
SQL: SELECT COUNT(*) AS tp_count FROM `wh_enterstock` LIMIT 1   [ RunTime:0.000000s ]
NOTIC: [2] Invalid argument supplied for foreach() D:\xampp\htdocs\warehouse\ThinkPHP\Library\Think\Db.class.php 第 429 行.
SQL: SELECT a.*,b.id AS id_user,b.username FROM wh_enterstock a INNER JOIN wh_user b ON a.user_id=b.id  ORDER BY a.enterdate desc LIMIT 0,10   [ RunTime:0.000000s ]
SQL: DESCRIBE wh_type [ RunTime:0.011000s ]
SQL: SELECT * FROM `wh_type`  [ RunTime:0.000000s ]
SQL: DESCRIBE wh_category [ RunTime:0.012000s ]
SQL: SELECT * FROM `wh_category`  [ RunTime:0.001000s ]
SQL: DESCRIBE wh_stockhouse [ RunTime:0.009001s ]
SQL: SELECT * FROM `wh_stockhouse`  [ RunTime:0.000000s ]
INFO: [ view_parse ] --START--
INFO: [ template_filter ] --START--
INFO: Run Behavior\ContentReplaceBehavior [ RunTime:0.000000s ]
INFO: [ template_filter ] --END-- [ RunTime:0.000000s ]
NOTIC: [8] Undefined index: level D:\xampp\htdocs\warehouse\Application\Runtime\Cache\Home\42aecb328dedee42b40fd4200f973939.php 第 59 行.
NOTIC: [8] Undefined index: level D:\xampp\htdocs\warehouse\Application\Runtime\Cache\Home\42aecb328dedee42b40fd4200f973939.php 第 59 行.
INFO: Run Behavior\ParseTemplateBehavior [ RunTime:0.014001s ]
INFO: [ view_parse ] --END-- [ RunTime:0.014001s ]
INFO: [ view_filter ] --START--
INFO: Run Behavior\WriteHtmlCacheBehavior [ RunTime:0.000000s ]
INFO: [ view_filter ] --END-- [ RunTime:0.000000s ]
INFO: [ app_end ] --START--
INFO: Run Behavior\ShowPageTraceBehavior [ RunTime:0.002000s ]
INFO: [ app_end ] --END-- [ RunTime:0.002000s ]

[ 2016-11-21T12:15:43+08:00 ] ::1 /warehouse/index.php/Home/enterstockdetails/lst/id/1
INFO: [ app_init ] --START--
INFO: Run Behavior\BuildLiteBehavior [ RunTime:0.000000s ]
INFO: [ app_init ] --END-- [ RunTime:0.001000s ]
INFO: [ app_begin ] --START--
INFO: Run Behavior\ReadHtmlCacheBehavior [ RunTime:0.002000s ]
INFO: [ app_begin ] --END-- [ RunTime:0.002000s ]
SQL: DESCRIBE wh_user [ RunTime:0.014001s ]
ERR: 非法操作:lst

[ 2016-11-21T12:15:47+08:00 ] ::1 /warehouse/index.php/Home/Enterstock/edit/id/1
INFO: [ app_init ] --START--
INFO: Run Behavior\BuildLiteBehavior [ RunTime:0.000000s ]
INFO: [ app_init ] --END-- [ RunTime:0.001000s ]
INFO: [ app_begin ] --START--
INFO: Run Behavior\ReadHtmlCacheBehavior [ RunTime:0.001000s ]
INFO: [ app_begin ] --END-- [ RunTime:0.001000s ]
SQL: DESCRIBE wh_user [ RunTime:0.010001s ]
NOTIC: [2048] Declaration of Home\Model\EnterstockModel::_after_insert() should be compatible with Think\Model::_after_insert($data, $options) D:\xampp\htdocs\warehouse\Application\Home\Model\EnterstockModel.class.php 第 84 行.
SQL: DESCRIBE wh_enterstock [ RunTime:0.011001s ]
SQL: SELECT * FROM `wh_enterstock` WHERE ( `id` = 1 ) LIMIT 1   [ RunTime:0.000000s ]
SQL: DESCRIBE wh_stockhouse [ RunTime:0.013001s ]
SQL: SELECT `id`,`username` FROM `wh_user`  [ RunTime:0.001000s ]
SQL: SELECT `id`,`name` FROM `wh_stockhouse`  [ RunTime:0.000000s ]
INFO: [ view_parse ] --START--
INFO: [ template_filter ] --START--
INFO: Run Behavior\ContentReplaceBehavior [ RunTime:0.000000s ]
INFO: [ template_filter ] --END-- [ RunTime:0.000000s ]
NOTIC: [8] Undefined index: stock_id D:\xampp\htdocs\warehouse\Application\Runtime\Cache\Home\c269971ecff4c1a05bdd54a0c35c34ff.php 第 73 行.
NOTIC: [8] Undefined index: stock_id D:\xampp\htdocs\warehouse\Application\Runtime\Cache\Home\c269971ecff4c1a05bdd54a0c35c34ff.php 第 73 行.
INFO: Run Behavior\ParseTemplateBehavior [ RunTime:0.033002s ]
INFO: [ view_parse ] --END-- [ RunTime:0.033002s ]
INFO: [ view_filter ] --START--
INFO: Run Behavior\WriteHtmlCacheBehavior [ RunTime:0.000000s ]
INFO: [ view_filter ] --END-- [ RunTime:0.000000s ]
INFO: [ app_end ] --START--
INFO: Run Behavior\ShowPageTraceBehavior [ RunTime:0.000000s ]
INFO: [ app_end ] --END-- [ RunTime:0.001000s ]

[ 2016-11-21T12:15:49+08:00 ] ::1 /warehouse/index.php/Home/Enterstock/index
INFO: [ app_init ] --START--
INFO: Run Behavior\BuildLiteBehavior [ RunTime:0.000000s ]
INFO: [ app_init ] --END-- [ RunTime:0.001000s ]
INFO: [ app_begin ] --START--
INFO: Run Behavior\ReadHtmlCacheBehavior [ RunTime:0.002000s ]
INFO: [ app_begin ] --END-- [ RunTime:0.002000s ]
SQL: DESCRIBE wh_user [ RunTime:0.011000s ]
NOTIC: [2048] Declaration of Home\Model\EnterstockModel::_after_insert() should be compatible with Think\Model::_after_insert($data, $options) D:\xampp\htdocs\warehouse\Application\Home\Model\EnterstockModel.class.php 第 84 行.
SQL: DESCRIBE wh_enterstock [ RunTime:0.011000s ]
NOTIC: [2] Invalid argument supplied for foreach() D:\xampp\htdocs\warehouse\ThinkPHP\Library\Think\Db.class.php 第 429 行.
SQL: SELECT COUNT(*) AS tp_count FROM `wh_enterstock` LIMIT 1   [ RunTime:0.001000s ]
NOTIC: [2] Invalid argument supplied for foreach() D:\xampp\htdocs\warehouse\ThinkPHP\Library\Think\Db.class.php 第 429 行.
SQL: SELECT a.*,b.id AS id_user,b.username FROM wh_enterstock a INNER JOIN wh_user b ON a.user_id=b.id  ORDER BY a.enterdate desc LIMIT 0,10   [ RunTime:0.001000s ]
SQL: DESCRIBE wh_type [ RunTime:0.011001s ]
SQL: SELECT * FROM `wh_type`  [ RunTime:0.000000s ]
SQL: DESCRIBE wh_category [ RunTime:0.011001s ]
SQL: SELECT * FROM `wh_category`  [ RunTime:0.000000s ]
SQL: DESCRIBE wh_stockhouse [ RunTime:0.011001s ]
SQL: SELECT * FROM `wh_stockhouse`  [ RunTime:0.000000s ]
INFO: [ view_parse ] --START--
INFO: [ template_filter ] --START--
INFO: Run Behavior\ContentReplaceBehavior [ RunTime:0.001000s ]
INFO: [ template_filter ] --END-- [ RunTime:0.001000s ]
NOTIC: [8] Undefined index: level D:\xampp\htdocs\warehouse\Application\Runtime\Cache\Home\42aecb328dedee42b40fd4200f973939.php 第 59 行.
NOTIC: [8] Undefined index: level D:\xampp\htdocs\warehouse\Application\Runtime\Cache\Home\42aecb328dedee42b40fd4200f973939.php 第 59 行.
INFO: Run Behavior\ParseTemplateBehavior [ RunTime:0.015000s ]
INFO: [ view_parse ] --END-- [ RunTime:0.015000s ]
INFO: [ view_filter ] --START--
INFO: Run Behavior\WriteHtmlCacheBehavior [ RunTime:0.001001s ]
INFO: [ view_filter ] --END-- [ RunTime:0.001001s ]
INFO: [ app_end ] --START--
INFO: Run Behavior\ShowPageTraceBehavior [ RunTime:0.001000s ]
INFO: [ app_end ] --END-- [ RunTime:0.001000s ]

[ 2016-11-21T14:33:36+08:00 ] ::1 /warehouse/index.php/Home/enterstock/index
INFO: [ app_init ] --START--
INFO: Run Behavior\BuildLiteBehavior [ RunTime:0.000000s ]
INFO: [ app_init ] --END-- [ RunTime:0.062501s ]
INFO: [ app_begin ] --START--
INFO: Run Behavior\ReadHtmlCacheBehavior [ RunTime:0.020000s ]
INFO: [ app_begin ] --END-- [ RunTime:0.020000s ]
SQL: DESCRIBE wh_user [ RunTime:0.120002s ]
NOTIC: [2048] Declaration of Home\Model\EnterstockModel::_after_insert() should be compatible with Think\Model::_after_insert($data, $options) D:\xampp\htdocs\warehouse\Application\Home\Model\EnterstockModel.class.php 第 84 行.
SQL: DESCRIBE wh_enterstock [ RunTime:0.047500s ]
NOTIC: [2] Invalid argument supplied for foreach() D:\xampp\htdocs\warehouse\ThinkPHP\Library\Think\Db.class.php 第 429 行.
SQL: SELECT COUNT(*) AS tp_count FROM `wh_enterstock` LIMIT 1   [ RunTime:0.002500s ]
NOTIC: [2] Invalid argument supplied for foreach() D:\xampp\htdocs\warehouse\ThinkPHP\Library\Think\Db.class.php 第 429 行.
SQL: SELECT a.*,b.id AS id_user,b.username FROM wh_enterstock a INNER JOIN wh_user b ON a.user_id=b.id  ORDER BY a.enterdate desc LIMIT 0,10   [ RunTime:0.017500s ]
SQL: DESCRIBE wh_type [ RunTime:0.060000s ]
SQL: SELECT * FROM `wh_type`  [ RunTime:0.000000s ]
SQL: DESCRIBE wh_category [ RunTime:0.022500s ]
SQL: SELECT * FROM `wh_category`  [ RunTime:0.000000s ]
SQL: DESCRIBE wh_stockhouse [ RunTime:0.020000s ]
SQL: SELECT * FROM `wh_stockhouse`  [ RunTime:0.002500s ]
INFO: [ view_parse ] --START--
INFO: [ template_filter ] --START--
INFO: Run Behavior\ContentReplaceBehavior [ RunTime:0.000000s ]
INFO: [ template_filter ] --END-- [ RunTime:0.000000s ]
NOTIC: [8] Undefined index: level D:\xampp\htdocs\warehouse\Application\Runtime\Cache\Home\42aecb328dedee42b40fd4200f973939.php 第 59 行.
NOTIC: [8] Undefined index: level D:\xampp\htdocs\warehouse\Application\Runtime\Cache\Home\42aecb328dedee42b40fd4200f973939.php 第 59 行.
INFO: Run Behavior\ParseTemplateBehavior [ RunTime:0.157502s ]
INFO: [ view_parse ] --END-- [ RunTime:0.157502s ]
INFO: [ view_filter ] --START--
INFO: Run Behavior\WriteHtmlCacheBehavior [ RunTime:0.020000s ]
INFO: [ view_filter ] --END-- [ RunTime:0.020000s ]
INFO: [ app_end ] --START--
INFO: Run Behavior\ShowPageTraceBehavior [ RunTime:0.030001s ]
INFO: [ app_end ] --END-- [ RunTime:0.030001s ]

[ 2016-11-21T14:33:47+08:00 ] ::1 /warehouse/index.php/Home/Enterstock/add
INFO: [ app_init ] --START--
INFO: Run Behavior\BuildLiteBehavior [ RunTime:0.000000s ]
INFO: [ app_init ] --END-- [ RunTime:0.000000s ]
INFO: [ app_begin ] --START--
INFO: Run Behavior\ReadHtmlCacheBehavior [ RunTime:0.002500s ]
INFO: [ app_begin ] --END-- [ RunTime:0.002500s ]
SQL: DESCRIBE wh_user [ RunTime:0.002500s ]
SQL: DESCRIBE wh_type [ RunTime:0.005000s ]
SQL: SELECT * FROM `wh_type`  [ RunTime:0.000000s ]
SQL: DESCRIBE wh_category [ RunTime:0.002500s ]
SQL: SELECT * FROM `wh_category`  [ RunTime:0.000000s ]
SQL: DESCRIBE wh_stockhouse [ RunTime:0.002500s ]
SQL: SELECT * FROM `wh_stockhouse`  [ RunTime:0.000000s ]
SQL: DESCRIBE wh_user [ RunTime:0.005000s ]
SQL: SELECT `id`,`username` FROM `wh_user`  [ RunTime:0.000000s ]
INFO: [ view_parse ] --START--
INFO: [ template_filter ] --START--
INFO: Run Behavior\ContentReplaceBehavior [ RunTime:0.000000s ]
INFO: [ template_filter ] --END-- [ RunTime:0.000000s ]
INFO: Run Behavior\ParseTemplateBehavior [ RunTime:0.065001s ]
INFO: [ view_parse ] --END-- [ RunTime:0.065001s ]
INFO: [ view_filter ] --START--
INFO: Run Behavior\WriteHtmlCacheBehavior [ RunTime:0.002500s ]
INFO: [ view_filter ] --END-- [ RunTime:0.002500s ]
INFO: [ app_end ] --START--
INFO: Run Behavior\ShowPageTraceBehavior [ RunTime:0.002500s ]
INFO: [ app_end ] --END-- [ RunTime:0.002500s ]

[ 2016-11-21T14:34:52+08:00 ] ::1 /warehouse/index.php/Home/Goods/getGoodsByTypeId
INFO: [ app_init ] --START--
INFO: Run Behavior\BuildLiteBehavior [ RunTime:0.000000s ]
INFO: [ app_init ] --END-- [ RunTime:0.000000s ]
INFO: [ app_begin ] --START--
INFO: Run Behavior\ReadHtmlCacheBehavior [ RunTime:0.000000s ]
INFO: [ app_begin ] --END-- [ RunTime:0.000000s ]
SQL: DESCRIBE wh_user [ RunTime:0.000000s ]
SQL: DESCRIBE wh_goods [ RunTime:0.031200s ]
SQL: SELECT `id`,`name` FROM `wh_goods` WHERE ( `type_id` = 1 )  [ RunTime:0.031201s ]

[ 2016-11-21T14:35:02+08:00 ] ::1 /warehouse/index.php/Home/Enterstock/index
INFO: [ app_init ] --START--
INFO: Run Behavior\BuildLiteBehavior [ RunTime:0.002500s ]
INFO: [ app_init ] --END-- [ RunTime:0.002500s ]
INFO: [ app_begin ] --START--
INFO: Run Behavior\ReadHtmlCacheBehavior [ RunTime:0.000000s ]
INFO: [ app_begin ] --END-- [ RunTime:0.000000s ]
SQL: DESCRIBE wh_user [ RunTime:0.005000s ]
NOTIC: [2048] Declaration of Home\Model\EnterstockModel::_after_insert() should be compatible with Think\Model::_after_insert($data, $options) D:\xampp\htdocs\warehouse\Application\Home\Model\EnterstockModel.class.php 第 84 行.
SQL: DESCRIBE wh_enterstock [ RunTime:0.005000s ]
NOTIC: [2] Invalid argument supplied for foreach() D:\xampp\htdocs\warehouse\ThinkPHP\Library\Think\Db.class.php 第 429 行.
SQL: SELECT COUNT(*) AS tp_count FROM `wh_enterstock` LIMIT 1   [ RunTime:0.000000s ]
NOTIC: [2] Invalid argument supplied for foreach() D:\xampp\htdocs\warehouse\ThinkPHP\Library\Think\Db.class.php 第 429 行.
SQL: SELECT a.*,b.id AS id_user,b.username FROM wh_enterstock a INNER JOIN wh_user b ON a.user_id=b.id  ORDER BY a.enterdate desc LIMIT 0,10   [ RunTime:0.000000s ]
SQL: DESCRIBE wh_type [ RunTime:0.002500s ]
SQL: SELECT * FROM `wh_type`  [ RunTime:0.000000s ]
SQL: DESCRIBE wh_category [ RunTime:0.002500s ]
SQL: SELECT * FROM `wh_category`  [ RunTime:0.002500s ]
SQL: DESCRIBE wh_stockhouse [ RunTime:0.002500s ]
SQL: SELECT * FROM `wh_stockhouse`  [ RunTime:0.000000s ]
INFO: [ view_parse ] --START--
INFO: [ template_filter ] --START--
INFO: Run Behavior\ContentReplaceBehavior [ RunTime:0.000000s ]
INFO: [ template_filter ] --END-- [ RunTime:0.000000s ]
NOTIC: [8] Undefined index: level D:\xampp\htdocs\warehouse\Application\Runtime\Cache\Home\42aecb328dedee42b40fd4200f973939.php 第 59 行.
NOTIC: [8] Undefined index: level D:\xampp\htdocs\warehouse\Application\Runtime\Cache\Home\42aecb328dedee42b40fd4200f973939.php 第 59 行.
INFO: Run Behavior\ParseTemplateBehavior [ RunTime:0.010000s ]
INFO: [ view_parse ] --END-- [ RunTime:0.010000s ]
INFO: [ view_filter ] --START--
INFO: Run Behavior\WriteHtmlCacheBehavior [ RunTime:0.000000s ]
INFO: [ view_filter ] --END-- [ RunTime:0.000000s ]
INFO: [ app_end ] --START--
INFO: Run Behavior\ShowPageTraceBehavior [ RunTime:0.002500s ]
INFO: [ app_end ] --END-- [ RunTime:0.002500s ]

[ 2016-11-21T14:35:10+08:00 ] ::1 /warehouse/index.php/Home/goods/index
INFO: [ app_init ] --START--
INFO: Run Behavior\BuildLiteBehavior [ RunTime:0.000000s ]
INFO: [ app_init ] --END-- [ RunTime:0.000000s ]
INFO: [ app_begin ] --START--
INFO: Run Behavior\ReadHtmlCacheBehavior [ RunTime:0.002500s ]
INFO: [ app_begin ] --END-- [ RunTime:0.002500s ]
SQL: DESCRIBE wh_user [ RunTime:0.002500s ]
SQL: DESCRIBE wh_goods [ RunTime:0.002500s ]
NOTIC: [2] Invalid argument supplied for foreach() D:\xampp\htdocs\warehouse\ThinkPHP\Library\Think\Db.class.php 第 429 行.
SQL: SELECT COUNT(*) AS tp_count FROM `wh_goods` LIMIT 1   [ RunTime:0.000000s ]
NOTIC: [2] Invalid argument supplied for foreach() D:\xampp\htdocs\warehouse\ThinkPHP\Library\Think\Db.class.php 第 429 行.
SQL: SELECT a.id as goods_id,a.name,a.type_id,a.cat_id,a.pic,a.price,a.unit,a.stock_id,b.id,b.name as name_type,c.id,c.name as name_stockhouse,d.id,d.name as name_category FROM wh_goods a INNER JOIN wh_type b ON a.type_id=b.id INNER JOIN wh_stockhouse c ON a.stock_id=c.id INNER JOIN wh_category d ON a.cat_id=d.id  LIMIT 0,10   [ RunTime:0.000000s ]
SQL: DESCRIBE wh_type [ RunTime:0.002500s ]
SQL: SELECT * FROM `wh_type`  [ RunTime:0.002500s ]
SQL: DESCRIBE wh_category [ RunTime:0.005000s ]
SQL: SELECT * FROM `wh_category`  [ RunTime:0.000000s ]
SQL: DESCRIBE wh_stockhouse [ RunTime:0.002500s ]
SQL: SELECT * FROM `wh_stockhouse`  [ RunTime:0.000000s ]
INFO: [ view_parse ] --START--
INFO: [ template_filter ] --START--
INFO: Run Behavior\ContentReplaceBehavior [ RunTime:0.000000s ]
INFO: [ template_filter ] --END-- [ RunTime:0.002500s ]
NOTIC: [8] Undefined index: level D:\xampp\htdocs\warehouse\Application\Runtime\Cache\Home\63839bc489ada1b251c78e0251f28b7d.php 第 43 行.
NOTIC: [8] Undefined index: level D:\xampp\htdocs\warehouse\Application\Runtime\Cache\Home\63839bc489ada1b251c78e0251f28b7d.php 第 43 行.
INFO: Run Behavior\ParseTemplateBehavior [ RunTime:0.040000s ]
INFO: [ view_parse ] --END-- [ RunTime:0.040000s ]
INFO: [ view_filter ] --START--
INFO: Run Behavior\WriteHtmlCacheBehavior [ RunTime:0.000000s ]
INFO: [ view_filter ] --END-- [ RunTime:0.000000s ]
INFO: [ app_end ] --START--
INFO: Run Behavior\ShowPageTraceBehavior [ RunTime:0.002500s ]
INFO: [ app_end ] --END-- [ RunTime:0.002500s ]

[ 2016-11-21T14:35:14+08:00 ] ::1 /warehouse/index.php/Home/Goods/add
INFO: [ app_init ] --START--
INFO: Run Behavior\BuildLiteBehavior [ RunTime:0.000000s ]
INFO: [ app_init ] --END-- [ RunTime:0.000000s ]
INFO: [ app_begin ] --START--
INFO: Run Behavior\ReadHtmlCacheBehavior [ RunTime:0.000000s ]
INFO: [ app_begin ] --END-- [ RunTime:0.000000s ]
SQL: DESCRIBE wh_user [ RunTime:0.002500s ]
SQL: DESCRIBE wh_type [ RunTime:0.005000s ]
SQL: SELECT * FROM `wh_type`  [ RunTime:0.000000s ]
SQL: DESCRIBE wh_category [ RunTime:0.002500s ]
SQL: SELECT * FROM `wh_category`  [ RunTime:0.000000s ]
SQL: DESCRIBE wh_stockhouse [ RunTime:0.005000s ]
SQL: SELECT * FROM `wh_stockhouse`  [ RunTime:0.000000s ]
INFO: [ view_parse ] --START--
INFO: [ template_filter ] --START--
INFO: Run Behavior\ContentReplaceBehavior [ RunTime:0.000000s ]
INFO: [ template_filter ] --END-- [ RunTime:0.000000s ]
INFO: Run Behavior\ParseTemplateBehavior [ RunTime:0.022500s ]
INFO: [ view_parse ] --END-- [ RunTime:0.022500s ]
INFO: [ view_filter ] --START--
INFO: Run Behavior\WriteHtmlCacheBehavior [ RunTime:0.002500s ]
INFO: [ view_filter ] --END-- [ RunTime:0.002500s ]
INFO: [ app_end ] --START--
INFO: Run Behavior\ShowPageTraceBehavior [ RunTime:0.002500s ]
INFO: [ app_end ] --END-- [ RunTime:0.002500s ]

[ 2016-11-21T14:35:39+08:00 ] ::1 /warehouse/index.php/Home/Goods/index
INFO: [ app_init ] --START--
INFO: Run Behavior\BuildLiteBehavior [ RunTime:0.000000s ]
INFO: [ app_init ] --END-- [ RunTime:0.002500s ]
INFO: [ app_begin ] --START--
INFO: Run Behavior\ReadHtmlCacheBehavior [ RunTime:0.002500s ]
INFO: [ app_begin ] --END-- [ RunTime:0.002500s ]
SQL: DESCRIBE wh_user [ RunTime:0.002500s ]
SQL: DESCRIBE wh_goods [ RunTime:0.005000s ]
NOTIC: [2] Invalid argument supplied for foreach() D:\xampp\htdocs\warehouse\ThinkPHP\Library\Think\Db.class.php 第 429 行.
SQL: SELECT COUNT(*) AS tp_count FROM `wh_goods` LIMIT 1   [ RunTime:0.000000s ]
NOTIC: [2] Invalid argument supplied for foreach() D:\xampp\htdocs\warehouse\ThinkPHP\Library\Think\Db.class.php 第 429 行.
SQL: SELECT a.id as goods_id,a.name,a.type_id,a.cat_id,a.pic,a.price,a.unit,a.stock_id,b.id,b.name as name_type,c.id,c.name as name_stockhouse,d.id,d.name as name_category FROM wh_goods a INNER JOIN wh_type b ON a.type_id=b.id INNER JOIN wh_stockhouse c ON a.stock_id=c.id INNER JOIN wh_category d ON a.cat_id=d.id  LIMIT 0,10   [ RunTime:0.000000s ]
SQL: DESCRIBE wh_type [ RunTime:0.005001s ]
SQL: SELECT * FROM `wh_type`  [ RunTime:0.000000s ]
SQL: DESCRIBE wh_category [ RunTime:0.002500s ]
SQL: SELECT * FROM `wh_category`  [ RunTime:0.000000s ]
SQL: DESCRIBE wh_stockhouse [ RunTime:0.002500s ]
SQL: SELECT * FROM `wh_stockhouse`  [ RunTime:0.000000s ]
INFO: [ view_parse ] --START--
INFO: [ template_filter ] --START--
INFO: Run Behavior\ContentReplaceBehavior [ RunTime:0.000000s ]
INFO: [ template_filter ] --END-- [ RunTime:0.000000s ]
NOTIC: [8] Undefined index: level D:\xampp\htdocs\warehouse\Application\Runtime\Cache\Home\63839bc489ada1b251c78e0251f28b7d.php 第 43 行.
NOTIC: [8] Undefined index: level D:\xampp\htdocs\warehouse\Application\Runtime\Cache\Home\63839bc489ada1b251c78e0251f28b7d.php 第 43 行.
INFO: Run Behavior\ParseTemplateBehavior [ RunTime:0.017500s ]
INFO: [ view_parse ] --END-- [ RunTime:0.017500s ]
INFO: [ view_filter ] --START--
INFO: Run Behavior\WriteHtmlCacheBehavior [ RunTime:0.000000s ]
INFO: [ view_filter ] --END-- [ RunTime:0.000000s ]
INFO: [ app_end ] --START--
INFO: Run Behavior\ShowPageTraceBehavior [ RunTime:0.002500s ]
INFO: [ app_end ] --END-- [ RunTime:0.002500s ]

[ 2016-11-21T14:35:49+08:00 ] ::1 /warehouse/index.php/Home/category/index
INFO: [ app_init ] --START--
INFO: Run Behavior\BuildLiteBehavior [ RunTime:0.000000s ]
INFO: [ app_init ] --END-- [ RunTime:0.000000s ]
INFO: [ app_begin ] --START--
INFO: Run Behavior\ReadHtmlCacheBehavior [ RunTime:0.000000s ]
INFO: [ app_begin ] --END-- [ RunTime:0.000000s ]
SQL: DESCRIBE wh_user [ RunTime:0.002500s ]
SQL: DESCRIBE wh_category [ RunTime:0.005001s ]
SQL: SELECT * FROM `wh_category`  [ RunTime:0.000000s ]
INFO: [ view_parse ] --START--
INFO: [ template_filter ] --START--
INFO: Run Behavior\ContentReplaceBehavior [ RunTime:0.000000s ]
INFO: [ template_filter ] --END-- [ RunTime:0.000000s ]
NOTIC: [8] Undefined variable: fields D:\xampp\htdocs\warehouse\Application\Runtime\Cache\Home\fd93d816414af0ade2156438a8d6b092.php 第 42 行.
NOTIC: [8] Undefined index: order D:\xampp\htdocs\warehouse\Application\Runtime\Cache\Home\fd93d816414af0ade2156438a8d6b092.php 第 46 行.
NOTIC: [8] Undefined index: order D:\xampp\htdocs\warehouse\Application\Runtime\Cache\Home\fd93d816414af0ade2156438a8d6b092.php 第 46 行.
NOTIC: [8] Undefined index: order D:\xampp\htdocs\warehouse\Application\Runtime\Cache\Home\fd93d816414af0ade2156438a8d6b092.php 第 46 行.
NOTIC: [8] Undefined index: order D:\xampp\htdocs\warehouse\Application\Runtime\Cache\Home\fd93d816414af0ade2156438a8d6b092.php 第 46 行.
NOTIC: [8] Undefined index: order D:\xampp\htdocs\warehouse\Application\Runtime\Cache\Home\fd93d816414af0ade2156438a8d6b092.php 第 46 行.
NOTIC: [8] Undefined index: order D:\xampp\htdocs\warehouse\Application\Runtime\Cache\Home\fd93d816414af0ade2156438a8d6b092.php 第 46 行.
NOTIC: [8] Undefined index: order D:\xampp\htdocs\warehouse\Application\Runtime\Cache\Home\fd93d816414af0ade2156438a8d6b092.php 第 46 行.
NOTIC: [8] Undefined index: order D:\xampp\htdocs\warehouse\Application\Runtime\Cache\Home\fd93d816414af0ade2156438a8d6b092.php 第 46 行.
NOTIC: [8] Undefined index: order D:\xampp\htdocs\warehouse\Application\Runtime\Cache\Home\fd93d816414af0ade2156438a8d6b092.php 第 46 行.
NOTIC: [8] Undefined index: order D:\xampp\htdocs\warehouse\Application\Runtime\Cache\Home\fd93d816414af0ade2156438a8d6b092.php 第 46 行.
NOTIC: [8] Undefined index: order D:\xampp\htdocs\warehouse\Application\Runtime\Cache\Home\fd93d816414af0ade2156438a8d6b092.php 第 46 行.
NOTIC: [8] Undefined index: order D:\xampp\htdocs\warehouse\Application\Runtime\Cache\Home\fd93d816414af0ade2156438a8d6b092.php 第 46 行.
NOTIC: [8] Undefined variable: str D:\xampp\htdocs\warehouse\Application\Runtime\Cache\Home\fd93d816414af0ade2156438a8d6b092.php 第 63 行.
INFO: Run Behavior\ParseTemplateBehavior [ RunTime:0.042500s ]
INFO: [ view_parse ] --END-- [ RunTime:0.042500s ]
INFO: [ view_filter ] --START--
INFO: Run Behavior\WriteHtmlCacheBehavior [ RunTime:0.000000s ]
INFO: [ view_filter ] --END-- [ RunTime:0.000000s ]
INFO: [ app_end ] --START--
INFO: Run Behavior\ShowPageTraceBehavior [ RunTime:0.002500s ]
INFO: [ app_end ] --END-- [ RunTime:0.002500s ]

[ 2016-11-21T14:35:52+08:00 ] ::1 /warehouse/index.php/Home/Category/add
INFO: [ app_init ] --START--
INFO: Run Behavior\BuildLiteBehavior [ RunTime:0.000000s ]
INFO: [ app_init ] --END-- [ RunTime:0.000000s ]
INFO: [ app_begin ] --START--
INFO: Run Behavior\ReadHtmlCacheBehavior [ RunTime:0.015600s ]
INFO: [ app_begin ] --END-- [ RunTime:0.015600s ]
SQL: DESCRIBE wh_user [ RunTime:0.002500s ]
SQL: DESCRIBE wh_category [ RunTime:0.002500s ]
SQL: SELECT * FROM `wh_category`  [ RunTime:0.000000s ]
INFO: [ view_parse ] --START--
INFO: [ template_filter ] --START--
INFO: Run Behavior\ContentReplaceBehavior [ RunTime:0.000000s ]
INFO: [ template_filter ] --END-- [ RunTime:0.000000s ]
INFO: Run Behavior\ParseTemplateBehavior [ RunTime:0.032501s ]
INFO: [ view_parse ] --END-- [ RunTime:0.032501s ]
INFO: [ view_filter ] --START--
INFO: Run Behavior\WriteHtmlCacheBehavior [ RunTime:0.000000s ]
INFO: [ view_filter ] --END-- [ RunTime:0.000000s ]
INFO: [ app_end ] --START--
INFO: Run Behavior\ShowPageTraceBehavior [ RunTime:0.002500s ]
INFO: [ app_end ] --END-- [ RunTime:0.002500s ]

[ 2016-11-21T14:36:28+08:00 ] ::1 /warehouse/index.php/Home/enterstock/index
INFO: [ app_init ] --START--
INFO: Run Behavior\BuildLiteBehavior [ RunTime:0.000000s ]
INFO: [ app_init ] --END-- [ RunTime:0.000000s ]
INFO: [ app_begin ] --START--
INFO: Run Behavior\ReadHtmlCacheBehavior [ RunTime:0.000000s ]
INFO: [ app_begin ] --END-- [ RunTime:0.002500s ]
SQL: DESCRIBE wh_user [ RunTime:0.002500s ]
NOTIC: [2048] Declaration of Home\Model\EnterstockModel::_after_insert() should be compatible with Think\Model::_after_insert($data, $options) D:\xampp\htdocs\warehouse\Application\Home\Model\EnterstockModel.class.php 第 84 行.
SQL: DESCRIBE wh_enterstock [ RunTime:0.002500s ]
NOTIC: [2] Invalid argument supplied for foreach() D:\xampp\htdocs\warehouse\ThinkPHP\Library\Think\Db.class.php 第 429 行.
SQL: SELECT COUNT(*) AS tp_count FROM `wh_enterstock` LIMIT 1   [ RunTime:0.000000s ]
NOTIC: [2] Invalid argument supplied for foreach() D:\xampp\htdocs\warehouse\ThinkPHP\Library\Think\Db.class.php 第 429 行.
SQL: SELECT a.*,b.id AS id_user,b.username FROM wh_enterstock a INNER JOIN wh_user b ON a.user_id=b.id  ORDER BY a.enterdate desc LIMIT 0,10   [ RunTime:0.000000s ]
SQL: DESCRIBE wh_type [ RunTime:0.002500s ]
SQL: SELECT * FROM `wh_type`  [ RunTime:0.000000s ]
SQL: DESCRIBE wh_category [ RunTime:0.002500s ]
SQL: SELECT * FROM `wh_category`  [ RunTime:0.000000s ]
SQL: DESCRIBE wh_stockhouse [ RunTime:0.002500s ]
SQL: SELECT * FROM `wh_stockhouse`  [ RunTime:0.000000s ]
INFO: [ view_parse ] --START--
INFO: [ template_filter ] --START--
INFO: Run Behavior\ContentReplaceBehavior [ RunTime:0.000000s ]
INFO: [ template_filter ] --END-- [ RunTime:0.000000s ]
NOTIC: [8] Undefined index: level D:\xampp\htdocs\warehouse\Application\Runtime\Cache\Home\42aecb328dedee42b40fd4200f973939.php 第 59 行.
NOTIC: [8] Undefined index: level D:\xampp\htdocs\warehouse\Application\Runtime\Cache\Home\42aecb328dedee42b40fd4200f973939.php 第 59 行.
INFO: Run Behavior\ParseTemplateBehavior [ RunTime:0.012500s ]
INFO: [ view_parse ] --END-- [ RunTime:0.012500s ]
INFO: [ view_filter ] --START--
INFO: Run Behavior\WriteHtmlCacheBehavior [ RunTime:0.002500s ]
INFO: [ view_filter ] --END-- [ RunTime:0.002500s ]
INFO: [ app_end ] --START--
INFO: Run Behavior\ShowPageTraceBehavior [ RunTime:0.000000s ]
INFO: [ app_end ] --END-- [ RunTime:0.000000s ]

[ 2016-11-21T14:41:31+08:00 ] ::1 /warehouse/index.php/Home/Enterstock/add
INFO: [ app_init ] --START--
INFO: Run Behavior\BuildLiteBehavior [ RunTime:0.000000s ]
INFO: [ app_init ] --END-- [ RunTime:0.000000s ]
INFO: [ app_begin ] --START--
INFO: Run Behavior\ReadHtmlCacheBehavior [ RunTime:0.002500s ]
INFO: [ app_begin ] --END-- [ RunTime:0.002500s ]
SQL: DESCRIBE wh_user [ RunTime:0.002500s ]
SQL: DESCRIBE wh_type [ RunTime:0.002500s ]
SQL: SELECT * FROM `wh_type`  [ RunTime:0.000000s ]
SQL: DESCRIBE wh_category [ RunTime:0.002500s ]
SQL: SELECT * FROM `wh_category`  [ RunTime:0.000000s ]
SQL: DESCRIBE wh_stockhouse [ RunTime:0.002500s ]
SQL: SELECT * FROM `wh_stockhouse`  [ RunTime:0.000000s ]
SQL: DESCRIBE wh_user [ RunTime:0.002500s ]
SQL: SELECT `id`,`username` FROM `wh_user`  [ RunTime:0.002500s ]
INFO: [ view_parse ] --START--
INFO: [ template_filter ] --START--
INFO: Run Behavior\ContentReplaceBehavior [ RunTime:0.000000s ]
INFO: [ template_filter ] --END-- [ RunTime:0.000000s ]
INFO: Run Behavior\ParseTemplateBehavior [ RunTime:0.010000s ]
INFO: [ view_parse ] --END-- [ RunTime:0.010000s ]
INFO: [ view_filter ] --START--
INFO: Run Behavior\WriteHtmlCacheBehavior [ RunTime:0.000000s ]
INFO: [ view_filter ] --END-- [ RunTime:0.000000s ]
INFO: [ app_end ] --START--
INFO: Run Behavior\ShowPageTraceBehavior [ RunTime:0.000000s ]
INFO: [ app_end ] --END-- [ RunTime:0.000000s ]

[ 2016-11-21T14:41:56+08:00 ] ::1 /warehouse/index.php/Home/Enterstock/index
INFO: [ app_init ] --START--
INFO: Run Behavior\BuildLiteBehavior [ RunTime:0.000000s ]
INFO: [ app_init ] --END-- [ RunTime:0.002500s ]
INFO: [ app_begin ] --START--
INFO: Run Behavior\ReadHtmlCacheBehavior [ RunTime:0.002500s ]
INFO: [ app_begin ] --END-- [ RunTime:0.002500s ]
SQL: DESCRIBE wh_user [ RunTime:0.005000s ]
NOTIC: [2048] Declaration of Home\Model\EnterstockModel::_after_insert() should be compatible with Think\Model::_after_insert($data, $options) D:\xampp\htdocs\warehouse\Application\Home\Model\EnterstockModel.class.php 第 84 行.
SQL: DESCRIBE wh_enterstock [ RunTime:0.002500s ]
NOTIC: [2] Invalid argument supplied for foreach() D:\xampp\htdocs\warehouse\ThinkPHP\Library\Think\Db.class.php 第 429 行.
SQL: SELECT COUNT(*) AS tp_count FROM `wh_enterstock` LIMIT 1   [ RunTime:0.002500s ]
NOTIC: [2] Invalid argument supplied for foreach() D:\xampp\htdocs\warehouse\ThinkPHP\Library\Think\Db.class.php 第 429 行.
SQL: SELECT a.*,b.id AS id_user,b.username FROM wh_enterstock a INNER JOIN wh_user b ON a.user_id=b.id  ORDER BY a.enterdate desc LIMIT 0,10   [ RunTime:0.002500s ]
SQL: DESCRIBE wh_type [ RunTime:0.002500s ]
SQL: SELECT * FROM `wh_type`  [ RunTime:0.002500s ]
SQL: DESCRIBE wh_category [ RunTime:0.002500s ]
SQL: SELECT * FROM `wh_category`  [ RunTime:0.000000s ]
SQL: DESCRIBE wh_stockhouse [ RunTime:0.005000s ]
SQL: SELECT * FROM `wh_stockhouse`  [ RunTime:0.002500s ]
INFO: [ view_parse ] --START--
INFO: [ template_filter ] --START--
INFO: Run Behavior\ContentReplaceBehavior [ RunTime:0.000000s ]
INFO: [ template_filter ] --END-- [ RunTime:0.000000s ]
NOTIC: [8] Undefined index: level D:\xampp\htdocs\warehouse\Application\Runtime\Cache\Home\42aecb328dedee42b40fd4200f973939.php 第 59 行.
NOTIC: [8] Undefined index: level D:\xampp\htdocs\warehouse\Application\Runtime\Cache\Home\42aecb328dedee42b40fd4200f973939.php 第 59 行.
INFO: Run Behavior\ParseTemplateBehavior [ RunTime:0.015000s ]
INFO: [ view_parse ] --END-- [ RunTime:0.015000s ]
INFO: [ view_filter ] --START--
INFO: Run Behavior\WriteHtmlCacheBehavior [ RunTime:0.000000s ]
INFO: [ view_filter ] --END-- [ RunTime:0.000000s ]
INFO: [ app_end ] --START--
INFO: Run Behavior\ShowPageTraceBehavior [ RunTime:0.002500s ]
INFO: [ app_end ] --END-- [ RunTime:0.002500s ]

[ 2016-11-21T14:42:34+08:00 ] ::1 /warehouse/index.php/Home/stock/index
INFO: [ app_init ] --START--
INFO: Run Behavior\BuildLiteBehavior [ RunTime:0.000000s ]
INFO: [ app_init ] --END-- [ RunTime:0.002500s ]
INFO: [ app_begin ] --START--
INFO: Run Behavior\ReadHtmlCacheBehavior [ RunTime:0.002500s ]
INFO: [ app_begin ] --END-- [ RunTime:0.002500s ]
SQL: DESCRIBE wh_user [ RunTime:0.005000s ]
SQL: DESCRIBE wh_stock [ RunTime:0.030001s ]
NOTIC: [2] Invalid argument supplied for foreach() D:\xampp\htdocs\warehouse\ThinkPHP\Library\Think\Db.class.php 第 429 行.
SQL: SELECT COUNT(*) AS tp_count FROM `wh_stock` LIMIT 1   [ RunTime:0.000000s ]
NOTIC: [2] Invalid argument supplied for foreach() D:\xampp\htdocs\warehouse\ThinkPHP\Library\Think\Db.class.php 第 429 行.
SQL: SELECT a.*,b.id as id_goods_b,b.name as name_goods,b.type_id,b.cat_id,b.price,b.stock_id,b.unit,c.id as id_stock_c,c.name as name_stockhouse,d.id as id_type_d,d.name as name_type,e.id as id_cat_e,e.name as name_category FROM wh_stock a INNER JOIN wh_goods b ON a.id_goods=b.id INNER JOIN wh_type d ON b.type_id=d.id INNER JOIN wh_stockhouse c ON b.stock_id=c.id INNER JOIN wh_category e ON b.cat_id=e.id  LIMIT 0,10   [ RunTime:0.000000s ]
SQL: DESCRIBE wh_type [ RunTime:0.005000s ]
SQL: SELECT * FROM `wh_type`  [ RunTime:0.000000s ]
SQL: DESCRIBE wh_category [ RunTime:0.007500s ]
SQL: SELECT * FROM `wh_category`  [ RunTime:0.000000s ]
SQL: DESCRIBE wh_stockhouse [ RunTime:0.005000s ]
SQL: SELECT * FROM `wh_stockhouse`  [ RunTime:0.000000s ]
INFO: [ view_parse ] --START--
INFO: [ template_filter ] --START--
INFO: Run Behavior\ContentReplaceBehavior [ RunTime:0.000000s ]
INFO: [ template_filter ] --END-- [ RunTime:0.000000s ]
NOTIC: [8] Undefined index: level D:\xampp\htdocs\warehouse\Application\Runtime\Cache\Home\41c991b64167ab4f15d3c50a73fd2e47.php 第 44 行.
NOTIC: [8] Undefined index: level D:\xampp\htdocs\warehouse\Application\Runtime\Cache\Home\41c991b64167ab4f15d3c50a73fd2e47.php 第 44 行.
INFO: Run Behavior\ParseTemplateBehavior [ RunTime:0.015000s ]
INFO: [ view_parse ] --END-- [ RunTime:0.015000s ]
INFO: [ view_filter ] --START--
INFO: Run Behavior\WriteHtmlCacheBehavior [ RunTime:0.000000s ]
INFO: [ view_filter ] --END-- [ RunTime:0.000000s ]
INFO: [ app_end ] --START--
INFO: Run Behavior\ShowPageTraceBehavior [ RunTime:0.002500s ]
INFO: [ app_end ] --END-- [ RunTime:0.002500s ]

[ 2016-11-21T14:46:25+08:00 ] ::1 /warehouse/index.php/Home/enterstockdetails/lst/id/1
INFO: [ app_init ] --START--
INFO: Run Behavior\BuildLiteBehavior [ RunTime:0.000000s ]
INFO: [ app_init ] --END-- [ RunTime:0.000000s ]
INFO: [ app_begin ] --START--
INFO: Run Behavior\ReadHtmlCacheBehavior [ RunTime:0.002500s ]
INFO: [ app_begin ] --END-- [ RunTime:0.002500s ]
SQL: DESCRIBE wh_user [ RunTime:0.002500s ]
ERR: 非法操作:lst

[ 2016-11-21T14:49:15+08:00 ] ::1 /warehouse/index.php/Home/login/index
INFO: [ app_init ] --START--
INFO: Run Behavior\BuildLiteBehavior [ RunTime:0.000000s ]
INFO: [ app_init ] --END-- [ RunTime:0.000000s ]
INFO: [ app_begin ] --START--
INFO: Run Behavior\ReadHtmlCacheBehavior [ RunTime:0.000000s ]
INFO: [ app_begin ] --END-- [ RunTime:0.000000s ]
ERR: 无法加载控制器:Login

[ 2016-11-21T14:49:21+08:00 ] ::1 /warehouse/index.php/Home/index/index
INFO: [ app_init ] --START--
INFO: Run Behavior\BuildLiteBehavior [ RunTime:0.000000s ]
INFO: [ app_init ] --END-- [ RunTime:0.002500s ]
INFO: [ app_begin ] --START--
INFO: Run Behavior\ReadHtmlCacheBehavior [ RunTime:0.002500s ]
INFO: [ app_begin ] --END-- [ RunTime:0.002500s ]
SQL: DESCRIBE wh_user [ RunTime:0.005000s ]
INFO: [ view_parse ] --START--
INFO: [ template_filter ] --START--
INFO: Run Behavior\ContentReplaceBehavior [ RunTime:0.000000s ]
INFO: [ template_filter ] --END-- [ RunTime:0.000000s ]
INFO: Run Behavior\ParseTemplateBehavior [ RunTime:0.037501s ]
INFO: [ view_parse ] --END-- [ RunTime:0.037501s ]
INFO: [ view_filter ] --START--
INFO: Run Behavior\WriteHtmlCacheBehavior [ RunTime:0.002500s ]
INFO: [ view_filter ] --END-- [ RunTime:0.002500s ]
INFO: [ app_end ] --START--
INFO: Run Behavior\ShowPageTraceBehavior [ RunTime:0.000000s ]
INFO: [ app_end ] --END-- [ RunTime:0.000000s ]

[ 2016-11-21T14:49:21+08:00 ] ::1 /warehouse/index.php/Home/Index/drag
INFO: [ app_init ] --START--
INFO: Run Behavior\BuildLiteBehavior [ RunTime:0.000000s ]
INFO: [ app_init ] --END-- [ RunTime:0.002500s ]
INFO: [ app_begin ] --START--
INFO: Run Behavior\ReadHtmlCacheBehavior [ RunTime:0.002500s ]
INFO: [ app_begin ] --END-- [ RunTime:0.002500s ]
SQL: DESCRIBE wh_user [ RunTime:0.005000s ]
INFO: [ view_parse ] --START--
INFO: [ template_filter ] --START--
INFO: Run Behavior\ContentReplaceBehavior [ RunTime:0.000000s ]
INFO: [ template_filter ] --END-- [ RunTime:0.000000s ]
INFO: Run Behavior\ParseTemplateBehavior [ RunTime:0.060001s ]
INFO: [ view_parse ] --END-- [ RunTime:0.060001s ]
INFO: [ view_filter ] --START--
INFO: Run Behavior\WriteHtmlCacheBehavior [ RunTime:0.000000s ]
INFO: [ view_filter ] --END-- [ RunTime:0.000000s ]
INFO: [ app_end ] --START--
INFO: Run Behavior\ShowPageTraceBehavior [ RunTime:0.000000s ]
INFO: [ app_end ] --END-- [ RunTime:0.000000s ]

[ 2016-11-21T14:49:21+08:00 ] ::1 /warehouse/index.php/Home/Index/top
INFO: [ app_init ] --START--
INFO: Run Behavior\BuildLiteBehavior [ RunTime:0.000000s ]
INFO: [ app_init ] --END-- [ RunTime:0.002500s ]
INFO: [ app_begin ] --START--
INFO: Run Behavior\ReadHtmlCacheBehavior [ RunTime:0.000000s ]
INFO: [ app_begin ] --END-- [ RunTime:0.000000s ]
SQL: DESCRIBE wh_user [ RunTime:0.007500s ]
INFO: [ view_parse ] --START--
INFO: [ template_filter ] --START--
INFO: Run Behavior\ContentReplaceBehavior [ RunTime:0.000000s ]
INFO: [ template_filter ] --END-- [ RunTime:0.000000s ]
INFO: Run Behavior\ParseTemplateBehavior [ RunTime:0.035001s ]
INFO: [ view_parse ] --END-- [ RunTime:0.035001s ]
INFO: [ view_filter ] --START--
INFO: Run Behavior\WriteHtmlCacheBehavior [ RunTime:0.002500s ]
INFO: [ view_filter ] --END-- [ RunTime:0.002500s ]
INFO: [ app_end ] --START--
INFO: Run Behavior\ShowPageTraceBehavior [ RunTime:0.000000s ]
INFO: [ app_end ] --END-- [ RunTime:0.000000s ]

[ 2016-11-21T14:49:21+08:00 ] ::1 /warehouse/index.php/Home/Index/menu
INFO: [ app_init ] --START--
INFO: Run Behavior\BuildLiteBehavior [ RunTime:0.000000s ]
INFO: [ app_init ] --END-- [ RunTime:0.000000s ]
INFO: [ app_begin ] --START--
INFO: Run Behavior\ReadHtmlCacheBehavior [ RunTime:0.002500s ]
INFO: [ app_begin ] --END-- [ RunTime:0.002500s ]
SQL: DESCRIBE wh_user [ RunTime:0.002500s ]
SQL: DESCRIBE wh_user [ RunTime:0.002500s ]
SQL: SELECT `role_id` FROM `wh_user` LIMIT 1   [ RunTime:0.002500s ]
SQL: DESCRIBE wh_role [ RunTime:0.040000s ]
SQL: SELECT `pri_id_list` FROM `wh_role` WHERE ( `id` = 1 ) LIMIT 1   [ RunTime:0.000000s ]
SQL: DESCRIBE wh_privilege [ RunTime:0.032501s ]
SQL: SELECT * FROM `wh_privilege` WHERE ( id IN (1,2,4,21,24,3,5,20,6,7,8,9,10,11,13,22,12,14,15,17,23,16,18,19) )  [ RunTime:0.005000s ]
INFO: [ view_parse ] --START--
INFO: [ template_filter ] --START--
INFO: Run Behavior\ContentReplaceBehavior [ RunTime:0.000000s ]
INFO: [ template_filter ] --END-- [ RunTime:0.000000s ]
INFO: Run Behavior\ParseTemplateBehavior [ RunTime:0.025000s ]
INFO: [ view_parse ] --END-- [ RunTime:0.025000s ]
INFO: [ view_filter ] --START--
INFO: Run Behavior\WriteHtmlCacheBehavior [ RunTime:0.002500s ]
INFO: [ view_filter ] --END-- [ RunTime:0.002500s ]
INFO: [ app_end ] --START--
INFO: Run Behavior\ShowPageTraceBehavior [ RunTime:0.000000s ]
INFO: [ app_end ] --END-- [ RunTime:0.000000s ]

[ 2016-11-21T14:49:22+08:00 ] ::1 /warehouse/index.php/Home/Index/main
INFO: [ app_init ] --START--
INFO: Run Behavior\BuildLiteBehavior [ RunTime:0.000000s ]
INFO: [ app_init ] --END-- [ RunTime:0.002500s ]
INFO: [ app_begin ] --START--
INFO: Run Behavior\ReadHtmlCacheBehavior [ RunTime:0.002500s ]
INFO: [ app_begin ] --END-- [ RunTime:0.002500s ]
SQL: DESCRIBE wh_user [ RunTime:0.005000s ]
INFO: [ view_parse ] --START--
INFO: [ template_filter ] --START--
INFO: Run Behavior\ContentReplaceBehavior [ RunTime:0.000000s ]
INFO: [ template_filter ] --END-- [ RunTime:0.000000s ]
INFO: Run Behavior\ParseTemplateBehavior [ RunTime:0.037501s ]
INFO: [ view_parse ] --END-- [ RunTime:0.037501s ]
INFO: [ view_filter ] --START--
INFO: Run Behavior\WriteHtmlCacheBehavior [ RunTime:0.002500s ]
INFO: [ view_filter ] --END-- [ RunTime:0.002500s ]
INFO: [ app_end ] --START--
INFO: Run Behavior\ShowPageTraceBehavior [ RunTime:0.000000s ]
INFO: [ app_end ] --END-- [ RunTime:0.000000s ]

[ 2016-11-21T14:49:40+08:00 ] ::1 /warehouse/index.php/Home/User/Index.html
INFO: [ app_init ] --START--
INFO: Run Behavior\BuildLiteBehavior [ RunTime:0.000000s ]
INFO: [ app_init ] --END-- [ RunTime:0.000000s ]
INFO: [ app_begin ] --START--
INFO: Run Behavior\ReadHtmlCacheBehavior [ RunTime:0.002500s ]
INFO: [ app_begin ] --END-- [ RunTime:0.002500s ]
SQL: DESCRIBE wh_user [ RunTime:0.005000s ]
SQL: DESCRIBE wh_user [ RunTime:0.005000s ]
NOTIC: [2] Invalid argument supplied for foreach() D:\xampp\htdocs\warehouse\ThinkPHP\Library\Think\Db.class.php 第 429 行.
SQL: SELECT COUNT(*) AS tp_count FROM `wh_user` LIMIT 1   [ RunTime:0.000000s ]
NOTIC: [2] Invalid argument supplied for foreach() D:\xampp\htdocs\warehouse\ThinkPHP\Library\Think\Db.class.php 第 429 行.
SQL: SELECT a.id,a.username,a.role_id,b.id,b.name as role_name FROM wh_user a INNER JOIN wh_role b ON a.role_id=b.id  LIMIT 0,2   [ RunTime:0.000000s ]
INFO: [ view_parse ] --START--
INFO: [ template_filter ] --START--
INFO: Run Behavior\ContentReplaceBehavior [ RunTime:0.002500s ]
INFO: [ template_filter ] --END-- [ RunTime:0.002500s ]
INFO: Run Behavior\ParseTemplateBehavior [ RunTime:0.030000s ]
INFO: [ view_parse ] --END-- [ RunTime:0.030000s ]
INFO: [ view_filter ] --START--
INFO: Run Behavior\WriteHtmlCacheBehavior [ RunTime:0.002501s ]
INFO: [ view_filter ] --END-- [ RunTime:0.002501s ]
INFO: [ app_end ] --START--
INFO: Run Behavior\ShowPageTraceBehavior [ RunTime:0.000000s ]
INFO: [ app_end ] --END-- [ RunTime:0.000000s ]

[ 2016-11-21T14:49:51+08:00 ] ::1 /warehouse/index.php/Home/login
INFO: [ app_init ] --START--
INFO: Run Behavior\BuildLiteBehavior [ RunTime:0.000000s ]
INFO: [ app_init ] --END-- [ RunTime:0.000000s ]
INFO: [ app_begin ] --START--
INFO: Run Behavior\ReadHtmlCacheBehavior [ RunTime:0.002500s ]
INFO: [ app_begin ] --END-- [ RunTime:0.002500s ]
ERR: 无法加载控制器:Login

[ 2016-11-21T14:49:55+08:00 ] ::1 /warehouse/index.php/Home/login/index
INFO: [ app_init ] --START--
INFO: Run Behavior\BuildLiteBehavior [ RunTime:0.000000s ]
INFO: [ app_init ] --END-- [ RunTime:0.000000s ]
INFO: [ app_begin ] --START--
INFO: Run Behavior\ReadHtmlCacheBehavior [ RunTime:0.002500s ]
INFO: [ app_begin ] --END-- [ RunTime:0.002500s ]
ERR: 无法加载控制器:Login

[ 2016-11-21T14:50:07+08:00 ] ::1 /warehouse/index.php/Home/index/login
INFO: [ app_init ] --START--
INFO: Run Behavior\BuildLiteBehavior [ RunTime:0.000000s ]
INFO: [ app_init ] --END-- [ RunTime:0.000000s ]
INFO: [ app_begin ] --START--
INFO: Run Behavior\ReadHtmlCacheBehavior [ RunTime:0.002500s ]
INFO: [ app_begin ] --END-- [ RunTime:0.002500s ]
SQL: DESCRIBE wh_user [ RunTime:0.005000s ]
INFO: [ view_parse ] --START--
INFO: [ template_filter ] --START--
INFO: Run Behavior\ContentReplaceBehavior [ RunTime:0.000000s ]
INFO: [ template_filter ] --END-- [ RunTime:0.002500s ]
INFO: Run Behavior\ParseTemplateBehavior [ RunTime:0.032501s ]
INFO: [ view_parse ] --END-- [ RunTime:0.032501s ]
INFO: [ view_filter ] --START--
INFO: Run Behavior\WriteHtmlCacheBehavior [ RunTime:0.002500s ]
INFO: [ view_filter ] --END-- [ RunTime:0.002500s ]
INFO: [ app_end ] --START--
INFO: Run Behavior\ShowPageTraceBehavior [ RunTime:0.002500s ]
INFO: [ app_end ] --END-- [ RunTime:0.002500s ]

[ 2016-11-21T14:50:07+08:00 ] ::1 /warehouse/index.php/Home/Index/getCodeImg
INFO: [ app_init ] --START--
INFO: Run Behavior\BuildLiteBehavior [ RunTime:0.000000s ]
INFO: [ app_init ] --END-- [ RunTime:0.000000s ]
INFO: [ app_begin ] --START--
INFO: Run Behavior\ReadHtmlCacheBehavior [ RunTime:0.002500s ]
INFO: [ app_begin ] --END-- [ RunTime:0.002500s ]
SQL: DESCRIBE wh_user [ RunTime:0.005000s ]
INFO: [ app_end ] --START--
INFO: Run Behavior\ShowPageTraceBehavior [ RunTime:0.002500s ]
INFO: [ app_end ] --END-- [ RunTime:0.002500s ]

[ 2016-11-21T14:50:15+08:00 ] ::1 /warehouse/index.php/Home/login/index
INFO: [ app_init ] --START--
INFO: Run Behavior\BuildLiteBehavior [ RunTime:0.000000s ]
INFO: [ app_init ] --END-- [ RunTime:0.000000s ]
INFO: [ app_begin ] --START--
INFO: Run Behavior\ReadHtmlCacheBehavior [ RunTime:0.002500s ]
INFO: [ app_begin ] --END-- [ RunTime:0.002500s ]
ERR: 无法加载控制器:Login

[ 2016-11-21T14:50:23+08:00 ] ::1 /warehouse/index.php/Home/index/index
INFO: [ app_init ] --START--
INFO: Run Behavior\BuildLiteBehavior [ RunTime:0.000000s ]
INFO: [ app_init ] --END-- [ RunTime:0.000000s ]
INFO: [ app_begin ] --START--
INFO: Run Behavior\ReadHtmlCacheBehavior [ RunTime:0.000000s ]
INFO: [ app_begin ] --END-- [ RunTime:0.000000s ]
SQL: DESCRIBE wh_user [ RunTime:0.005000s ]
INFO: [ view_parse ] --START--
INFO: [ template_filter ] --START--
INFO: Run Behavior\ContentReplaceBehavior [ RunTime:0.000000s ]
INFO: [ template_filter ] --END-- [ RunTime:0.000000s ]
INFO: Run Behavior\ParseTemplateBehavior [ RunTime:0.012500s ]
INFO: [ view_parse ] --END-- [ RunTime:0.012500s ]
INFO: [ view_filter ] --START--
INFO: Run Behavior\WriteHtmlCacheBehavior [ RunTime:0.000000s ]
INFO: [ view_filter ] --END-- [ RunTime:0.000000s ]
INFO: [ app_end ] --START--
INFO: Run Behavior\ShowPageTraceBehavior [ RunTime:0.002500s ]
INFO: [ app_end ] --END-- [ RunTime:0.002500s ]

[ 2016-11-21T14:50:24+08:00 ] ::1 /warehouse/index.php/Home/Index/drag
INFO: [ app_init ] --START--
INFO: Run Behavior\BuildLiteBehavior [ RunTime:0.000000s ]
INFO: [ app_init ] --END-- [ RunTime:0.000000s ]
INFO: [ app_begin ] --START--
INFO: Run Behavior\ReadHtmlCacheBehavior [ RunTime:0.002500s ]
INFO: [ app_begin ] --END-- [ RunTime:0.002500s ]
SQL: DESCRIBE wh_user [ RunTime:0.002500s ]
INFO: [ view_parse ] --START--
INFO: [ template_filter ] --START--
INFO: Run Behavior\ContentReplaceBehavior [ RunTime:0.000000s ]
INFO: [ template_filter ] --END-- [ RunTime:0.000000s ]
INFO: Run Behavior\ParseTemplateBehavior [ RunTime:0.012501s ]
INFO: [ view_parse ] --END-- [ RunTime:0.012501s ]
INFO: [ view_filter ] --START--
INFO: Run Behavior\WriteHtmlCacheBehavior [ RunTime:0.000000s ]
INFO: [ view_filter ] --END-- [ RunTime:0.000000s ]
INFO: [ app_end ] --START--
INFO: Run Behavior\ShowPageTraceBehavior [ RunTime:0.002500s ]
INFO: [ app_end ] --END-- [ RunTime:0.002500s ]

[ 2016-11-21T14:50:24+08:00 ] ::1 /warehouse/index.php/Home/Index/top
INFO: [ app_init ] --START--
INFO: Run Behavior\BuildLiteBehavior [ RunTime:0.000000s ]
INFO: [ app_init ] --END-- [ RunTime:0.000000s ]
INFO: [ app_begin ] --START--
INFO: Run Behavior\ReadHtmlCacheBehavior [ RunTime:0.000000s ]
INFO: [ app_begin ] --END-- [ RunTime:0.000000s ]
SQL: DESCRIBE wh_user [ RunTime:0.005000s ]
INFO: [ view_parse ] --START--
INFO: [ template_filter ] --START--
INFO: Run Behavior\ContentReplaceBehavior [ RunTime:0.000000s ]
INFO: [ template_filter ] --END-- [ RunTime:0.000000s ]
INFO: Run Behavior\ParseTemplateBehavior [ RunTime:0.010000s ]
INFO: [ view_parse ] --END-- [ RunTime:0.010000s ]
INFO: [ view_filter ] --START--
INFO: Run Behavior\WriteHtmlCacheBehavior [ RunTime:0.000000s ]
INFO: [ view_filter ] --END-- [ RunTime:0.002500s ]
INFO: [ app_end ] --START--
INFO: Run Behavior\ShowPageTraceBehavior [ RunTime:0.000000s ]
INFO: [ app_end ] --END-- [ RunTime:0.000000s ]

[ 2016-11-21T14:50:24+08:00 ] ::1 /warehouse/index.php/Home/Index/menu
INFO: [ app_init ] --START--
INFO: Run Behavior\BuildLiteBehavior [ RunTime:0.000000s ]
INFO: [ app_init ] --END-- [ RunTime:0.000000s ]
INFO: [ app_begin ] --START--
INFO: Run Behavior\ReadHtmlCacheBehavior [ RunTime:0.002500s ]
INFO: [ app_begin ] --END-- [ RunTime:0.002500s ]
SQL: DESCRIBE wh_user [ RunTime:0.005000s ]
SQL: DESCRIBE wh_user [ RunTime:0.005000s ]
SQL: SELECT `role_id` FROM `wh_user` LIMIT 1   [ RunTime:0.000000s ]
SQL: DESCRIBE wh_role [ RunTime:0.002500s ]
SQL: SELECT `pri_id_list` FROM `wh_role` WHERE ( `id` = 1 ) LIMIT 1   [ RunTime:0.000000s ]
SQL: DESCRIBE wh_privilege [ RunTime:0.005000s ]
SQL: SELECT * FROM `wh_privilege` WHERE ( id IN (1,2,4,21,24,3,5,20,6,7,8,9,10,11,13,22,12,14,15,17,23,16,18,19) )  [ RunTime:0.000000s ]
INFO: [ view_parse ] --START--
INFO: [ template_filter ] --START--
INFO: Run Behavior\ContentReplaceBehavior [ RunTime:0.000000s ]
INFO: [ template_filter ] --END-- [ RunTime:0.000000s ]
INFO: Run Behavior\ParseTemplateBehavior [ RunTime:0.012500s ]
INFO: [ view_parse ] --END-- [ RunTime:0.012500s ]
INFO: [ view_filter ] --START--
INFO: Run Behavior\WriteHtmlCacheBehavior [ RunTime:0.002500s ]
INFO: [ view_filter ] --END-- [ RunTime:0.002500s ]
INFO: [ app_end ] --START--
INFO: Run Behavior\ShowPageTraceBehavior [ RunTime:0.000000s ]
INFO: [ app_end ] --END-- [ RunTime:0.000000s ]

[ 2016-11-21T14:50:24+08:00 ] ::1 /warehouse/index.php/Home/Index/main
INFO: [ app_init ] --START--
INFO: Run Behavior\BuildLiteBehavior [ RunTime:0.000000s ]
INFO: [ app_init ] --END-- [ RunTime:0.000000s ]
INFO: [ app_begin ] --START--
INFO: Run Behavior\ReadHtmlCacheBehavior [ RunTime:0.000000s ]
INFO: [ app_begin ] --END-- [ RunTime:0.000000s ]
SQL: DESCRIBE wh_user [ RunTime:0.002501s ]
INFO: [ view_parse ] --START--
INFO: [ template_filter ] --START--
INFO: Run Behavior\ContentReplaceBehavior [ RunTime:0.000000s ]
INFO: [ template_filter ] --END-- [ RunTime:0.000000s ]
INFO: Run Behavior\ParseTemplateBehavior [ RunTime:0.010000s ]
INFO: [ view_parse ] --END-- [ RunTime:0.010000s ]
INFO: [ view_filter ] --START--
INFO: Run Behavior\WriteHtmlCacheBehavior [ RunTime:0.000000s ]
INFO: [ view_filter ] --END-- [ RunTime:0.000000s ]
INFO: [ app_end ] --START--
INFO: Run Behavior\ShowPageTraceBehavior [ RunTime:0.002500s ]
INFO: [ app_end ] --END-- [ RunTime:0.002500s ]

[ 2016-11-21T14:50:43+08:00 ] ::1 /warehouse/index.php/Home/Category/Index.html
INFO: [ app_init ] --START--
INFO: Run Behavior\BuildLiteBehavior [ RunTime:0.000000s ]
INFO: [ app_init ] --END-- [ RunTime:0.000000s ]
INFO: [ app_begin ] --START--
INFO: Run Behavior\ReadHtmlCacheBehavior [ RunTime:0.000000s ]
INFO: [ app_begin ] --END-- [ RunTime:0.000000s ]
SQL: DESCRIBE wh_user [ RunTime:0.002500s ]
SQL: DESCRIBE wh_category [ RunTime:0.005000s ]
SQL: SELECT * FROM `wh_category`  [ RunTime:0.000000s ]
INFO: [ view_parse ] --START--
INFO: [ template_filter ] --START--
INFO: Run Behavior\ContentReplaceBehavior [ RunTime:0.000000s ]
INFO: [ template_filter ] --END-- [ RunTime:0.000000s ]
NOTIC: [8] Undefined variable: fields D:\xampp\htdocs\warehouse\Application\Runtime\Cache\Home\0cb3f3107f505e44ada7d17f2c283b31.php 第 42 行.
NOTIC: [8] Undefined index: order D:\xampp\htdocs\warehouse\Application\Runtime\Cache\Home\0cb3f3107f505e44ada7d17f2c283b31.php 第 46 行.
NOTIC: [8] Undefined index: order D:\xampp\htdocs\warehouse\Application\Runtime\Cache\Home\0cb3f3107f505e44ada7d17f2c283b31.php 第 46 行.
NOTIC: [8] Undefined index: order D:\xampp\htdocs\warehouse\Application\Runtime\Cache\Home\0cb3f3107f505e44ada7d17f2c283b31.php 第 46 行.
NOTIC: [8] Undefined index: order D:\xampp\htdocs\warehouse\Application\Runtime\Cache\Home\0cb3f3107f505e44ada7d17f2c283b31.php 第 46 行.
NOTIC: [8] Undefined index: order D:\xampp\htdocs\warehouse\Application\Runtime\Cache\Home\0cb3f3107f505e44ada7d17f2c283b31.php 第 46 行.
NOTIC: [8] Undefined index: order D:\xampp\htdocs\warehouse\Application\Runtime\Cache\Home\0cb3f3107f505e44ada7d17f2c283b31.php 第 46 行.
NOTIC: [8] Undefined index: order D:\xampp\htdocs\warehouse\Application\Runtime\Cache\Home\0cb3f3107f505e44ada7d17f2c283b31.php 第 46 行.
NOTIC: [8] Undefined index: order D:\xampp\htdocs\warehouse\Application\Runtime\Cache\Home\0cb3f3107f505e44ada7d17f2c283b31.php 第 46 行.
NOTIC: [8] Undefined index: order D:\xampp\htdocs\warehouse\Application\Runtime\Cache\Home\0cb3f3107f505e44ada7d17f2c283b31.php 第 46 行.
NOTIC: [8] Undefined index: order D:\xampp\htdocs\warehouse\Application\Runtime\Cache\Home\0cb3f3107f505e44ada7d17f2c283b31.php 第 46 行.
NOTIC: [8] Undefined index: order D:\xampp\htdocs\warehouse\Application\Runtime\Cache\Home\0cb3f3107f505e44ada7d17f2c283b31.php 第 46 行.
NOTIC: [8] Undefined index: order D:\xampp\htdocs\warehouse\Application\Runtime\Cache\Home\0cb3f3107f505e44ada7d17f2c283b31.php 第 46 行.
NOTIC: [8] Undefined variable: str D:\xampp\htdocs\warehouse\Application\Runtime\Cache\Home\0cb3f3107f505e44ada7d17f2c283b31.php 第 63 行.
INFO: Run Behavior\ParseTemplateBehavior [ RunTime:0.015000s ]
INFO: [ view_parse ] --END-- [ RunTime:0.015000s ]
INFO: [ view_filter ] --START--
INFO: Run Behavior\WriteHtmlCacheBehavior [ RunTime:0.000000s ]
INFO: [ view_filter ] --END-- [ RunTime:0.000000s ]
INFO: [ app_end ] --START--
INFO: Run Behavior\ShowPageTraceBehavior [ RunTime:0.000000s ]
INFO: [ app_end ] --END-- [ RunTime:0.000000s ]

[ 2016-11-21T14:51:13+08:00 ] ::1 /warehouse/index.php/Home/Role/Index.html
INFO: [ app_init ] --START--
INFO: Run Behavior\BuildLiteBehavior [ RunTime:0.000000s ]
INFO: [ app_init ] --END-- [ RunTime:0.000000s ]
INFO: [ app_begin ] --START--
INFO: Run Behavior\ReadHtmlCacheBehavior [ RunTime:0.000000s ]
INFO: [ app_begin ] --END-- [ RunTime:0.000000s ]
SQL: DESCRIBE wh_user [ RunTime:0.002500s ]
SQL: DESCRIBE wh_role [ RunTime:0.002500s ]
SQL: 
    			SELECT a.*,GROUP_CONCAT(b.pri_name) AS pri_name_list FROM wh_role a
    			LEFT JOIN wh_privilege b ON FIND_IN_SET(b.id, a.pri_id_list)
    			GROUP BY a.id; [ RunTime:0.022501s ]
INFO: [ view_parse ] --START--
INFO: [ template_filter ] --START--
INFO: Run Behavior\ContentReplaceBehavior [ RunTime:0.000000s ]
INFO: [ template_filter ] --END-- [ RunTime:0.000000s ]
NOTIC: [8] Undefined variable: str D:\xampp\htdocs\warehouse\Application\Runtime\Cache\Home\c9b81de8ec4a8bde9400b653962cd77e.php 第 61 行.
INFO: Run Behavior\ParseTemplateBehavior [ RunTime:0.027501s ]
INFO: [ view_parse ] --END-- [ RunTime:0.027501s ]
INFO: [ view_filter ] --START--
INFO: Run Behavior\WriteHtmlCacheBehavior [ RunTime:0.000000s ]
INFO: [ view_filter ] --END-- [ RunTime:0.000000s ]
INFO: [ app_end ] --START--
INFO: Run Behavior\ShowPageTraceBehavior [ RunTime:0.002500s ]
INFO: [ app_end ] --END-- [ RunTime:0.002500s ]

[ 2016-11-21T14:53:37+08:00 ] ::1 /warehouse/index.php/Home/index/login
INFO: [ app_init ] --START--
INFO: Run Behavior\BuildLiteBehavior [ RunTime:0.000000s ]
INFO: [ app_init ] --END-- [ RunTime:0.000000s ]
INFO: [ app_begin ] --START--
INFO: Run Behavior\ReadHtmlCacheBehavior [ RunTime:0.000000s ]
INFO: [ app_begin ] --END-- [ RunTime:0.000000s ]
SQL: DESCRIBE wh_user [ RunTime:0.005000s ]
INFO: [ view_parse ] --START--
INFO: [ template_filter ] --START--
INFO: Run Behavior\ContentReplaceBehavior [ RunTime:0.000000s ]
INFO: [ template_filter ] --END-- [ RunTime:0.000000s ]
INFO: Run Behavior\ParseTemplateBehavior [ RunTime:0.015000s ]
INFO: [ view_parse ] --END-- [ RunTime:0.015000s ]
INFO: [ view_filter ] --START--
INFO: Run Behavior\WriteHtmlCacheBehavior [ RunTime:0.000000s ]
INFO: [ view_filter ] --END-- [ RunTime:0.000000s ]
INFO: [ app_end ] --START--
INFO: Run Behavior\ShowPageTraceBehavior [ RunTime:0.000000s ]
INFO: [ app_end ] --END-- [ RunTime:0.000000s ]

[ 2016-11-21T14:53:37+08:00 ] ::1 /warehouse/index.php/Home/Index/getCodeImg
INFO: [ app_init ] --START--
INFO: Run Behavior\BuildLiteBehavior [ RunTime:0.000000s ]
INFO: [ app_init ] --END-- [ RunTime:0.000000s ]
INFO: [ app_begin ] --START--
INFO: Run Behavior\ReadHtmlCacheBehavior [ RunTime:0.000000s ]
INFO: [ app_begin ] --END-- [ RunTime:0.000000s ]
SQL: DESCRIBE wh_user [ RunTime:0.002500s ]
INFO: [ app_end ] --START--
INFO: Run Behavior\ShowPageTraceBehavior [ RunTime:0.002500s ]
INFO: [ app_end ] --END-- [ RunTime:0.002500s ]

[ 2016-11-21T14:53:59+08:00 ] ::1 /warehouse/index.php/Home/index/index
INFO: [ app_init ] --START--
INFO: Run Behavior\BuildLiteBehavior [ RunTime:0.000000s ]
INFO: [ app_init ] --END-- [ RunTime:0.000000s ]
INFO: [ app_begin ] --START--
INFO: Run Behavior\ReadHtmlCacheBehavior [ RunTime:0.000000s ]
INFO: [ app_begin ] --END-- [ RunTime:0.000000s ]
SQL: DESCRIBE wh_user [ RunTime:0.005000s ]
INFO: [ view_parse ] --START--
INFO: [ template_filter ] --START--
INFO: Run Behavior\ContentReplaceBehavior [ RunTime:0.000000s ]
INFO: [ template_filter ] --END-- [ RunTime:0.000000s ]
INFO: Run Behavior\ParseTemplateBehavior [ RunTime:0.010000s ]
INFO: [ view_parse ] --END-- [ RunTime:0.010000s ]
INFO: [ view_filter ] --START--
INFO: Run Behavior\WriteHtmlCacheBehavior [ RunTime:0.000000s ]
INFO: [ view_filter ] --END-- [ RunTime:0.000000s ]
INFO: [ app_end ] --START--
INFO: Run Behavior\ShowPageTraceBehavior [ RunTime:0.000000s ]
INFO: [ app_end ] --END-- [ RunTime:0.000000s ]

[ 2016-11-21T14:53:59+08:00 ] ::1 /warehouse/index.php/Home/Index/top
INFO: [ app_init ] --START--
INFO: Run Behavior\BuildLiteBehavior [ RunTime:0.000000s ]
INFO: [ app_init ] --END-- [ RunTime:0.000000s ]
INFO: [ app_begin ] --START--
INFO: Run Behavior\ReadHtmlCacheBehavior [ RunTime:0.000000s ]
INFO: [ app_begin ] --END-- [ RunTime:0.000000s ]
SQL: DESCRIBE wh_user [ RunTime:0.002500s ]
INFO: [ view_parse ] --START--
INFO: [ template_filter ] --START--
INFO: Run Behavior\ContentReplaceBehavior [ RunTime:0.000000s ]
INFO: [ template_filter ] --END-- [ RunTime:0.000000s ]
INFO: Run Behavior\ParseTemplateBehavior [ RunTime:0.012500s ]
INFO: [ view_parse ] --END-- [ RunTime:0.012500s ]
INFO: [ view_filter ] --START--
INFO: Run Behavior\WriteHtmlCacheBehavior [ RunTime:0.000000s ]
INFO: [ view_filter ] --END-- [ RunTime:0.000000s ]
INFO: [ app_end ] --START--
INFO: Run Behavior\ShowPageTraceBehavior [ RunTime:0.002500s ]
INFO: [ app_end ] --END-- [ RunTime:0.002500s ]

[ 2016-11-21T14:53:59+08:00 ] ::1 /warehouse/index.php/Home/Index/menu
INFO: [ app_init ] --START--
INFO: Run Behavior\BuildLiteBehavior [ RunTime:0.000000s ]
INFO: [ app_init ] --END-- [ RunTime:0.000000s ]
INFO: [ app_begin ] --START--
INFO: Run Behavior\ReadHtmlCacheBehavior [ RunTime:0.002500s ]
INFO: [ app_begin ] --END-- [ RunTime:0.002500s ]
SQL: DESCRIBE wh_user [ RunTime:0.005000s ]
SQL: DESCRIBE wh_user [ RunTime:0.002500s ]
SQL: SELECT `role_id` FROM `wh_user` LIMIT 1   [ RunTime:0.000000s ]
SQL: DESCRIBE wh_role [ RunTime:0.002500s ]
SQL: SELECT `pri_id_list` FROM `wh_role` WHERE ( `id` = 1 ) LIMIT 1   [ RunTime:0.002500s ]
SQL: DESCRIBE wh_privilege [ RunTime:0.005000s ]
SQL: SELECT * FROM `wh_privilege` WHERE ( id IN (1,2,4,21,24,3,5,20,6,7,8,9,10,11,13,22,12,14,15,17,23,16,18,19) )  [ RunTime:0.000000s ]
INFO: [ view_parse ] --START--
INFO: [ template_filter ] --START--
INFO: Run Behavior\ContentReplaceBehavior [ RunTime:0.000000s ]
INFO: [ template_filter ] --END-- [ RunTime:0.000000s ]
INFO: Run Behavior\ParseTemplateBehavior [ RunTime:0.012500s ]
INFO: [ view_parse ] --END-- [ RunTime:0.012500s ]
INFO: [ view_filter ] --START--
INFO: Run Behavior\WriteHtmlCacheBehavior [ RunTime:0.000000s ]
INFO: [ view_filter ] --END-- [ RunTime:0.000000s ]
INFO: [ app_end ] --START--
INFO: Run Behavior\ShowPageTraceBehavior [ RunTime:0.002500s ]
INFO: [ app_end ] --END-- [ RunTime:0.002500s ]

[ 2016-11-21T14:53:59+08:00 ] ::1 /warehouse/index.php/Home/Index/main
INFO: [ app_init ] --START--
INFO: Run Behavior\BuildLiteBehavior [ RunTime:0.000000s ]
INFO: [ app_init ] --END-- [ RunTime:0.002500s ]
INFO: [ app_begin ] --START--
INFO: Run Behavior\ReadHtmlCacheBehavior [ RunTime:0.005000s ]
INFO: [ app_begin ] --END-- [ RunTime:0.005000s ]
SQL: DESCRIBE wh_user [ RunTime:0.005000s ]
INFO: [ view_parse ] --START--
INFO: [ template_filter ] --START--
INFO: Run Behavior\ContentReplaceBehavior [ RunTime:0.000000s ]
INFO: [ template_filter ] --END-- [ RunTime:0.000000s ]
INFO: Run Behavior\ParseTemplateBehavior [ RunTime:0.010000s ]
INFO: [ view_parse ] --END-- [ RunTime:0.010000s ]
INFO: [ view_filter ] --START--
INFO: Run Behavior\WriteHtmlCacheBehavior [ RunTime:0.000000s ]
INFO: [ view_filter ] --END-- [ RunTime:0.000000s ]
INFO: [ app_end ] --START--
INFO: Run Behavior\ShowPageTraceBehavior [ RunTime:0.000000s ]
INFO: [ app_end ] --END-- [ RunTime:0.000000s ]

[ 2016-11-21T14:53:59+08:00 ] ::1 /warehouse/index.php/Home/Index/drag
INFO: [ app_init ] --START--
INFO: Run Behavior\BuildLiteBehavior [ RunTime:0.000000s ]
INFO: [ app_init ] --END-- [ RunTime:0.002500s ]
INFO: [ app_begin ] --START--
INFO: Run Behavior\ReadHtmlCacheBehavior [ RunTime:0.002500s ]
INFO: [ app_begin ] --END-- [ RunTime:0.002500s ]
SQL: DESCRIBE wh_user [ RunTime:0.005000s ]
INFO: [ view_parse ] --START--
INFO: [ template_filter ] --START--
INFO: Run Behavior\ContentReplaceBehavior [ RunTime:0.000000s ]
INFO: [ template_filter ] --END-- [ RunTime:0.000000s ]
INFO: Run Behavior\ParseTemplateBehavior [ RunTime:0.010000s ]
INFO: [ view_parse ] --END-- [ RunTime:0.010000s ]
INFO: [ view_filter ] --START--
INFO: Run Behavior\WriteHtmlCacheBehavior [ RunTime:0.000000s ]
INFO: [ view_filter ] --END-- [ RunTime:0.000000s ]
INFO: [ app_end ] --START--
INFO: Run Behavior\ShowPageTraceBehavior [ RunTime:0.002500s ]
INFO: [ app_end ] --END-- [ RunTime:0.002500s ]

[ 2016-11-21T14:54:02+08:00 ] ::1 /warehouse/index.php/Home/Privilege/Index.html
INFO: [ app_init ] --START--
INFO: Run Behavior\BuildLiteBehavior [ RunTime:0.000000s ]
INFO: [ app_init ] --END-- [ RunTime:0.002500s ]
INFO: [ app_begin ] --START--
INFO: Run Behavior\ReadHtmlCacheBehavior [ RunTime:0.002501s ]
INFO: [ app_begin ] --END-- [ RunTime:0.002501s ]
SQL: DESCRIBE wh_user [ RunTime:0.002500s ]
SQL: DESCRIBE wh_privilege [ RunTime:0.002500s ]
SQL: SELECT * FROM `wh_privilege`  [ RunTime:0.000000s ]
INFO: [ view_parse ] --START--
INFO: [ template_filter ] --START--
INFO: Run Behavior\ContentReplaceBehavior [ RunTime:0.000000s ]
INFO: [ template_filter ] --END-- [ RunTime:0.000000s ]
NOTIC: [8] Undefined variable: fields D:\xampp\htdocs\warehouse\Application\Runtime\Cache\Home\db0897c86e0c0bc02808b575f00bb095.php 第 44 行.
NOTIC: [8] Undefined variable: str D:\xampp\htdocs\warehouse\Application\Runtime\Cache\Home\db0897c86e0c0bc02808b575f00bb095.php 第 67 行.
INFO: Run Behavior\ParseTemplateBehavior [ RunTime:0.022501s ]
INFO: [ view_parse ] --END-- [ RunTime:0.022501s ]
INFO: [ view_filter ] --START--
INFO: Run Behavior\WriteHtmlCacheBehavior [ RunTime:0.002500s ]
INFO: [ view_filter ] --END-- [ RunTime:0.002500s ]
INFO: [ app_end ] --START--
INFO: Run Behavior\ShowPageTraceBehavior [ RunTime:0.002500s ]
INFO: [ app_end ] --END-- [ RunTime:0.002500s ]

[ 2016-11-21T14:54:04+08:00 ] ::1 /warehouse/index.php/Home/Category/Index.html
INFO: [ app_init ] --START--
INFO: Run Behavior\BuildLiteBehavior [ RunTime:0.000000s ]
INFO: [ app_init ] --END-- [ RunTime:0.000000s ]
INFO: [ app_begin ] --START--
INFO: Run Behavior\ReadHtmlCacheBehavior [ RunTime:0.000000s ]
INFO: [ app_begin ] --END-- [ RunTime:0.000000s ]
SQL: DESCRIBE wh_user [ RunTime:0.005000s ]
SQL: DESCRIBE wh_category [ RunTime:0.005000s ]
SQL: SELECT * FROM `wh_category`  [ RunTime:0.000000s ]
INFO: [ view_parse ] --START--
INFO: [ template_filter ] --START--
INFO: Run Behavior\ContentReplaceBehavior [ RunTime:0.000000s ]
INFO: [ template_filter ] --END-- [ RunTime:0.000000s ]
NOTIC: [8] Undefined variable: fields D:\xampp\htdocs\warehouse\Application\Runtime\Cache\Home\0cb3f3107f505e44ada7d17f2c283b31.php 第 42 行.
NOTIC: [8] Undefined index: order D:\xampp\htdocs\warehouse\Application\Runtime\Cache\Home\0cb3f3107f505e44ada7d17f2c283b31.php 第 46 行.
NOTIC: [8] Undefined index: order D:\xampp\htdocs\warehouse\Application\Runtime\Cache\Home\0cb3f3107f505e44ada7d17f2c283b31.php 第 46 行.
NOTIC: [8] Undefined index: order D:\xampp\htdocs\warehouse\Application\Runtime\Cache\Home\0cb3f3107f505e44ada7d17f2c283b31.php 第 46 行.
NOTIC: [8] Undefined index: order D:\xampp\htdocs\warehouse\Application\Runtime\Cache\Home\0cb3f3107f505e44ada7d17f2c283b31.php 第 46 行.
NOTIC: [8] Undefined index: order D:\xampp\htdocs\warehouse\Application\Runtime\Cache\Home\0cb3f3107f505e44ada7d17f2c283b31.php 第 46 行.
NOTIC: [8] Undefined index: order D:\xampp\htdocs\warehouse\Application\Runtime\Cache\Home\0cb3f3107f505e44ada7d17f2c283b31.php 第 46 行.
NOTIC: [8] Undefined index: order D:\xampp\htdocs\warehouse\Application\Runtime\Cache\Home\0cb3f3107f505e44ada7d17f2c283b31.php 第 46 行.
NOTIC: [8] Undefined index: order D:\xampp\htdocs\warehouse\Application\Runtime\Cache\Home\0cb3f3107f505e44ada7d17f2c283b31.php 第 46 行.
NOTIC: [8] Undefined index: order D:\xampp\htdocs\warehouse\Application\Runtime\Cache\Home\0cb3f3107f505e44ada7d17f2c283b31.php 第 46 行.
NOTIC: [8] Undefined index: order D:\xampp\htdocs\warehouse\Application\Runtime\Cache\Home\0cb3f3107f505e44ada7d17f2c283b31.php 第 46 行.
NOTIC: [8] Undefined index: order D:\xampp\htdocs\warehouse\Application\Runtime\Cache\Home\0cb3f3107f505e44ada7d17f2c283b31.php 第 46 行.
NOTIC: [8] Undefined index: order D:\xampp\htdocs\warehouse\Application\Runtime\Cache\Home\0cb3f3107f505e44ada7d17f2c283b31.php 第 46 行.
NOTIC: [8] Undefined variable: str D:\xampp\htdocs\warehouse\Application\Runtime\Cache\Home\0cb3f3107f505e44ada7d17f2c283b31.php 第 63 行.
INFO: Run Behavior\ParseTemplateBehavior [ RunTime:0.012501s ]
INFO: [ view_parse ] --END-- [ RunTime:0.012501s ]
INFO: [ view_filter ] --START--
INFO: Run Behavior\WriteHtmlCacheBehavior [ RunTime:0.000000s ]
INFO: [ view_filter ] --END-- [ RunTime:0.000000s ]
INFO: [ app_end ] --START--
INFO: Run Behavior\ShowPageTraceBehavior [ RunTime:0.002500s ]
INFO: [ app_end ] --END-- [ RunTime:0.002500s ]

