[ 2016-11-20T07:03:31+08:00 ] ::1 /warehouse/index.php/Home/enterstock/index
INFO: [ app_init ] --START--
INFO: Run Behavior\BuildLiteBehavior [ RunTime:0.000000s ]
INFO: [ app_init ] --END-- [ RunTime:0.001000s ]
INFO: [ app_begin ] --START--
INFO: Run Behavior\ReadHtmlCacheBehavior [ RunTime:0.002001s ]
INFO: [ app_begin ] --END-- [ RunTime:0.003001s ]
SQL: DESCRIBE wh_user [ RunTime:0.056003s ]
NOTIC: [2048] Declaration of Home\Model\EnterstockModel::_after_insert() should be compatible with Think\Model::_after_insert($data, $options) D:\xampp\htdocs\warehouse\Application\Home\Model\EnterstockModel.class.php 第 84 行.
SQL: DESCRIBE wh_enterstock [ RunTime:0.032002s ]
NOTIC: [2] Invalid argument supplied for foreach() D:\xampp\htdocs\warehouse\ThinkPHP\Library\Think\Db.class.php 第 429 行.
SQL: SELECT COUNT(*) AS tp_count FROM `wh_enterstock` LIMIT 1   [ RunTime:0.001000s ]
NOTIC: [2] Invalid argument supplied for foreach() D:\xampp\htdocs\warehouse\ThinkPHP\Library\Think\Db.class.php 第 429 行.
SQL: SELECT a.*,b.id AS id_user,b.username FROM wh_enterstock a INNER JOIN wh_user b ON a.user_id=b.id  ORDER BY a.enterdate desc LIMIT 0,10   [ RunTime:0.001000s ]
INFO: [ view_parse ] --START--
INFO: [ template_filter ] --START--
INFO: Run Behavior\ContentReplaceBehavior [ RunTime:0.000000s ]
INFO: [ template_filter ] --END-- [ RunTime:0.000000s ]
NOTIC: [8] Undefined variable: data_category D:\xampp\htdocs\warehouse\Application\Runtime\Cache\Home\42aecb328dedee42b40fd4200f973939.php 第 57 行.
NOTIC: [2] Invalid argument supplied for foreach() D:\xampp\htdocs\warehouse\Application\Runtime\Cache\Home\42aecb328dedee42b40fd4200f973939.php 第 57 行.
NOTIC: [8] Undefined variable: data_stockhouse D:\xampp\htdocs\warehouse\Application\Runtime\Cache\Home\42aecb328dedee42b40fd4200f973939.php 第 69 行.
NOTIC: [2] Invalid argument supplied for foreach() D:\xampp\htdocs\warehouse\Application\Runtime\Cache\Home\42aecb328dedee42b40fd4200f973939.php 第 69 行.
INFO: Run Behavior\ParseTemplateBehavior [ RunTime:0.019001s ]
INFO: [ view_parse ] --END-- [ RunTime:0.019001s ]
INFO: [ view_filter ] --START--
INFO: Run Behavior\WriteHtmlCacheBehavior [ RunTime:0.001000s ]
INFO: [ view_filter ] --END-- [ RunTime:0.001000s ]
INFO: [ app_end ] --START--
INFO: Run Behavior\ShowPageTraceBehavior [ RunTime:0.001000s ]
INFO: [ app_end ] --END-- [ RunTime:0.002000s ]

[ 2016-11-20T07:03:31+08:00 ] ::1 /warehouse/index.php/Home/enterstock/css/jquery-ui.css
INFO: [ app_init ] --START--
INFO: Run Behavior\BuildLiteBehavior [ RunTime:0.000000s ]
INFO: [ app_init ] --END-- [ RunTime:0.001000s ]
INFO: [ app_begin ] --START--
INFO: Run Behavior\ReadHtmlCacheBehavior [ RunTime:0.002000s ]
INFO: [ app_begin ] --END-- [ RunTime:0.002000s ]
SQL: DESCRIBE wh_user [ RunTime:0.032001s ]
ERR: 非法操作:css

[ 2016-11-20T07:03:31+08:00 ] ::1 /warehouse/index.php/Home/enterstock/js/jquery-ui-slide.min.js
INFO: [ app_init ] --START--
INFO: Run Behavior\BuildLiteBehavior [ RunTime:0.000000s ]
INFO: [ app_init ] --END-- [ RunTime:0.002000s ]
INFO: [ app_begin ] --START--
INFO: Run Behavior\ReadHtmlCacheBehavior [ RunTime:0.001000s ]
INFO: [ app_begin ] --END-- [ RunTime:0.001000s ]
SQL: DESCRIBE wh_user [ RunTime:0.015001s ]
ERR: 非法操作:js

[ 2016-11-20T07:03:31+08:00 ] ::1 /warehouse/index.php/Home/enterstock/js/jquery-1.4.4.js
INFO: [ app_init ] --START--
INFO: Run Behavior\BuildLiteBehavior [ RunTime:0.000000s ]
INFO: [ app_init ] --END-- [ RunTime:0.001000s ]
INFO: [ app_begin ] --START--
INFO: Run Behavior\ReadHtmlCacheBehavior [ RunTime:0.004001s ]
INFO: [ app_begin ] --END-- [ RunTime:0.004001s ]
SQL: DESCRIBE wh_user [ RunTime:0.015001s ]
ERR: 非法操作:js

[ 2016-11-20T07:03:31+08:00 ] ::1 /warehouse/index.php/Home/enterstock/js/jquery-ui.js
INFO: [ app_init ] --START--
INFO: Run Behavior\BuildLiteBehavior [ RunTime:0.000000s ]
INFO: [ app_init ] --END-- [ RunTime:0.001000s ]
INFO: [ app_begin ] --START--
INFO: Run Behavior\ReadHtmlCacheBehavior [ RunTime:0.001000s ]
INFO: [ app_begin ] --END-- [ RunTime:0.001000s ]
SQL: DESCRIBE wh_user [ RunTime:0.013001s ]
ERR: 非法操作:js

[ 2016-11-20T07:03:31+08:00 ] ::1 /warehouse/index.php/Home/enterstock/js/jquery-ui-timepicker-addon.js
INFO: [ app_init ] --START--
INFO: Run Behavior\BuildLiteBehavior [ RunTime:0.000000s ]
INFO: [ app_init ] --END-- [ RunTime:0.001000s ]
INFO: [ app_begin ] --START--
INFO: Run Behavior\ReadHtmlCacheBehavior [ RunTime:0.001000s ]
INFO: [ app_begin ] --END-- [ RunTime:0.001000s ]
SQL: DESCRIBE wh_user [ RunTime:0.017001s ]
ERR: 非法操作:js

[ 2016-11-20T07:04:05+08:00 ] ::1 /warehouse/index.php/Home/enterstock/index
INFO: [ app_init ] --START--
INFO: Run Behavior\BuildLiteBehavior [ RunTime:0.000000s ]
INFO: [ app_init ] --END-- [ RunTime:0.002000s ]
INFO: [ app_begin ] --START--
INFO: Run Behavior\ReadHtmlCacheBehavior [ RunTime:0.001000s ]
INFO: [ app_begin ] --END-- [ RunTime:0.001000s ]
SQL: DESCRIBE wh_user [ RunTime:0.019002s ]
NOTIC: [2048] Declaration of Home\Model\EnterstockModel::_after_insert() should be compatible with Think\Model::_after_insert($data, $options) D:\xampp\htdocs\warehouse\Application\Home\Model\EnterstockModel.class.php 第 84 行.
SQL: DESCRIBE wh_enterstock [ RunTime:0.017001s ]
NOTIC: [2] Invalid argument supplied for foreach() D:\xampp\htdocs\warehouse\ThinkPHP\Library\Think\Db.class.php 第 429 行.
SQL: SELECT COUNT(*) AS tp_count FROM `wh_enterstock` LIMIT 1   [ RunTime:0.001000s ]
NOTIC: [2] Invalid argument supplied for foreach() D:\xampp\htdocs\warehouse\ThinkPHP\Library\Think\Db.class.php 第 429 行.
SQL: SELECT a.*,b.id AS id_user,b.username FROM wh_enterstock a INNER JOIN wh_user b ON a.user_id=b.id  ORDER BY a.enterdate desc LIMIT 0,10   [ RunTime:0.001000s ]
INFO: [ view_parse ] --START--
INFO: [ template_filter ] --START--
INFO: Run Behavior\ContentReplaceBehavior [ RunTime:0.000000s ]
INFO: [ template_filter ] --END-- [ RunTime:0.000000s ]
NOTIC: [8] Undefined variable: data_category D:\xampp\htdocs\warehouse\Application\Runtime\Cache\Home\42aecb328dedee42b40fd4200f973939.php 第 57 行.
NOTIC: [2] Invalid argument supplied for foreach() D:\xampp\htdocs\warehouse\Application\Runtime\Cache\Home\42aecb328dedee42b40fd4200f973939.php 第 57 行.
NOTIC: [8] Undefined variable: data_stockhouse D:\xampp\htdocs\warehouse\Application\Runtime\Cache\Home\42aecb328dedee42b40fd4200f973939.php 第 69 行.
NOTIC: [2] Invalid argument supplied for foreach() D:\xampp\htdocs\warehouse\Application\Runtime\Cache\Home\42aecb328dedee42b40fd4200f973939.php 第 69 行.
INFO: Run Behavior\ParseTemplateBehavior [ RunTime:0.020001s ]
INFO: [ view_parse ] --END-- [ RunTime:0.020001s ]
INFO: [ view_filter ] --START--
INFO: Run Behavior\WriteHtmlCacheBehavior [ RunTime:0.001000s ]
INFO: [ view_filter ] --END-- [ RunTime:0.001000s ]
INFO: [ app_end ] --START--
INFO: Run Behavior\ShowPageTraceBehavior [ RunTime:0.001000s ]
INFO: [ app_end ] --END-- [ RunTime:0.001000s ]

[ 2016-11-20T07:04:05+08:00 ] ::1 /warehouse/index.php/Home/enterstock/css/jquery-ui.css
INFO: [ app_init ] --START--
INFO: Run Behavior\BuildLiteBehavior [ RunTime:0.000000s ]
INFO: [ app_init ] --END-- [ RunTime:0.002000s ]
INFO: [ app_begin ] --START--
INFO: Run Behavior\ReadHtmlCacheBehavior [ RunTime:0.001000s ]
INFO: [ app_begin ] --END-- [ RunTime:0.001000s ]
SQL: DESCRIBE wh_user [ RunTime:0.017001s ]
ERR: 非法操作:css

[ 2016-11-20T07:04:05+08:00 ] ::1 /warehouse/index.php/Home/enterstock/js/jquery-1.4.4.js
INFO: [ app_init ] --START--
INFO: Run Behavior\BuildLiteBehavior [ RunTime:0.000000s ]
INFO: [ app_init ] --END-- [ RunTime:0.001000s ]
INFO: [ app_begin ] --START--
INFO: Run Behavior\ReadHtmlCacheBehavior [ RunTime:0.001000s ]
INFO: [ app_begin ] --END-- [ RunTime:0.001000s ]
SQL: DESCRIBE wh_user [ RunTime:0.014000s ]
ERR: 非法操作:js

[ 2016-11-20T07:04:06+08:00 ] ::1 /warehouse/index.php/Home/enterstock/js/jquery-ui.js
INFO: [ app_init ] --START--
INFO: Run Behavior\BuildLiteBehavior [ RunTime:0.000000s ]
INFO: [ app_init ] --END-- [ RunTime:0.001000s ]
INFO: [ app_begin ] --START--
INFO: Run Behavior\ReadHtmlCacheBehavior [ RunTime:0.001000s ]
INFO: [ app_begin ] --END-- [ RunTime:0.001000s ]
SQL: DESCRIBE wh_user [ RunTime:0.012000s ]
ERR: 非法操作:js

[ 2016-11-20T07:04:06+08:00 ] ::1 /warehouse/index.php/Home/enterstock/js/jquery-ui-timepicker-addon.js
INFO: [ app_init ] --START--
INFO: Run Behavior\BuildLiteBehavior [ RunTime:0.000000s ]
INFO: [ app_init ] --END-- [ RunTime:0.001000s ]
INFO: [ app_begin ] --START--
INFO: Run Behavior\ReadHtmlCacheBehavior [ RunTime:0.002000s ]
INFO: [ app_begin ] --END-- [ RunTime:0.002000s ]
SQL: DESCRIBE wh_user [ RunTime:0.014001s ]
ERR: 非法操作:js

[ 2016-11-20T07:04:06+08:00 ] ::1 /warehouse/index.php/Home/enterstock/js/jquery-ui-slide.min.js
INFO: [ app_init ] --START--
INFO: Run Behavior\BuildLiteBehavior [ RunTime:0.000000s ]
INFO: [ app_init ] --END-- [ RunTime:0.001000s ]
INFO: [ app_begin ] --START--
INFO: Run Behavior\ReadHtmlCacheBehavior [ RunTime:0.004000s ]
INFO: [ app_begin ] --END-- [ RunTime:0.004000s ]
SQL: DESCRIBE wh_user [ RunTime:0.013000s ]
ERR: 非法操作:js

[ 2016-11-20T07:05:30+08:00 ] ::1 /warehouse/index.php/Home/enterstock/index
INFO: [ app_init ] --START--
INFO: Run Behavior\BuildLiteBehavior [ RunTime:0.000000s ]
INFO: [ app_init ] --END-- [ RunTime:0.001000s ]
INFO: [ app_begin ] --START--
INFO: Run Behavior\ReadHtmlCacheBehavior [ RunTime:0.001000s ]
INFO: [ app_begin ] --END-- [ RunTime:0.001000s ]
SQL: DESCRIBE wh_user [ RunTime:0.014001s ]
NOTIC: [2048] Declaration of Home\Model\EnterstockModel::_after_insert() should be compatible with Think\Model::_after_insert($data, $options) D:\xampp\htdocs\warehouse\Application\Home\Model\EnterstockModel.class.php 第 84 行.
SQL: DESCRIBE wh_enterstock [ RunTime:0.013001s ]
NOTIC: [2] Invalid argument supplied for foreach() D:\xampp\htdocs\warehouse\ThinkPHP\Library\Think\Db.class.php 第 429 行.
SQL: SELECT COUNT(*) AS tp_count FROM `wh_enterstock` LIMIT 1   [ RunTime:0.001000s ]
NOTIC: [2] Invalid argument supplied for foreach() D:\xampp\htdocs\warehouse\ThinkPHP\Library\Think\Db.class.php 第 429 行.
SQL: SELECT a.*,b.id AS id_user,b.username FROM wh_enterstock a INNER JOIN wh_user b ON a.user_id=b.id  ORDER BY a.enterdate desc LIMIT 0,10   [ RunTime:0.001000s ]
INFO: [ view_parse ] --START--
INFO: [ template_filter ] --START--
INFO: Run Behavior\ContentReplaceBehavior [ RunTime:0.001000s ]
INFO: [ template_filter ] --END-- [ RunTime:0.001000s ]
NOTIC: [8] Undefined variable: data_category D:\xampp\htdocs\warehouse\Application\Runtime\Cache\Home\42aecb328dedee42b40fd4200f973939.php 第 46 行.
NOTIC: [2] Invalid argument supplied for foreach() D:\xampp\htdocs\warehouse\Application\Runtime\Cache\Home\42aecb328dedee42b40fd4200f973939.php 第 46 行.
NOTIC: [8] Undefined variable: data_stockhouse D:\xampp\htdocs\warehouse\Application\Runtime\Cache\Home\42aecb328dedee42b40fd4200f973939.php 第 58 行.
NOTIC: [2] Invalid argument supplied for foreach() D:\xampp\htdocs\warehouse\Application\Runtime\Cache\Home\42aecb328dedee42b40fd4200f973939.php 第 58 行.
INFO: Run Behavior\ParseTemplateBehavior [ RunTime:0.019001s ]
INFO: [ view_parse ] --END-- [ RunTime:0.019001s ]
INFO: [ view_filter ] --START--
INFO: Run Behavior\WriteHtmlCacheBehavior [ RunTime:0.001000s ]
INFO: [ view_filter ] --END-- [ RunTime:0.001000s ]
INFO: [ app_end ] --START--
INFO: Run Behavior\ShowPageTraceBehavior [ RunTime:0.001000s ]
INFO: [ app_end ] --END-- [ RunTime:0.001000s ]

[ 2016-11-20T07:05:30+08:00 ] ::1 /warehouse/index.php/Home/enterstock/css/jquery-ui.css
INFO: [ app_init ] --START--
INFO: Run Behavior\BuildLiteBehavior [ RunTime:0.000000s ]
INFO: [ app_init ] --END-- [ RunTime:0.001000s ]
INFO: [ app_begin ] --START--
INFO: Run Behavior\ReadHtmlCacheBehavior [ RunTime:0.001000s ]
INFO: [ app_begin ] --END-- [ RunTime:0.001000s ]
SQL: DESCRIBE wh_user [ RunTime:0.022002s ]
ERR: 非法操作:css

[ 2016-11-20T07:05:45+08:00 ] ::1 /warehouse/index.php/Home/enterstock/index
INFO: [ app_init ] --START--
INFO: Run Behavior\BuildLiteBehavior [ RunTime:0.000000s ]
INFO: [ app_init ] --END-- [ RunTime:0.001001s ]
INFO: [ app_begin ] --START--
INFO: Run Behavior\ReadHtmlCacheBehavior [ RunTime:0.001000s ]
INFO: [ app_begin ] --END-- [ RunTime:0.001000s ]
SQL: DESCRIBE wh_user [ RunTime:0.017001s ]
NOTIC: [2048] Declaration of Home\Model\EnterstockModel::_after_insert() should be compatible with Think\Model::_after_insert($data, $options) D:\xampp\htdocs\warehouse\Application\Home\Model\EnterstockModel.class.php 第 84 行.
SQL: DESCRIBE wh_enterstock [ RunTime:0.015001s ]
NOTIC: [2] Invalid argument supplied for foreach() D:\xampp\htdocs\warehouse\ThinkPHP\Library\Think\Db.class.php 第 429 行.
SQL: SELECT COUNT(*) AS tp_count FROM `wh_enterstock` LIMIT 1   [ RunTime:0.000000s ]
NOTIC: [2] Invalid argument supplied for foreach() D:\xampp\htdocs\warehouse\ThinkPHP\Library\Think\Db.class.php 第 429 行.
SQL: SELECT a.*,b.id AS id_user,b.username FROM wh_enterstock a INNER JOIN wh_user b ON a.user_id=b.id  ORDER BY a.enterdate desc LIMIT 0,10   [ RunTime:0.001000s ]
INFO: [ view_parse ] --START--
INFO: [ template_filter ] --START--
INFO: Run Behavior\ContentReplaceBehavior [ RunTime:0.000000s ]
INFO: [ template_filter ] --END-- [ RunTime:0.000000s ]
NOTIC: [8] Undefined variable: data_category D:\xampp\htdocs\warehouse\Application\Runtime\Cache\Home\42aecb328dedee42b40fd4200f973939.php 第 46 行.
NOTIC: [2] Invalid argument supplied for foreach() D:\xampp\htdocs\warehouse\Application\Runtime\Cache\Home\42aecb328dedee42b40fd4200f973939.php 第 46 行.
NOTIC: [8] Undefined variable: data_stockhouse D:\xampp\htdocs\warehouse\Application\Runtime\Cache\Home\42aecb328dedee42b40fd4200f973939.php 第 58 行.
NOTIC: [2] Invalid argument supplied for foreach() D:\xampp\htdocs\warehouse\Application\Runtime\Cache\Home\42aecb328dedee42b40fd4200f973939.php 第 58 行.
INFO: Run Behavior\ParseTemplateBehavior [ RunTime:0.021001s ]
INFO: [ view_parse ] --END-- [ RunTime:0.021001s ]
INFO: [ view_filter ] --START--
INFO: Run Behavior\WriteHtmlCacheBehavior [ RunTime:0.001000s ]
INFO: [ view_filter ] --END-- [ RunTime:0.001000s ]
INFO: [ app_end ] --START--
INFO: Run Behavior\ShowPageTraceBehavior [ RunTime:0.001000s ]
INFO: [ app_end ] --END-- [ RunTime:0.002000s ]

[ 2016-11-20T07:05:45+08:00 ] ::1 /warehouse/index.php/Home/enterstock/css/jquery-ui.css
INFO: [ app_init ] --START--
INFO: Run Behavior\BuildLiteBehavior [ RunTime:0.000000s ]
INFO: [ app_init ] --END-- [ RunTime:0.001000s ]
INFO: [ app_begin ] --START--
INFO: Run Behavior\ReadHtmlCacheBehavior [ RunTime:0.001001s ]
INFO: [ app_begin ] --END-- [ RunTime:0.001001s ]
SQL: DESCRIBE wh_user [ RunTime:0.022002s ]
ERR: 非法操作:css

[ 2016-11-20T07:07:01+08:00 ] ::1 /warehouse/index.php/Home/enterstock/index
INFO: [ app_init ] --START--
INFO: Run Behavior\BuildLiteBehavior [ RunTime:0.000000s ]
INFO: [ app_init ] --END-- [ RunTime:0.001000s ]
INFO: [ app_begin ] --START--
INFO: Run Behavior\ReadHtmlCacheBehavior [ RunTime:0.001000s ]
INFO: [ app_begin ] --END-- [ RunTime:0.001000s ]
SQL: DESCRIBE wh_user [ RunTime:0.011000s ]
NOTIC: [2048] Declaration of Home\Model\EnterstockModel::_after_insert() should be compatible with Think\Model::_after_insert($data, $options) D:\xampp\htdocs\warehouse\Application\Home\Model\EnterstockModel.class.php 第 84 行.
SQL: DESCRIBE wh_enterstock [ RunTime:0.015001s ]
NOTIC: [2] Invalid argument supplied for foreach() D:\xampp\htdocs\warehouse\ThinkPHP\Library\Think\Db.class.php 第 429 行.
SQL: SELECT COUNT(*) AS tp_count FROM `wh_enterstock` LIMIT 1   [ RunTime:0.001000s ]
NOTIC: [2] Invalid argument supplied for foreach() D:\xampp\htdocs\warehouse\ThinkPHP\Library\Think\Db.class.php 第 429 行.
SQL: SELECT a.*,b.id AS id_user,b.username FROM wh_enterstock a INNER JOIN wh_user b ON a.user_id=b.id  ORDER BY a.enterdate desc LIMIT 0,10   [ RunTime:0.001000s ]
INFO: [ view_parse ] --START--
INFO: [ template_filter ] --START--
INFO: Run Behavior\ContentReplaceBehavior [ RunTime:0.000000s ]
INFO: [ template_filter ] --END-- [ RunTime:0.001000s ]
NOTIC: [8] Undefined variable: data_category D:\xampp\htdocs\warehouse\Application\Runtime\Cache\Home\42aecb328dedee42b40fd4200f973939.php 第 46 行.
NOTIC: [2] Invalid argument supplied for foreach() D:\xampp\htdocs\warehouse\Application\Runtime\Cache\Home\42aecb328dedee42b40fd4200f973939.php 第 46 行.
NOTIC: [8] Undefined variable: data_stockhouse D:\xampp\htdocs\warehouse\Application\Runtime\Cache\Home\42aecb328dedee42b40fd4200f973939.php 第 58 行.
NOTIC: [2] Invalid argument supplied for foreach() D:\xampp\htdocs\warehouse\Application\Runtime\Cache\Home\42aecb328dedee42b40fd4200f973939.php 第 58 行.
INFO: Run Behavior\ParseTemplateBehavior [ RunTime:0.021002s ]
INFO: [ view_parse ] --END-- [ RunTime:0.021002s ]
INFO: [ view_filter ] --START--
INFO: Run Behavior\WriteHtmlCacheBehavior [ RunTime:0.001000s ]
INFO: [ view_filter ] --END-- [ RunTime:0.001000s ]
INFO: [ app_end ] --START--
INFO: Run Behavior\ShowPageTraceBehavior [ RunTime:0.001000s ]
INFO: [ app_end ] --END-- [ RunTime:0.002000s ]

[ 2016-11-20T07:07:08+08:00 ] ::1 /warehouse/index.php/Home/enterstock/index
INFO: [ app_init ] --START--
INFO: Run Behavior\BuildLiteBehavior [ RunTime:0.000000s ]
INFO: [ app_init ] --END-- [ RunTime:0.001000s ]
INFO: [ app_begin ] --START--
INFO: Run Behavior\ReadHtmlCacheBehavior [ RunTime:0.001000s ]
INFO: [ app_begin ] --END-- [ RunTime:0.001000s ]
SQL: DESCRIBE wh_user [ RunTime:0.012001s ]
NOTIC: [2048] Declaration of Home\Model\EnterstockModel::_after_insert() should be compatible with Think\Model::_after_insert($data, $options) D:\xampp\htdocs\warehouse\Application\Home\Model\EnterstockModel.class.php 第 84 行.
SQL: DESCRIBE wh_enterstock [ RunTime:0.012000s ]
NOTIC: [2] Invalid argument supplied for foreach() D:\xampp\htdocs\warehouse\ThinkPHP\Library\Think\Db.class.php 第 429 行.
SQL: SELECT COUNT(*) AS tp_count FROM `wh_enterstock` LIMIT 1   [ RunTime:0.000000s ]
NOTIC: [2] Invalid argument supplied for foreach() D:\xampp\htdocs\warehouse\ThinkPHP\Library\Think\Db.class.php 第 429 行.
SQL: SELECT a.*,b.id AS id_user,b.username FROM wh_enterstock a INNER JOIN wh_user b ON a.user_id=b.id  ORDER BY a.enterdate desc LIMIT 0,10   [ RunTime:0.001001s ]
INFO: [ view_parse ] --START--
INFO: [ template_filter ] --START--
INFO: Run Behavior\ContentReplaceBehavior [ RunTime:0.001000s ]
INFO: [ template_filter ] --END-- [ RunTime:0.001000s ]
NOTIC: [8] Undefined variable: data_category D:\xampp\htdocs\warehouse\Application\Runtime\Cache\Home\42aecb328dedee42b40fd4200f973939.php 第 46 行.
NOTIC: [2] Invalid argument supplied for foreach() D:\xampp\htdocs\warehouse\Application\Runtime\Cache\Home\42aecb328dedee42b40fd4200f973939.php 第 46 行.
NOTIC: [8] Undefined variable: data_stockhouse D:\xampp\htdocs\warehouse\Application\Runtime\Cache\Home\42aecb328dedee42b40fd4200f973939.php 第 58 行.
NOTIC: [2] Invalid argument supplied for foreach() D:\xampp\htdocs\warehouse\Application\Runtime\Cache\Home\42aecb328dedee42b40fd4200f973939.php 第 58 行.
INFO: Run Behavior\ParseTemplateBehavior [ RunTime:0.016000s ]
INFO: [ view_parse ] --END-- [ RunTime:0.016000s ]
INFO: [ view_filter ] --START--
INFO: Run Behavior\WriteHtmlCacheBehavior [ RunTime:0.001000s ]
INFO: [ view_filter ] --END-- [ RunTime:0.001000s ]
INFO: [ app_end ] --START--
INFO: Run Behavior\ShowPageTraceBehavior [ RunTime:0.001001s ]
INFO: [ app_end ] --END-- [ RunTime:0.001001s ]

[ 2016-11-20T07:09:03+08:00 ] ::1 /warehouse/index.php/Home/enterstock/index
INFO: [ app_init ] --START--
INFO: Run Behavior\BuildLiteBehavior [ RunTime:0.000000s ]
INFO: [ app_init ] --END-- [ RunTime:0.001001s ]
INFO: [ app_begin ] --START--
INFO: Run Behavior\ReadHtmlCacheBehavior [ RunTime:0.002000s ]
INFO: [ app_begin ] --END-- [ RunTime:0.002000s ]
SQL: DESCRIBE wh_user [ RunTime:0.016001s ]
NOTIC: [2048] Declaration of Home\Model\EnterstockModel::_after_insert() should be compatible with Think\Model::_after_insert($data, $options) D:\xampp\htdocs\warehouse\Application\Home\Model\EnterstockModel.class.php 第 84 行.
SQL: DESCRIBE wh_enterstock [ RunTime:0.015001s ]
NOTIC: [2] Invalid argument supplied for foreach() D:\xampp\htdocs\warehouse\ThinkPHP\Library\Think\Db.class.php 第 429 行.
SQL: SELECT COUNT(*) AS tp_count FROM `wh_enterstock` LIMIT 1   [ RunTime:0.000000s ]
NOTIC: [2] Invalid argument supplied for foreach() D:\xampp\htdocs\warehouse\ThinkPHP\Library\Think\Db.class.php 第 429 行.
SQL: SELECT a.*,b.id AS id_user,b.username FROM wh_enterstock a INNER JOIN wh_user b ON a.user_id=b.id  ORDER BY a.enterdate desc LIMIT 0,10   [ RunTime:0.000000s ]
INFO: [ view_parse ] --START--
INFO: [ template_filter ] --START--
INFO: Run Behavior\ContentReplaceBehavior [ RunTime:0.000000s ]
INFO: [ template_filter ] --END-- [ RunTime:0.000000s ]
NOTIC: [8] Undefined variable: data_category D:\xampp\htdocs\warehouse\Application\Runtime\Cache\Home\42aecb328dedee42b40fd4200f973939.php 第 46 行.
NOTIC: [2] Invalid argument supplied for foreach() D:\xampp\htdocs\warehouse\Application\Runtime\Cache\Home\42aecb328dedee42b40fd4200f973939.php 第 46 行.
NOTIC: [8] Undefined variable: data_stockhouse D:\xampp\htdocs\warehouse\Application\Runtime\Cache\Home\42aecb328dedee42b40fd4200f973939.php 第 58 行.
NOTIC: [2] Invalid argument supplied for foreach() D:\xampp\htdocs\warehouse\Application\Runtime\Cache\Home\42aecb328dedee42b40fd4200f973939.php 第 58 行.
INFO: Run Behavior\ParseTemplateBehavior [ RunTime:0.019002s ]
INFO: [ view_parse ] --END-- [ RunTime:0.019002s ]
INFO: [ view_filter ] --START--
INFO: Run Behavior\WriteHtmlCacheBehavior [ RunTime:0.001000s ]
INFO: [ view_filter ] --END-- [ RunTime:0.001000s ]
INFO: [ app_end ] --START--
INFO: Run Behavior\ShowPageTraceBehavior [ RunTime:0.001000s ]
INFO: [ app_end ] --END-- [ RunTime:0.001000s ]

[ 2016-11-20T07:09:10+08:00 ] ::1 /warehouse/index.php/Home/enterstock/index
INFO: [ app_init ] --START--
INFO: Run Behavior\BuildLiteBehavior [ RunTime:0.001000s ]
INFO: [ app_init ] --END-- [ RunTime:0.001000s ]
INFO: [ app_begin ] --START--
INFO: Run Behavior\ReadHtmlCacheBehavior [ RunTime:0.002000s ]
INFO: [ app_begin ] --END-- [ RunTime:0.002000s ]
SQL: DESCRIBE wh_user [ RunTime:0.015000s ]
NOTIC: [2048] Declaration of Home\Model\EnterstockModel::_after_insert() should be compatible with Think\Model::_after_insert($data, $options) D:\xampp\htdocs\warehouse\Application\Home\Model\EnterstockModel.class.php 第 84 行.
SQL: DESCRIBE wh_enterstock [ RunTime:0.016001s ]
NOTIC: [2] Invalid argument supplied for foreach() D:\xampp\htdocs\warehouse\ThinkPHP\Library\Think\Db.class.php 第 429 行.
SQL: SELECT COUNT(*) AS tp_count FROM `wh_enterstock` LIMIT 1   [ RunTime:0.000000s ]
NOTIC: [2] Invalid argument supplied for foreach() D:\xampp\htdocs\warehouse\ThinkPHP\Library\Think\Db.class.php 第 429 行.
SQL: SELECT a.*,b.id AS id_user,b.username FROM wh_enterstock a INNER JOIN wh_user b ON a.user_id=b.id  ORDER BY a.enterdate desc LIMIT 0,10   [ RunTime:0.000000s ]
INFO: [ view_parse ] --START--
INFO: [ template_filter ] --START--
INFO: Run Behavior\ContentReplaceBehavior [ RunTime:0.000000s ]
INFO: [ template_filter ] --END-- [ RunTime:0.000000s ]
NOTIC: [8] Undefined variable: data_category D:\xampp\htdocs\warehouse\Application\Runtime\Cache\Home\42aecb328dedee42b40fd4200f973939.php 第 46 行.
NOTIC: [2] Invalid argument supplied for foreach() D:\xampp\htdocs\warehouse\Application\Runtime\Cache\Home\42aecb328dedee42b40fd4200f973939.php 第 46 行.
NOTIC: [8] Undefined variable: data_stockhouse D:\xampp\htdocs\warehouse\Application\Runtime\Cache\Home\42aecb328dedee42b40fd4200f973939.php 第 58 行.
NOTIC: [2] Invalid argument supplied for foreach() D:\xampp\htdocs\warehouse\Application\Runtime\Cache\Home\42aecb328dedee42b40fd4200f973939.php 第 58 行.
INFO: Run Behavior\ParseTemplateBehavior [ RunTime:0.019001s ]
INFO: [ view_parse ] --END-- [ RunTime:0.019001s ]
INFO: [ view_filter ] --START--
INFO: Run Behavior\WriteHtmlCacheBehavior [ RunTime:0.001000s ]
INFO: [ view_filter ] --END-- [ RunTime:0.001000s ]
INFO: [ app_end ] --START--
INFO: Run Behavior\ShowPageTraceBehavior [ RunTime:0.001000s ]
INFO: [ app_end ] --END-- [ RunTime:0.001000s ]

[ 2016-11-20T07:10:00+08:00 ] ::1 /warehouse/index.php/Home/enterstock/index
INFO: [ app_init ] --START--
INFO: Run Behavior\BuildLiteBehavior [ RunTime:0.000000s ]
INFO: [ app_init ] --END-- [ RunTime:0.001000s ]
INFO: [ app_begin ] --START--
INFO: Run Behavior\ReadHtmlCacheBehavior [ RunTime:0.001000s ]
INFO: [ app_begin ] --END-- [ RunTime:0.001000s ]
SQL: DESCRIBE wh_user [ RunTime:0.013001s ]
NOTIC: [2048] Declaration of Home\Model\EnterstockModel::_after_insert() should be compatible with Think\Model::_after_insert($data, $options) D:\xampp\htdocs\warehouse\Application\Home\Model\EnterstockModel.class.php 第 84 行.
SQL: DESCRIBE wh_enterstock [ RunTime:0.011001s ]
NOTIC: [2] Invalid argument supplied for foreach() D:\xampp\htdocs\warehouse\ThinkPHP\Library\Think\Db.class.php 第 429 行.
SQL: SELECT COUNT(*) AS tp_count FROM `wh_enterstock` LIMIT 1   [ RunTime:0.000000s ]
NOTIC: [2] Invalid argument supplied for foreach() D:\xampp\htdocs\warehouse\ThinkPHP\Library\Think\Db.class.php 第 429 行.
SQL: SELECT a.*,b.id AS id_user,b.username FROM wh_enterstock a INNER JOIN wh_user b ON a.user_id=b.id  ORDER BY a.enterdate desc LIMIT 0,10   [ RunTime:0.001000s ]
INFO: [ view_parse ] --START--
INFO: [ template_filter ] --START--
INFO: Run Behavior\ContentReplaceBehavior [ RunTime:0.001000s ]
INFO: [ template_filter ] --END-- [ RunTime:0.001000s ]
NOTIC: [8] Undefined variable: data_category D:\xampp\htdocs\warehouse\Application\Runtime\Cache\Home\42aecb328dedee42b40fd4200f973939.php 第 46 行.
NOTIC: [2] Invalid argument supplied for foreach() D:\xampp\htdocs\warehouse\Application\Runtime\Cache\Home\42aecb328dedee42b40fd4200f973939.php 第 46 行.
NOTIC: [8] Undefined variable: data_stockhouse D:\xampp\htdocs\warehouse\Application\Runtime\Cache\Home\42aecb328dedee42b40fd4200f973939.php 第 58 行.
NOTIC: [2] Invalid argument supplied for foreach() D:\xampp\htdocs\warehouse\Application\Runtime\Cache\Home\42aecb328dedee42b40fd4200f973939.php 第 58 行.
INFO: Run Behavior\ParseTemplateBehavior [ RunTime:0.014001s ]
INFO: [ view_parse ] --END-- [ RunTime:0.014001s ]
INFO: [ view_filter ] --START--
INFO: Run Behavior\WriteHtmlCacheBehavior [ RunTime:0.001000s ]
INFO: [ view_filter ] --END-- [ RunTime:0.001000s ]
INFO: [ app_end ] --START--
INFO: Run Behavior\ShowPageTraceBehavior [ RunTime:0.001000s ]
INFO: [ app_end ] --END-- [ RunTime:0.001000s ]

[ 2016-11-20T07:12:57+08:00 ] ::1 /warehouse/index.php/Home/enterstock/index
INFO: [ app_init ] --START--
INFO: Run Behavior\BuildLiteBehavior [ RunTime:0.000000s ]
INFO: [ app_init ] --END-- [ RunTime:0.001000s ]
INFO: [ app_begin ] --START--
INFO: Run Behavior\ReadHtmlCacheBehavior [ RunTime:0.001000s ]
INFO: [ app_begin ] --END-- [ RunTime:0.001000s ]
SQL: DESCRIBE wh_user [ RunTime:0.015001s ]
NOTIC: [2048] Declaration of Home\Model\EnterstockModel::_after_insert() should be compatible with Think\Model::_after_insert($data, $options) D:\xampp\htdocs\warehouse\Application\Home\Model\EnterstockModel.class.php 第 84 行.
SQL: DESCRIBE wh_enterstock [ RunTime:0.011001s ]
NOTIC: [2] Invalid argument supplied for foreach() D:\xampp\htdocs\warehouse\ThinkPHP\Library\Think\Db.class.php 第 429 行.
SQL: SELECT COUNT(*) AS tp_count FROM `wh_enterstock` LIMIT 1   [ RunTime:0.000000s ]
NOTIC: [2] Invalid argument supplied for foreach() D:\xampp\htdocs\warehouse\ThinkPHP\Library\Think\Db.class.php 第 429 行.
SQL: SELECT a.*,b.id AS id_user,b.username FROM wh_enterstock a INNER JOIN wh_user b ON a.user_id=b.id  ORDER BY a.enterdate desc LIMIT 0,10   [ RunTime:0.001000s ]
INFO: [ view_parse ] --START--
INFO: [ template_filter ] --START--
INFO: Run Behavior\ContentReplaceBehavior [ RunTime:0.000000s ]
INFO: [ template_filter ] --END-- [ RunTime:0.000000s ]
NOTIC: [8] Undefined variable: data_category D:\xampp\htdocs\warehouse\Application\Runtime\Cache\Home\42aecb328dedee42b40fd4200f973939.php 第 46 行.
NOTIC: [2] Invalid argument supplied for foreach() D:\xampp\htdocs\warehouse\Application\Runtime\Cache\Home\42aecb328dedee42b40fd4200f973939.php 第 46 行.
NOTIC: [8] Undefined variable: data_stockhouse D:\xampp\htdocs\warehouse\Application\Runtime\Cache\Home\42aecb328dedee42b40fd4200f973939.php 第 58 行.
NOTIC: [2] Invalid argument supplied for foreach() D:\xampp\htdocs\warehouse\Application\Runtime\Cache\Home\42aecb328dedee42b40fd4200f973939.php 第 58 行.
INFO: Run Behavior\ParseTemplateBehavior [ RunTime:0.016001s ]
INFO: [ view_parse ] --END-- [ RunTime:0.016001s ]
INFO: [ view_filter ] --START--
INFO: Run Behavior\WriteHtmlCacheBehavior [ RunTime:0.000000s ]
INFO: [ view_filter ] --END-- [ RunTime:0.000000s ]
INFO: [ app_end ] --START--
INFO: Run Behavior\ShowPageTraceBehavior [ RunTime:0.001000s ]
INFO: [ app_end ] --END-- [ RunTime:0.001000s ]

[ 2016-11-20T07:13:02+08:00 ] ::1 /warehouse/index.php/Home/enterstock/index
INFO: [ app_init ] --START--
INFO: Run Behavior\BuildLiteBehavior [ RunTime:0.000000s ]
INFO: [ app_init ] --END-- [ RunTime:0.001000s ]
INFO: [ app_begin ] --START--
INFO: Run Behavior\ReadHtmlCacheBehavior [ RunTime:0.000000s ]
INFO: [ app_begin ] --END-- [ RunTime:0.001000s ]
SQL: DESCRIBE wh_user [ RunTime:0.017001s ]
NOTIC: [2048] Declaration of Home\Model\EnterstockModel::_after_insert() should be compatible with Think\Model::_after_insert($data, $options) D:\xampp\htdocs\warehouse\Application\Home\Model\EnterstockModel.class.php 第 84 行.
SQL: DESCRIBE wh_enterstock [ RunTime:0.014001s ]
NOTIC: [2] Invalid argument supplied for foreach() D:\xampp\htdocs\warehouse\ThinkPHP\Library\Think\Db.class.php 第 429 行.
SQL: SELECT COUNT(*) AS tp_count FROM `wh_enterstock` LIMIT 1   [ RunTime:0.000000s ]
NOTIC: [2] Invalid argument supplied for foreach() D:\xampp\htdocs\warehouse\ThinkPHP\Library\Think\Db.class.php 第 429 行.
SQL: SELECT a.*,b.id AS id_user,b.username FROM wh_enterstock a INNER JOIN wh_user b ON a.user_id=b.id  ORDER BY a.enterdate desc LIMIT 0,10   [ RunTime:0.001000s ]
INFO: [ view_parse ] --START--
INFO: [ template_filter ] --START--
INFO: Run Behavior\ContentReplaceBehavior [ RunTime:0.001000s ]
INFO: [ template_filter ] --END-- [ RunTime:0.001000s ]
NOTIC: [8] Undefined variable: data_category D:\xampp\htdocs\warehouse\Application\Runtime\Cache\Home\42aecb328dedee42b40fd4200f973939.php 第 46 行.
NOTIC: [2] Invalid argument supplied for foreach() D:\xampp\htdocs\warehouse\Application\Runtime\Cache\Home\42aecb328dedee42b40fd4200f973939.php 第 46 行.
NOTIC: [8] Undefined variable: data_stockhouse D:\xampp\htdocs\warehouse\Application\Runtime\Cache\Home\42aecb328dedee42b40fd4200f973939.php 第 58 行.
NOTIC: [2] Invalid argument supplied for foreach() D:\xampp\htdocs\warehouse\Application\Runtime\Cache\Home\42aecb328dedee42b40fd4200f973939.php 第 58 行.
INFO: Run Behavior\ParseTemplateBehavior [ RunTime:0.018001s ]
INFO: [ view_parse ] --END-- [ RunTime:0.018001s ]
INFO: [ view_filter ] --START--
INFO: Run Behavior\WriteHtmlCacheBehavior [ RunTime:0.000000s ]
INFO: [ view_filter ] --END-- [ RunTime:0.001000s ]
INFO: [ app_end ] --START--
INFO: Run Behavior\ShowPageTraceBehavior [ RunTime:0.000000s ]
INFO: [ app_end ] --END-- [ RunTime:0.001000s ]

[ 2016-11-20T07:16:23+08:00 ] ::1 /warehouse/index.php/Home/enterstock/index
INFO: [ app_init ] --START--
INFO: Run Behavior\BuildLiteBehavior [ RunTime:0.000000s ]
INFO: [ app_init ] --END-- [ RunTime:0.001000s ]
INFO: [ app_begin ] --START--
INFO: Run Behavior\ReadHtmlCacheBehavior [ RunTime:0.002000s ]
INFO: [ app_begin ] --END-- [ RunTime:0.002000s ]
SQL: DESCRIBE wh_user [ RunTime:0.016001s ]
NOTIC: [2048] Declaration of Home\Model\EnterstockModel::_after_insert() should be compatible with Think\Model::_after_insert($data, $options) D:\xampp\htdocs\warehouse\Application\Home\Model\EnterstockModel.class.php 第 84 行.
SQL: DESCRIBE wh_enterstock [ RunTime:0.015001s ]
NOTIC: [2] Invalid argument supplied for foreach() D:\xampp\htdocs\warehouse\ThinkPHP\Library\Think\Db.class.php 第 429 行.
SQL: SELECT COUNT(*) AS tp_count FROM `wh_enterstock` LIMIT 1   [ RunTime:0.000000s ]
NOTIC: [2] Invalid argument supplied for foreach() D:\xampp\htdocs\warehouse\ThinkPHP\Library\Think\Db.class.php 第 429 行.
SQL: SELECT a.*,b.id AS id_user,b.username FROM wh_enterstock a INNER JOIN wh_user b ON a.user_id=b.id  ORDER BY a.enterdate desc LIMIT 0,10   [ RunTime:0.001000s ]
INFO: [ view_parse ] --START--
INFO: [ template_filter ] --START--
INFO: Run Behavior\ContentReplaceBehavior [ RunTime:0.001000s ]
INFO: [ template_filter ] --END-- [ RunTime:0.001000s ]
NOTIC: [8] Undefined variable: data_category D:\xampp\htdocs\warehouse\Application\Runtime\Cache\Home\42aecb328dedee42b40fd4200f973939.php 第 46 行.
NOTIC: [2] Invalid argument supplied for foreach() D:\xampp\htdocs\warehouse\Application\Runtime\Cache\Home\42aecb328dedee42b40fd4200f973939.php 第 46 行.
NOTIC: [8] Undefined variable: data_stockhouse D:\xampp\htdocs\warehouse\Application\Runtime\Cache\Home\42aecb328dedee42b40fd4200f973939.php 第 58 行.
NOTIC: [2] Invalid argument supplied for foreach() D:\xampp\htdocs\warehouse\Application\Runtime\Cache\Home\42aecb328dedee42b40fd4200f973939.php 第 58 行.
INFO: Run Behavior\ParseTemplateBehavior [ RunTime:0.019001s ]
INFO: [ view_parse ] --END-- [ RunTime:0.020001s ]
INFO: [ view_filter ] --START--
INFO: Run Behavior\WriteHtmlCacheBehavior [ RunTime:0.001000s ]
INFO: [ view_filter ] --END-- [ RunTime:0.001000s ]
INFO: [ app_end ] --START--
INFO: Run Behavior\ShowPageTraceBehavior [ RunTime:0.001000s ]
INFO: [ app_end ] --END-- [ RunTime:0.001000s ]

[ 2016-11-20T07:18:25+08:00 ] ::1 /warehouse/index.php/Home/enterstock/index
INFO: [ app_init ] --START--
INFO: Run Behavior\BuildLiteBehavior [ RunTime:0.000000s ]
INFO: [ app_init ] --END-- [ RunTime:0.001000s ]
INFO: [ app_begin ] --START--
INFO: Run Behavior\ReadHtmlCacheBehavior [ RunTime:0.001000s ]
INFO: [ app_begin ] --END-- [ RunTime:0.001000s ]
SQL: DESCRIBE wh_user [ RunTime:0.017001s ]
NOTIC: [2048] Declaration of Home\Model\EnterstockModel::_after_insert() should be compatible with Think\Model::_after_insert($data, $options) D:\xampp\htdocs\warehouse\Application\Home\Model\EnterstockModel.class.php 第 84 行.
SQL: DESCRIBE wh_enterstock [ RunTime:0.014000s ]
NOTIC: [2] Invalid argument supplied for foreach() D:\xampp\htdocs\warehouse\ThinkPHP\Library\Think\Db.class.php 第 429 行.
SQL: SELECT COUNT(*) AS tp_count FROM `wh_enterstock` LIMIT 1   [ RunTime:0.000000s ]
NOTIC: [2] Invalid argument supplied for foreach() D:\xampp\htdocs\warehouse\ThinkPHP\Library\Think\Db.class.php 第 429 行.
SQL: SELECT a.*,b.id AS id_user,b.username FROM wh_enterstock a INNER JOIN wh_user b ON a.user_id=b.id  ORDER BY a.enterdate desc LIMIT 0,10   [ RunTime:0.001000s ]
INFO: [ view_parse ] --START--
INFO: [ template_filter ] --START--
INFO: Run Behavior\ContentReplaceBehavior [ RunTime:0.000000s ]
INFO: [ template_filter ] --END-- [ RunTime:0.000000s ]
NOTIC: [8] Undefined variable: data_category D:\xampp\htdocs\warehouse\Application\Runtime\Cache\Home\42aecb328dedee42b40fd4200f973939.php 第 46 行.
NOTIC: [2] Invalid argument supplied for foreach() D:\xampp\htdocs\warehouse\Application\Runtime\Cache\Home\42aecb328dedee42b40fd4200f973939.php 第 46 行.
NOTIC: [8] Undefined variable: data_stockhouse D:\xampp\htdocs\warehouse\Application\Runtime\Cache\Home\42aecb328dedee42b40fd4200f973939.php 第 58 行.
NOTIC: [2] Invalid argument supplied for foreach() D:\xampp\htdocs\warehouse\Application\Runtime\Cache\Home\42aecb328dedee42b40fd4200f973939.php 第 58 行.
INFO: Run Behavior\ParseTemplateBehavior [ RunTime:0.022001s ]
INFO: [ view_parse ] --END-- [ RunTime:0.022001s ]
INFO: [ view_filter ] --START--
INFO: Run Behavior\WriteHtmlCacheBehavior [ RunTime:0.001000s ]
INFO: [ view_filter ] --END-- [ RunTime:0.001000s ]
INFO: [ app_end ] --START--
INFO: Run Behavior\ShowPageTraceBehavior [ RunTime:0.002000s ]
INFO: [ app_end ] --END-- [ RunTime:0.002000s ]

[ 2016-11-20T07:19:51+08:00 ] ::1 /warehouse/index.php/Home/enterstock/index
INFO: [ app_init ] --START--
INFO: Run Behavior\BuildLiteBehavior [ RunTime:0.000000s ]
INFO: [ app_init ] --END-- [ RunTime:0.001000s ]
INFO: [ app_begin ] --START--
INFO: Run Behavior\ReadHtmlCacheBehavior [ RunTime:0.002000s ]
INFO: [ app_begin ] --END-- [ RunTime:0.002000s ]
SQL: DESCRIBE wh_user [ RunTime:0.013001s ]
NOTIC: [2048] Declaration of Home\Model\EnterstockModel::_after_insert() should be compatible with Think\Model::_after_insert($data, $options) D:\xampp\htdocs\warehouse\Application\Home\Model\EnterstockModel.class.php 第 84 行.
SQL: DESCRIBE wh_enterstock [ RunTime:0.012001s ]
NOTIC: [2] Invalid argument supplied for foreach() D:\xampp\htdocs\warehouse\ThinkPHP\Library\Think\Db.class.php 第 429 行.
SQL: SELECT COUNT(*) AS tp_count FROM `wh_enterstock` LIMIT 1   [ RunTime:0.001000s ]
NOTIC: [2] Invalid argument supplied for foreach() D:\xampp\htdocs\warehouse\ThinkPHP\Library\Think\Db.class.php 第 429 行.
SQL: SELECT a.*,b.id AS id_user,b.username FROM wh_enterstock a INNER JOIN wh_user b ON a.user_id=b.id  ORDER BY a.enterdate desc LIMIT 0,10   [ RunTime:0.001000s ]
INFO: [ view_parse ] --START--
INFO: [ template_filter ] --START--
INFO: Run Behavior\ContentReplaceBehavior [ RunTime:0.000000s ]
INFO: [ template_filter ] --END-- [ RunTime:0.000000s ]
NOTIC: [8] Undefined variable: data_category D:\xampp\htdocs\warehouse\Application\Runtime\Cache\Home\42aecb328dedee42b40fd4200f973939.php 第 46 行.
NOTIC: [2] Invalid argument supplied for foreach() D:\xampp\htdocs\warehouse\Application\Runtime\Cache\Home\42aecb328dedee42b40fd4200f973939.php 第 46 行.
NOTIC: [8] Undefined variable: data_stockhouse D:\xampp\htdocs\warehouse\Application\Runtime\Cache\Home\42aecb328dedee42b40fd4200f973939.php 第 58 行.
NOTIC: [2] Invalid argument supplied for foreach() D:\xampp\htdocs\warehouse\Application\Runtime\Cache\Home\42aecb328dedee42b40fd4200f973939.php 第 58 行.
INFO: Run Behavior\ParseTemplateBehavior [ RunTime:0.019001s ]
INFO: [ view_parse ] --END-- [ RunTime:0.019001s ]
INFO: [ view_filter ] --START--
INFO: Run Behavior\WriteHtmlCacheBehavior [ RunTime:0.001000s ]
INFO: [ view_filter ] --END-- [ RunTime:0.001000s ]
INFO: [ app_end ] --START--
INFO: Run Behavior\ShowPageTraceBehavior [ RunTime:0.001000s ]
INFO: [ app_end ] --END-- [ RunTime:0.001000s ]

[ 2016-11-20T07:20:21+08:00 ] ::1 /warehouse/index.php/Home/enterstock/index
INFO: [ app_init ] --START--
INFO: Run Behavior\BuildLiteBehavior [ RunTime:0.000000s ]
INFO: [ app_init ] --END-- [ RunTime:0.001000s ]
INFO: [ app_begin ] --START--
INFO: Run Behavior\ReadHtmlCacheBehavior [ RunTime:0.001000s ]
INFO: [ app_begin ] --END-- [ RunTime:0.002000s ]
SQL: DESCRIBE wh_user [ RunTime:0.012001s ]
NOTIC: [2048] Declaration of Home\Model\EnterstockModel::_after_insert() should be compatible with Think\Model::_after_insert($data, $options) D:\xampp\htdocs\warehouse\Application\Home\Model\EnterstockModel.class.php 第 84 行.
SQL: DESCRIBE wh_enterstock [ RunTime:0.013001s ]
NOTIC: [2] Invalid argument supplied for foreach() D:\xampp\htdocs\warehouse\ThinkPHP\Library\Think\Db.class.php 第 429 行.
SQL: SELECT COUNT(*) AS tp_count FROM `wh_enterstock` LIMIT 1   [ RunTime:0.000000s ]
NOTIC: [2] Invalid argument supplied for foreach() D:\xampp\htdocs\warehouse\ThinkPHP\Library\Think\Db.class.php 第 429 行.
SQL: SELECT a.*,b.id AS id_user,b.username FROM wh_enterstock a INNER JOIN wh_user b ON a.user_id=b.id  ORDER BY a.enterdate desc LIMIT 0,10   [ RunTime:0.000000s ]
INFO: [ view_parse ] --START--
INFO: [ template_filter ] --START--
INFO: Run Behavior\ContentReplaceBehavior [ RunTime:0.001000s ]
INFO: [ template_filter ] --END-- [ RunTime:0.001000s ]
NOTIC: [8] Undefined variable: data_category D:\xampp\htdocs\warehouse\Application\Runtime\Cache\Home\42aecb328dedee42b40fd4200f973939.php 第 46 行.
NOTIC: [2] Invalid argument supplied for foreach() D:\xampp\htdocs\warehouse\Application\Runtime\Cache\Home\42aecb328dedee42b40fd4200f973939.php 第 46 行.
NOTIC: [8] Undefined variable: data_stockhouse D:\xampp\htdocs\warehouse\Application\Runtime\Cache\Home\42aecb328dedee42b40fd4200f973939.php 第 58 行.
NOTIC: [2] Invalid argument supplied for foreach() D:\xampp\htdocs\warehouse\Application\Runtime\Cache\Home\42aecb328dedee42b40fd4200f973939.php 第 58 行.
INFO: Run Behavior\ParseTemplateBehavior [ RunTime:0.017001s ]
INFO: [ view_parse ] --END-- [ RunTime:0.017001s ]
INFO: [ view_filter ] --START--
INFO: Run Behavior\WriteHtmlCacheBehavior [ RunTime:0.000000s ]
INFO: [ view_filter ] --END-- [ RunTime:0.000000s ]
INFO: [ app_end ] --START--
INFO: Run Behavior\ShowPageTraceBehavior [ RunTime:0.001000s ]
INFO: [ app_end ] --END-- [ RunTime:0.001000s ]

[ 2016-11-20T07:21:23+08:00 ] ::1 /warehouse/index.php/Home/enterstock/
INFO: [ app_init ] --START--
INFO: Run Behavior\BuildLiteBehavior [ RunTime:0.000000s ]
INFO: [ app_init ] --END-- [ RunTime:0.001000s ]
INFO: [ app_begin ] --START--
INFO: Run Behavior\ReadHtmlCacheBehavior [ RunTime:0.001000s ]
INFO: [ app_begin ] --END-- [ RunTime:0.001000s ]
SQL: DESCRIBE wh_user [ RunTime:0.015001s ]
NOTIC: [2048] Declaration of Home\Model\EnterstockModel::_after_insert() should be compatible with Think\Model::_after_insert($data, $options) D:\xampp\htdocs\warehouse\Application\Home\Model\EnterstockModel.class.php 第 84 行.
SQL: DESCRIBE wh_enterstock [ RunTime:0.019001s ]
NOTIC: [2] Invalid argument supplied for foreach() D:\xampp\htdocs\warehouse\ThinkPHP\Library\Think\Db.class.php 第 429 行.
SQL: SELECT COUNT(*) AS tp_count FROM `wh_enterstock` LIMIT 1   [ RunTime:0.001000s ]
NOTIC: [2] Invalid argument supplied for foreach() D:\xampp\htdocs\warehouse\ThinkPHP\Library\Think\Db.class.php 第 429 行.
SQL: SELECT a.*,b.id AS id_user,b.username FROM wh_enterstock a INNER JOIN wh_user b ON a.user_id=b.id  ORDER BY a.enterdate desc LIMIT 0,10   [ RunTime:0.001000s ]
INFO: [ view_parse ] --START--
INFO: [ template_filter ] --START--
INFO: Run Behavior\ContentReplaceBehavior [ RunTime:0.000000s ]
INFO: [ template_filter ] --END-- [ RunTime:0.000000s ]
NOTIC: [8] Undefined variable: data_category D:\xampp\htdocs\warehouse\Application\Runtime\Cache\Home\42aecb328dedee42b40fd4200f973939.php 第 46 行.
NOTIC: [2] Invalid argument supplied for foreach() D:\xampp\htdocs\warehouse\Application\Runtime\Cache\Home\42aecb328dedee42b40fd4200f973939.php 第 46 行.
NOTIC: [8] Undefined variable: data_stockhouse D:\xampp\htdocs\warehouse\Application\Runtime\Cache\Home\42aecb328dedee42b40fd4200f973939.php 第 58 行.
NOTIC: [2] Invalid argument supplied for foreach() D:\xampp\htdocs\warehouse\Application\Runtime\Cache\Home\42aecb328dedee42b40fd4200f973939.php 第 58 行.
INFO: Run Behavior\ParseTemplateBehavior [ RunTime:0.031001s ]
INFO: [ view_parse ] --END-- [ RunTime:0.031001s ]
INFO: [ view_filter ] --START--
INFO: Run Behavior\WriteHtmlCacheBehavior [ RunTime:0.001001s ]
INFO: [ view_filter ] --END-- [ RunTime:0.001001s ]
INFO: [ app_end ] --START--
INFO: Run Behavior\ShowPageTraceBehavior [ RunTime:0.002000s ]
INFO: [ app_end ] --END-- [ RunTime:0.002000s ]

[ 2016-11-20T07:22:17+08:00 ] ::1 /warehouse/index.php/Home/enterstock/
INFO: [ app_init ] --START--
INFO: Run Behavior\BuildLiteBehavior [ RunTime:0.000000s ]
INFO: [ app_init ] --END-- [ RunTime:0.001000s ]
INFO: [ app_begin ] --START--
INFO: Run Behavior\ReadHtmlCacheBehavior [ RunTime:0.001000s ]
INFO: [ app_begin ] --END-- [ RunTime:0.002000s ]
SQL: DESCRIBE wh_user [ RunTime:0.013001s ]
NOTIC: [2048] Declaration of Home\Model\EnterstockModel::_after_insert() should be compatible with Think\Model::_after_insert($data, $options) D:\xampp\htdocs\warehouse\Application\Home\Model\EnterstockModel.class.php 第 84 行.
SQL: DESCRIBE wh_enterstock [ RunTime:0.012001s ]
NOTIC: [2] Invalid argument supplied for foreach() D:\xampp\htdocs\warehouse\ThinkPHP\Library\Think\Db.class.php 第 429 行.
SQL: SELECT COUNT(*) AS tp_count FROM `wh_enterstock` LIMIT 1   [ RunTime:0.000000s ]
NOTIC: [2] Invalid argument supplied for foreach() D:\xampp\htdocs\warehouse\ThinkPHP\Library\Think\Db.class.php 第 429 行.
SQL: SELECT a.*,b.id AS id_user,b.username FROM wh_enterstock a INNER JOIN wh_user b ON a.user_id=b.id  ORDER BY a.enterdate desc LIMIT 0,10   [ RunTime:0.000000s ]
INFO: [ view_parse ] --START--
INFO: [ template_filter ] --START--
INFO: Run Behavior\ContentReplaceBehavior [ RunTime:0.000000s ]
INFO: [ template_filter ] --END-- [ RunTime:0.001000s ]
NOTIC: [8] Undefined variable: data_category D:\xampp\htdocs\warehouse\Application\Runtime\Cache\Home\42aecb328dedee42b40fd4200f973939.php 第 46 行.
NOTIC: [2] Invalid argument supplied for foreach() D:\xampp\htdocs\warehouse\Application\Runtime\Cache\Home\42aecb328dedee42b40fd4200f973939.php 第 46 行.
NOTIC: [8] Undefined variable: data_stockhouse D:\xampp\htdocs\warehouse\Application\Runtime\Cache\Home\42aecb328dedee42b40fd4200f973939.php 第 58 行.
NOTIC: [2] Invalid argument supplied for foreach() D:\xampp\htdocs\warehouse\Application\Runtime\Cache\Home\42aecb328dedee42b40fd4200f973939.php 第 58 行.
INFO: Run Behavior\ParseTemplateBehavior [ RunTime:0.015001s ]
INFO: [ view_parse ] --END-- [ RunTime:0.015001s ]
INFO: [ view_filter ] --START--
INFO: Run Behavior\WriteHtmlCacheBehavior [ RunTime:0.000000s ]
INFO: [ view_filter ] --END-- [ RunTime:0.001000s ]
INFO: [ app_end ] --START--
INFO: Run Behavior\ShowPageTraceBehavior [ RunTime:0.001000s ]
INFO: [ app_end ] --END-- [ RunTime:0.001000s ]

[ 2016-11-20T07:22:43+08:00 ] ::1 /warehouse/index.php/Home/enterstock/
INFO: [ app_init ] --START--
INFO: Run Behavior\BuildLiteBehavior [ RunTime:0.000000s ]
INFO: [ app_init ] --END-- [ RunTime:0.001000s ]
INFO: [ app_begin ] --START--
INFO: Run Behavior\ReadHtmlCacheBehavior [ RunTime:0.001000s ]
INFO: [ app_begin ] --END-- [ RunTime:0.001000s ]
SQL: DESCRIBE wh_user [ RunTime:0.013001s ]
NOTIC: [2048] Declaration of Home\Model\EnterstockModel::_after_insert() should be compatible with Think\Model::_after_insert($data, $options) D:\xampp\htdocs\warehouse\Application\Home\Model\EnterstockModel.class.php 第 84 行.
SQL: DESCRIBE wh_enterstock [ RunTime:0.011001s ]
NOTIC: [2] Invalid argument supplied for foreach() D:\xampp\htdocs\warehouse\ThinkPHP\Library\Think\Db.class.php 第 429 行.
SQL: SELECT COUNT(*) AS tp_count FROM `wh_enterstock` LIMIT 1   [ RunTime:0.000000s ]
NOTIC: [2] Invalid argument supplied for foreach() D:\xampp\htdocs\warehouse\ThinkPHP\Library\Think\Db.class.php 第 429 行.
SQL: SELECT a.*,b.id AS id_user,b.username FROM wh_enterstock a INNER JOIN wh_user b ON a.user_id=b.id  ORDER BY a.enterdate desc LIMIT 0,10   [ RunTime:0.000000s ]
INFO: [ view_parse ] --START--
INFO: [ template_filter ] --START--
INFO: Run Behavior\ContentReplaceBehavior [ RunTime:0.000000s ]
INFO: [ template_filter ] --END-- [ RunTime:0.000000s ]
NOTIC: [8] Undefined variable: data_category D:\xampp\htdocs\warehouse\Application\Runtime\Cache\Home\42aecb328dedee42b40fd4200f973939.php 第 46 行.
NOTIC: [2] Invalid argument supplied for foreach() D:\xampp\htdocs\warehouse\Application\Runtime\Cache\Home\42aecb328dedee42b40fd4200f973939.php 第 46 行.
NOTIC: [8] Undefined variable: data_stockhouse D:\xampp\htdocs\warehouse\Application\Runtime\Cache\Home\42aecb328dedee42b40fd4200f973939.php 第 58 行.
NOTIC: [2] Invalid argument supplied for foreach() D:\xampp\htdocs\warehouse\Application\Runtime\Cache\Home\42aecb328dedee42b40fd4200f973939.php 第 58 行.
INFO: Run Behavior\ParseTemplateBehavior [ RunTime:0.017001s ]
INFO: [ view_parse ] --END-- [ RunTime:0.017001s ]
INFO: [ view_filter ] --START--
INFO: Run Behavior\WriteHtmlCacheBehavior [ RunTime:0.001000s ]
INFO: [ view_filter ] --END-- [ RunTime:0.001000s ]
INFO: [ app_end ] --START--
INFO: Run Behavior\ShowPageTraceBehavior [ RunTime:0.001000s ]
INFO: [ app_end ] --END-- [ RunTime:0.001000s ]

[ 2016-11-20T07:23:12+08:00 ] ::1 /warehouse/index.php/Home/enterstock/
INFO: [ app_init ] --START--
INFO: Run Behavior\BuildLiteBehavior [ RunTime:0.000000s ]
INFO: [ app_init ] --END-- [ RunTime:0.001000s ]
INFO: [ app_begin ] --START--
INFO: Run Behavior\ReadHtmlCacheBehavior [ RunTime:0.002000s ]
INFO: [ app_begin ] --END-- [ RunTime:0.002000s ]
SQL: DESCRIBE wh_user [ RunTime:0.024002s ]
NOTIC: [2048] Declaration of Home\Model\EnterstockModel::_after_insert() should be compatible with Think\Model::_after_insert($data, $options) D:\xampp\htdocs\warehouse\Application\Home\Model\EnterstockModel.class.php 第 84 行.
SQL: DESCRIBE wh_enterstock [ RunTime:0.023001s ]
NOTIC: [2] Invalid argument supplied for foreach() D:\xampp\htdocs\warehouse\ThinkPHP\Library\Think\Db.class.php 第 429 行.
SQL: SELECT COUNT(*) AS tp_count FROM `wh_enterstock` LIMIT 1   [ RunTime:0.001000s ]
NOTIC: [2] Invalid argument supplied for foreach() D:\xampp\htdocs\warehouse\ThinkPHP\Library\Think\Db.class.php 第 429 行.
SQL: SELECT a.*,b.id AS id_user,b.username FROM wh_enterstock a INNER JOIN wh_user b ON a.user_id=b.id  ORDER BY a.enterdate desc LIMIT 0,10   [ RunTime:0.001000s ]
INFO: [ view_parse ] --START--
INFO: [ template_filter ] --START--
INFO: Run Behavior\ContentReplaceBehavior [ RunTime:0.000000s ]
INFO: [ template_filter ] --END-- [ RunTime:0.000000s ]
NOTIC: [8] Undefined variable: data_category D:\xampp\htdocs\warehouse\Application\Runtime\Cache\Home\42aecb328dedee42b40fd4200f973939.php 第 46 行.
NOTIC: [2] Invalid argument supplied for foreach() D:\xampp\htdocs\warehouse\Application\Runtime\Cache\Home\42aecb328dedee42b40fd4200f973939.php 第 46 行.
NOTIC: [8] Undefined variable: data_stockhouse D:\xampp\htdocs\warehouse\Application\Runtime\Cache\Home\42aecb328dedee42b40fd4200f973939.php 第 58 行.
NOTIC: [2] Invalid argument supplied for foreach() D:\xampp\htdocs\warehouse\Application\Runtime\Cache\Home\42aecb328dedee42b40fd4200f973939.php 第 58 行.
INFO: Run Behavior\ParseTemplateBehavior [ RunTime:0.041003s ]
INFO: [ view_parse ] --END-- [ RunTime:0.041003s ]
INFO: [ view_filter ] --START--
INFO: Run Behavior\WriteHtmlCacheBehavior [ RunTime:0.001000s ]
INFO: [ view_filter ] --END-- [ RunTime:0.001000s ]
INFO: [ app_end ] --START--
INFO: Run Behavior\ShowPageTraceBehavior [ RunTime:0.003000s ]
INFO: [ app_end ] --END-- [ RunTime:0.003000s ]

