[ 2016-12-12T14:19:11+08:00 ] ::1 /warehouse/index.php/Home/leavestock/index
INFO: [ app_init ] --START--
INFO: Run Behavior\BuildLiteBehavior [ RunTime:0.000000s ]
INFO: [ app_init ] --END-- [ RunTime:0.090002s ]
INFO: [ app_begin ] --START--
INFO: Run Behavior\ReadHtmlCacheBehavior [ RunTime:0.020000s ]
INFO: [ app_begin ] --END-- [ RunTime:0.020000s ]
SQL: DESCRIBE wh_user [ RunTime:0.767512s ]
NOTIC: [2048] Declaration of Home\Model\LeavestockModel::_after_insert() should be compatible with Think\Model::_after_insert($data, $options) D:\xampp\htdocs\warehouse\Application\Home\Model\LeavestockModel.class.php 第 223 行.
SQL: DESCRIBE wh_leavestock [ RunTime:0.142502s ]
NOTIC: [2] Invalid argument supplied for foreach() D:\xampp\htdocs\warehouse\ThinkPHP\Library\Think\Db.class.php 第 429 行.
SQL: SELECT COUNT(*) AS tp_count FROM `wh_leavestock` LIMIT 1   [ RunTime:0.132502s ]
NOTIC: [2] Invalid argument supplied for foreach() D:\xampp\htdocs\warehouse\ThinkPHP\Library\Think\Db.class.php 第 429 行.
SQL: SELECT a.*,b.id AS id_user,b.username FROM wh_leavestock a INNER JOIN wh_user b ON a.user_id=b.id  ORDER BY a.leavedate desc LIMIT 0,10   [ RunTime:0.032501s ]
SQL: DESCRIBE wh_type [ RunTime:0.242503s ]
SQL: SELECT * FROM `wh_type`  [ RunTime:0.000000s ]
SQL: DESCRIBE wh_category [ RunTime:0.290005s ]
SQL: SELECT * FROM `wh_category`  [ RunTime:0.000000s ]
SQL: DESCRIBE wh_stockhouse [ RunTime:0.140002s ]
SQL: SELECT * FROM `wh_stockhouse`  [ RunTime:0.000000s ]
INFO: [ view_parse ] --START--
INFO: [ template_filter ] --START--
INFO: Run Behavior\ContentReplaceBehavior [ RunTime:0.000000s ]
INFO: [ template_filter ] --END-- [ RunTime:0.000000s ]
INFO: Run Behavior\ParseTemplateBehavior [ RunTime:0.462507s ]
INFO: [ view_parse ] --END-- [ RunTime:0.462507s ]
INFO: [ view_filter ] --START--
INFO: Run Behavior\WriteHtmlCacheBehavior [ RunTime:0.092501s ]
INFO: [ view_filter ] --END-- [ RunTime:0.095001s ]
INFO: [ app_end ] --START--
INFO: Run Behavior\ShowPageTraceBehavior [ RunTime:0.100002s ]
INFO: [ app_end ] --END-- [ RunTime:0.100002s ]

[ 2016-12-12T14:20:45+08:00 ] ::1 /warehouse/index.php/Home/Leavestock/add
INFO: [ app_init ] --START--
INFO: Run Behavior\BuildLiteBehavior [ RunTime:0.000000s ]
INFO: [ app_init ] --END-- [ RunTime:0.001000s ]
INFO: [ app_begin ] --START--
INFO: Run Behavior\ReadHtmlCacheBehavior [ RunTime:0.001000s ]
INFO: [ app_begin ] --END-- [ RunTime:0.001000s ]
SQL: DESCRIBE wh_user [ RunTime:0.005000s ]
SQL: DESCRIBE wh_type [ RunTime:0.004000s ]
SQL: SELECT * FROM `wh_type`  [ RunTime:0.001001s ]
SQL: DESCRIBE wh_category [ RunTime:0.004000s ]
SQL: SELECT * FROM `wh_category`  [ RunTime:0.001000s ]
SQL: DESCRIBE wh_stockhouse [ RunTime:0.003000s ]
SQL: SELECT * FROM `wh_stockhouse`  [ RunTime:0.000000s ]
SQL: DESCRIBE wh_user [ RunTime:0.003000s ]
SQL: SELECT `id`,`username` FROM `wh_user`  [ RunTime:0.001000s ]
INFO: [ view_parse ] --START--
INFO: [ template_filter ] --START--
INFO: Run Behavior\ContentReplaceBehavior [ RunTime:0.000000s ]
INFO: [ template_filter ] --END-- [ RunTime:0.000000s ]
INFO: Run Behavior\ParseTemplateBehavior [ RunTime:0.012001s ]
INFO: [ view_parse ] --END-- [ RunTime:0.012001s ]
INFO: [ view_filter ] --START--
INFO: Run Behavior\WriteHtmlCacheBehavior [ RunTime:0.001000s ]
INFO: [ view_filter ] --END-- [ RunTime:0.001000s ]
INFO: [ app_end ] --START--
INFO: Run Behavior\ShowPageTraceBehavior [ RunTime:0.001000s ]
INFO: [ app_end ] --END-- [ RunTime:0.001000s ]

[ 2016-12-12T14:20:47+08:00 ] ::1 /warehouse/index.php/Home/Goods/getGoodsByTypeId
INFO: [ app_init ] --START--
INFO: Run Behavior\BuildLiteBehavior [ RunTime:0.000000s ]
INFO: [ app_init ] --END-- [ RunTime:0.001000s ]
INFO: [ app_begin ] --START--
INFO: Run Behavior\ReadHtmlCacheBehavior [ RunTime:0.001000s ]
INFO: [ app_begin ] --END-- [ RunTime:0.002000s ]
SQL: DESCRIBE wh_user [ RunTime:0.004001s ]
SQL: DESCRIBE wh_goods [ RunTime:0.081005s ]
SQL: SELECT `id`,`name` FROM `wh_goods` WHERE ( `type_id` = 1 )  [ RunTime:0.000000s ]

[ 2016-12-12T14:20:49+08:00 ] ::1 /warehouse/index.php/Home/stock/getQuantityStock
INFO: [ app_init ] --START--
INFO: Run Behavior\BuildLiteBehavior [ RunTime:0.000000s ]
INFO: [ app_init ] --END-- [ RunTime:0.001000s ]
INFO: [ app_begin ] --START--
INFO: Run Behavior\ReadHtmlCacheBehavior [ RunTime:0.001000s ]
INFO: [ app_begin ] --END-- [ RunTime:0.001000s ]
SQL: DESCRIBE wh_user [ RunTime:0.004000s ]
SQL: DESCRIBE wh_stock [ RunTime:0.067004s ]
SQL: SELECT `quantity_stock` FROM `wh_stock` WHERE ( stock_id=1 AND id_goods=1 ) LIMIT 1   [ RunTime:0.001000s ]

[ 2016-12-12T14:21:06+08:00 ] ::1 /warehouse/index.php/Home/Leavestock/add
INFO: [ app_init ] --START--
INFO: Run Behavior\BuildLiteBehavior [ RunTime:0.000000s ]
INFO: [ app_init ] --END-- [ RunTime:0.000000s ]
INFO: [ app_begin ] --START--
INFO: Run Behavior\ReadHtmlCacheBehavior [ RunTime:0.001000s ]
INFO: [ app_begin ] --END-- [ RunTime:0.001000s ]
SQL: DESCRIBE wh_user [ RunTime:0.004000s ]
SQL: DESCRIBE wh_type [ RunTime:0.002000s ]
SQL: SELECT * FROM `wh_type`  [ RunTime:0.000000s ]
SQL: DESCRIBE wh_category [ RunTime:0.003001s ]
SQL: SELECT * FROM `wh_category`  [ RunTime:0.001000s ]
SQL: DESCRIBE wh_stockhouse [ RunTime:0.003000s ]
SQL: SELECT * FROM `wh_stockhouse`  [ RunTime:0.000000s ]
SQL: DESCRIBE wh_user [ RunTime:0.003000s ]
SQL: SELECT `id`,`username` FROM `wh_user`  [ RunTime:0.000000s ]
INFO: [ view_parse ] --START--
INFO: [ template_filter ] --START--
INFO: Run Behavior\ContentReplaceBehavior [ RunTime:0.000000s ]
INFO: [ template_filter ] --END-- [ RunTime:0.000000s ]
INFO: Run Behavior\ParseTemplateBehavior [ RunTime:0.011001s ]
INFO: [ view_parse ] --END-- [ RunTime:0.011001s ]
INFO: [ view_filter ] --START--
INFO: Run Behavior\WriteHtmlCacheBehavior [ RunTime:0.000000s ]
INFO: [ view_filter ] --END-- [ RunTime:0.000000s ]
INFO: [ app_end ] --START--
INFO: Run Behavior\ShowPageTraceBehavior [ RunTime:0.001000s ]
INFO: [ app_end ] --END-- [ RunTime:0.001000s ]

[ 2016-12-12T14:21:08+08:00 ] ::1 /warehouse/index.php/Home/Goods/getGoodsByTypeId
INFO: [ app_init ] --START--
INFO: Run Behavior\BuildLiteBehavior [ RunTime:0.001000s ]
INFO: [ app_init ] --END-- [ RunTime:0.001000s ]
INFO: [ app_begin ] --START--
INFO: Run Behavior\ReadHtmlCacheBehavior [ RunTime:0.001000s ]
INFO: [ app_begin ] --END-- [ RunTime:0.001000s ]
SQL: DESCRIBE wh_user [ RunTime:0.003000s ]
SQL: DESCRIBE wh_goods [ RunTime:0.003000s ]
SQL: SELECT `id`,`name` FROM `wh_goods` WHERE ( `type_id` = 1 )  [ RunTime:0.001000s ]

[ 2016-12-12T14:21:10+08:00 ] ::1 /warehouse/index.php/Home/stock/getQuantityStock
INFO: [ app_init ] --START--
INFO: Run Behavior\BuildLiteBehavior [ RunTime:0.000000s ]
INFO: [ app_init ] --END-- [ RunTime:0.001000s ]
INFO: [ app_begin ] --START--
INFO: Run Behavior\ReadHtmlCacheBehavior [ RunTime:0.001000s ]
INFO: [ app_begin ] --END-- [ RunTime:0.001000s ]
SQL: DESCRIBE wh_user [ RunTime:0.003000s ]
SQL: DESCRIBE wh_stock [ RunTime:0.003000s ]
SQL: SELECT `quantity_stock` FROM `wh_stock` WHERE ( stock_id=1 AND id_goods=1 ) LIMIT 1   [ RunTime:0.001000s ]

[ 2016-12-12T14:23:14+08:00 ] ::1 /warehouse/index.php/Home/Leavestock/add
INFO: [ app_init ] --START--
INFO: Run Behavior\BuildLiteBehavior [ RunTime:0.000000s ]
INFO: [ app_init ] --END-- [ RunTime:0.001000s ]
INFO: [ app_begin ] --START--
INFO: Run Behavior\ReadHtmlCacheBehavior [ RunTime:0.001000s ]
INFO: [ app_begin ] --END-- [ RunTime:0.001000s ]
SQL: DESCRIBE wh_user [ RunTime:0.004000s ]
SQL: DESCRIBE wh_type [ RunTime:0.004000s ]
SQL: SELECT * FROM `wh_type`  [ RunTime:0.001000s ]
SQL: DESCRIBE wh_category [ RunTime:0.003000s ]
SQL: SELECT * FROM `wh_category`  [ RunTime:0.000000s ]
SQL: DESCRIBE wh_stockhouse [ RunTime:0.003000s ]
SQL: SELECT * FROM `wh_stockhouse`  [ RunTime:0.000000s ]
SQL: DESCRIBE wh_user [ RunTime:0.004000s ]
SQL: SELECT `id`,`username` FROM `wh_user`  [ RunTime:0.000000s ]
INFO: [ view_parse ] --START--
INFO: [ template_filter ] --START--
INFO: Run Behavior\ContentReplaceBehavior [ RunTime:0.000000s ]
INFO: [ template_filter ] --END-- [ RunTime:0.000000s ]
INFO: Run Behavior\ParseTemplateBehavior [ RunTime:0.015001s ]
INFO: [ view_parse ] --END-- [ RunTime:0.015001s ]
INFO: [ view_filter ] --START--
INFO: Run Behavior\WriteHtmlCacheBehavior [ RunTime:0.000000s ]
INFO: [ view_filter ] --END-- [ RunTime:0.001000s ]
INFO: [ app_end ] --START--
INFO: Run Behavior\ShowPageTraceBehavior [ RunTime:0.001000s ]
INFO: [ app_end ] --END-- [ RunTime:0.001000s ]

[ 2016-12-12T14:23:16+08:00 ] ::1 /warehouse/index.php/Home/Goods/getGoodsByTypeId
INFO: [ app_init ] --START--
INFO: Run Behavior\BuildLiteBehavior [ RunTime:0.000000s ]
INFO: [ app_init ] --END-- [ RunTime:0.000000s ]
INFO: [ app_begin ] --START--
INFO: Run Behavior\ReadHtmlCacheBehavior [ RunTime:0.001000s ]
INFO: [ app_begin ] --END-- [ RunTime:0.001000s ]
SQL: DESCRIBE wh_user [ RunTime:0.004000s ]
SQL: DESCRIBE wh_goods [ RunTime:0.003000s ]
SQL: SELECT `id`,`name` FROM `wh_goods` WHERE ( `type_id` = 1 )  [ RunTime:0.000000s ]

[ 2016-12-12T14:23:18+08:00 ] ::1 /warehouse/index.php/Home/stock/getQuantityStock
INFO: [ app_init ] --START--
INFO: Run Behavior\BuildLiteBehavior [ RunTime:0.000000s ]
INFO: [ app_init ] --END-- [ RunTime:0.001000s ]
INFO: [ app_begin ] --START--
INFO: Run Behavior\ReadHtmlCacheBehavior [ RunTime:0.001000s ]
INFO: [ app_begin ] --END-- [ RunTime:0.001000s ]
SQL: DESCRIBE wh_user [ RunTime:0.004000s ]
SQL: DESCRIBE wh_stock [ RunTime:0.004000s ]
SQL: SELECT `quantity_stock` FROM `wh_stock` WHERE ( stock_id=1 AND id_goods=1 ) LIMIT 1   [ RunTime:0.001000s ]

[ 2016-12-12T14:24:03+08:00 ] ::1 /warehouse/index.php/Home/Leavestock/add
INFO: [ app_init ] --START--
INFO: Run Behavior\BuildLiteBehavior [ RunTime:0.000000s ]
INFO: [ app_init ] --END-- [ RunTime:0.001000s ]
INFO: [ app_begin ] --START--
INFO: Run Behavior\ReadHtmlCacheBehavior [ RunTime:0.001000s ]
INFO: [ app_begin ] --END-- [ RunTime:0.001000s ]
SQL: DESCRIBE wh_user [ RunTime:0.004000s ]
SQL: DESCRIBE wh_type [ RunTime:0.004000s ]
SQL: SELECT * FROM `wh_type`  [ RunTime:0.001000s ]
SQL: DESCRIBE wh_category [ RunTime:0.005001s ]
SQL: SELECT * FROM `wh_category`  [ RunTime:0.001000s ]
SQL: DESCRIBE wh_stockhouse [ RunTime:0.003000s ]
SQL: SELECT * FROM `wh_stockhouse`  [ RunTime:0.001000s ]
SQL: DESCRIBE wh_user [ RunTime:0.004000s ]
SQL: SELECT `id`,`username` FROM `wh_user`  [ RunTime:0.000000s ]
INFO: [ view_parse ] --START--
INFO: [ template_filter ] --START--
INFO: Run Behavior\ContentReplaceBehavior [ RunTime:0.000000s ]
INFO: [ template_filter ] --END-- [ RunTime:0.000000s ]
INFO: Run Behavior\ParseTemplateBehavior [ RunTime:0.014001s ]
INFO: [ view_parse ] --END-- [ RunTime:0.014001s ]
INFO: [ view_filter ] --START--
INFO: Run Behavior\WriteHtmlCacheBehavior [ RunTime:0.001000s ]
INFO: [ view_filter ] --END-- [ RunTime:0.001000s ]
INFO: [ app_end ] --START--
INFO: Run Behavior\ShowPageTraceBehavior [ RunTime:0.002000s ]
INFO: [ app_end ] --END-- [ RunTime:0.002000s ]

[ 2016-12-12T14:24:07+08:00 ] ::1 /warehouse/index.php/Home/Goods/getGoodsByTypeId
INFO: [ app_init ] --START--
INFO: Run Behavior\BuildLiteBehavior [ RunTime:0.000000s ]
INFO: [ app_init ] --END-- [ RunTime:0.001000s ]
INFO: [ app_begin ] --START--
INFO: Run Behavior\ReadHtmlCacheBehavior [ RunTime:0.001000s ]
INFO: [ app_begin ] --END-- [ RunTime:0.001000s ]
SQL: DESCRIBE wh_user [ RunTime:0.004000s ]
SQL: DESCRIBE wh_goods [ RunTime:0.003000s ]
SQL: SELECT `id`,`name` FROM `wh_goods` WHERE ( `type_id` = 1 )  [ RunTime:0.000000s ]

[ 2016-12-12T14:24:09+08:00 ] ::1 /warehouse/index.php/Home/stock/getQuantityStock
INFO: [ app_init ] --START--
INFO: Run Behavior\BuildLiteBehavior [ RunTime:0.000000s ]
INFO: [ app_init ] --END-- [ RunTime:0.000000s ]
INFO: [ app_begin ] --START--
INFO: Run Behavior\ReadHtmlCacheBehavior [ RunTime:0.001001s ]
INFO: [ app_begin ] --END-- [ RunTime:0.001001s ]
SQL: DESCRIBE wh_user [ RunTime:0.003000s ]
SQL: DESCRIBE wh_stock [ RunTime:0.004000s ]
SQL: SELECT `quantity_stock` FROM `wh_stock` WHERE ( stock_id=1 AND id_goods=1 ) LIMIT 1   [ RunTime:0.001000s ]

[ 2016-12-12T14:25:46+08:00 ] ::1 /warehouse/index.php/Home/Leavestock/add
INFO: [ app_init ] --START--
INFO: Run Behavior\BuildLiteBehavior [ RunTime:0.000000s ]
INFO: [ app_init ] --END-- [ RunTime:0.001000s ]
INFO: [ app_begin ] --START--
INFO: Run Behavior\ReadHtmlCacheBehavior [ RunTime:0.001000s ]
INFO: [ app_begin ] --END-- [ RunTime:0.001000s ]
SQL: DESCRIBE wh_user [ RunTime:0.004001s ]
SQL: DESCRIBE wh_type [ RunTime:0.003000s ]
SQL: SELECT * FROM `wh_type`  [ RunTime:0.000000s ]
SQL: DESCRIBE wh_category [ RunTime:0.005000s ]
SQL: SELECT * FROM `wh_category`  [ RunTime:0.000000s ]
SQL: DESCRIBE wh_stockhouse [ RunTime:0.003001s ]
SQL: SELECT * FROM `wh_stockhouse`  [ RunTime:0.001000s ]
SQL: DESCRIBE wh_user [ RunTime:0.003000s ]
SQL: SELECT `id`,`username` FROM `wh_user`  [ RunTime:0.000000s ]
INFO: [ view_parse ] --START--
INFO: [ template_filter ] --START--
INFO: Run Behavior\ContentReplaceBehavior [ RunTime:0.000000s ]
INFO: [ template_filter ] --END-- [ RunTime:0.000000s ]
INFO: Run Behavior\ParseTemplateBehavior [ RunTime:0.015001s ]
INFO: [ view_parse ] --END-- [ RunTime:0.016001s ]
INFO: [ view_filter ] --START--
INFO: Run Behavior\WriteHtmlCacheBehavior [ RunTime:0.001000s ]
INFO: [ view_filter ] --END-- [ RunTime:0.001000s ]
INFO: [ app_end ] --START--
INFO: Run Behavior\ShowPageTraceBehavior [ RunTime:0.001000s ]
INFO: [ app_end ] --END-- [ RunTime:0.001000s ]

[ 2016-12-12T14:25:48+08:00 ] ::1 /warehouse/index.php/Home/Goods/getGoodsByTypeId
INFO: [ app_init ] --START--
INFO: Run Behavior\BuildLiteBehavior [ RunTime:0.000000s ]
INFO: [ app_init ] --END-- [ RunTime:0.001001s ]
INFO: [ app_begin ] --START--
INFO: Run Behavior\ReadHtmlCacheBehavior [ RunTime:0.001000s ]
INFO: [ app_begin ] --END-- [ RunTime:0.001000s ]
SQL: DESCRIBE wh_user [ RunTime:0.004000s ]
SQL: DESCRIBE wh_goods [ RunTime:0.004001s ]
SQL: SELECT `id`,`name` FROM `wh_goods` WHERE ( `type_id` = 1 )  [ RunTime:0.001000s ]

[ 2016-12-12T14:25:50+08:00 ] ::1 /warehouse/index.php/Home/stock/getQuantityStock
INFO: [ app_init ] --START--
INFO: Run Behavior\BuildLiteBehavior [ RunTime:0.000000s ]
INFO: [ app_init ] --END-- [ RunTime:0.001000s ]
INFO: [ app_begin ] --START--
INFO: Run Behavior\ReadHtmlCacheBehavior [ RunTime:0.000000s ]
INFO: [ app_begin ] --END-- [ RunTime:0.001000s ]
SQL: DESCRIBE wh_user [ RunTime:0.004001s ]
SQL: DESCRIBE wh_stock [ RunTime:0.003000s ]
SQL: SELECT `quantity_stock` FROM `wh_stock` WHERE ( stock_id=1 AND id_goods=1 ) LIMIT 1   [ RunTime:0.001000s ]

[ 2016-12-12T14:26:20+08:00 ] ::1 /warehouse/index.php/Home/Leavestock/add
INFO: [ app_init ] --START--
INFO: Run Behavior\BuildLiteBehavior [ RunTime:0.000000s ]
INFO: [ app_init ] --END-- [ RunTime:0.000000s ]
INFO: [ app_begin ] --START--
INFO: Run Behavior\ReadHtmlCacheBehavior [ RunTime:0.001000s ]
INFO: [ app_begin ] --END-- [ RunTime:0.001000s ]
SQL: DESCRIBE wh_user [ RunTime:0.003000s ]
SQL: DESCRIBE wh_type [ RunTime:0.003000s ]
SQL: SELECT * FROM `wh_type`  [ RunTime:0.001000s ]
SQL: DESCRIBE wh_category [ RunTime:0.003001s ]
SQL: SELECT * FROM `wh_category`  [ RunTime:0.000000s ]
SQL: DESCRIBE wh_stockhouse [ RunTime:0.003000s ]
SQL: SELECT * FROM `wh_stockhouse`  [ RunTime:0.001000s ]
SQL: DESCRIBE wh_user [ RunTime:0.004000s ]
SQL: SELECT `id`,`username` FROM `wh_user`  [ RunTime:0.000000s ]
INFO: [ view_parse ] --START--
INFO: [ template_filter ] --START--
INFO: Run Behavior\ContentReplaceBehavior [ RunTime:0.000000s ]
INFO: [ template_filter ] --END-- [ RunTime:0.000000s ]
INFO: Run Behavior\ParseTemplateBehavior [ RunTime:0.012001s ]
INFO: [ view_parse ] --END-- [ RunTime:0.012001s ]
INFO: [ view_filter ] --START--
INFO: Run Behavior\WriteHtmlCacheBehavior [ RunTime:0.001000s ]
INFO: [ view_filter ] --END-- [ RunTime:0.001000s ]
INFO: [ app_end ] --START--
INFO: Run Behavior\ShowPageTraceBehavior [ RunTime:0.001000s ]
INFO: [ app_end ] --END-- [ RunTime:0.001000s ]

[ 2016-12-12T14:26:23+08:00 ] ::1 /warehouse/index.php/Home/Goods/getGoodsByTypeId
INFO: [ app_init ] --START--
INFO: Run Behavior\BuildLiteBehavior [ RunTime:0.000000s ]
INFO: [ app_init ] --END-- [ RunTime:0.002000s ]
INFO: [ app_begin ] --START--
INFO: Run Behavior\ReadHtmlCacheBehavior [ RunTime:0.002001s ]
INFO: [ app_begin ] --END-- [ RunTime:0.002001s ]
SQL: DESCRIBE wh_user [ RunTime:0.003000s ]
SQL: DESCRIBE wh_goods [ RunTime:0.005000s ]
SQL: SELECT `id`,`name` FROM `wh_goods` WHERE ( `type_id` = 1 )  [ RunTime:0.001000s ]

[ 2016-12-12T14:26:25+08:00 ] ::1 /warehouse/index.php/Home/stock/getQuantityStock
INFO: [ app_init ] --START--
INFO: Run Behavior\BuildLiteBehavior [ RunTime:0.000000s ]
INFO: [ app_init ] --END-- [ RunTime:0.001000s ]
INFO: [ app_begin ] --START--
INFO: Run Behavior\ReadHtmlCacheBehavior [ RunTime:0.001000s ]
INFO: [ app_begin ] --END-- [ RunTime:0.001000s ]
SQL: DESCRIBE wh_user [ RunTime:0.003001s ]
SQL: DESCRIBE wh_stock [ RunTime:0.003000s ]
SQL: SELECT `quantity_stock` FROM `wh_stock` WHERE ( stock_id=1 AND id_goods=1 ) LIMIT 1   [ RunTime:0.001000s ]

[ 2016-12-12T14:27:00+08:00 ] ::1 /warehouse/index.php/Home/Leavestock/add
INFO: [ app_init ] --START--
INFO: Run Behavior\BuildLiteBehavior [ RunTime:0.000000s ]
INFO: [ app_init ] --END-- [ RunTime:0.002001s ]
INFO: [ app_begin ] --START--
INFO: Run Behavior\ReadHtmlCacheBehavior [ RunTime:0.002000s ]
INFO: [ app_begin ] --END-- [ RunTime:0.002000s ]
SQL: DESCRIBE wh_user [ RunTime:0.004000s ]
SQL: DESCRIBE wh_type [ RunTime:0.003000s ]
SQL: SELECT * FROM `wh_type`  [ RunTime:0.000000s ]
SQL: DESCRIBE wh_category [ RunTime:0.004000s ]
SQL: SELECT * FROM `wh_category`  [ RunTime:0.001000s ]
SQL: DESCRIBE wh_stockhouse [ RunTime:0.004000s ]
SQL: SELECT * FROM `wh_stockhouse`  [ RunTime:0.001000s ]
SQL: DESCRIBE wh_user [ RunTime:0.003001s ]
SQL: SELECT `id`,`username` FROM `wh_user`  [ RunTime:0.001000s ]
INFO: [ view_parse ] --START--
INFO: [ template_filter ] --START--
INFO: Run Behavior\ContentReplaceBehavior [ RunTime:0.000000s ]
INFO: [ template_filter ] --END-- [ RunTime:0.000000s ]
INFO: Run Behavior\ParseTemplateBehavior [ RunTime:0.012000s ]
INFO: [ view_parse ] --END-- [ RunTime:0.012000s ]
INFO: [ view_filter ] --START--
INFO: Run Behavior\WriteHtmlCacheBehavior [ RunTime:0.001000s ]
INFO: [ view_filter ] --END-- [ RunTime:0.001000s ]
INFO: [ app_end ] --START--
INFO: Run Behavior\ShowPageTraceBehavior [ RunTime:0.001001s ]
INFO: [ app_end ] --END-- [ RunTime:0.001001s ]

[ 2016-12-12T14:27:03+08:00 ] ::1 /warehouse/index.php/Home/Goods/getGoodsByTypeId
INFO: [ app_init ] --START--
INFO: Run Behavior\BuildLiteBehavior [ RunTime:0.000000s ]
INFO: [ app_init ] --END-- [ RunTime:0.001000s ]
INFO: [ app_begin ] --START--
INFO: Run Behavior\ReadHtmlCacheBehavior [ RunTime:0.001000s ]
INFO: [ app_begin ] --END-- [ RunTime:0.001000s ]
SQL: DESCRIBE wh_user [ RunTime:0.003001s ]
SQL: DESCRIBE wh_goods [ RunTime:0.004000s ]
SQL: SELECT `id`,`name` FROM `wh_goods` WHERE ( `type_id` = 1 )  [ RunTime:0.001000s ]

[ 2016-12-12T14:27:06+08:00 ] ::1 /warehouse/index.php/Home/stock/getQuantityStock
INFO: [ app_init ] --START--
INFO: Run Behavior\BuildLiteBehavior [ RunTime:0.000000s ]
INFO: [ app_init ] --END-- [ RunTime:0.001000s ]
INFO: [ app_begin ] --START--
INFO: Run Behavior\ReadHtmlCacheBehavior [ RunTime:0.001000s ]
INFO: [ app_begin ] --END-- [ RunTime:0.001000s ]
SQL: DESCRIBE wh_user [ RunTime:0.005000s ]
SQL: DESCRIBE wh_stock [ RunTime:0.006001s ]
SQL: SELECT `quantity_stock` FROM `wh_stock` WHERE ( stock_id=1 AND id_goods=1 ) LIMIT 1   [ RunTime:0.001000s ]

[ 2016-12-12T14:28:03+08:00 ] ::1 /warehouse/index.php/Home/Leavestock/add
INFO: [ app_init ] --START--
INFO: Run Behavior\BuildLiteBehavior [ RunTime:0.000000s ]
INFO: [ app_init ] --END-- [ RunTime:0.001000s ]
INFO: [ app_begin ] --START--
INFO: Run Behavior\ReadHtmlCacheBehavior [ RunTime:0.001000s ]
INFO: [ app_begin ] --END-- [ RunTime:0.001000s ]
SQL: DESCRIBE wh_user [ RunTime:0.005000s ]
SQL: DESCRIBE wh_type [ RunTime:0.003001s ]
SQL: SELECT * FROM `wh_type`  [ RunTime:0.000000s ]
SQL: DESCRIBE wh_category [ RunTime:0.003000s ]
SQL: SELECT * FROM `wh_category`  [ RunTime:0.000000s ]
SQL: DESCRIBE wh_stockhouse [ RunTime:0.004000s ]
SQL: SELECT * FROM `wh_stockhouse`  [ RunTime:0.001000s ]
SQL: DESCRIBE wh_user [ RunTime:0.003000s ]
SQL: SELECT `id`,`username` FROM `wh_user`  [ RunTime:0.000000s ]
INFO: [ view_parse ] --START--
INFO: [ template_filter ] --START--
INFO: Run Behavior\ContentReplaceBehavior [ RunTime:0.001000s ]
INFO: [ template_filter ] --END-- [ RunTime:0.001000s ]
INFO: Run Behavior\ParseTemplateBehavior [ RunTime:0.012000s ]
INFO: [ view_parse ] --END-- [ RunTime:0.012000s ]
INFO: [ view_filter ] --START--
INFO: Run Behavior\WriteHtmlCacheBehavior [ RunTime:0.001000s ]
INFO: [ view_filter ] --END-- [ RunTime:0.001000s ]
INFO: [ app_end ] --START--
INFO: Run Behavior\ShowPageTraceBehavior [ RunTime:0.001000s ]
INFO: [ app_end ] --END-- [ RunTime:0.002000s ]

[ 2016-12-12T14:28:05+08:00 ] ::1 /warehouse/index.php/Home/Goods/getGoodsByTypeId
INFO: [ app_init ] --START--
INFO: Run Behavior\BuildLiteBehavior [ RunTime:0.000000s ]
INFO: [ app_init ] --END-- [ RunTime:0.001000s ]
INFO: [ app_begin ] --START--
INFO: Run Behavior\ReadHtmlCacheBehavior [ RunTime:0.002001s ]
INFO: [ app_begin ] --END-- [ RunTime:0.003001s ]
SQL: DESCRIBE wh_user [ RunTime:0.003001s ]
SQL: DESCRIBE wh_goods [ RunTime:0.003000s ]
SQL: SELECT `id`,`name` FROM `wh_goods` WHERE ( `type_id` = 1 )  [ RunTime:0.000000s ]

[ 2016-12-12T14:28:08+08:00 ] ::1 /warehouse/index.php/Home/stock/getQuantityStock
INFO: [ app_init ] --START--
INFO: Run Behavior\BuildLiteBehavior [ RunTime:0.000000s ]
INFO: [ app_init ] --END-- [ RunTime:0.001000s ]
INFO: [ app_begin ] --START--
INFO: Run Behavior\ReadHtmlCacheBehavior [ RunTime:0.001000s ]
INFO: [ app_begin ] --END-- [ RunTime:0.001000s ]
SQL: DESCRIBE wh_user [ RunTime:0.003000s ]
SQL: DESCRIBE wh_stock [ RunTime:0.004000s ]
SQL: SELECT `quantity_stock` FROM `wh_stock` WHERE ( stock_id=1 AND id_goods=1 ) LIMIT 1   [ RunTime:0.001000s ]

[ 2016-12-12T14:28:29+08:00 ] ::1 /warehouse/index.php/Home/Leavestock/add
INFO: [ app_init ] --START--
INFO: Run Behavior\BuildLiteBehavior [ RunTime:0.000000s ]
INFO: [ app_init ] --END-- [ RunTime:0.001000s ]
INFO: [ app_begin ] --START--
INFO: Run Behavior\ReadHtmlCacheBehavior [ RunTime:0.001000s ]
INFO: [ app_begin ] --END-- [ RunTime:0.001000s ]
SQL: DESCRIBE wh_user [ RunTime:0.003000s ]
SQL: DESCRIBE wh_type [ RunTime:0.005000s ]
SQL: SELECT * FROM `wh_type`  [ RunTime:0.001000s ]
SQL: DESCRIBE wh_category [ RunTime:0.003001s ]
SQL: SELECT * FROM `wh_category`  [ RunTime:0.000000s ]
SQL: DESCRIBE wh_stockhouse [ RunTime:0.004000s ]
SQL: SELECT * FROM `wh_stockhouse`  [ RunTime:0.001000s ]
SQL: DESCRIBE wh_user [ RunTime:0.003000s ]
SQL: SELECT `id`,`username` FROM `wh_user`  [ RunTime:0.000000s ]
INFO: [ view_parse ] --START--
INFO: [ template_filter ] --START--
INFO: Run Behavior\ContentReplaceBehavior [ RunTime:0.000000s ]
INFO: [ template_filter ] --END-- [ RunTime:0.000000s ]
INFO: Run Behavior\ParseTemplateBehavior [ RunTime:0.012001s ]
INFO: [ view_parse ] --END-- [ RunTime:0.013001s ]
INFO: [ view_filter ] --START--
INFO: Run Behavior\WriteHtmlCacheBehavior [ RunTime:0.001000s ]
INFO: [ view_filter ] --END-- [ RunTime:0.001000s ]
INFO: [ app_end ] --START--
INFO: Run Behavior\ShowPageTraceBehavior [ RunTime:0.001000s ]
INFO: [ app_end ] --END-- [ RunTime:0.001000s ]

[ 2016-12-12T14:28:31+08:00 ] ::1 /warehouse/index.php/Home/Goods/getGoodsByTypeId
INFO: [ app_init ] --START--
INFO: Run Behavior\BuildLiteBehavior [ RunTime:0.000000s ]
INFO: [ app_init ] --END-- [ RunTime:0.001000s ]
INFO: [ app_begin ] --START--
INFO: Run Behavior\ReadHtmlCacheBehavior [ RunTime:0.001000s ]
INFO: [ app_begin ] --END-- [ RunTime:0.001000s ]
SQL: DESCRIBE wh_user [ RunTime:0.003000s ]
SQL: DESCRIBE wh_goods [ RunTime:0.003001s ]
SQL: SELECT `id`,`name` FROM `wh_goods` WHERE ( `type_id` = 1 )  [ RunTime:0.000000s ]

[ 2016-12-12T14:28:33+08:00 ] ::1 /warehouse/index.php/Home/stock/getQuantityStock
INFO: [ app_init ] --START--
INFO: Run Behavior\BuildLiteBehavior [ RunTime:0.000000s ]
INFO: [ app_init ] --END-- [ RunTime:0.001000s ]
INFO: [ app_begin ] --START--
INFO: Run Behavior\ReadHtmlCacheBehavior [ RunTime:0.001000s ]
INFO: [ app_begin ] --END-- [ RunTime:0.001000s ]
SQL: DESCRIBE wh_user [ RunTime:0.003000s ]
SQL: DESCRIBE wh_stock [ RunTime:0.003000s ]
SQL: SELECT `quantity_stock` FROM `wh_stock` WHERE ( stock_id=1 AND id_goods=1 ) LIMIT 1   [ RunTime:0.001000s ]

[ 2016-12-12T14:29:09+08:00 ] ::1 /warehouse/index.php/Home/Leavestock/add
INFO: [ app_init ] --START--
INFO: Run Behavior\BuildLiteBehavior [ RunTime:0.000000s ]
INFO: [ app_init ] --END-- [ RunTime:0.000000s ]
INFO: [ app_begin ] --START--
INFO: Run Behavior\ReadHtmlCacheBehavior [ RunTime:0.000000s ]
INFO: [ app_begin ] --END-- [ RunTime:0.001000s ]
SQL: DESCRIBE wh_user [ RunTime:0.003000s ]
SQL: DESCRIBE wh_type [ RunTime:0.003001s ]
SQL: SELECT * FROM `wh_type`  [ RunTime:0.001000s ]
SQL: DESCRIBE wh_category [ RunTime:0.004000s ]
SQL: SELECT * FROM `wh_category`  [ RunTime:0.000000s ]
SQL: DESCRIBE wh_stockhouse [ RunTime:0.003000s ]
SQL: SELECT * FROM `wh_stockhouse`  [ RunTime:0.001000s ]
SQL: DESCRIBE wh_user [ RunTime:0.003000s ]
SQL: SELECT `id`,`username` FROM `wh_user`  [ RunTime:0.000000s ]
INFO: [ view_parse ] --START--
INFO: [ template_filter ] --START--
INFO: Run Behavior\ContentReplaceBehavior [ RunTime:0.000000s ]
INFO: [ template_filter ] --END-- [ RunTime:0.001000s ]
INFO: Run Behavior\ParseTemplateBehavior [ RunTime:0.012000s ]
INFO: [ view_parse ] --END-- [ RunTime:0.012000s ]
INFO: [ view_filter ] --START--
INFO: Run Behavior\WriteHtmlCacheBehavior [ RunTime:0.001000s ]
INFO: [ view_filter ] --END-- [ RunTime:0.001000s ]
INFO: [ app_end ] --START--
INFO: Run Behavior\ShowPageTraceBehavior [ RunTime:0.001000s ]
INFO: [ app_end ] --END-- [ RunTime:0.001000s ]

[ 2016-12-12T14:29:22+08:00 ] ::1 /warehouse/index.php/Home/Goods/getGoodsByTypeId
INFO: [ app_init ] --START--
INFO: Run Behavior\BuildLiteBehavior [ RunTime:0.000000s ]
INFO: [ app_init ] --END-- [ RunTime:0.001000s ]
INFO: [ app_begin ] --START--
INFO: Run Behavior\ReadHtmlCacheBehavior [ RunTime:0.001000s ]
INFO: [ app_begin ] --END-- [ RunTime:0.001000s ]
SQL: DESCRIBE wh_user [ RunTime:0.003000s ]
SQL: DESCRIBE wh_goods [ RunTime:0.004001s ]
SQL: SELECT `id`,`name` FROM `wh_goods` WHERE ( `type_id` = 1 )  [ RunTime:0.000000s ]

[ 2016-12-12T14:51:34+08:00 ] ::1 /warehouse/index.php/Home/Leavestock/add
INFO: [ app_init ] --START--
INFO: Run Behavior\BuildLiteBehavior [ RunTime:0.000000s ]
INFO: [ app_init ] --END-- [ RunTime:0.000000s ]
INFO: [ app_begin ] --START--
INFO: Run Behavior\ReadHtmlCacheBehavior [ RunTime:0.000000s ]
INFO: [ app_begin ] --END-- [ RunTime:0.001000s ]
SQL: DESCRIBE wh_user [ RunTime:0.003000s ]
SQL: DESCRIBE wh_type [ RunTime:0.003001s ]
SQL: SELECT * FROM `wh_type`  [ RunTime:0.000000s ]
SQL: DESCRIBE wh_category [ RunTime:0.003000s ]
SQL: SELECT * FROM `wh_category`  [ RunTime:0.000000s ]
SQL: DESCRIBE wh_stockhouse [ RunTime:0.003000s ]
SQL: SELECT * FROM `wh_stockhouse`  [ RunTime:0.000000s ]
SQL: DESCRIBE wh_user [ RunTime:0.004001s ]
SQL: SELECT `id`,`username` FROM `wh_user`  [ RunTime:0.001000s ]
INFO: [ view_parse ] --START--
INFO: [ template_filter ] --START--
INFO: Run Behavior\ContentReplaceBehavior [ RunTime:0.000000s ]
INFO: [ template_filter ] --END-- [ RunTime:0.001000s ]
INFO: Run Behavior\ParseTemplateBehavior [ RunTime:0.012000s ]
INFO: [ view_parse ] --END-- [ RunTime:0.014000s ]
INFO: [ view_filter ] --START--
INFO: Run Behavior\WriteHtmlCacheBehavior [ RunTime:0.001001s ]
INFO: [ view_filter ] --END-- [ RunTime:0.001001s ]
INFO: [ app_end ] --START--
INFO: Run Behavior\ShowPageTraceBehavior [ RunTime:0.002000s ]
INFO: [ app_end ] --END-- [ RunTime:0.002000s ]

[ 2016-12-12T14:52:02+08:00 ] ::1 /warehouse/index.php/Home/Goods/getGoodsByTypeId
INFO: [ app_init ] --START--
INFO: Run Behavior\BuildLiteBehavior [ RunTime:0.000000s ]
INFO: [ app_init ] --END-- [ RunTime:0.001000s ]
INFO: [ app_begin ] --START--
INFO: Run Behavior\ReadHtmlCacheBehavior [ RunTime:0.002000s ]
INFO: [ app_begin ] --END-- [ RunTime:0.002000s ]
SQL: DESCRIBE wh_user [ RunTime:0.005000s ]
SQL: DESCRIBE wh_goods [ RunTime:0.004000s ]
SQL: SELECT `id`,`name` FROM `wh_goods` WHERE ( `type_id` = 1 )  [ RunTime:0.001000s ]

[ 2016-12-12T14:52:05+08:00 ] ::1 /warehouse/index.php/Home/stock/getQuantityStock
INFO: [ app_init ] --START--
INFO: Run Behavior\BuildLiteBehavior [ RunTime:0.000000s ]
INFO: [ app_init ] --END-- [ RunTime:0.001000s ]
INFO: [ app_begin ] --START--
INFO: Run Behavior\ReadHtmlCacheBehavior [ RunTime:0.001000s ]
INFO: [ app_begin ] --END-- [ RunTime:0.001000s ]
SQL: DESCRIBE wh_user [ RunTime:0.003000s ]
SQL: DESCRIBE wh_stock [ RunTime:0.004000s ]
SQL: SELECT `quantity_stock` FROM `wh_stock` WHERE ( stock_id=1 AND id_goods=1 ) LIMIT 1   [ RunTime:0.000000s ]

[ 2016-12-12T14:52:41+08:00 ] ::1 /warehouse/index.php/Home/Leavestock/add
INFO: [ app_init ] --START--
INFO: Run Behavior\BuildLiteBehavior [ RunTime:0.000000s ]
INFO: [ app_init ] --END-- [ RunTime:0.001000s ]
INFO: [ app_begin ] --START--
INFO: Run Behavior\ReadHtmlCacheBehavior [ RunTime:0.001000s ]
INFO: [ app_begin ] --END-- [ RunTime:0.001000s ]
SQL: DESCRIBE wh_user [ RunTime:0.003001s ]
SQL: DESCRIBE wh_type [ RunTime:0.003000s ]
SQL: SELECT * FROM `wh_type`  [ RunTime:0.001000s ]
SQL: DESCRIBE wh_category [ RunTime:0.003000s ]
SQL: SELECT * FROM `wh_category`  [ RunTime:0.000000s ]
SQL: DESCRIBE wh_stockhouse [ RunTime:0.003000s ]
SQL: SELECT * FROM `wh_stockhouse`  [ RunTime:0.001001s ]
SQL: DESCRIBE wh_user [ RunTime:0.003000s ]
SQL: SELECT `id`,`username` FROM `wh_user`  [ RunTime:0.000000s ]
INFO: [ view_parse ] --START--
INFO: [ template_filter ] --START--
INFO: Run Behavior\ContentReplaceBehavior [ RunTime:0.000000s ]
INFO: [ template_filter ] --END-- [ RunTime:0.000000s ]
INFO: Run Behavior\ParseTemplateBehavior [ RunTime:0.012000s ]
INFO: [ view_parse ] --END-- [ RunTime:0.012000s ]
INFO: [ view_filter ] --START--
INFO: Run Behavior\WriteHtmlCacheBehavior [ RunTime:0.001001s ]
INFO: [ view_filter ] --END-- [ RunTime:0.001001s ]
INFO: [ app_end ] --START--
INFO: Run Behavior\ShowPageTraceBehavior [ RunTime:0.001000s ]
INFO: [ app_end ] --END-- [ RunTime:0.001000s ]

[ 2016-12-12T14:52:43+08:00 ] ::1 /warehouse/index.php/Home/Goods/getGoodsByTypeId
INFO: [ app_init ] --START--
INFO: Run Behavior\BuildLiteBehavior [ RunTime:0.000000s ]
INFO: [ app_init ] --END-- [ RunTime:0.001000s ]
INFO: [ app_begin ] --START--
INFO: Run Behavior\ReadHtmlCacheBehavior [ RunTime:0.000000s ]
INFO: [ app_begin ] --END-- [ RunTime:0.000000s ]
SQL: DESCRIBE wh_user [ RunTime:0.003000s ]
SQL: DESCRIBE wh_goods [ RunTime:0.003000s ]
SQL: SELECT `id`,`name` FROM `wh_goods` WHERE ( `type_id` = 1 )  [ RunTime:0.001000s ]

[ 2016-12-12T14:52:45+08:00 ] ::1 /warehouse/index.php/Home/stock/getQuantityStock
INFO: [ app_init ] --START--
INFO: Run Behavior\BuildLiteBehavior [ RunTime:0.000000s ]
INFO: [ app_init ] --END-- [ RunTime:0.001000s ]
INFO: [ app_begin ] --START--
INFO: Run Behavior\ReadHtmlCacheBehavior [ RunTime:0.001000s ]
INFO: [ app_begin ] --END-- [ RunTime:0.001000s ]
SQL: DESCRIBE wh_user [ RunTime:0.004000s ]
SQL: DESCRIBE wh_stock [ RunTime:0.004000s ]
SQL: SELECT `quantity_stock` FROM `wh_stock` WHERE ( stock_id=2 AND id_goods=1 ) LIMIT 1   [ RunTime:0.001000s ]

[ 2016-12-12T14:52:48+08:00 ] ::1 /warehouse/index.php/Home/stock/getQuantityStock
INFO: [ app_init ] --START--
INFO: Run Behavior\BuildLiteBehavior [ RunTime:0.000000s ]
INFO: [ app_init ] --END-- [ RunTime:0.001000s ]
INFO: [ app_begin ] --START--
INFO: Run Behavior\ReadHtmlCacheBehavior [ RunTime:0.001000s ]
INFO: [ app_begin ] --END-- [ RunTime:0.001000s ]
SQL: DESCRIBE wh_user [ RunTime:0.004000s ]
SQL: DESCRIBE wh_stock [ RunTime:0.004001s ]
SQL: SELECT `quantity_stock` FROM `wh_stock` WHERE ( stock_id=1 AND id_goods=1 ) LIMIT 1   [ RunTime:0.001000s ]

[ 2016-12-12T14:53:29+08:00 ] ::1 /warehouse/index.php/Home/Leavestock/add
INFO: [ app_init ] --START--
INFO: Run Behavior\BuildLiteBehavior [ RunTime:0.001001s ]
INFO: [ app_init ] --END-- [ RunTime:0.001001s ]
INFO: [ app_begin ] --START--
INFO: Run Behavior\ReadHtmlCacheBehavior [ RunTime:0.001000s ]
INFO: [ app_begin ] --END-- [ RunTime:0.001000s ]
SQL: DESCRIBE wh_user [ RunTime:0.005000s ]
SQL: DESCRIBE wh_type [ RunTime:0.005000s ]
SQL: SELECT * FROM `wh_type`  [ RunTime:0.001000s ]
SQL: DESCRIBE wh_category [ RunTime:0.004000s ]
SQL: SELECT * FROM `wh_category`  [ RunTime:0.001000s ]
SQL: DESCRIBE wh_stockhouse [ RunTime:0.003000s ]
SQL: SELECT * FROM `wh_stockhouse`  [ RunTime:0.000000s ]
SQL: DESCRIBE wh_user [ RunTime:0.004000s ]
SQL: SELECT `id`,`username` FROM `wh_user`  [ RunTime:0.000000s ]
INFO: [ view_parse ] --START--
INFO: [ template_filter ] --START--
INFO: Run Behavior\ContentReplaceBehavior [ RunTime:0.001000s ]
INFO: [ template_filter ] --END-- [ RunTime:0.001000s ]
INFO: Run Behavior\ParseTemplateBehavior [ RunTime:0.015001s ]
INFO: [ view_parse ] --END-- [ RunTime:0.015001s ]
INFO: [ view_filter ] --START--
INFO: Run Behavior\WriteHtmlCacheBehavior [ RunTime:0.001000s ]
INFO: [ view_filter ] --END-- [ RunTime:0.001000s ]
INFO: [ app_end ] --START--
INFO: Run Behavior\ShowPageTraceBehavior [ RunTime:0.002000s ]
INFO: [ app_end ] --END-- [ RunTime:0.002000s ]

[ 2016-12-12T14:53:32+08:00 ] ::1 /warehouse/index.php/Home/Goods/getGoodsByTypeId
INFO: [ app_init ] --START--
INFO: Run Behavior\BuildLiteBehavior [ RunTime:0.000000s ]
INFO: [ app_init ] --END-- [ RunTime:0.001000s ]
INFO: [ app_begin ] --START--
INFO: Run Behavior\ReadHtmlCacheBehavior [ RunTime:0.001000s ]
INFO: [ app_begin ] --END-- [ RunTime:0.001000s ]
SQL: DESCRIBE wh_user [ RunTime:0.004000s ]
SQL: DESCRIBE wh_goods [ RunTime:0.003000s ]
SQL: SELECT `id`,`name` FROM `wh_goods` WHERE ( `type_id` = 1 )  [ RunTime:0.000000s ]

[ 2016-12-12T14:53:34+08:00 ] ::1 /warehouse/index.php/Home/stock/getQuantityStock
INFO: [ app_init ] --START--
INFO: Run Behavior\BuildLiteBehavior [ RunTime:0.000000s ]
INFO: [ app_init ] --END-- [ RunTime:0.001000s ]
INFO: [ app_begin ] --START--
INFO: Run Behavior\ReadHtmlCacheBehavior [ RunTime:0.001000s ]
INFO: [ app_begin ] --END-- [ RunTime:0.001000s ]
SQL: DESCRIBE wh_user [ RunTime:0.003000s ]
SQL: DESCRIBE wh_stock [ RunTime:0.003000s ]
SQL: SELECT `quantity_stock` FROM `wh_stock` WHERE ( stock_id=1 AND id_goods=1 ) LIMIT 1   [ RunTime:0.001000s ]

[ 2016-12-12T14:53:44+08:00 ] ::1 /warehouse/index.php/Home/stock/getQuantityStock
INFO: [ app_init ] --START--
INFO: Run Behavior\BuildLiteBehavior [ RunTime:0.000000s ]
INFO: [ app_init ] --END-- [ RunTime:0.001000s ]
INFO: [ app_begin ] --START--
INFO: Run Behavior\ReadHtmlCacheBehavior [ RunTime:0.001000s ]
INFO: [ app_begin ] --END-- [ RunTime:0.001000s ]
SQL: DESCRIBE wh_user [ RunTime:0.004001s ]
SQL: DESCRIBE wh_stock [ RunTime:0.004000s ]
SQL: SELECT `quantity_stock` FROM `wh_stock` WHERE ( stock_id=2 AND id_goods=1 ) LIMIT 1   [ RunTime:0.001000s ]

[ 2016-12-12T14:53:46+08:00 ] ::1 /warehouse/index.php/Home/stock/getQuantityStock
INFO: [ app_init ] --START--
INFO: Run Behavior\BuildLiteBehavior [ RunTime:0.001000s ]
INFO: [ app_init ] --END-- [ RunTime:0.001000s ]
INFO: [ app_begin ] --START--
INFO: Run Behavior\ReadHtmlCacheBehavior [ RunTime:0.000000s ]
INFO: [ app_begin ] --END-- [ RunTime:0.002000s ]
SQL: DESCRIBE wh_user [ RunTime:0.003000s ]
SQL: DESCRIBE wh_stock [ RunTime:0.003000s ]
SQL: SELECT `quantity_stock` FROM `wh_stock` WHERE ( stock_id=1 AND id_goods=1 ) LIMIT 1   [ RunTime:0.000000s ]

[ 2016-12-12T14:53:50+08:00 ] ::1 /warehouse/index.php/Home/Leavestock/add
INFO: [ app_init ] --START--
INFO: Run Behavior\BuildLiteBehavior [ RunTime:0.000000s ]
INFO: [ app_init ] --END-- [ RunTime:0.000000s ]
INFO: [ app_begin ] --START--
INFO: Run Behavior\ReadHtmlCacheBehavior [ RunTime:0.001000s ]
INFO: [ app_begin ] --END-- [ RunTime:0.001000s ]
SQL: DESCRIBE wh_user [ RunTime:0.005000s ]
SQL: DESCRIBE wh_type [ RunTime:0.003000s ]
SQL: SELECT * FROM `wh_type`  [ RunTime:0.000000s ]
SQL: DESCRIBE wh_category [ RunTime:0.003001s ]
SQL: SELECT * FROM `wh_category`  [ RunTime:0.000000s ]
SQL: DESCRIBE wh_stockhouse [ RunTime:0.004000s ]
SQL: SELECT * FROM `wh_stockhouse`  [ RunTime:0.001000s ]
SQL: DESCRIBE wh_user [ RunTime:0.004000s ]
SQL: SELECT `id`,`username` FROM `wh_user`  [ RunTime:0.001000s ]
INFO: [ view_parse ] --START--
INFO: [ template_filter ] --START--
INFO: Run Behavior\ContentReplaceBehavior [ RunTime:0.001000s ]
INFO: [ template_filter ] --END-- [ RunTime:0.001000s ]
INFO: Run Behavior\ParseTemplateBehavior [ RunTime:0.014001s ]
INFO: [ view_parse ] --END-- [ RunTime:0.014001s ]
INFO: [ view_filter ] --START--
INFO: Run Behavior\WriteHtmlCacheBehavior [ RunTime:0.001000s ]
INFO: [ view_filter ] --END-- [ RunTime:0.001000s ]
INFO: [ app_end ] --START--
INFO: Run Behavior\ShowPageTraceBehavior [ RunTime:0.001000s ]
INFO: [ app_end ] --END-- [ RunTime:0.001000s ]

[ 2016-12-12T14:53:58+08:00 ] ::1 /warehouse/index.php/Home/Goods/getGoodsByTypeId
INFO: [ app_init ] --START--
INFO: Run Behavior\BuildLiteBehavior [ RunTime:0.000000s ]
INFO: [ app_init ] --END-- [ RunTime:0.001000s ]
INFO: [ app_begin ] --START--
INFO: Run Behavior\ReadHtmlCacheBehavior [ RunTime:0.001000s ]
INFO: [ app_begin ] --END-- [ RunTime:0.001000s ]
SQL: DESCRIBE wh_user [ RunTime:0.004000s ]
SQL: DESCRIBE wh_goods [ RunTime:0.004000s ]
SQL: SELECT `id`,`name` FROM `wh_goods` WHERE ( `type_id` = 1 )  [ RunTime:0.001001s ]

[ 2016-12-12T14:54:00+08:00 ] ::1 /warehouse/index.php/Home/stock/getQuantityStock
INFO: [ app_init ] --START--
INFO: Run Behavior\BuildLiteBehavior [ RunTime:0.000000s ]
INFO: [ app_init ] --END-- [ RunTime:0.001000s ]
INFO: [ app_begin ] --START--
INFO: Run Behavior\ReadHtmlCacheBehavior [ RunTime:0.001000s ]
INFO: [ app_begin ] --END-- [ RunTime:0.001000s ]
SQL: DESCRIBE wh_user [ RunTime:0.004001s ]
SQL: DESCRIBE wh_stock [ RunTime:0.004000s ]
SQL: SELECT `quantity_stock` FROM `wh_stock` WHERE ( stock_id=1 AND id_goods=1 ) LIMIT 1   [ RunTime:0.000000s ]

[ 2016-12-12T14:54:15+08:00 ] ::1 /warehouse/index.php/Home/Leavestock/add
INFO: [ app_init ] --START--
INFO: Run Behavior\BuildLiteBehavior [ RunTime:0.000000s ]
INFO: [ app_init ] --END-- [ RunTime:0.001000s ]
INFO: [ app_begin ] --START--
INFO: Run Behavior\ReadHtmlCacheBehavior [ RunTime:0.002000s ]
INFO: [ app_begin ] --END-- [ RunTime:0.002000s ]
SQL: DESCRIBE wh_user [ RunTime:0.004001s ]
SQL: DESCRIBE wh_type [ RunTime:0.004000s ]
SQL: SELECT * FROM `wh_type`  [ RunTime:0.002000s ]
SQL: DESCRIBE wh_category [ RunTime:0.005000s ]
SQL: SELECT * FROM `wh_category`  [ RunTime:0.001001s ]
SQL: DESCRIBE wh_stockhouse [ RunTime:0.003000s ]
SQL: SELECT * FROM `wh_stockhouse`  [ RunTime:0.000000s ]
SQL: DESCRIBE wh_user [ RunTime:0.004000s ]
SQL: SELECT `id`,`username` FROM `wh_user`  [ RunTime:0.000000s ]
INFO: [ view_parse ] --START--
INFO: [ template_filter ] --START--
INFO: Run Behavior\ContentReplaceBehavior [ RunTime:0.000000s ]
INFO: [ template_filter ] --END-- [ RunTime:0.000000s ]
INFO: Run Behavior\ParseTemplateBehavior [ RunTime:0.014001s ]
INFO: [ view_parse ] --END-- [ RunTime:0.014001s ]
INFO: [ view_filter ] --START--
INFO: Run Behavior\WriteHtmlCacheBehavior [ RunTime:0.001000s ]
INFO: [ view_filter ] --END-- [ RunTime:0.001000s ]
INFO: [ app_end ] --START--
INFO: Run Behavior\ShowPageTraceBehavior [ RunTime:0.002000s ]
INFO: [ app_end ] --END-- [ RunTime:0.002000s ]

[ 2016-12-12T14:54:16+08:00 ] ::1 /warehouse/index.php/Home/Goods/getGoodsByTypeId
INFO: [ app_init ] --START--
INFO: Run Behavior\BuildLiteBehavior [ RunTime:0.000000s ]
INFO: [ app_init ] --END-- [ RunTime:0.001000s ]
INFO: [ app_begin ] --START--
INFO: Run Behavior\ReadHtmlCacheBehavior [ RunTime:0.001000s ]
INFO: [ app_begin ] --END-- [ RunTime:0.001000s ]
SQL: DESCRIBE wh_user [ RunTime:0.005001s ]
SQL: DESCRIBE wh_goods [ RunTime:0.004000s ]
SQL: SELECT `id`,`name` FROM `wh_goods` WHERE ( `type_id` = 1 )  [ RunTime:0.000000s ]

[ 2016-12-12T14:54:19+08:00 ] ::1 /warehouse/index.php/Home/stock/getQuantityStock
INFO: [ app_init ] --START--
INFO: Run Behavior\BuildLiteBehavior [ RunTime:0.000000s ]
INFO: [ app_init ] --END-- [ RunTime:0.001000s ]
INFO: [ app_begin ] --START--
INFO: Run Behavior\ReadHtmlCacheBehavior [ RunTime:0.002000s ]
INFO: [ app_begin ] --END-- [ RunTime:0.002000s ]
SQL: DESCRIBE wh_user [ RunTime:0.004000s ]
SQL: DESCRIBE wh_stock [ RunTime:0.003000s ]
SQL: SELECT `quantity_stock` FROM `wh_stock` WHERE ( stock_id=1 AND id_goods=1 ) LIMIT 1   [ RunTime:0.000000s ]

[ 2016-12-12T14:55:37+08:00 ] ::1 /warehouse/index.php/Home/Leavestock/add
INFO: [ app_init ] --START--
INFO: Run Behavior\BuildLiteBehavior [ RunTime:0.000000s ]
INFO: [ app_init ] --END-- [ RunTime:0.001000s ]
INFO: [ app_begin ] --START--
INFO: Run Behavior\ReadHtmlCacheBehavior [ RunTime:0.001000s ]
INFO: [ app_begin ] --END-- [ RunTime:0.001000s ]
SQL: DESCRIBE wh_user [ RunTime:0.004000s ]
SQL: DESCRIBE wh_type [ RunTime:0.003000s ]
SQL: SELECT * FROM `wh_type`  [ RunTime:0.001000s ]
SQL: DESCRIBE wh_category [ RunTime:0.003000s ]
SQL: SELECT * FROM `wh_category`  [ RunTime:0.001001s ]
SQL: DESCRIBE wh_stockhouse [ RunTime:0.004000s ]
SQL: SELECT * FROM `wh_stockhouse`  [ RunTime:0.001000s ]
SQL: DESCRIBE wh_user [ RunTime:0.003000s ]
SQL: SELECT `id`,`username` FROM `wh_user`  [ RunTime:0.000000s ]
INFO: [ view_parse ] --START--
INFO: [ template_filter ] --START--
INFO: Run Behavior\ContentReplaceBehavior [ RunTime:0.000000s ]
INFO: [ template_filter ] --END-- [ RunTime:0.000000s ]
INFO: Run Behavior\ParseTemplateBehavior [ RunTime:0.012001s ]
INFO: [ view_parse ] --END-- [ RunTime:0.012001s ]
INFO: [ view_filter ] --START--
INFO: Run Behavior\WriteHtmlCacheBehavior [ RunTime:0.001000s ]
INFO: [ view_filter ] --END-- [ RunTime:0.001000s ]
INFO: [ app_end ] --START--
INFO: Run Behavior\ShowPageTraceBehavior [ RunTime:0.001000s ]
INFO: [ app_end ] --END-- [ RunTime:0.001000s ]

[ 2016-12-12T14:55:41+08:00 ] ::1 /warehouse/index.php/Home/Goods/getGoodsByTypeId
INFO: [ app_init ] --START--
INFO: Run Behavior\BuildLiteBehavior [ RunTime:0.000000s ]
INFO: [ app_init ] --END-- [ RunTime:0.000000s ]
INFO: [ app_begin ] --START--
INFO: Run Behavior\ReadHtmlCacheBehavior [ RunTime:0.001001s ]
INFO: [ app_begin ] --END-- [ RunTime:0.001001s ]
SQL: DESCRIBE wh_user [ RunTime:0.003000s ]
SQL: DESCRIBE wh_goods [ RunTime:0.003000s ]
SQL: SELECT `id`,`name` FROM `wh_goods` WHERE ( `type_id` = 1 )  [ RunTime:0.001000s ]

[ 2016-12-12T14:55:43+08:00 ] ::1 /warehouse/index.php/Home/stock/getQuantityStock
INFO: [ app_init ] --START--
INFO: Run Behavior\BuildLiteBehavior [ RunTime:0.000000s ]
INFO: [ app_init ] --END-- [ RunTime:0.001000s ]
INFO: [ app_begin ] --START--
INFO: Run Behavior\ReadHtmlCacheBehavior [ RunTime:0.000000s ]
INFO: [ app_begin ] --END-- [ RunTime:0.000000s ]
SQL: DESCRIBE wh_user [ RunTime:0.003000s ]
SQL: DESCRIBE wh_stock [ RunTime:0.003000s ]
SQL: SELECT `quantity_stock` FROM `wh_stock` WHERE ( stock_id=1 AND id_goods=1 ) LIMIT 1   [ RunTime:0.001000s ]

[ 2016-12-12T14:57:02+08:00 ] ::1 /warehouse/index.php/Home/Leavestock/add
INFO: [ app_init ] --START--
INFO: Run Behavior\BuildLiteBehavior [ RunTime:0.000000s ]
INFO: [ app_init ] --END-- [ RunTime:0.000000s ]
INFO: [ app_begin ] --START--
INFO: Run Behavior\ReadHtmlCacheBehavior [ RunTime:0.001000s ]
INFO: [ app_begin ] --END-- [ RunTime:0.001000s ]
SQL: DESCRIBE wh_user [ RunTime:0.005000s ]
SQL: DESCRIBE wh_type [ RunTime:0.004000s ]
SQL: SELECT * FROM `wh_type`  [ RunTime:0.000000s ]
SQL: DESCRIBE wh_category [ RunTime:0.003001s ]
SQL: SELECT * FROM `wh_category`  [ RunTime:0.001000s ]
SQL: DESCRIBE wh_stockhouse [ RunTime:0.004000s ]
SQL: SELECT * FROM `wh_stockhouse`  [ RunTime:0.000000s ]
SQL: DESCRIBE wh_user [ RunTime:0.003000s ]
SQL: SELECT `id`,`username` FROM `wh_user`  [ RunTime:0.000000s ]
INFO: [ view_parse ] --START--
INFO: [ template_filter ] --START--
INFO: Run Behavior\ContentReplaceBehavior [ RunTime:0.000000s ]
INFO: [ template_filter ] --END-- [ RunTime:0.000000s ]
INFO: Run Behavior\ParseTemplateBehavior [ RunTime:0.013001s ]
INFO: [ view_parse ] --END-- [ RunTime:0.013001s ]
INFO: [ view_filter ] --START--
INFO: Run Behavior\WriteHtmlCacheBehavior [ RunTime:0.000000s ]
INFO: [ view_filter ] --END-- [ RunTime:0.000000s ]
INFO: [ app_end ] --START--
INFO: Run Behavior\ShowPageTraceBehavior [ RunTime:0.001000s ]
INFO: [ app_end ] --END-- [ RunTime:0.001000s ]

[ 2016-12-12T14:57:04+08:00 ] ::1 /warehouse/index.php/Home/Goods/getGoodsByTypeId
INFO: [ app_init ] --START--
INFO: Run Behavior\BuildLiteBehavior [ RunTime:0.000000s ]
INFO: [ app_init ] --END-- [ RunTime:0.001000s ]
INFO: [ app_begin ] --START--
INFO: Run Behavior\ReadHtmlCacheBehavior [ RunTime:0.001001s ]
INFO: [ app_begin ] --END-- [ RunTime:0.001001s ]
SQL: DESCRIBE wh_user [ RunTime:0.003000s ]
SQL: DESCRIBE wh_goods [ RunTime:0.004000s ]
SQL: SELECT `id`,`name` FROM `wh_goods` WHERE ( `type_id` = 1 )  [ RunTime:0.000000s ]

[ 2016-12-12T14:57:06+08:00 ] ::1 /warehouse/index.php/Home/stock/getQuantityStock
INFO: [ app_init ] --START--
INFO: Run Behavior\BuildLiteBehavior [ RunTime:0.001001s ]
INFO: [ app_init ] --END-- [ RunTime:0.001001s ]
INFO: [ app_begin ] --START--
INFO: Run Behavior\ReadHtmlCacheBehavior [ RunTime:0.000000s ]
INFO: [ app_begin ] --END-- [ RunTime:0.000000s ]
SQL: DESCRIBE wh_user [ RunTime:0.004001s ]
SQL: DESCRIBE wh_stock [ RunTime:0.004000s ]
SQL: SELECT `quantity_stock` FROM `wh_stock` WHERE ( stock_id=1 AND id_goods=1 ) LIMIT 1   [ RunTime:0.000000s ]

[ 2016-12-12T15:28:00+08:00 ] ::1 /warehouse/index.php/Home/Leavestock/add
INFO: [ app_init ] --START--
INFO: Run Behavior\BuildLiteBehavior [ RunTime:0.000000s ]
INFO: [ app_init ] --END-- [ RunTime:0.000000s ]
INFO: [ app_begin ] --START--
INFO: Run Behavior\ReadHtmlCacheBehavior [ RunTime:0.001000s ]
INFO: [ app_begin ] --END-- [ RunTime:0.001000s ]
SQL: DESCRIBE wh_user [ RunTime:0.004001s ]
SQL: DESCRIBE wh_type [ RunTime:0.004000s ]
SQL: SELECT * FROM `wh_type`  [ RunTime:0.001000s ]
SQL: DESCRIBE wh_category [ RunTime:0.003000s ]
SQL: SELECT * FROM `wh_category`  [ RunTime:0.000000s ]
SQL: DESCRIBE wh_stockhouse [ RunTime:0.004000s ]
SQL: SELECT * FROM `wh_stockhouse`  [ RunTime:0.000000s ]
SQL: DESCRIBE wh_user [ RunTime:0.003001s ]
SQL: SELECT `id`,`username` FROM `wh_user`  [ RunTime:0.000000s ]
INFO: [ view_parse ] --START--
INFO: [ template_filter ] --START--
INFO: Run Behavior\ContentReplaceBehavior [ RunTime:0.001000s ]
INFO: [ template_filter ] --END-- [ RunTime:0.001000s ]
INFO: Run Behavior\ParseTemplateBehavior [ RunTime:0.013000s ]
INFO: [ view_parse ] --END-- [ RunTime:0.014001s ]
INFO: [ view_filter ] --START--
INFO: Run Behavior\WriteHtmlCacheBehavior [ RunTime:0.000000s ]
INFO: [ view_filter ] --END-- [ RunTime:0.000000s ]
INFO: [ app_end ] --START--
INFO: Run Behavior\ShowPageTraceBehavior [ RunTime:0.001000s ]
INFO: [ app_end ] --END-- [ RunTime:0.001000s ]

[ 2016-12-12T15:28:02+08:00 ] ::1 /warehouse/index.php/Home/Goods/getGoodsByTypeId
INFO: [ app_init ] --START--
INFO: Run Behavior\BuildLiteBehavior [ RunTime:0.000000s ]
INFO: [ app_init ] --END-- [ RunTime:0.001000s ]
INFO: [ app_begin ] --START--
INFO: Run Behavior\ReadHtmlCacheBehavior [ RunTime:0.001000s ]
INFO: [ app_begin ] --END-- [ RunTime:0.001000s ]
SQL: DESCRIBE wh_user [ RunTime:0.003000s ]
SQL: DESCRIBE wh_goods [ RunTime:0.003001s ]
SQL: SELECT `id`,`name` FROM `wh_goods` WHERE ( `type_id` = 1 )  [ RunTime:0.000000s ]

[ 2016-12-12T15:28:04+08:00 ] ::1 /warehouse/index.php/Home/stock/getQuantityStock
INFO: [ app_init ] --START--
INFO: Run Behavior\BuildLiteBehavior [ RunTime:0.000000s ]
INFO: [ app_init ] --END-- [ RunTime:0.001000s ]
INFO: [ app_begin ] --START--
INFO: Run Behavior\ReadHtmlCacheBehavior [ RunTime:0.000000s ]
INFO: [ app_begin ] --END-- [ RunTime:0.000000s ]
SQL: DESCRIBE wh_user [ RunTime:0.003000s ]
SQL: DESCRIBE wh_stock [ RunTime:0.003001s ]
SQL: SELECT `quantity_stock` FROM `wh_stock` WHERE ( stock_id=1 AND id_goods=1 ) LIMIT 1   [ RunTime:0.001000s ]

[ 2016-12-12T15:28:28+08:00 ] ::1 /warehouse/index.php/Home/Goods/getGoodsByTypeId
INFO: [ app_init ] --START--
INFO: Run Behavior\BuildLiteBehavior [ RunTime:0.001000s ]
INFO: [ app_init ] --END-- [ RunTime:0.001000s ]
INFO: [ app_begin ] --START--
INFO: Run Behavior\ReadHtmlCacheBehavior [ RunTime:0.001000s ]
INFO: [ app_begin ] --END-- [ RunTime:0.001000s ]
SQL: DESCRIBE wh_user [ RunTime:0.005000s ]
SQL: DESCRIBE wh_goods [ RunTime:0.003000s ]
SQL: SELECT `id`,`name` FROM `wh_goods` WHERE ( `type_id` = 2 )  [ RunTime:0.000000s ]

[ 2016-12-12T15:28:32+08:00 ] ::1 /warehouse/index.php/Home/Goods/getGoodsByTypeId
INFO: [ app_init ] --START--
INFO: Run Behavior\BuildLiteBehavior [ RunTime:0.000000s ]
INFO: [ app_init ] --END-- [ RunTime:0.001000s ]
INFO: [ app_begin ] --START--
INFO: Run Behavior\ReadHtmlCacheBehavior [ RunTime:0.001000s ]
INFO: [ app_begin ] --END-- [ RunTime:0.001000s ]
SQL: DESCRIBE wh_user [ RunTime:0.004000s ]
SQL: DESCRIBE wh_goods [ RunTime:0.004001s ]
SQL: SELECT `id`,`name` FROM `wh_goods` WHERE ( `type_id` = 1 )  [ RunTime:0.001000s ]

[ 2016-12-12T15:28:35+08:00 ] ::1 /warehouse/index.php/Home/stock/getQuantityStock
INFO: [ app_init ] --START--
INFO: Run Behavior\BuildLiteBehavior [ RunTime:0.001001s ]
INFO: [ app_init ] --END-- [ RunTime:0.001001s ]
INFO: [ app_begin ] --START--
INFO: Run Behavior\ReadHtmlCacheBehavior [ RunTime:0.001000s ]
INFO: [ app_begin ] --END-- [ RunTime:0.001000s ]
SQL: DESCRIBE wh_user [ RunTime:0.003001s ]
SQL: DESCRIBE wh_stock [ RunTime:0.003000s ]
SQL: SELECT `quantity_stock` FROM `wh_stock` WHERE ( stock_id=1 AND id_goods=1 ) LIMIT 1   [ RunTime:0.000000s ]

[ 2016-12-12T15:28:46+08:00 ] ::1 /warehouse/index.php/Home/Goods/getGoodsByTypeId
INFO: [ app_init ] --START--
INFO: Run Behavior\BuildLiteBehavior [ RunTime:0.000000s ]
INFO: [ app_init ] --END-- [ RunTime:0.001000s ]
INFO: [ app_begin ] --START--
INFO: Run Behavior\ReadHtmlCacheBehavior [ RunTime:0.000000s ]
INFO: [ app_begin ] --END-- [ RunTime:0.000000s ]
SQL: DESCRIBE wh_user [ RunTime:0.004000s ]
SQL: DESCRIBE wh_goods [ RunTime:0.005001s ]
SQL: SELECT `id`,`name` FROM `wh_goods` WHERE ( `type_id` = 3 )  [ RunTime:0.001000s ]

[ 2016-12-12T15:28:49+08:00 ] ::1 /warehouse/index.php/Home/stock/getQuantityStock
INFO: [ app_init ] --START--
INFO: Run Behavior\BuildLiteBehavior [ RunTime:0.000000s ]
INFO: [ app_init ] --END-- [ RunTime:0.001000s ]
INFO: [ app_begin ] --START--
INFO: Run Behavior\ReadHtmlCacheBehavior [ RunTime:0.001000s ]
INFO: [ app_begin ] --END-- [ RunTime:0.001000s ]
SQL: DESCRIBE wh_user [ RunTime:0.003001s ]
SQL: DESCRIBE wh_stock [ RunTime:0.004000s ]
SQL: SELECT `quantity_stock` FROM `wh_stock` WHERE ( stock_id=1 AND id_goods=2 ) LIMIT 1   [ RunTime:0.001000s ]

[ 2016-12-12T15:30:48+08:00 ] ::1 /warehouse/index.php/Home/Leavestock/add
INFO: [ app_init ] --START--
INFO: Run Behavior\BuildLiteBehavior [ RunTime:0.000000s ]
INFO: [ app_init ] --END-- [ RunTime:0.000000s ]
INFO: [ app_begin ] --START--
INFO: Run Behavior\ReadHtmlCacheBehavior [ RunTime:0.001000s ]
INFO: [ app_begin ] --END-- [ RunTime:0.001000s ]
SQL: DESCRIBE wh_user [ RunTime:0.003000s ]
SQL: DESCRIBE wh_type [ RunTime:0.003000s ]
SQL: SELECT * FROM `wh_type`  [ RunTime:0.000000s ]
SQL: DESCRIBE wh_category [ RunTime:0.003000s ]
SQL: SELECT * FROM `wh_category`  [ RunTime:0.000000s ]
SQL: DESCRIBE wh_stockhouse [ RunTime:0.003001s ]
SQL: SELECT * FROM `wh_stockhouse`  [ RunTime:0.000000s ]
SQL: DESCRIBE wh_user [ RunTime:0.003000s ]
SQL: SELECT `id`,`username` FROM `wh_user`  [ RunTime:0.001000s ]
INFO: [ view_parse ] --START--
INFO: [ template_filter ] --START--
INFO: Run Behavior\ContentReplaceBehavior [ RunTime:0.000000s ]
INFO: [ template_filter ] --END-- [ RunTime:0.000000s ]
INFO: Run Behavior\ParseTemplateBehavior [ RunTime:0.012001s ]
INFO: [ view_parse ] --END-- [ RunTime:0.012001s ]
INFO: [ view_filter ] --START--
INFO: Run Behavior\WriteHtmlCacheBehavior [ RunTime:0.001000s ]
INFO: [ view_filter ] --END-- [ RunTime:0.001000s ]
INFO: [ app_end ] --START--
INFO: Run Behavior\ShowPageTraceBehavior [ RunTime:0.001000s ]
INFO: [ app_end ] --END-- [ RunTime:0.001000s ]

[ 2016-12-12T15:30:51+08:00 ] ::1 /warehouse/index.php/Home/Goods/getGoodsByTypeId
INFO: [ app_init ] --START--
INFO: Run Behavior\BuildLiteBehavior [ RunTime:0.000000s ]
INFO: [ app_init ] --END-- [ RunTime:0.001000s ]
INFO: [ app_begin ] --START--
INFO: Run Behavior\ReadHtmlCacheBehavior [ RunTime:0.002000s ]
INFO: [ app_begin ] --END-- [ RunTime:0.002000s ]
SQL: DESCRIBE wh_user [ RunTime:0.004000s ]
SQL: DESCRIBE wh_goods [ RunTime:0.003000s ]
SQL: SELECT `id`,`name` FROM `wh_goods` WHERE ( `type_id` = 1 )  [ RunTime:0.000000s ]

[ 2016-12-12T15:30:54+08:00 ] ::1 /warehouse/index.php/Home/stock/getQuantityStock
INFO: [ app_init ] --START--
INFO: Run Behavior\BuildLiteBehavior [ RunTime:0.000000s ]
INFO: [ app_init ] --END-- [ RunTime:0.000000s ]
INFO: [ app_begin ] --START--
INFO: Run Behavior\ReadHtmlCacheBehavior [ RunTime:0.001000s ]
INFO: [ app_begin ] --END-- [ RunTime:0.001000s ]
SQL: DESCRIBE wh_user [ RunTime:0.004000s ]
SQL: DESCRIBE wh_stock [ RunTime:0.003000s ]
SQL: SELECT `quantity_stock` FROM `wh_stock` WHERE ( stock_id=1 AND id_goods=1 ) LIMIT 1   [ RunTime:0.000000s ]

[ 2016-12-12T15:30:55+08:00 ] ::1 /warehouse/index.php/Home/Goods/getGoodsByTypeId
INFO: [ app_init ] --START--
INFO: Run Behavior\BuildLiteBehavior [ RunTime:0.000000s ]
INFO: [ app_init ] --END-- [ RunTime:0.001000s ]
INFO: [ app_begin ] --START--
INFO: Run Behavior\ReadHtmlCacheBehavior [ RunTime:0.001000s ]
INFO: [ app_begin ] --END-- [ RunTime:0.001000s ]
SQL: DESCRIBE wh_user [ RunTime:0.004001s ]
SQL: DESCRIBE wh_goods [ RunTime:0.003000s ]
SQL: SELECT `id`,`name` FROM `wh_goods` WHERE ( `type_id` = 1 )  [ RunTime:0.000000s ]

[ 2016-12-12T15:30:57+08:00 ] ::1 /warehouse/index.php/Home/stock/getQuantityStock
INFO: [ app_init ] --START--
INFO: Run Behavior\BuildLiteBehavior [ RunTime:0.000000s ]
INFO: [ app_init ] --END-- [ RunTime:0.001000s ]
INFO: [ app_begin ] --START--
INFO: Run Behavior\ReadHtmlCacheBehavior [ RunTime:0.001000s ]
INFO: [ app_begin ] --END-- [ RunTime:0.001000s ]
SQL: DESCRIBE wh_user [ RunTime:0.003000s ]
SQL: DESCRIBE wh_stock [ RunTime:0.003001s ]
SQL: SELECT `quantity_stock` FROM `wh_stock` WHERE ( stock_id=1 AND id_goods=1 ) LIMIT 1   [ RunTime:0.001000s ]

[ 2016-12-12T15:32:03+08:00 ] ::1 /warehouse/index.php/Home/Leavestock/add
INFO: [ app_init ] --START--
INFO: Run Behavior\BuildLiteBehavior [ RunTime:0.000000s ]
INFO: [ app_init ] --END-- [ RunTime:0.001000s ]
INFO: [ app_begin ] --START--
INFO: Run Behavior\ReadHtmlCacheBehavior [ RunTime:0.001000s ]
INFO: [ app_begin ] --END-- [ RunTime:0.001000s ]
SQL: DESCRIBE wh_user [ RunTime:0.004001s ]
SQL: DESCRIBE wh_type [ RunTime:0.003000s ]
SQL: SELECT * FROM `wh_type`  [ RunTime:0.001000s ]
SQL: DESCRIBE wh_category [ RunTime:0.003000s ]
SQL: SELECT * FROM `wh_category`  [ RunTime:0.000000s ]
SQL: DESCRIBE wh_stockhouse [ RunTime:0.005001s ]
SQL: SELECT * FROM `wh_stockhouse`  [ RunTime:0.001000s ]
SQL: DESCRIBE wh_user [ RunTime:0.004000s ]
SQL: SELECT `id`,`username` FROM `wh_user`  [ RunTime:0.000000s ]
INFO: [ view_parse ] --START--
INFO: [ template_filter ] --START--
INFO: Run Behavior\ContentReplaceBehavior [ RunTime:0.000000s ]
INFO: [ template_filter ] --END-- [ RunTime:0.000000s ]
INFO: Run Behavior\ParseTemplateBehavior [ RunTime:0.012001s ]
INFO: [ view_parse ] --END-- [ RunTime:0.012001s ]
INFO: [ view_filter ] --START--
INFO: Run Behavior\WriteHtmlCacheBehavior [ RunTime:0.001000s ]
INFO: [ view_filter ] --END-- [ RunTime:0.001000s ]
INFO: [ app_end ] --START--
INFO: Run Behavior\ShowPageTraceBehavior [ RunTime:0.001000s ]
INFO: [ app_end ] --END-- [ RunTime:0.001000s ]

[ 2016-12-12T15:32:05+08:00 ] ::1 /warehouse/index.php/Home/Goods/getGoodsByTypeId
INFO: [ app_init ] --START--
INFO: Run Behavior\BuildLiteBehavior [ RunTime:0.000000s ]
INFO: [ app_init ] --END-- [ RunTime:0.001001s ]
INFO: [ app_begin ] --START--
INFO: Run Behavior\ReadHtmlCacheBehavior [ RunTime:0.001000s ]
INFO: [ app_begin ] --END-- [ RunTime:0.001000s ]
SQL: DESCRIBE wh_user [ RunTime:0.003000s ]
SQL: DESCRIBE wh_goods [ RunTime:0.004000s ]
SQL: SELECT `id`,`name` FROM `wh_goods` WHERE ( `type_id` = 1 )  [ RunTime:0.001000s ]

[ 2016-12-12T15:32:07+08:00 ] ::1 /warehouse/index.php/Home/stock/getQuantityStock
INFO: [ app_init ] --START--
INFO: Run Behavior\BuildLiteBehavior [ RunTime:0.001000s ]
INFO: [ app_init ] --END-- [ RunTime:0.001000s ]
INFO: [ app_begin ] --START--
INFO: Run Behavior\ReadHtmlCacheBehavior [ RunTime:0.001000s ]
INFO: [ app_begin ] --END-- [ RunTime:0.002000s ]
SQL: DESCRIBE wh_user [ RunTime:0.003001s ]
SQL: DESCRIBE wh_stock [ RunTime:0.003000s ]
SQL: SELECT `quantity_stock` FROM `wh_stock` WHERE ( stock_id=1 AND id_goods=1 ) LIMIT 1   [ RunTime:0.000000s ]

[ 2016-12-12T15:32:15+08:00 ] ::1 /warehouse/index.php/Home/Goods/getGoodsByTypeId
INFO: [ app_init ] --START--
INFO: Run Behavior\BuildLiteBehavior [ RunTime:0.000000s ]
INFO: [ app_init ] --END-- [ RunTime:0.001000s ]
INFO: [ app_begin ] --START--
INFO: Run Behavior\ReadHtmlCacheBehavior [ RunTime:0.002000s ]
INFO: [ app_begin ] --END-- [ RunTime:0.002000s ]
SQL: DESCRIBE wh_user [ RunTime:0.003000s ]
SQL: DESCRIBE wh_goods [ RunTime:0.004000s ]
SQL: SELECT `id`,`name` FROM `wh_goods` WHERE ( `type_id` = 1 )  [ RunTime:0.000000s ]

[ 2016-12-12T15:32:17+08:00 ] ::1 /warehouse/index.php/Home/stock/getQuantityStock
INFO: [ app_init ] --START--
INFO: Run Behavior\BuildLiteBehavior [ RunTime:0.000000s ]
INFO: [ app_init ] --END-- [ RunTime:0.001000s ]
INFO: [ app_begin ] --START--
INFO: Run Behavior\ReadHtmlCacheBehavior [ RunTime:0.001000s ]
INFO: [ app_begin ] --END-- [ RunTime:0.001000s ]
SQL: DESCRIBE wh_user [ RunTime:0.003001s ]
SQL: DESCRIBE wh_stock [ RunTime:0.003000s ]
SQL: SELECT `quantity_stock` FROM `wh_stock` WHERE ( stock_id=1 AND id_goods=1 ) LIMIT 1   [ RunTime:0.001000s ]

[ 2016-12-12T15:35:21+08:00 ] ::1 /warehouse/index.php/Home/Leavestock/add
INFO: [ app_init ] --START--
INFO: Run Behavior\BuildLiteBehavior [ RunTime:0.000000s ]
INFO: [ app_init ] --END-- [ RunTime:0.001000s ]
INFO: [ app_begin ] --START--
INFO: Run Behavior\ReadHtmlCacheBehavior [ RunTime:0.001000s ]
INFO: [ app_begin ] --END-- [ RunTime:0.001000s ]
SQL: DESCRIBE wh_user [ RunTime:0.003000s ]
SQL: DESCRIBE wh_type [ RunTime:0.003001s ]
SQL: SELECT * FROM `wh_type`  [ RunTime:0.001000s ]
SQL: DESCRIBE wh_category [ RunTime:0.003000s ]
SQL: SELECT * FROM `wh_category`  [ RunTime:0.000000s ]
SQL: DESCRIBE wh_stockhouse [ RunTime:0.003000s ]
SQL: SELECT * FROM `wh_stockhouse`  [ RunTime:0.000000s ]
SQL: DESCRIBE wh_user [ RunTime:0.004000s ]
SQL: SELECT `id`,`username` FROM `wh_user`  [ RunTime:0.000000s ]
INFO: [ view_parse ] --START--
INFO: [ template_filter ] --START--
INFO: Run Behavior\ContentReplaceBehavior [ RunTime:0.000000s ]
INFO: [ template_filter ] --END-- [ RunTime:0.000000s ]
INFO: Run Behavior\ParseTemplateBehavior [ RunTime:0.012000s ]
INFO: [ view_parse ] --END-- [ RunTime:0.012000s ]
INFO: [ view_filter ] --START--
INFO: Run Behavior\WriteHtmlCacheBehavior [ RunTime:0.000000s ]
INFO: [ view_filter ] --END-- [ RunTime:0.000000s ]
INFO: [ app_end ] --START--
INFO: Run Behavior\ShowPageTraceBehavior [ RunTime:0.000000s ]
INFO: [ app_end ] --END-- [ RunTime:0.001000s ]

[ 2016-12-12T15:35:24+08:00 ] ::1 /warehouse/index.php/Home/Goods/getGoodsByTypeId
INFO: [ app_init ] --START--
INFO: Run Behavior\BuildLiteBehavior [ RunTime:0.000000s ]
INFO: [ app_init ] --END-- [ RunTime:0.000000s ]
INFO: [ app_begin ] --START--
INFO: Run Behavior\ReadHtmlCacheBehavior [ RunTime:0.001000s ]
INFO: [ app_begin ] --END-- [ RunTime:0.001000s ]
SQL: DESCRIBE wh_user [ RunTime:0.003001s ]
SQL: DESCRIBE wh_goods [ RunTime:0.003000s ]
SQL: SELECT `id`,`name` FROM `wh_goods` WHERE ( `type_id` = 1 )  [ RunTime:0.000000s ]

[ 2016-12-12T15:35:26+08:00 ] ::1 /warehouse/index.php/Home/stock/getQuantityStock
INFO: [ app_init ] --START--
INFO: Run Behavior\BuildLiteBehavior [ RunTime:0.000000s ]
INFO: [ app_init ] --END-- [ RunTime:0.001000s ]
INFO: [ app_begin ] --START--
INFO: Run Behavior\ReadHtmlCacheBehavior [ RunTime:0.001000s ]
INFO: [ app_begin ] --END-- [ RunTime:0.001000s ]
SQL: DESCRIBE wh_user [ RunTime:0.004000s ]
SQL: DESCRIBE wh_stock [ RunTime:0.004000s ]
SQL: SELECT `quantity_stock` FROM `wh_stock` WHERE ( stock_id=1 AND id_goods=1 ) LIMIT 1   [ RunTime:0.001000s ]

[ 2016-12-12T15:35:38+08:00 ] ::1 /warehouse/index.php/Home/Goods/getGoodsByTypeId
INFO: [ app_init ] --START--
INFO: Run Behavior\BuildLiteBehavior [ RunTime:0.000000s ]
INFO: [ app_init ] --END-- [ RunTime:0.001000s ]
INFO: [ app_begin ] --START--
INFO: Run Behavior\ReadHtmlCacheBehavior [ RunTime:0.001000s ]
INFO: [ app_begin ] --END-- [ RunTime:0.001000s ]
SQL: DESCRIBE wh_user [ RunTime:0.003000s ]
SQL: DESCRIBE wh_goods [ RunTime:0.003000s ]
SQL: SELECT `id`,`name` FROM `wh_goods` WHERE ( `type_id` = 1 )  [ RunTime:0.001000s ]

[ 2016-12-12T15:35:41+08:00 ] ::1 /warehouse/index.php/Home/stock/getQuantityStock
INFO: [ app_init ] --START--
INFO: Run Behavior\BuildLiteBehavior [ RunTime:0.000000s ]
INFO: [ app_init ] --END-- [ RunTime:0.001000s ]
INFO: [ app_begin ] --START--
INFO: Run Behavior\ReadHtmlCacheBehavior [ RunTime:0.001000s ]
INFO: [ app_begin ] --END-- [ RunTime:0.001000s ]
SQL: DESCRIBE wh_user [ RunTime:0.004001s ]
SQL: DESCRIBE wh_stock [ RunTime:0.003000s ]
SQL: SELECT `quantity_stock` FROM `wh_stock` WHERE ( stock_id=2 AND id_goods=1 ) LIMIT 1   [ RunTime:0.000000s ]

[ 2016-12-12T15:35:43+08:00 ] ::1 /warehouse/index.php/Home/stock/getQuantityStock
INFO: [ app_init ] --START--
INFO: Run Behavior\BuildLiteBehavior [ RunTime:0.000000s ]
INFO: [ app_init ] --END-- [ RunTime:0.001000s ]
INFO: [ app_begin ] --START--
INFO: Run Behavior\ReadHtmlCacheBehavior [ RunTime:0.001000s ]
INFO: [ app_begin ] --END-- [ RunTime:0.001000s ]
SQL: DESCRIBE wh_user [ RunTime:0.003000s ]
SQL: DESCRIBE wh_stock [ RunTime:0.005000s ]
SQL: SELECT `quantity_stock` FROM `wh_stock` WHERE ( stock_id=1 AND id_goods=1 ) LIMIT 1   [ RunTime:0.001000s ]

[ 2016-12-12T15:35:45+08:00 ] ::1 /warehouse/index.php/Home/Goods/getGoodsByTypeId
INFO: [ app_init ] --START--
INFO: Run Behavior\BuildLiteBehavior [ RunTime:0.000000s ]
INFO: [ app_init ] --END-- [ RunTime:0.001000s ]
INFO: [ app_begin ] --START--
INFO: Run Behavior\ReadHtmlCacheBehavior [ RunTime:0.001000s ]
INFO: [ app_begin ] --END-- [ RunTime:0.001000s ]
SQL: DESCRIBE wh_user [ RunTime:0.003000s ]
SQL: DESCRIBE wh_goods [ RunTime:0.004000s ]
SQL: SELECT `id`,`name` FROM `wh_goods` WHERE ( `type_id` = 3 )  [ RunTime:0.000000s ]

[ 2016-12-12T15:35:47+08:00 ] ::1 /warehouse/index.php/Home/stock/getQuantityStock
INFO: [ app_init ] --START--
INFO: Run Behavior\BuildLiteBehavior [ RunTime:0.000000s ]
INFO: [ app_init ] --END-- [ RunTime:0.000000s ]
INFO: [ app_begin ] --START--
INFO: Run Behavior\ReadHtmlCacheBehavior [ RunTime:0.001000s ]
INFO: [ app_begin ] --END-- [ RunTime:0.001000s ]
SQL: DESCRIBE wh_user [ RunTime:0.003000s ]
SQL: DESCRIBE wh_stock [ RunTime:0.003000s ]
SQL: SELECT `quantity_stock` FROM `wh_stock` WHERE ( stock_id=1 AND id_goods=2 ) LIMIT 1   [ RunTime:0.000000s ]

[ 2016-12-12T15:35:48+08:00 ] ::1 /warehouse/index.php/Home/stock/getQuantityStock
INFO: [ app_init ] --START--
INFO: Run Behavior\BuildLiteBehavior [ RunTime:0.000000s ]
INFO: [ app_init ] --END-- [ RunTime:0.000000s ]
INFO: [ app_begin ] --START--
INFO: Run Behavior\ReadHtmlCacheBehavior [ RunTime:0.001000s ]
INFO: [ app_begin ] --END-- [ RunTime:0.001000s ]
SQL: DESCRIBE wh_user [ RunTime:0.003000s ]
SQL: DESCRIBE wh_stock [ RunTime:0.003000s ]
SQL: SELECT `quantity_stock` FROM `wh_stock` WHERE ( stock_id=2 AND id_goods=2 ) LIMIT 1   [ RunTime:0.001000s ]

[ 2016-12-12T15:35:49+08:00 ] ::1 /warehouse/index.php/Home/stock/getQuantityStock
INFO: [ app_init ] --START--
INFO: Run Behavior\BuildLiteBehavior [ RunTime:0.000000s ]
INFO: [ app_init ] --END-- [ RunTime:0.001000s ]
INFO: [ app_begin ] --START--
INFO: Run Behavior\ReadHtmlCacheBehavior [ RunTime:0.001000s ]
INFO: [ app_begin ] --END-- [ RunTime:0.001000s ]
SQL: DESCRIBE wh_user [ RunTime:0.004000s ]
SQL: DESCRIBE wh_stock [ RunTime:0.003000s ]
SQL: SELECT `quantity_stock` FROM `wh_stock` WHERE ( stock_id=1 AND id_goods=2 ) LIMIT 1   [ RunTime:0.001000s ]

[ 2016-12-12T15:36:54+08:00 ] ::1 /warehouse/index.php/Home/Leavestock/add
INFO: [ app_init ] --START--
INFO: Run Behavior\BuildLiteBehavior [ RunTime:0.000000s ]
INFO: [ app_init ] --END-- [ RunTime:0.002000s ]
INFO: [ app_begin ] --START--
INFO: Run Behavior\ReadHtmlCacheBehavior [ RunTime:0.001000s ]
INFO: [ app_begin ] --END-- [ RunTime:0.001000s ]
SQL: DESCRIBE wh_user [ RunTime:0.007000s ]
SQL: DESCRIBE wh_type [ RunTime:0.005001s ]
SQL: SELECT * FROM `wh_type`  [ RunTime:0.000000s ]
SQL: DESCRIBE wh_category [ RunTime:0.004000s ]
SQL: SELECT * FROM `wh_category`  [ RunTime:0.001000s ]
SQL: DESCRIBE wh_stockhouse [ RunTime:0.004000s ]
SQL: SELECT * FROM `wh_stockhouse`  [ RunTime:0.001000s ]
SQL: DESCRIBE wh_user [ RunTime:0.005001s ]
SQL: SELECT `id`,`username` FROM `wh_user`  [ RunTime:0.001000s ]
INFO: [ view_parse ] --START--
INFO: [ template_filter ] --START--
INFO: Run Behavior\ContentReplaceBehavior [ RunTime:0.001000s ]
INFO: [ template_filter ] --END-- [ RunTime:0.001000s ]
INFO: Run Behavior\ParseTemplateBehavior [ RunTime:0.016001s ]
INFO: [ view_parse ] --END-- [ RunTime:0.016001s ]
INFO: [ view_filter ] --START--
INFO: Run Behavior\WriteHtmlCacheBehavior [ RunTime:0.001000s ]
INFO: [ view_filter ] --END-- [ RunTime:0.001000s ]
INFO: [ app_end ] --START--
INFO: Run Behavior\ShowPageTraceBehavior [ RunTime:0.001000s ]
INFO: [ app_end ] --END-- [ RunTime:0.001000s ]

[ 2016-12-12T15:36:55+08:00 ] ::1 /warehouse/index.php/Home/Goods/getGoodsByTypeId
INFO: [ app_init ] --START--
INFO: Run Behavior\BuildLiteBehavior [ RunTime:0.000000s ]
INFO: [ app_init ] --END-- [ RunTime:0.000000s ]
INFO: [ app_begin ] --START--
INFO: Run Behavior\ReadHtmlCacheBehavior [ RunTime:0.001000s ]
INFO: [ app_begin ] --END-- [ RunTime:0.001000s ]
SQL: DESCRIBE wh_user [ RunTime:0.003000s ]
SQL: DESCRIBE wh_goods [ RunTime:0.003001s ]
SQL: SELECT `id`,`name` FROM `wh_goods` WHERE ( `type_id` = 1 )  [ RunTime:0.001000s ]

[ 2016-12-12T15:36:58+08:00 ] ::1 /warehouse/index.php/Home/stock/getQuantityStock
INFO: [ app_init ] --START--
INFO: Run Behavior\BuildLiteBehavior [ RunTime:0.000000s ]
INFO: [ app_init ] --END-- [ RunTime:0.000000s ]
INFO: [ app_begin ] --START--
INFO: Run Behavior\ReadHtmlCacheBehavior [ RunTime:0.001000s ]
INFO: [ app_begin ] --END-- [ RunTime:0.001000s ]
SQL: DESCRIBE wh_user [ RunTime:0.003000s ]
SQL: DESCRIBE wh_stock [ RunTime:0.003000s ]
SQL: SELECT `quantity_stock` FROM `wh_stock` WHERE ( stock_id=1 AND id_goods=1 ) LIMIT 1   [ RunTime:0.000000s ]

[ 2016-12-12T15:37:02+08:00 ] ::1 /warehouse/index.php/Home/Goods/getGoodsByTypeId
INFO: [ app_init ] --START--
INFO: Run Behavior\BuildLiteBehavior [ RunTime:0.000000s ]
INFO: [ app_init ] --END-- [ RunTime:0.001000s ]
INFO: [ app_begin ] --START--
INFO: Run Behavior\ReadHtmlCacheBehavior [ RunTime:0.000000s ]
INFO: [ app_begin ] --END-- [ RunTime:0.001000s ]
SQL: DESCRIBE wh_user [ RunTime:0.003000s ]
SQL: DESCRIBE wh_goods [ RunTime:0.003000s ]
SQL: SELECT `id`,`name` FROM `wh_goods` WHERE ( `type_id` = 3 )  [ RunTime:0.000000s ]

[ 2016-12-12T15:37:04+08:00 ] ::1 /warehouse/index.php/Home/stock/getQuantityStock
INFO: [ app_init ] --START--
INFO: Run Behavior\BuildLiteBehavior [ RunTime:0.000000s ]
INFO: [ app_init ] --END-- [ RunTime:0.001000s ]
INFO: [ app_begin ] --START--
INFO: Run Behavior\ReadHtmlCacheBehavior [ RunTime:0.000000s ]
INFO: [ app_begin ] --END-- [ RunTime:0.000000s ]
SQL: DESCRIBE wh_user [ RunTime:0.004000s ]
SQL: DESCRIBE wh_stock [ RunTime:0.003000s ]
SQL: SELECT `quantity_stock` FROM `wh_stock` WHERE ( stock_id=1 AND id_goods=2 ) LIMIT 1   [ RunTime:0.000000s ]

[ 2016-12-12T15:37:31+08:00 ] ::1 /warehouse/index.php/Home/Leavestock/add
INFO: [ app_init ] --START--
INFO: Run Behavior\BuildLiteBehavior [ RunTime:0.000000s ]
INFO: [ app_init ] --END-- [ RunTime:0.001000s ]
INFO: [ app_begin ] --START--
INFO: Run Behavior\ReadHtmlCacheBehavior [ RunTime:0.001000s ]
INFO: [ app_begin ] --END-- [ RunTime:0.001000s ]
SQL: DESCRIBE wh_user [ RunTime:0.004000s ]
NOTIC: [2048] Declaration of Home\Model\LeavestockModel::_after_insert() should be compatible with Think\Model::_after_insert($data, $options) D:\xampp\htdocs\warehouse\Application\Home\Model\LeavestockModel.class.php 第 223 行.
SQL: DESCRIBE wh_leavestock [ RunTime:0.005000s ]
NOTIC: [8] Undefined index: leavedate D:\xampp\htdocs\warehouse\ThinkPHP\Library\Think\Model.class.php 第 1125 行.
INFO: [ view_parse ] --START--
INFO: [ template_filter ] --START--
INFO: Run Behavior\ContentReplaceBehavior [ RunTime:0.000000s ]
INFO: [ template_filter ] --END-- [ RunTime:0.000000s ]
INFO: Run Behavior\ParseTemplateBehavior [ RunTime:0.010001s ]
INFO: [ view_parse ] --END-- [ RunTime:0.010001s ]
INFO: [ view_filter ] --START--
INFO: Run Behavior\WriteHtmlCacheBehavior [ RunTime:0.000000s ]
INFO: [ view_filter ] --END-- [ RunTime:0.000000s ]

[ 2016-12-12T15:37:34+08:00 ] ::1 /warehouse/index.php/Home/Leavestock/add
INFO: [ app_init ] --START--
INFO: Run Behavior\BuildLiteBehavior [ RunTime:0.000000s ]
INFO: [ app_init ] --END-- [ RunTime:0.001000s ]
INFO: [ app_begin ] --START--
INFO: Run Behavior\ReadHtmlCacheBehavior [ RunTime:0.000000s ]
INFO: [ app_begin ] --END-- [ RunTime:0.000000s ]
SQL: DESCRIBE wh_user [ RunTime:0.004000s ]
SQL: DESCRIBE wh_type [ RunTime:0.003001s ]
SQL: SELECT * FROM `wh_type`  [ RunTime:0.001000s ]
SQL: DESCRIBE wh_category [ RunTime:0.004000s ]
SQL: SELECT * FROM `wh_category`  [ RunTime:0.001000s ]
SQL: DESCRIBE wh_stockhouse [ RunTime:0.004000s ]
SQL: SELECT * FROM `wh_stockhouse`  [ RunTime:0.001000s ]
SQL: DESCRIBE wh_user [ RunTime:0.003000s ]
SQL: SELECT `id`,`username` FROM `wh_user`  [ RunTime:0.000000s ]
INFO: [ view_parse ] --START--
INFO: [ template_filter ] --START--
INFO: Run Behavior\ContentReplaceBehavior [ RunTime:0.001000s ]
INFO: [ template_filter ] --END-- [ RunTime:0.001000s ]
INFO: Run Behavior\ParseTemplateBehavior [ RunTime:0.011000s ]
INFO: [ view_parse ] --END-- [ RunTime:0.011000s ]
INFO: [ view_filter ] --START--
INFO: Run Behavior\WriteHtmlCacheBehavior [ RunTime:0.001000s ]
INFO: [ view_filter ] --END-- [ RunTime:0.001000s ]
INFO: [ app_end ] --START--
INFO: Run Behavior\ShowPageTraceBehavior [ RunTime:0.001000s ]
INFO: [ app_end ] --END-- [ RunTime:0.001000s ]

[ 2016-12-12T15:38:07+08:00 ] ::1 /warehouse/index.php/Home/Leavestock/add
INFO: [ app_init ] --START--
INFO: Run Behavior\BuildLiteBehavior [ RunTime:0.000000s ]
INFO: [ app_init ] --END-- [ RunTime:0.000000s ]
INFO: [ app_begin ] --START--
INFO: Run Behavior\ReadHtmlCacheBehavior [ RunTime:0.001000s ]
INFO: [ app_begin ] --END-- [ RunTime:0.001000s ]
SQL: DESCRIBE wh_user [ RunTime:0.003001s ]
SQL: DESCRIBE wh_type [ RunTime:0.003000s ]
SQL: SELECT * FROM `wh_type`  [ RunTime:0.001000s ]
SQL: DESCRIBE wh_category [ RunTime:0.004000s ]
SQL: SELECT * FROM `wh_category`  [ RunTime:0.000000s ]
SQL: DESCRIBE wh_stockhouse [ RunTime:0.003001s ]
SQL: SELECT * FROM `wh_stockhouse`  [ RunTime:0.000000s ]
SQL: DESCRIBE wh_user [ RunTime:0.003000s ]
SQL: SELECT `id`,`username` FROM `wh_user`  [ RunTime:0.000000s ]
INFO: [ view_parse ] --START--
INFO: [ template_filter ] --START--
INFO: Run Behavior\ContentReplaceBehavior [ RunTime:0.000000s ]
INFO: [ template_filter ] --END-- [ RunTime:0.000000s ]
INFO: Run Behavior\ParseTemplateBehavior [ RunTime:0.012000s ]
INFO: [ view_parse ] --END-- [ RunTime:0.012000s ]
INFO: [ view_filter ] --START--
INFO: Run Behavior\WriteHtmlCacheBehavior [ RunTime:0.001001s ]
INFO: [ view_filter ] --END-- [ RunTime:0.001001s ]
INFO: [ app_end ] --START--
INFO: Run Behavior\ShowPageTraceBehavior [ RunTime:0.001000s ]
INFO: [ app_end ] --END-- [ RunTime:0.001000s ]

[ 2016-12-12T15:38:10+08:00 ] ::1 /warehouse/index.php/Home/Goods/getGoodsByTypeId
INFO: [ app_init ] --START--
INFO: Run Behavior\BuildLiteBehavior [ RunTime:0.000000s ]
INFO: [ app_init ] --END-- [ RunTime:0.000000s ]
INFO: [ app_begin ] --START--
INFO: Run Behavior\ReadHtmlCacheBehavior [ RunTime:0.001000s ]
INFO: [ app_begin ] --END-- [ RunTime:0.001000s ]
SQL: DESCRIBE wh_user [ RunTime:0.003000s ]
SQL: DESCRIBE wh_goods [ RunTime:0.003000s ]
SQL: SELECT `id`,`name` FROM `wh_goods` WHERE ( `type_id` = 1 )  [ RunTime:0.001000s ]

[ 2016-12-12T15:38:11+08:00 ] ::1 /warehouse/index.php/Home/stock/getQuantityStock
INFO: [ app_init ] --START--
INFO: Run Behavior\BuildLiteBehavior [ RunTime:0.000000s ]
INFO: [ app_init ] --END-- [ RunTime:0.001000s ]
INFO: [ app_begin ] --START--
INFO: Run Behavior\ReadHtmlCacheBehavior [ RunTime:0.001000s ]
INFO: [ app_begin ] --END-- [ RunTime:0.001000s ]
SQL: DESCRIBE wh_user [ RunTime:0.004000s ]
SQL: DESCRIBE wh_stock [ RunTime:0.003000s ]
SQL: SELECT `quantity_stock` FROM `wh_stock` WHERE ( stock_id=1 AND id_goods=1 ) LIMIT 1   [ RunTime:0.000000s ]

[ 2016-12-12T15:38:16+08:00 ] ::1 /warehouse/index.php/Home/Goods/getGoodsByTypeId
INFO: [ app_init ] --START--
INFO: Run Behavior\BuildLiteBehavior [ RunTime:0.000000s ]
INFO: [ app_init ] --END-- [ RunTime:0.000000s ]
INFO: [ app_begin ] --START--
INFO: Run Behavior\ReadHtmlCacheBehavior [ RunTime:0.001000s ]
INFO: [ app_begin ] --END-- [ RunTime:0.001000s ]
SQL: DESCRIBE wh_user [ RunTime:0.003001s ]
SQL: DESCRIBE wh_goods [ RunTime:0.003000s ]
SQL: SELECT `id`,`name` FROM `wh_goods` WHERE ( `type_id` = 1 )  [ RunTime:0.000000s ]

[ 2016-12-12T15:38:17+08:00 ] ::1 /warehouse/index.php/Home/Goods/getGoodsByTypeId
INFO: [ app_init ] --START--
INFO: Run Behavior\BuildLiteBehavior [ RunTime:0.000000s ]
INFO: [ app_init ] --END-- [ RunTime:0.001000s ]
INFO: [ app_begin ] --START--
INFO: Run Behavior\ReadHtmlCacheBehavior [ RunTime:0.001000s ]
INFO: [ app_begin ] --END-- [ RunTime:0.001000s ]
SQL: DESCRIBE wh_user [ RunTime:0.004000s ]
SQL: DESCRIBE wh_goods [ RunTime:0.004001s ]
SQL: SELECT `id`,`name` FROM `wh_goods` WHERE ( `type_id` = 3 )  [ RunTime:0.000000s ]

[ 2016-12-12T15:38:19+08:00 ] ::1 /warehouse/index.php/Home/stock/getQuantityStock
INFO: [ app_init ] --START--
INFO: Run Behavior\BuildLiteBehavior [ RunTime:0.000000s ]
INFO: [ app_init ] --END-- [ RunTime:0.001000s ]
INFO: [ app_begin ] --START--
INFO: Run Behavior\ReadHtmlCacheBehavior [ RunTime:0.000000s ]
INFO: [ app_begin ] --END-- [ RunTime:0.000000s ]
SQL: DESCRIBE wh_user [ RunTime:0.003000s ]
SQL: DESCRIBE wh_stock [ RunTime:0.004000s ]
SQL: SELECT `quantity_stock` FROM `wh_stock` WHERE ( stock_id=2 AND id_goods=2 ) LIMIT 1   [ RunTime:0.000000s ]

[ 2016-12-12T15:38:20+08:00 ] ::1 /warehouse/index.php/Home/stock/getQuantityStock
INFO: [ app_init ] --START--
INFO: Run Behavior\BuildLiteBehavior [ RunTime:0.000000s ]
INFO: [ app_init ] --END-- [ RunTime:0.001000s ]
INFO: [ app_begin ] --START--
INFO: Run Behavior\ReadHtmlCacheBehavior [ RunTime:0.002001s ]
INFO: [ app_begin ] --END-- [ RunTime:0.002001s ]
SQL: DESCRIBE wh_user [ RunTime:0.004001s ]
SQL: DESCRIBE wh_stock [ RunTime:0.003000s ]
SQL: SELECT `quantity_stock` FROM `wh_stock` WHERE ( stock_id=1 AND id_goods=2 ) LIMIT 1   [ RunTime:0.001000s ]

[ 2016-12-12T15:41:44+08:00 ] ::1 /warehouse/index.php/Home/Leavestock/add
INFO: [ app_init ] --START--
INFO: Run Behavior\BuildLiteBehavior [ RunTime:0.000000s ]
INFO: [ app_init ] --END-- [ RunTime:0.001000s ]
INFO: [ app_begin ] --START--
INFO: Run Behavior\ReadHtmlCacheBehavior [ RunTime:0.002000s ]
INFO: [ app_begin ] --END-- [ RunTime:0.002000s ]
SQL: DESCRIBE wh_user [ RunTime:0.004001s ]
SQL: DESCRIBE wh_type [ RunTime:0.003000s ]
SQL: SELECT * FROM `wh_type`  [ RunTime:0.001000s ]
SQL: DESCRIBE wh_category [ RunTime:0.004000s ]
SQL: SELECT * FROM `wh_category`  [ RunTime:0.001000s ]
SQL: DESCRIBE wh_stockhouse [ RunTime:0.003001s ]
SQL: SELECT * FROM `wh_stockhouse`  [ RunTime:0.000000s ]
SQL: DESCRIBE wh_user [ RunTime:0.003000s ]
SQL: SELECT `id`,`username` FROM `wh_user`  [ RunTime:0.000000s ]
INFO: [ view_parse ] --START--
INFO: [ template_filter ] --START--
INFO: Run Behavior\ContentReplaceBehavior [ RunTime:0.000000s ]
INFO: [ template_filter ] --END-- [ RunTime:0.000000s ]
INFO: Run Behavior\ParseTemplateBehavior [ RunTime:0.012001s ]
INFO: [ view_parse ] --END-- [ RunTime:0.012001s ]
INFO: [ view_filter ] --START--
INFO: Run Behavior\WriteHtmlCacheBehavior [ RunTime:0.001000s ]
INFO: [ view_filter ] --END-- [ RunTime:0.001000s ]
INFO: [ app_end ] --START--
INFO: Run Behavior\ShowPageTraceBehavior [ RunTime:0.001000s ]
INFO: [ app_end ] --END-- [ RunTime:0.001000s ]

[ 2016-12-12T15:41:46+08:00 ] ::1 /warehouse/index.php/Home/Goods/getGoodsByTypeId
INFO: [ app_init ] --START--
INFO: Run Behavior\BuildLiteBehavior [ RunTime:0.000000s ]
INFO: [ app_init ] --END-- [ RunTime:0.001000s ]
INFO: [ app_begin ] --START--
INFO: Run Behavior\ReadHtmlCacheBehavior [ RunTime:0.001000s ]
INFO: [ app_begin ] --END-- [ RunTime:0.001000s ]
SQL: DESCRIBE wh_user [ RunTime:0.003000s ]
SQL: DESCRIBE wh_goods [ RunTime:0.003001s ]
SQL: SELECT `id`,`name` FROM `wh_goods` WHERE ( `type_id` = 1 )  [ RunTime:0.001000s ]

[ 2016-12-12T15:41:48+08:00 ] ::1 /warehouse/index.php/Home/stock/getQuantityStock
INFO: [ app_init ] --START--
INFO: Run Behavior\BuildLiteBehavior [ RunTime:0.000000s ]
INFO: [ app_init ] --END-- [ RunTime:0.001000s ]
INFO: [ app_begin ] --START--
INFO: Run Behavior\ReadHtmlCacheBehavior [ RunTime:0.000000s ]
INFO: [ app_begin ] --END-- [ RunTime:0.000000s ]
SQL: DESCRIBE wh_user [ RunTime:0.004000s ]
SQL: DESCRIBE wh_stock [ RunTime:0.004001s ]
SQL: SELECT `quantity_stock` FROM `wh_stock` WHERE ( stock_id=1 AND id_goods=1 ) LIMIT 1   [ RunTime:0.001000s ]

[ 2016-12-12T15:41:52+08:00 ] ::1 /warehouse/index.php/Home/Goods/getGoodsByTypeId
INFO: [ app_init ] --START--
INFO: Run Behavior\BuildLiteBehavior [ RunTime:0.000000s ]
INFO: [ app_init ] --END-- [ RunTime:0.000000s ]
INFO: [ app_begin ] --START--
INFO: Run Behavior\ReadHtmlCacheBehavior [ RunTime:0.002000s ]
INFO: [ app_begin ] --END-- [ RunTime:0.002000s ]
SQL: DESCRIBE wh_user [ RunTime:0.003000s ]
SQL: DESCRIBE wh_goods [ RunTime:0.002000s ]
SQL: SELECT `id`,`name` FROM `wh_goods` WHERE ( `type_id` = 3 )  [ RunTime:0.000000s ]

[ 2016-12-12T15:41:54+08:00 ] ::1 /warehouse/index.php/Home/stock/getQuantityStock
INFO: [ app_init ] --START--
INFO: Run Behavior\BuildLiteBehavior [ RunTime:0.000000s ]
INFO: [ app_init ] --END-- [ RunTime:0.001001s ]
INFO: [ app_begin ] --START--
INFO: Run Behavior\ReadHtmlCacheBehavior [ RunTime:0.001000s ]
INFO: [ app_begin ] --END-- [ RunTime:0.001000s ]
SQL: DESCRIBE wh_user [ RunTime:0.004000s ]
SQL: DESCRIBE wh_stock [ RunTime:0.004000s ]
SQL: SELECT `quantity_stock` FROM `wh_stock` WHERE ( stock_id=1 AND id_goods=2 ) LIMIT 1   [ RunTime:0.001000s ]

[ 2016-12-12T15:43:41+08:00 ] ::1 /warehouse/index.php/Home/Leavestock/add
INFO: [ app_init ] --START--
INFO: Run Behavior\BuildLiteBehavior [ RunTime:0.000000s ]
INFO: [ app_init ] --END-- [ RunTime:0.001000s ]
INFO: [ app_begin ] --START--
INFO: Run Behavior\ReadHtmlCacheBehavior [ RunTime:0.001000s ]
INFO: [ app_begin ] --END-- [ RunTime:0.001000s ]
SQL: DESCRIBE wh_user [ RunTime:0.003001s ]
SQL: DESCRIBE wh_type [ RunTime:0.003000s ]
SQL: SELECT * FROM `wh_type`  [ RunTime:0.001000s ]
SQL: DESCRIBE wh_category [ RunTime:0.004000s ]
SQL: SELECT * FROM `wh_category`  [ RunTime:0.001000s ]
SQL: DESCRIBE wh_stockhouse [ RunTime:0.004001s ]
SQL: SELECT * FROM `wh_stockhouse`  [ RunTime:0.000000s ]
SQL: DESCRIBE wh_user [ RunTime:0.004000s ]
SQL: SELECT `id`,`username` FROM `wh_user`  [ RunTime:0.000000s ]
INFO: [ view_parse ] --START--
INFO: [ template_filter ] --START--
INFO: Run Behavior\ContentReplaceBehavior [ RunTime:0.000000s ]
INFO: [ template_filter ] --END-- [ RunTime:0.000000s ]
INFO: Run Behavior\ParseTemplateBehavior [ RunTime:0.012001s ]
INFO: [ view_parse ] --END-- [ RunTime:0.012001s ]
INFO: [ view_filter ] --START--
INFO: Run Behavior\WriteHtmlCacheBehavior [ RunTime:0.001000s ]
INFO: [ view_filter ] --END-- [ RunTime:0.001000s ]
INFO: [ app_end ] --START--
INFO: Run Behavior\ShowPageTraceBehavior [ RunTime:0.001000s ]
INFO: [ app_end ] --END-- [ RunTime:0.002000s ]

[ 2016-12-12T15:43:46+08:00 ] ::1 /warehouse/index.php/Home/Goods/getGoodsByTypeId
INFO: [ app_init ] --START--
INFO: Run Behavior\BuildLiteBehavior [ RunTime:0.000000s ]
INFO: [ app_init ] --END-- [ RunTime:0.000000s ]
INFO: [ app_begin ] --START--
INFO: Run Behavior\ReadHtmlCacheBehavior [ RunTime:0.001000s ]
INFO: [ app_begin ] --END-- [ RunTime:0.001000s ]
SQL: DESCRIBE wh_user [ RunTime:0.004001s ]
SQL: DESCRIBE wh_goods [ RunTime:0.004000s ]
SQL: SELECT `id`,`name` FROM `wh_goods` WHERE ( `type_id` = 1 )  [ RunTime:0.000000s ]

[ 2016-12-12T15:43:48+08:00 ] ::1 /warehouse/index.php/Home/stock/getQuantityStock
INFO: [ app_init ] --START--
INFO: Run Behavior\BuildLiteBehavior [ RunTime:0.000000s ]
INFO: [ app_init ] --END-- [ RunTime:0.000000s ]
INFO: [ app_begin ] --START--
INFO: Run Behavior\ReadHtmlCacheBehavior [ RunTime:0.001000s ]
INFO: [ app_begin ] --END-- [ RunTime:0.001000s ]
SQL: DESCRIBE wh_user [ RunTime:0.004000s ]
SQL: DESCRIBE wh_stock [ RunTime:0.005001s ]
SQL: SELECT `quantity_stock` FROM `wh_stock` WHERE ( stock_id=1 AND id_goods=1 ) LIMIT 1   [ RunTime:0.000000s ]

[ 2016-12-12T15:43:50+08:00 ] ::1 /warehouse/index.php/Home/Goods/getGoodsByTypeId
INFO: [ app_init ] --START--
INFO: Run Behavior\BuildLiteBehavior [ RunTime:0.000000s ]
INFO: [ app_init ] --END-- [ RunTime:0.000000s ]
INFO: [ app_begin ] --START--
INFO: Run Behavior\ReadHtmlCacheBehavior [ RunTime:0.001000s ]
INFO: [ app_begin ] --END-- [ RunTime:0.001000s ]
SQL: DESCRIBE wh_user [ RunTime:0.003000s ]
SQL: DESCRIBE wh_goods [ RunTime:0.004000s ]
SQL: SELECT `id`,`name` FROM `wh_goods` WHERE ( `type_id` = 3 )  [ RunTime:0.001000s ]

[ 2016-12-12T15:43:52+08:00 ] ::1 /warehouse/index.php/Home/stock/getQuantityStock
INFO: [ app_init ] --START--
INFO: Run Behavior\BuildLiteBehavior [ RunTime:0.000000s ]
INFO: [ app_init ] --END-- [ RunTime:0.000000s ]
INFO: [ app_begin ] --START--
INFO: Run Behavior\ReadHtmlCacheBehavior [ RunTime:0.001000s ]
INFO: [ app_begin ] --END-- [ RunTime:0.001000s ]
SQL: DESCRIBE wh_user [ RunTime:0.003000s ]
SQL: DESCRIBE wh_stock [ RunTime:0.005001s ]
SQL: SELECT `quantity_stock` FROM `wh_stock` WHERE ( stock_id=1 AND id_goods=2 ) LIMIT 1   [ RunTime:0.001000s ]

[ 2016-12-12T15:45:34+08:00 ] ::1 /warehouse/index.php/Home/Goods/getGoodsByTypeId
INFO: [ app_init ] --START--
INFO: Run Behavior\BuildLiteBehavior [ RunTime:0.000000s ]
INFO: [ app_init ] --END-- [ RunTime:0.001000s ]
INFO: [ app_begin ] --START--
INFO: Run Behavior\ReadHtmlCacheBehavior [ RunTime:0.000000s ]
INFO: [ app_begin ] --END-- [ RunTime:0.001000s ]
SQL: DESCRIBE wh_user [ RunTime:0.004000s ]
SQL: DESCRIBE wh_goods [ RunTime:0.004000s ]
SQL: SELECT `id`,`name` FROM `wh_goods` WHERE ( `type_id` = 1 )  [ RunTime:0.001000s ]

[ 2016-12-12T15:45:36+08:00 ] ::1 /warehouse/index.php/Home/stock/getQuantityStock
INFO: [ app_init ] --START--
INFO: Run Behavior\BuildLiteBehavior [ RunTime:0.001000s ]
INFO: [ app_init ] --END-- [ RunTime:0.001000s ]
INFO: [ app_begin ] --START--
INFO: Run Behavior\ReadHtmlCacheBehavior [ RunTime:0.001000s ]
INFO: [ app_begin ] --END-- [ RunTime:0.001000s ]
SQL: DESCRIBE wh_user [ RunTime:0.004000s ]
SQL: DESCRIBE wh_stock [ RunTime:0.003000s ]
SQL: SELECT `quantity_stock` FROM `wh_stock` WHERE ( stock_id=1 AND id_goods=1 ) LIMIT 1   [ RunTime:0.000000s ]

[ 2016-12-12T15:46:49+08:00 ] ::1 /warehouse/index.php/Home/Leavestock/add
INFO: [ app_init ] --START--
INFO: Run Behavior\BuildLiteBehavior [ RunTime:0.000000s ]
INFO: [ app_init ] --END-- [ RunTime:0.000000s ]
INFO: [ app_begin ] --START--
INFO: Run Behavior\ReadHtmlCacheBehavior [ RunTime:0.001000s ]
INFO: [ app_begin ] --END-- [ RunTime:0.001000s ]
SQL: DESCRIBE wh_user [ RunTime:0.003000s ]
SQL: DESCRIBE wh_type [ RunTime:0.003000s ]
SQL: SELECT * FROM `wh_type`  [ RunTime:0.001000s ]
SQL: DESCRIBE wh_category [ RunTime:0.003000s ]
SQL: SELECT * FROM `wh_category`  [ RunTime:0.000000s ]
SQL: DESCRIBE wh_stockhouse [ RunTime:0.003000s ]
SQL: SELECT * FROM `wh_stockhouse`  [ RunTime:0.000000s ]
SQL: DESCRIBE wh_user [ RunTime:0.003000s ]
SQL: SELECT `id`,`username` FROM `wh_user`  [ RunTime:0.000000s ]
INFO: [ view_parse ] --START--
INFO: [ template_filter ] --START--
INFO: Run Behavior\ContentReplaceBehavior [ RunTime:0.000000s ]
INFO: [ template_filter ] --END-- [ RunTime:0.000000s ]
INFO: Run Behavior\ParseTemplateBehavior [ RunTime:0.012000s ]
INFO: [ view_parse ] --END-- [ RunTime:0.012000s ]
INFO: [ view_filter ] --START--
INFO: Run Behavior\WriteHtmlCacheBehavior [ RunTime:0.001001s ]
INFO: [ view_filter ] --END-- [ RunTime:0.001001s ]
INFO: [ app_end ] --START--
INFO: Run Behavior\ShowPageTraceBehavior [ RunTime:0.001000s ]
INFO: [ app_end ] --END-- [ RunTime:0.001000s ]

[ 2016-12-12T15:46:51+08:00 ] ::1 /warehouse/index.php/Home/Goods/getGoodsByTypeId
INFO: [ app_init ] --START--
INFO: Run Behavior\BuildLiteBehavior [ RunTime:0.000000s ]
INFO: [ app_init ] --END-- [ RunTime:0.001000s ]
INFO: [ app_begin ] --START--
INFO: Run Behavior\ReadHtmlCacheBehavior [ RunTime:0.000000s ]
INFO: [ app_begin ] --END-- [ RunTime:0.001000s ]
SQL: DESCRIBE wh_user [ RunTime:0.004000s ]
SQL: DESCRIBE wh_goods [ RunTime:0.003001s ]
SQL: SELECT `id`,`name` FROM `wh_goods` WHERE ( `type_id` = 1 )  [ RunTime:0.001000s ]

[ 2016-12-12T15:46:53+08:00 ] ::1 /warehouse/index.php/Home/stock/getQuantityStock
INFO: [ app_init ] --START--
INFO: Run Behavior\BuildLiteBehavior [ RunTime:0.000000s ]
INFO: [ app_init ] --END-- [ RunTime:0.001000s ]
INFO: [ app_begin ] --START--
INFO: Run Behavior\ReadHtmlCacheBehavior [ RunTime:0.001000s ]
INFO: [ app_begin ] --END-- [ RunTime:0.001000s ]
SQL: DESCRIBE wh_user [ RunTime:0.004000s ]
SQL: DESCRIBE wh_stock [ RunTime:0.003001s ]
SQL: SELECT `quantity_stock` FROM `wh_stock` WHERE ( stock_id=1 AND id_goods=1 ) LIMIT 1   [ RunTime:0.000000s ]

[ 2016-12-12T15:46:59+08:00 ] ::1 /warehouse/index.php/Home/Goods/getGoodsByTypeId
INFO: [ app_init ] --START--
INFO: Run Behavior\BuildLiteBehavior [ RunTime:0.000000s ]
INFO: [ app_init ] --END-- [ RunTime:0.001000s ]
INFO: [ app_begin ] --START--
INFO: Run Behavior\ReadHtmlCacheBehavior [ RunTime:0.001001s ]
INFO: [ app_begin ] --END-- [ RunTime:0.001001s ]
SQL: DESCRIBE wh_user [ RunTime:0.003001s ]
SQL: DESCRIBE wh_goods [ RunTime:0.004000s ]
SQL: SELECT `id`,`name` FROM `wh_goods` WHERE ( `type_id` = 3 )  [ RunTime:0.000000s ]

[ 2016-12-12T15:47:01+08:00 ] ::1 /warehouse/index.php/Home/stock/getQuantityStock
INFO: [ app_init ] --START--
INFO: Run Behavior\BuildLiteBehavior [ RunTime:0.000000s ]
INFO: [ app_init ] --END-- [ RunTime:0.001000s ]
INFO: [ app_begin ] --START--
INFO: Run Behavior\ReadHtmlCacheBehavior [ RunTime:0.001000s ]
INFO: [ app_begin ] --END-- [ RunTime:0.001000s ]
SQL: DESCRIBE wh_user [ RunTime:0.003000s ]
SQL: DESCRIBE wh_stock [ RunTime:0.003000s ]
SQL: SELECT `quantity_stock` FROM `wh_stock` WHERE ( stock_id=2 AND id_goods=2 ) LIMIT 1   [ RunTime:0.001000s ]

[ 2016-12-12T15:47:03+08:00 ] ::1 /warehouse/index.php/Home/stock/getQuantityStock
INFO: [ app_init ] --START--
INFO: Run Behavior\BuildLiteBehavior [ RunTime:0.000000s ]
INFO: [ app_init ] --END-- [ RunTime:0.001001s ]
INFO: [ app_begin ] --START--
INFO: Run Behavior\ReadHtmlCacheBehavior [ RunTime:0.000000s ]
INFO: [ app_begin ] --END-- [ RunTime:0.000000s ]
SQL: DESCRIBE wh_user [ RunTime:0.004000s ]
SQL: DESCRIBE wh_stock [ RunTime:0.003000s ]
SQL: SELECT `quantity_stock` FROM `wh_stock` WHERE ( stock_id=1 AND id_goods=2 ) LIMIT 1   [ RunTime:0.001000s ]

[ 2016-12-12T15:47:41+08:00 ] ::1 /warehouse/index.php/Home/Leavestock/add
INFO: [ app_init ] --START--
INFO: Run Behavior\BuildLiteBehavior [ RunTime:0.000000s ]
INFO: [ app_init ] --END-- [ RunTime:0.001000s ]
INFO: [ app_begin ] --START--
INFO: Run Behavior\ReadHtmlCacheBehavior [ RunTime:0.001000s ]
INFO: [ app_begin ] --END-- [ RunTime:0.001000s ]
SQL: DESCRIBE wh_user [ RunTime:0.004000s ]
SQL: DESCRIBE wh_type [ RunTime:0.004000s ]
SQL: SELECT * FROM `wh_type`  [ RunTime:0.000000s ]
SQL: DESCRIBE wh_category [ RunTime:0.003001s ]
SQL: SELECT * FROM `wh_category`  [ RunTime:0.000000s ]
SQL: DESCRIBE wh_stockhouse [ RunTime:0.003000s ]
SQL: SELECT * FROM `wh_stockhouse`  [ RunTime:0.000000s ]
SQL: DESCRIBE wh_user [ RunTime:0.004000s ]
SQL: SELECT `id`,`username` FROM `wh_user`  [ RunTime:0.000000s ]
INFO: [ view_parse ] --START--
INFO: [ template_filter ] --START--
INFO: Run Behavior\ContentReplaceBehavior [ RunTime:0.001000s ]
INFO: [ template_filter ] --END-- [ RunTime:0.001000s ]
INFO: Run Behavior\ParseTemplateBehavior [ RunTime:0.012001s ]
INFO: [ view_parse ] --END-- [ RunTime:0.012001s ]
INFO: [ view_filter ] --START--
INFO: Run Behavior\WriteHtmlCacheBehavior [ RunTime:0.000000s ]
INFO: [ view_filter ] --END-- [ RunTime:0.000000s ]
INFO: [ app_end ] --START--
INFO: Run Behavior\ShowPageTraceBehavior [ RunTime:0.001000s ]
INFO: [ app_end ] --END-- [ RunTime:0.001000s ]

[ 2016-12-12T15:47:42+08:00 ] ::1 /warehouse/index.php/Home/Goods/getGoodsByTypeId
INFO: [ app_init ] --START--
INFO: Run Behavior\BuildLiteBehavior [ RunTime:0.000000s ]
INFO: [ app_init ] --END-- [ RunTime:0.001000s ]
INFO: [ app_begin ] --START--
INFO: Run Behavior\ReadHtmlCacheBehavior [ RunTime:0.000000s ]
INFO: [ app_begin ] --END-- [ RunTime:0.000000s ]
SQL: DESCRIBE wh_user [ RunTime:0.004000s ]
SQL: DESCRIBE wh_goods [ RunTime:0.003000s ]
SQL: SELECT `id`,`name` FROM `wh_goods` WHERE ( `type_id` = 1 )  [ RunTime:0.000000s ]

[ 2016-12-12T15:47:47+08:00 ] ::1 /warehouse/index.php/Home/stock/getQuantityStock
INFO: [ app_init ] --START--
INFO: Run Behavior\BuildLiteBehavior [ RunTime:0.000000s ]
INFO: [ app_init ] --END-- [ RunTime:0.001000s ]
INFO: [ app_begin ] --START--
INFO: Run Behavior\ReadHtmlCacheBehavior [ RunTime:0.000000s ]
INFO: [ app_begin ] --END-- [ RunTime:0.001000s ]
SQL: DESCRIBE wh_user [ RunTime:0.003000s ]
SQL: DESCRIBE wh_stock [ RunTime:0.003000s ]
SQL: SELECT `quantity_stock` FROM `wh_stock` WHERE ( stock_id=1 AND id_goods=1 ) LIMIT 1   [ RunTime:0.001000s ]

[ 2016-12-12T15:48:24+08:00 ] ::1 /warehouse/index.php/Home/Leavestock/add
INFO: [ app_init ] --START--
INFO: Run Behavior\BuildLiteBehavior [ RunTime:0.000000s ]
INFO: [ app_init ] --END-- [ RunTime:0.000000s ]
INFO: [ app_begin ] --START--
INFO: Run Behavior\ReadHtmlCacheBehavior [ RunTime:0.001000s ]
INFO: [ app_begin ] --END-- [ RunTime:0.001000s ]
SQL: DESCRIBE wh_user [ RunTime:0.004000s ]
SQL: DESCRIBE wh_type [ RunTime:0.003001s ]
SQL: SELECT * FROM `wh_type`  [ RunTime:0.001000s ]
SQL: DESCRIBE wh_category [ RunTime:0.002000s ]
SQL: SELECT * FROM `wh_category`  [ RunTime:0.000000s ]
SQL: DESCRIBE wh_stockhouse [ RunTime:0.003000s ]
SQL: SELECT * FROM `wh_stockhouse`  [ RunTime:0.000000s ]
SQL: DESCRIBE wh_user [ RunTime:0.004000s ]
SQL: SELECT `id`,`username` FROM `wh_user`  [ RunTime:0.001000s ]
INFO: [ view_parse ] --START--
INFO: [ template_filter ] --START--
INFO: Run Behavior\ContentReplaceBehavior [ RunTime:0.000000s ]
INFO: [ template_filter ] --END-- [ RunTime:0.000000s ]
INFO: Run Behavior\ParseTemplateBehavior [ RunTime:0.011001s ]
INFO: [ view_parse ] --END-- [ RunTime:0.011001s ]
INFO: [ view_filter ] --START--
INFO: Run Behavior\WriteHtmlCacheBehavior [ RunTime:0.000000s ]
INFO: [ view_filter ] --END-- [ RunTime:0.000000s ]
INFO: [ app_end ] --START--
INFO: Run Behavior\ShowPageTraceBehavior [ RunTime:0.001000s ]
INFO: [ app_end ] --END-- [ RunTime:0.001000s ]

[ 2016-12-12T15:48:27+08:00 ] ::1 /warehouse/index.php/Home/Goods/getGoodsByTypeId
INFO: [ app_init ] --START--
INFO: Run Behavior\BuildLiteBehavior [ RunTime:0.000000s ]
INFO: [ app_init ] --END-- [ RunTime:0.001000s ]
INFO: [ app_begin ] --START--
INFO: Run Behavior\ReadHtmlCacheBehavior [ RunTime:0.001000s ]
INFO: [ app_begin ] --END-- [ RunTime:0.001000s ]
SQL: DESCRIBE wh_user [ RunTime:0.009000s ]
SQL: DESCRIBE wh_goods [ RunTime:0.004000s ]
SQL: SELECT `id`,`name` FROM `wh_goods` WHERE ( `type_id` = 1 )  [ RunTime:0.000000s ]

[ 2016-12-12T15:48:30+08:00 ] ::1 /warehouse/index.php/Home/stock/getQuantityStock
INFO: [ app_init ] --START--
INFO: Run Behavior\BuildLiteBehavior [ RunTime:0.000000s ]
INFO: [ app_init ] --END-- [ RunTime:0.001000s ]
INFO: [ app_begin ] --START--
INFO: Run Behavior\ReadHtmlCacheBehavior [ RunTime:0.000000s ]
INFO: [ app_begin ] --END-- [ RunTime:0.000000s ]
SQL: DESCRIBE wh_user [ RunTime:0.004000s ]
SQL: DESCRIBE wh_stock [ RunTime:0.003000s ]
SQL: SELECT `quantity_stock` FROM `wh_stock` WHERE ( stock_id=1 AND id_goods=1 ) LIMIT 1   [ RunTime:0.000000s ]

[ 2016-12-12T15:53:51+08:00 ] ::1 /warehouse/index.php/Home/Leavestock/add
INFO: [ app_init ] --START--
INFO: Run Behavior\BuildLiteBehavior [ RunTime:0.000000s ]
INFO: [ app_init ] --END-- [ RunTime:0.001000s ]
INFO: [ app_begin ] --START--
INFO: Run Behavior\ReadHtmlCacheBehavior [ RunTime:0.001000s ]
INFO: [ app_begin ] --END-- [ RunTime:0.001000s ]
SQL: DESCRIBE wh_user [ RunTime:0.004000s ]
SQL: DESCRIBE wh_type [ RunTime:0.003001s ]
SQL: SELECT * FROM `wh_type`  [ RunTime:0.000000s ]
SQL: DESCRIBE wh_category [ RunTime:0.003000s ]
SQL: SELECT * FROM `wh_category`  [ RunTime:0.000000s ]
SQL: DESCRIBE wh_stockhouse [ RunTime:0.003000s ]
SQL: SELECT * FROM `wh_stockhouse`  [ RunTime:0.001000s ]
SQL: DESCRIBE wh_user [ RunTime:0.004001s ]
SQL: SELECT `id`,`username` FROM `wh_user`  [ RunTime:0.000000s ]
INFO: [ view_parse ] --START--
INFO: [ template_filter ] --START--
INFO: Run Behavior\ContentReplaceBehavior [ RunTime:0.000000s ]
INFO: [ template_filter ] --END-- [ RunTime:0.000000s ]
INFO: Run Behavior\ParseTemplateBehavior [ RunTime:0.013000s ]
INFO: [ view_parse ] --END-- [ RunTime:0.013000s ]
INFO: [ view_filter ] --START--
INFO: Run Behavior\WriteHtmlCacheBehavior [ RunTime:0.000000s ]
INFO: [ view_filter ] --END-- [ RunTime:0.000000s ]
INFO: [ app_end ] --START--
INFO: Run Behavior\ShowPageTraceBehavior [ RunTime:0.003001s ]
INFO: [ app_end ] --END-- [ RunTime:0.003001s ]

[ 2016-12-12T15:53:53+08:00 ] ::1 /warehouse/index.php/Home/Goods/getGoodsByTypeId
INFO: [ app_init ] --START--
INFO: Run Behavior\BuildLiteBehavior [ RunTime:0.000000s ]
INFO: [ app_init ] --END-- [ RunTime:0.001000s ]
INFO: [ app_begin ] --START--
INFO: Run Behavior\ReadHtmlCacheBehavior [ RunTime:0.001000s ]
INFO: [ app_begin ] --END-- [ RunTime:0.001000s ]
SQL: DESCRIBE wh_user [ RunTime:0.003001s ]
SQL: DESCRIBE wh_goods [ RunTime:0.003000s ]
SQL: SELECT `id`,`name` FROM `wh_goods` WHERE ( `type_id` = 1 )  [ RunTime:0.000000s ]

[ 2016-12-12T15:53:55+08:00 ] ::1 /warehouse/index.php/Home/stock/getQuantityStock
INFO: [ app_init ] --START--
INFO: Run Behavior\BuildLiteBehavior [ RunTime:0.000000s ]
INFO: [ app_init ] --END-- [ RunTime:0.000000s ]
INFO: [ app_begin ] --START--
INFO: Run Behavior\ReadHtmlCacheBehavior [ RunTime:0.001000s ]
INFO: [ app_begin ] --END-- [ RunTime:0.001000s ]
SQL: DESCRIBE wh_user [ RunTime:0.003000s ]
SQL: DESCRIBE wh_stock [ RunTime:0.003000s ]
SQL: SELECT `quantity_stock` FROM `wh_stock` WHERE ( stock_id=1 AND id_goods=1 ) LIMIT 1   [ RunTime:0.001000s ]

[ 2016-12-12T15:54:14+08:00 ] ::1 /warehouse/index.php/Home/Goods/getGoodsByTypeId
INFO: [ app_init ] --START--
INFO: Run Behavior\BuildLiteBehavior [ RunTime:0.000000s ]
INFO: [ app_init ] --END-- [ RunTime:0.000000s ]
INFO: [ app_begin ] --START--
INFO: Run Behavior\ReadHtmlCacheBehavior [ RunTime:0.001000s ]
INFO: [ app_begin ] --END-- [ RunTime:0.001000s ]
SQL: DESCRIBE wh_user [ RunTime:0.004000s ]
SQL: DESCRIBE wh_goods [ RunTime:0.003000s ]
SQL: SELECT `id`,`name` FROM `wh_goods` WHERE ( `type_id` = 3 )  [ RunTime:0.001000s ]

[ 2016-12-12T15:54:16+08:00 ] ::1 /warehouse/index.php/Home/stock/getQuantityStock
INFO: [ app_init ] --START--
INFO: Run Behavior\BuildLiteBehavior [ RunTime:0.000000s ]
INFO: [ app_init ] --END-- [ RunTime:0.000000s ]
INFO: [ app_begin ] --START--
INFO: Run Behavior\ReadHtmlCacheBehavior [ RunTime:0.001000s ]
INFO: [ app_begin ] --END-- [ RunTime:0.001000s ]
SQL: DESCRIBE wh_user [ RunTime:0.003000s ]
SQL: DESCRIBE wh_stock [ RunTime:0.003000s ]
SQL: SELECT `quantity_stock` FROM `wh_stock` WHERE ( stock_id=1 AND id_goods=2 ) LIMIT 1   [ RunTime:0.000000s ]

[ 2016-12-12T15:54:31+08:00 ] ::1 /warehouse/index.php/Home/Goods/getGoodsByTypeId
INFO: [ app_init ] --START--
INFO: Run Behavior\BuildLiteBehavior [ RunTime:0.000000s ]
INFO: [ app_init ] --END-- [ RunTime:0.002000s ]
INFO: [ app_begin ] --START--
INFO: Run Behavior\ReadHtmlCacheBehavior [ RunTime:0.000000s ]
INFO: [ app_begin ] --END-- [ RunTime:0.000000s ]
SQL: DESCRIBE wh_user [ RunTime:0.003000s ]
SQL: DESCRIBE wh_goods [ RunTime:0.003001s ]
SQL: SELECT `id`,`name` FROM `wh_goods` WHERE ( `type_id` = 1 )  [ RunTime:0.001000s ]

[ 2016-12-12T15:54:33+08:00 ] ::1 /warehouse/index.php/Home/stock/getQuantityStock
INFO: [ app_init ] --START--
INFO: Run Behavior\BuildLiteBehavior [ RunTime:0.000000s ]
INFO: [ app_init ] --END-- [ RunTime:0.001000s ]
INFO: [ app_begin ] --START--
INFO: Run Behavior\ReadHtmlCacheBehavior [ RunTime:0.001000s ]
INFO: [ app_begin ] --END-- [ RunTime:0.001000s ]
SQL: DESCRIBE wh_user [ RunTime:0.004000s ]
SQL: DESCRIBE wh_stock [ RunTime:0.003000s ]
SQL: SELECT `quantity_stock` FROM `wh_stock` WHERE ( stock_id=1 AND id_goods=1 ) LIMIT 1   [ RunTime:0.000000s ]

[ 2016-12-12T15:54:48+08:00 ] ::1 /warehouse/index.php/Home/stock/getQuantityStock
INFO: [ app_init ] --START--
INFO: Run Behavior\BuildLiteBehavior [ RunTime:0.000000s ]
INFO: [ app_init ] --END-- [ RunTime:0.001000s ]
INFO: [ app_begin ] --START--
INFO: Run Behavior\ReadHtmlCacheBehavior [ RunTime:0.000000s ]
INFO: [ app_begin ] --END-- [ RunTime:0.001000s ]
SQL: DESCRIBE wh_user [ RunTime:0.004000s ]
SQL: DESCRIBE wh_stock [ RunTime:0.003000s ]
SQL: SELECT `quantity_stock` FROM `wh_stock` WHERE ( stock_id=2 AND id_goods=1 ) LIMIT 1   [ RunTime:0.000000s ]

