[ 2017-01-18T20:46:28+08:00 ] ::1 /warehouse/index.php/Home/
INFO: [ app_init ] --START--
INFO: Run Behavior\BuildLiteBehavior [ RunTime:0.000000s ]
INFO: [ app_init ] --END-- [ RunTime:0.000000s ]
INFO: [ app_begin ] --START--
INFO: Run Behavior\ReadHtmlCacheBehavior [ RunTime:0.000000s ]
INFO: [ app_begin ] --END-- [ RunTime:0.000000s ]
INFO: [ view_parse ] --START--
INFO: [ template_filter ] --START--
INFO: Run Behavior\ContentReplaceBehavior [ RunTime:0.000000s ]
INFO: [ template_filter ] --END-- [ RunTime:0.000000s ]
INFO: Run Behavior\ParseTemplateBehavior [ RunTime:0.010001s ]
INFO: [ view_parse ] --END-- [ RunTime:0.010001s ]
INFO: [ view_filter ] --START--
INFO: Run Behavior\WriteHtmlCacheBehavior [ RunTime:0.001000s ]
INFO: [ view_filter ] --END-- [ RunTime:0.001000s ]

[ 2017-01-18T20:46:31+08:00 ] ::1 /warehouse/index.php/Home/index/login.html
INFO: [ app_init ] --START--
INFO: Run Behavior\BuildLiteBehavior [ RunTime:0.000000s ]
INFO: [ app_init ] --END-- [ RunTime:0.000000s ]
INFO: [ app_begin ] --START--
INFO: Run Behavior\ReadHtmlCacheBehavior [ RunTime:0.002000s ]
INFO: [ app_begin ] --END-- [ RunTime:0.002000s ]
SQL: DESCRIBE wh_user [ RunTime:0.006001s ]
INFO: [ view_parse ] --START--
INFO: [ template_filter ] --START--
INFO: Run Behavior\ContentReplaceBehavior [ RunTime:0.000000s ]
INFO: [ template_filter ] --END-- [ RunTime:0.000000s ]
INFO: Run Behavior\ParseTemplateBehavior [ RunTime:0.009000s ]
INFO: [ view_parse ] --END-- [ RunTime:0.009000s ]
INFO: [ view_filter ] --START--
INFO: Run Behavior\WriteHtmlCacheBehavior [ RunTime:0.001000s ]
INFO: [ view_filter ] --END-- [ RunTime:0.001000s ]
INFO: [ app_end ] --START--
INFO: Run Behavior\ShowPageTraceBehavior [ RunTime:0.001000s ]
INFO: [ app_end ] --END-- [ RunTime:0.001000s ]

[ 2017-01-18T20:46:32+08:00 ] ::1 /warehouse/index.php/Home/Index/getCodeImg
INFO: [ app_init ] --START--
INFO: Run Behavior\BuildLiteBehavior [ RunTime:0.000000s ]
INFO: [ app_init ] --END-- [ RunTime:0.001000s ]
INFO: [ app_begin ] --START--
INFO: Run Behavior\ReadHtmlCacheBehavior [ RunTime:0.001000s ]
INFO: [ app_begin ] --END-- [ RunTime:0.001000s ]
SQL: DESCRIBE wh_user [ RunTime:0.006001s ]
INFO: [ app_end ] --START--
INFO: Run Behavior\ShowPageTraceBehavior [ RunTime:0.002000s ]
INFO: [ app_end ] --END-- [ RunTime:0.002000s ]

[ 2017-01-18T20:59:26+08:00 ] ::1 /warehouse/index.php/Home/Index/login
INFO: [ app_init ] --START--
INFO: Run Behavior\BuildLiteBehavior [ RunTime:0.000000s ]
INFO: [ app_init ] --END-- [ RunTime:0.001000s ]
INFO: [ app_begin ] --START--
INFO: Run Behavior\ReadHtmlCacheBehavior [ RunTime:0.001000s ]
INFO: [ app_begin ] --END-- [ RunTime:0.001000s ]
SQL: DESCRIBE wh_user [ RunTime:0.006001s ]
SQL: DESCRIBE wh_user [ RunTime:0.005000s ]
SQL: SELECT * FROM `wh_user` WHERE ( username='stock' ) LIMIT 1   [ RunTime:0.000000s ]
INFO: [ view_parse ] --START--
INFO: [ template_filter ] --START--
INFO: Run Behavior\ContentReplaceBehavior [ RunTime:0.000000s ]
INFO: [ template_filter ] --END-- [ RunTime:0.000000s ]
INFO: Run Behavior\ParseTemplateBehavior [ RunTime:0.009001s ]
INFO: [ view_parse ] --END-- [ RunTime:0.009001s ]
INFO: [ view_filter ] --START--
INFO: Run Behavior\WriteHtmlCacheBehavior [ RunTime:0.000000s ]
INFO: [ view_filter ] --END-- [ RunTime:0.000000s ]

[ 2017-01-18T20:59:27+08:00 ] ::1 /warehouse/index.php/Home/index/index.html
INFO: [ app_init ] --START--
INFO: Run Behavior\BuildLiteBehavior [ RunTime:0.000000s ]
INFO: [ app_init ] --END-- [ RunTime:0.001000s ]
INFO: [ app_begin ] --START--
INFO: Run Behavior\ReadHtmlCacheBehavior [ RunTime:0.000000s ]
INFO: [ app_begin ] --END-- [ RunTime:0.000000s ]
SQL: DESCRIBE wh_user [ RunTime:0.005000s ]
INFO: [ view_parse ] --START--
INFO: [ template_filter ] --START--
INFO: Run Behavior\ContentReplaceBehavior [ RunTime:0.000000s ]
INFO: [ template_filter ] --END-- [ RunTime:0.000000s ]
INFO: Run Behavior\ParseTemplateBehavior [ RunTime:0.009001s ]
INFO: [ view_parse ] --END-- [ RunTime:0.009001s ]
INFO: [ view_filter ] --START--
INFO: Run Behavior\WriteHtmlCacheBehavior [ RunTime:0.000000s ]
INFO: [ view_filter ] --END-- [ RunTime:0.000000s ]
INFO: [ app_end ] --START--
INFO: Run Behavior\ShowPageTraceBehavior [ RunTime:0.001000s ]
INFO: [ app_end ] --END-- [ RunTime:0.001000s ]

[ 2017-01-18T20:59:28+08:00 ] ::1 /warehouse/index.php/Home/Index/top
INFO: [ app_init ] --START--
INFO: Run Behavior\BuildLiteBehavior [ RunTime:0.000000s ]
INFO: [ app_init ] --END-- [ RunTime:0.001000s ]
INFO: [ app_begin ] --START--
INFO: Run Behavior\ReadHtmlCacheBehavior [ RunTime:0.001000s ]
INFO: [ app_begin ] --END-- [ RunTime:0.001000s ]
SQL: DESCRIBE wh_user [ RunTime:0.006000s ]
SQL: DESCRIBE wh_user [ RunTime:0.007001s ]
SQL: SELECT b.name FROM wh_user a INNER JOIN wh_role b ON b.id=a.role_id  WHERE ( a.id=16 ) LIMIT 1   [ RunTime:0.032002s ]
INFO: [ view_parse ] --START--
INFO: [ template_filter ] --START--
INFO: Run Behavior\ContentReplaceBehavior [ RunTime:0.000000s ]
INFO: [ template_filter ] --END-- [ RunTime:0.000000s ]
INFO: Run Behavior\ParseTemplateBehavior [ RunTime:0.009000s ]
INFO: [ view_parse ] --END-- [ RunTime:0.009000s ]
INFO: [ view_filter ] --START--
INFO: Run Behavior\WriteHtmlCacheBehavior [ RunTime:0.000000s ]
INFO: [ view_filter ] --END-- [ RunTime:0.000000s ]
INFO: [ app_end ] --START--
INFO: Run Behavior\ShowPageTraceBehavior [ RunTime:0.001000s ]
INFO: [ app_end ] --END-- [ RunTime:0.001000s ]

[ 2017-01-18T20:59:28+08:00 ] ::1 /warehouse/index.php/Home/Index/menu
INFO: [ app_init ] --START--
INFO: Run Behavior\BuildLiteBehavior [ RunTime:0.000000s ]
INFO: [ app_init ] --END-- [ RunTime:0.001000s ]
INFO: [ app_begin ] --START--
INFO: Run Behavior\ReadHtmlCacheBehavior [ RunTime:0.001000s ]
INFO: [ app_begin ] --END-- [ RunTime:0.001000s ]
SQL: DESCRIBE wh_user [ RunTime:0.004000s ]
SQL: DESCRIBE wh_user [ RunTime:0.005001s ]
SQL: SELECT `role_id` FROM `wh_user` WHERE ( `id` = 16 ) LIMIT 1   [ RunTime:0.000000s ]
SQL: DESCRIBE wh_role [ RunTime:0.005000s ]
SQL: SELECT `pri_id_list` FROM `wh_role` WHERE ( `id` = 3 ) LIMIT 1   [ RunTime:0.000000s ]
SQL: DESCRIBE wh_privilege [ RunTime:0.035002s ]
SQL: SELECT * FROM `wh_privilege` WHERE ( id IN (41,42,43,44,45,46,47,48,53,54,55,56,57,58,59,60,61,62,63,64,79,65,66,67,68,69,70,71,72,73,74,75,76,80,116) )  [ RunTime:0.001000s ]
INFO: [ view_parse ] --START--
INFO: [ template_filter ] --START--
INFO: Run Behavior\ContentReplaceBehavior [ RunTime:0.001000s ]
INFO: [ template_filter ] --END-- [ RunTime:0.001000s ]
INFO: Run Behavior\ParseTemplateBehavior [ RunTime:0.017001s ]
INFO: [ view_parse ] --END-- [ RunTime:0.017001s ]
INFO: [ view_filter ] --START--
INFO: Run Behavior\WriteHtmlCacheBehavior [ RunTime:0.001000s ]
INFO: [ view_filter ] --END-- [ RunTime:0.001000s ]
INFO: [ app_end ] --START--
INFO: Run Behavior\ShowPageTraceBehavior [ RunTime:0.001000s ]
INFO: [ app_end ] --END-- [ RunTime:0.001000s ]

[ 2017-01-18T20:59:28+08:00 ] ::1 /warehouse/index.php/Home/Index/drag
INFO: [ app_init ] --START--
INFO: Run Behavior\BuildLiteBehavior [ RunTime:0.000000s ]
INFO: [ app_init ] --END-- [ RunTime:0.001000s ]
INFO: [ app_begin ] --START--
INFO: Run Behavior\ReadHtmlCacheBehavior [ RunTime:0.003001s ]
INFO: [ app_begin ] --END-- [ RunTime:0.003001s ]
SQL: DESCRIBE wh_user [ RunTime:0.005000s ]
INFO: [ view_parse ] --START--
INFO: [ template_filter ] --START--
INFO: Run Behavior\ContentReplaceBehavior [ RunTime:0.000000s ]
INFO: [ template_filter ] --END-- [ RunTime:0.000000s ]
INFO: Run Behavior\ParseTemplateBehavior [ RunTime:0.011001s ]
INFO: [ view_parse ] --END-- [ RunTime:0.011001s ]
INFO: [ view_filter ] --START--
INFO: Run Behavior\WriteHtmlCacheBehavior [ RunTime:0.001000s ]
INFO: [ view_filter ] --END-- [ RunTime:0.001000s ]
INFO: [ app_end ] --START--
INFO: Run Behavior\ShowPageTraceBehavior [ RunTime:0.001000s ]
INFO: [ app_end ] --END-- [ RunTime:0.001000s ]

[ 2017-01-18T20:59:28+08:00 ] ::1 /warehouse/index.php/Home/Index/main
INFO: [ app_init ] --START--
INFO: Run Behavior\BuildLiteBehavior [ RunTime:0.000000s ]
INFO: [ app_init ] --END-- [ RunTime:0.001000s ]
INFO: [ app_begin ] --START--
INFO: Run Behavior\ReadHtmlCacheBehavior [ RunTime:0.003000s ]
INFO: [ app_begin ] --END-- [ RunTime:0.004001s ]
SQL: DESCRIBE wh_user [ RunTime:0.005000s ]
SQL: DESCRIBE wh_account [ RunTime:0.052003s ]
SQL: SELECT * FROM `wh_account` WHERE ( account_year=2017 OR account_year=2016 )  [ RunTime:0.001000s ]
INFO: [ view_parse ] --START--
INFO: [ template_filter ] --START--
INFO: Run Behavior\ContentReplaceBehavior [ RunTime:0.000000s ]
INFO: [ template_filter ] --END-- [ RunTime:0.000000s ]
INFO: Run Behavior\ParseTemplateBehavior [ RunTime:0.013001s ]
INFO: [ view_parse ] --END-- [ RunTime:0.013001s ]
INFO: [ view_filter ] --START--
INFO: Run Behavior\WriteHtmlCacheBehavior [ RunTime:0.001000s ]
INFO: [ view_filter ] --END-- [ RunTime:0.001000s ]
INFO: [ app_end ] --START--
INFO: Run Behavior\ShowPageTraceBehavior [ RunTime:0.001000s ]
INFO: [ app_end ] --END-- [ RunTime:0.001000s ]

[ 2017-01-18T20:59:32+08:00 ] ::1 /warehouse/index.php/Home/Leavestockdetails/Index.html
INFO: [ app_init ] --START--
INFO: Run Behavior\BuildLiteBehavior [ RunTime:0.000000s ]
INFO: [ app_init ] --END-- [ RunTime:0.001000s ]
INFO: [ app_begin ] --START--
INFO: Run Behavior\ReadHtmlCacheBehavior [ RunTime:0.001000s ]
INFO: [ app_begin ] --END-- [ RunTime:0.001000s ]
SQL: DESCRIBE wh_user [ RunTime:0.004000s ]
SQL: SELECT `role_id` FROM `wh_user` WHERE ( `id` = 16 ) LIMIT 1   [ RunTime:0.001000s ]
SQL: DESCRIBE wh_role [ RunTime:0.004000s ]
SQL: SELECT `pri_id_list` FROM `wh_role` WHERE ( `id` = 3 ) LIMIT 1   [ RunTime:0.002001s ]
SQL: DESCRIBE wh_privilege [ RunTime:0.004000s ]
SQL: SELECT COUNT(*) AS tp_count FROM `wh_privilege` WHERE ( id IN(41,42,43,44,45,46,47,48,53,54,55,56,57,58,59,60,61,62,63,64,79,65,66,67,68,69,70,71,72,73,74,75,76,80,116) AND 
				module_name='Home' AND 
				controller_name='Leavestockdetails' AND 
				action_name='Index' ) LIMIT 1   [ RunTime:0.001000s ]
NOTIC: [2048] Declaration of Home\Model\LeavestockdetailsModel::_after_insert() should be compatible with Think\Model::_after_insert($data, $options) D:\xampp\htdocs\warehouse\Application\Home\Model\LeavestockdetailsModel.class.php 第 307 行.
NOTIC: [2048] Declaration of Home\Model\LeavestockdetailsModel::_after_update() should be compatible with Think\Model::_after_update($data, $options) D:\xampp\htdocs\warehouse\Application\Home\Model\LeavestockdetailsModel.class.php 第 307 行.
SQL: DESCRIBE wh_leavestockdetails [ RunTime:0.052003s ]
NOTIC: [2] Invalid argument supplied for foreach() D:\xampp\htdocs\warehouse\ThinkPHP\Library\Think\Db.class.php 第 429 行.
SQL: SELECT COUNT(*) AS tp_count FROM `wh_leavestockdetails` LIMIT 1   [ RunTime:0.000000s ]
NOTIC: [2] Invalid argument supplied for foreach() D:\xampp\htdocs\warehouse\ThinkPHP\Library\Think\Db.class.php 第 429 行.
SQL: SELECT a.*,b.leavedate,c.name as name_project,d.name as name_goods,e.name as name_type,f.name as name_stockhouse,g.price_enter FROM wh_leavestockdetails a INNER JOIN wh_leavestock b ON a.id_leave=b.id INNER JOIN wh_project c ON c.id=b.project_id INNER JOIN wh_goodsname d ON a.id_goodsname=d.id INNER JOIN wh_typename e ON a.id_typename=e.id INNER JOIN wh_stockhouse f ON b.stock_id=f.id INNER JOIN wh_stock g ON g.id_goodsname=a.id_goodsname AND g.id_typename=a.id_typename AND g.stock_id=b.stock_id  ORDER BY a.id_leave desc,b.leavedate asc LIMIT 0,10   [ RunTime:0.215012s ]
INFO: [ view_parse ] --START--
INFO: [ template_filter ] --START--
INFO: Run Behavior\ContentReplaceBehavior [ RunTime:0.000000s ]
INFO: [ template_filter ] --END-- [ RunTime:0.000000s ]
NOTIC: [8] Undefined variable: data_stockhouse D:\xampp\htdocs\warehouse\Application\Runtime\Cache\Home\4c28a9e95d8660565c41f8f4e98d1fdd.php 第 59 行.
NOTIC: [2] Invalid argument supplied for foreach() D:\xampp\htdocs\warehouse\Application\Runtime\Cache\Home\4c28a9e95d8660565c41f8f4e98d1fdd.php 第 59 行.
NOTIC: [8] Undefined index: name_category D:\xampp\htdocs\warehouse\Application\Runtime\Cache\Home\4c28a9e95d8660565c41f8f4e98d1fdd.php 第 111 行.
NOTIC: [8] Undefined index: price_leave D:\xampp\htdocs\warehouse\Application\Runtime\Cache\Home\4c28a9e95d8660565c41f8f4e98d1fdd.php 第 112 行.
INFO: Run Behavior\ParseTemplateBehavior [ RunTime:0.024001s ]
INFO: [ view_parse ] --END-- [ RunTime:0.024001s ]
INFO: [ view_filter ] --START--
INFO: Run Behavior\WriteHtmlCacheBehavior [ RunTime:0.001000s ]
INFO: [ view_filter ] --END-- [ RunTime:0.001000s ]
INFO: [ app_end ] --START--
INFO: Run Behavior\ShowPageTraceBehavior [ RunTime:0.001000s ]
INFO: [ app_end ] --END-- [ RunTime:0.001000s ]

[ 2017-01-18T21:09:20+08:00 ] ::1 /warehouse/index.php/Home/Leavestockdetails/Index.html
INFO: [ app_init ] --START--
INFO: Run Behavior\BuildLiteBehavior [ RunTime:0.000000s ]
INFO: [ app_init ] --END-- [ RunTime:0.001000s ]
INFO: [ app_begin ] --START--
INFO: Run Behavior\ReadHtmlCacheBehavior [ RunTime:0.001000s ]
INFO: [ app_begin ] --END-- [ RunTime:0.001000s ]
SQL: DESCRIBE wh_user [ RunTime:0.004001s ]
SQL: SELECT `role_id` FROM `wh_user` WHERE ( `id` = 16 ) LIMIT 1   [ RunTime:0.000000s ]
SQL: DESCRIBE wh_role [ RunTime:0.004000s ]
SQL: SELECT `pri_id_list` FROM `wh_role` WHERE ( `id` = 3 ) LIMIT 1   [ RunTime:0.001000s ]
SQL: DESCRIBE wh_privilege [ RunTime:0.004000s ]
SQL: SELECT COUNT(*) AS tp_count FROM `wh_privilege` WHERE ( id IN(41,42,43,44,45,46,47,48,53,54,55,56,57,58,59,60,61,62,63,64,79,65,66,67,68,69,70,71,72,73,74,75,76,80,116) AND 
				module_name='Home' AND 
				controller_name='Leavestockdetails' AND 
				action_name='Index' ) LIMIT 1   [ RunTime:0.001000s ]
NOTIC: [2048] Declaration of Home\Model\LeavestockdetailsModel::_after_insert() should be compatible with Think\Model::_after_insert($data, $options) D:\xampp\htdocs\warehouse\Application\Home\Model\LeavestockdetailsModel.class.php 第 307 行.
NOTIC: [2048] Declaration of Home\Model\LeavestockdetailsModel::_after_update() should be compatible with Think\Model::_after_update($data, $options) D:\xampp\htdocs\warehouse\Application\Home\Model\LeavestockdetailsModel.class.php 第 307 行.
SQL: DESCRIBE wh_leavestockdetails [ RunTime:0.004001s ]
NOTIC: [2] Invalid argument supplied for foreach() D:\xampp\htdocs\warehouse\ThinkPHP\Library\Think\Db.class.php 第 429 行.
SQL: SELECT COUNT(*) AS tp_count FROM `wh_leavestockdetails` LIMIT 1   [ RunTime:0.001000s ]
NOTIC: [2] Invalid argument supplied for foreach() D:\xampp\htdocs\warehouse\ThinkPHP\Library\Think\Db.class.php 第 429 行.
SQL: SELECT a.*,b.leavedate,c.name as name_project,d.name as name_goods,e.name as name_type,f.name as name_stockhouse,g.price_enter FROM wh_leavestockdetails a INNER JOIN wh_leavestock b ON a.id_leave=b.id INNER JOIN wh_project c ON c.id=b.project_id INNER JOIN wh_goodsname d ON a.id_goodsname=d.id INNER JOIN wh_typename e ON a.id_typename=e.id INNER JOIN wh_stockhouse f ON b.stock_id=f.id INNER JOIN wh_stock g ON g.id_goodsname=a.id_goodsname AND g.id_typename=a.id_typename AND g.stock_id=b.stock_id  ORDER BY a.id_leave desc,b.leavedate asc LIMIT 0,10   [ RunTime:0.001000s ]
SQL: SELECT `role_id` FROM `wh_user` WHERE ( `id` = 16 ) LIMIT 1   [ RunTime:0.000000s ]
SQL: SELECT `pri_id_list` FROM `wh_role` WHERE ( `id` = 3 ) LIMIT 1   [ RunTime:0.000000s ]
SQL: SELECT COUNT(*) AS tp_count FROM `wh_privilege` WHERE ( id IN(41,42,43,44,45,46,47,48,53,54,55,56,57,58,59,60,61,62,63,64,79,65,66,67,68,69,70,71,72,73,74,75,76,80,116) AND 
				module_name='Home' AND 
				controller_name='Leavestockdetails' AND 
				action_name='Index' ) LIMIT 1   [ RunTime:0.001000s ]
SQL: DESCRIBE wh_type [ RunTime:0.047003s ]
SQL: SELECT * FROM `wh_type`  [ RunTime:0.001000s ]
SQL: DESCRIBE wh_category [ RunTime:0.025001s ]
SQL: SELECT * FROM `wh_category`  [ RunTime:0.000000s ]
SQL: DESCRIBE wh_stockhouse [ RunTime:0.004001s ]
SQL: SELECT * FROM `wh_stockhouse`  [ RunTime:0.001000s ]
INFO: [ view_parse ] --START--
INFO: [ template_filter ] --START--
INFO: Run Behavior\ContentReplaceBehavior [ RunTime:0.000000s ]
INFO: [ template_filter ] --END-- [ RunTime:0.000000s ]
NOTIC: [8] Undefined index: level D:\xampp\htdocs\warehouse\Application\Runtime\Cache\Home\4c28a9e95d8660565c41f8f4e98d1fdd.php 第 63 行.
NOTIC: [8] Undefined index: level D:\xampp\htdocs\warehouse\Application\Runtime\Cache\Home\4c28a9e95d8660565c41f8f4e98d1fdd.php 第 63 行.
NOTIC: [8] Undefined index: level D:\xampp\htdocs\warehouse\Application\Runtime\Cache\Home\4c28a9e95d8660565c41f8f4e98d1fdd.php 第 63 行.
NOTIC: [8] Undefined index: name_category D:\xampp\htdocs\warehouse\Application\Runtime\Cache\Home\4c28a9e95d8660565c41f8f4e98d1fdd.php 第 111 行.
NOTIC: [8] Undefined index: price_leave D:\xampp\htdocs\warehouse\Application\Runtime\Cache\Home\4c28a9e95d8660565c41f8f4e98d1fdd.php 第 112 行.
INFO: Run Behavior\ParseTemplateBehavior [ RunTime:0.015001s ]
INFO: [ view_parse ] --END-- [ RunTime:0.015001s ]
INFO: [ view_filter ] --START--
INFO: Run Behavior\WriteHtmlCacheBehavior [ RunTime:0.000000s ]
INFO: [ view_filter ] --END-- [ RunTime:0.000000s ]
INFO: [ app_end ] --START--
INFO: Run Behavior\ShowPageTraceBehavior [ RunTime:0.001000s ]
INFO: [ app_end ] --END-- [ RunTime:0.001000s ]

[ 2017-01-18T21:09:41+08:00 ] ::1 /warehouse/index.php/Home/Leavestockdetails/Index?order=&project=&name=&type=&min=&max=&stock=1&start=2017-01-18+00%3A00&end=2017-01-27+00%3A00
INFO: [ app_init ] --START--
INFO: Run Behavior\BuildLiteBehavior [ RunTime:0.000000s ]
INFO: [ app_init ] --END-- [ RunTime:0.001000s ]
INFO: [ app_begin ] --START--
INFO: Run Behavior\ReadHtmlCacheBehavior [ RunTime:0.001000s ]
INFO: [ app_begin ] --END-- [ RunTime:0.001000s ]
SQL: DESCRIBE wh_user [ RunTime:0.004000s ]
SQL: SELECT `role_id` FROM `wh_user` WHERE ( `id` = 16 ) LIMIT 1   [ RunTime:0.001000s ]
SQL: DESCRIBE wh_role [ RunTime:0.003000s ]
SQL: SELECT `pri_id_list` FROM `wh_role` WHERE ( `id` = 3 ) LIMIT 1   [ RunTime:0.000000s ]
SQL: DESCRIBE wh_privilege [ RunTime:0.004000s ]
SQL: SELECT COUNT(*) AS tp_count FROM `wh_privilege` WHERE ( id IN(41,42,43,44,45,46,47,48,53,54,55,56,57,58,59,60,61,62,63,64,79,65,66,67,68,69,70,71,72,73,74,75,76,80,116) AND 
				module_name='Home' AND 
				controller_name='Leavestockdetails' AND 
				action_name='Index' ) LIMIT 1   [ RunTime:0.001000s ]
NOTIC: [2048] Declaration of Home\Model\LeavestockdetailsModel::_after_insert() should be compatible with Think\Model::_after_insert($data, $options) D:\xampp\htdocs\warehouse\Application\Home\Model\LeavestockdetailsModel.class.php 第 307 行.
NOTIC: [2048] Declaration of Home\Model\LeavestockdetailsModel::_after_update() should be compatible with Think\Model::_after_update($data, $options) D:\xampp\htdocs\warehouse\Application\Home\Model\LeavestockdetailsModel.class.php 第 307 行.
SQL: DESCRIBE wh_leavestockdetails [ RunTime:0.005000s ]
SQL: SELECT COUNT(*) AS tp_count FROM `wh_leavestockdetails` WHERE ( 1 AND f.id=1 AND UNIX_TIMESTAMP('2017-01-18 00:00')<=UNIX_TIMESTAMP(b.leavedate) AND UNIX_TIMESTAMP('2017-01-27 00:00')>=UNIX_TIMESTAMP(b.leavedate) ) LIMIT 1   [ RunTime:0.001000s ]
ERR: 1054:Unknown column 'f.id' in 'where clause'
 [ SQL语句 ] : SELECT COUNT(*) AS tp_count FROM `wh_leavestockdetails` WHERE ( 1 AND f.id=1 AND UNIX_TIMESTAMP('2017-01-18 00:00')<=UNIX_TIMESTAMP(b.leavedate) AND UNIX_TIMESTAMP('2017-01-27 00:00')>=UNIX_TIMESTAMP(b.leavedate) ) LIMIT 1  
SQL: SELECT a.*,b.leavedate,c.name as name_project,d.name as name_goods,e.name as name_type,f.name as name_stockhouse,g.price_enter FROM wh_leavestockdetails a INNER JOIN wh_leavestock b ON a.id_leave=b.id INNER JOIN wh_project c ON c.id=b.project_id INNER JOIN wh_goodsname d ON a.id_goodsname=d.id INNER JOIN wh_typename e ON a.id_typename=e.id INNER JOIN wh_stockhouse f ON b.stock_id=f.id INNER JOIN wh_stock g ON g.id_goodsname=a.id_goodsname AND g.id_typename=a.id_typename AND g.stock_id=b.stock_id  WHERE ( 1 AND f.id=1 AND UNIX_TIMESTAMP('2017-01-18 00:00')<=UNIX_TIMESTAMP(b.leavedate) AND UNIX_TIMESTAMP('2017-01-27 00:00')>=UNIX_TIMESTAMP(b.leavedate) ) ORDER BY a.id_leave desc,b.leavedate asc LIMIT 0,10   [ RunTime:0.001000s ]
SQL: SELECT `role_id` FROM `wh_user` WHERE ( `id` = 16 ) LIMIT 1   [ RunTime:0.000000s ]
SQL: SELECT `pri_id_list` FROM `wh_role` WHERE ( `id` = 3 ) LIMIT 1   [ RunTime:0.001000s ]
SQL: SELECT COUNT(*) AS tp_count FROM `wh_privilege` WHERE ( id IN(41,42,43,44,45,46,47,48,53,54,55,56,57,58,59,60,61,62,63,64,79,65,66,67,68,69,70,71,72,73,74,75,76,80,116) AND 
				module_name='Home' AND 
				controller_name='Leavestockdetails' AND 
				action_name='Index' ) LIMIT 1   [ RunTime:0.001000s ]
SQL: DESCRIBE wh_type [ RunTime:0.005001s ]
SQL: SELECT * FROM `wh_type`  [ RunTime:0.001000s ]
SQL: DESCRIBE wh_category [ RunTime:0.004000s ]
SQL: SELECT * FROM `wh_category`  [ RunTime:0.001000s ]
SQL: DESCRIBE wh_stockhouse [ RunTime:0.004000s ]
SQL: SELECT * FROM `wh_stockhouse`  [ RunTime:0.000000s ]
INFO: [ view_parse ] --START--
INFO: [ template_filter ] --START--
INFO: Run Behavior\ContentReplaceBehavior [ RunTime:0.001000s ]
INFO: [ template_filter ] --END-- [ RunTime:0.001000s ]
NOTIC: [8] Undefined index: level D:\xampp\htdocs\warehouse\Application\Runtime\Cache\Home\4c28a9e95d8660565c41f8f4e98d1fdd.php 第 63 行.
NOTIC: [8] Undefined index: level D:\xampp\htdocs\warehouse\Application\Runtime\Cache\Home\4c28a9e95d8660565c41f8f4e98d1fdd.php 第 63 行.
NOTIC: [8] Undefined index: level D:\xampp\htdocs\warehouse\Application\Runtime\Cache\Home\4c28a9e95d8660565c41f8f4e98d1fdd.php 第 63 行.
NOTIC: [2] Invalid argument supplied for foreach() D:\xampp\htdocs\warehouse\Application\Runtime\Cache\Home\4c28a9e95d8660565c41f8f4e98d1fdd.php 第 102 行.
INFO: Run Behavior\ParseTemplateBehavior [ RunTime:0.012001s ]
INFO: [ view_parse ] --END-- [ RunTime:0.012001s ]
INFO: [ view_filter ] --START--
INFO: Run Behavior\WriteHtmlCacheBehavior [ RunTime:0.001000s ]
INFO: [ view_filter ] --END-- [ RunTime:0.001000s ]
INFO: [ app_end ] --START--
INFO: Run Behavior\ShowPageTraceBehavior [ RunTime:0.001000s ]
INFO: [ app_end ] --END-- [ RunTime:0.001000s ]

[ 2017-01-18T21:09:43+08:00 ] ::1 /warehouse/index.php/Home/Leavestockdetails/printresult?order=&project=&name=&type=&min=&max=&stock=1&start=2017-01-27+00%3A00&end=2017-01-27+00%3A00
INFO: [ app_init ] --START--
INFO: Run Behavior\BuildLiteBehavior [ RunTime:0.000000s ]
INFO: [ app_init ] --END-- [ RunTime:0.001000s ]
INFO: [ app_begin ] --START--
INFO: Run Behavior\ReadHtmlCacheBehavior [ RunTime:0.001000s ]
INFO: [ app_begin ] --END-- [ RunTime:0.001000s ]
SQL: DESCRIBE wh_user [ RunTime:0.005000s ]
SQL: SELECT `role_id` FROM `wh_user` WHERE ( `id` = 16 ) LIMIT 1   [ RunTime:0.000000s ]
SQL: DESCRIBE wh_role [ RunTime:0.004000s ]
SQL: SELECT `pri_id_list` FROM `wh_role` WHERE ( `id` = 3 ) LIMIT 1   [ RunTime:0.000000s ]
SQL: DESCRIBE wh_privilege [ RunTime:0.004000s ]
SQL: SELECT COUNT(*) AS tp_count FROM `wh_privilege` WHERE ( id IN(41,42,43,44,45,46,47,48,53,54,55,56,57,58,59,60,61,62,63,64,79,65,66,67,68,69,70,71,72,73,74,75,76,80,116) AND 
				module_name='Home' AND 
				controller_name='Leavestockdetails' AND 
				action_name='Printresult' ) LIMIT 1   [ RunTime:0.001000s ]
SQL: DESCRIBE wh_leavestock [ RunTime:0.005000s ]
SQL: DESCRIBE wh_leavestockdetails [ RunTime:0.004000s ]
SQL: SELECT a.*,b.leavedate,c.name as name_project,d.name as name_goods,e.name as name_type,f.name as name_stockhouse,g.price_enter FROM wh_leavestockdetails a INNER JOIN wh_leavestock b ON a.id_leave=b.id INNER JOIN wh_project c ON c.id=b.project_id INNER JOIN wh_goodsname d ON a.id_goodsname=d.id INNER JOIN wh_typename e ON a.id_typename=e.id INNER JOIN wh_stockhouse f ON b.stock_id=f.id INNER JOIN wh_stock g ON g.id_goodsname=a.id_goodsname AND g.id_typename=a.id_typename AND g.stock_id=b.stock_id  WHERE ( 1 AND f.id=1 AND UNIX_TIMESTAMP('2017-01-27 00:00')<=UNIX_TIMESTAMP(b.leavedate) AND UNIX_TIMESTAMP('2017-01-27 00:00')>=UNIX_TIMESTAMP(b.leavedate) ) ORDER BY a.id_leave desc,b.leavedate asc  [ RunTime:0.001000s ]
INFO: [ view_parse ] --START--
INFO: [ template_filter ] --START--
INFO: Run Behavior\ContentReplaceBehavior [ RunTime:0.000000s ]
INFO: [ template_filter ] --END-- [ RunTime:0.000000s ]
NOTIC: [8] Undefined variable: data_total D:\xampp\htdocs\warehouse\Application\Runtime\Cache\Home\155a13f257e7e0950282a87e83fd2594.php 第 25 行.
NOTIC: [8] Undefined variable: data_total D:\xampp\htdocs\warehouse\Application\Runtime\Cache\Home\155a13f257e7e0950282a87e83fd2594.php 第 26 行.
NOTIC: [8] Undefined variable: data_total D:\xampp\htdocs\warehouse\Application\Runtime\Cache\Home\155a13f257e7e0950282a87e83fd2594.php 第 27 行.
NOTIC: [8] Undefined variable: data_total D:\xampp\htdocs\warehouse\Application\Runtime\Cache\Home\155a13f257e7e0950282a87e83fd2594.php 第 28 行.
NOTIC: [8] Undefined variable: data_total D:\xampp\htdocs\warehouse\Application\Runtime\Cache\Home\155a13f257e7e0950282a87e83fd2594.php 第 29 行.
NOTIC: [8] Undefined variable: data_details D:\xampp\htdocs\warehouse\Application\Runtime\Cache\Home\155a13f257e7e0950282a87e83fd2594.php 第 41 行.
NOTIC: [2] Invalid argument supplied for foreach() D:\xampp\htdocs\warehouse\Application\Runtime\Cache\Home\155a13f257e7e0950282a87e83fd2594.php 第 41 行.
INFO: Run Behavior\ParseTemplateBehavior [ RunTime:0.012001s ]
INFO: [ view_parse ] --END-- [ RunTime:0.012001s ]
INFO: [ view_filter ] --START--
INFO: Run Behavior\WriteHtmlCacheBehavior [ RunTime:0.000000s ]
INFO: [ view_filter ] --END-- [ RunTime:0.000000s ]
INFO: [ app_end ] --START--
INFO: Run Behavior\ShowPageTraceBehavior [ RunTime:0.001000s ]
INFO: [ app_end ] --END-- [ RunTime:0.001000s ]

[ 2017-01-18T21:10:31+08:00 ] ::1 /warehouse/index.php/Home/Leavestockdetails/Index.html
INFO: [ app_init ] --START--
INFO: Run Behavior\BuildLiteBehavior [ RunTime:0.000000s ]
INFO: [ app_init ] --END-- [ RunTime:0.001000s ]
INFO: [ app_begin ] --START--
INFO: Run Behavior\ReadHtmlCacheBehavior [ RunTime:0.000000s ]
INFO: [ app_begin ] --END-- [ RunTime:0.000000s ]
SQL: DESCRIBE wh_user [ RunTime:0.005001s ]
SQL: SELECT `role_id` FROM `wh_user` WHERE ( `id` = 16 ) LIMIT 1   [ RunTime:0.000000s ]
SQL: DESCRIBE wh_role [ RunTime:0.006000s ]
SQL: SELECT `pri_id_list` FROM `wh_role` WHERE ( `id` = 3 ) LIMIT 1   [ RunTime:0.000000s ]
SQL: DESCRIBE wh_privilege [ RunTime:0.005000s ]
SQL: SELECT COUNT(*) AS tp_count FROM `wh_privilege` WHERE ( id IN(41,42,43,44,45,46,47,48,53,54,55,56,57,58,59,60,61,62,63,64,79,65,66,67,68,69,70,71,72,73,74,75,76,80,116) AND 
				module_name='Home' AND 
				controller_name='Leavestockdetails' AND 
				action_name='Index' ) LIMIT 1   [ RunTime:0.001000s ]
NOTIC: [2048] Declaration of Home\Model\LeavestockdetailsModel::_after_insert() should be compatible with Think\Model::_after_insert($data, $options) D:\xampp\htdocs\warehouse\Application\Home\Model\LeavestockdetailsModel.class.php 第 307 行.
NOTIC: [2048] Declaration of Home\Model\LeavestockdetailsModel::_after_update() should be compatible with Think\Model::_after_update($data, $options) D:\xampp\htdocs\warehouse\Application\Home\Model\LeavestockdetailsModel.class.php 第 307 行.
SQL: DESCRIBE wh_leavestockdetails [ RunTime:0.003000s ]
NOTIC: [2] Invalid argument supplied for foreach() D:\xampp\htdocs\warehouse\ThinkPHP\Library\Think\Db.class.php 第 429 行.
SQL: SELECT COUNT(*) AS tp_count FROM `wh_leavestockdetails` LIMIT 1   [ RunTime:0.000000s ]
NOTIC: [2] Invalid argument supplied for foreach() D:\xampp\htdocs\warehouse\ThinkPHP\Library\Think\Db.class.php 第 429 行.
SQL: SELECT a.*,b.leavedate,c.name as name_project,d.name as name_goods,e.name as name_type,f.name as name_stockhouse,g.price_enter FROM wh_leavestockdetails a INNER JOIN wh_leavestock b ON a.id_leave=b.id INNER JOIN wh_project c ON c.id=b.project_id INNER JOIN wh_goodsname d ON a.id_goodsname=d.id INNER JOIN wh_typename e ON a.id_typename=e.id INNER JOIN wh_stockhouse f ON b.stock_id=f.id INNER JOIN wh_stock g ON g.id_goodsname=a.id_goodsname AND g.id_typename=a.id_typename AND g.stock_id=b.stock_id  ORDER BY a.id_leave desc,b.leavedate asc LIMIT 0,10   [ RunTime:0.000000s ]
SQL: SELECT `role_id` FROM `wh_user` WHERE ( `id` = 16 ) LIMIT 1   [ RunTime:0.000000s ]
SQL: SELECT `pri_id_list` FROM `wh_role` WHERE ( `id` = 3 ) LIMIT 1   [ RunTime:0.001000s ]
SQL: SELECT COUNT(*) AS tp_count FROM `wh_privilege` WHERE ( id IN(41,42,43,44,45,46,47,48,53,54,55,56,57,58,59,60,61,62,63,64,79,65,66,67,68,69,70,71,72,73,74,75,76,80,116) AND 
				module_name='Home' AND 
				controller_name='Leavestockdetails' AND 
				action_name='Index' ) LIMIT 1   [ RunTime:0.001000s ]
SQL: DESCRIBE wh_type [ RunTime:0.005000s ]
SQL: SELECT * FROM `wh_type`  [ RunTime:0.001000s ]
SQL: DESCRIBE wh_category [ RunTime:0.005000s ]
SQL: SELECT * FROM `wh_category`  [ RunTime:0.001000s ]
SQL: DESCRIBE wh_stockhouse [ RunTime:0.005000s ]
SQL: SELECT * FROM `wh_stockhouse`  [ RunTime:0.001000s ]
INFO: [ view_parse ] --START--
INFO: [ template_filter ] --START--
INFO: Run Behavior\ContentReplaceBehavior [ RunTime:0.000000s ]
INFO: [ template_filter ] --END-- [ RunTime:0.000000s ]
NOTIC: [8] Undefined index: level D:\xampp\htdocs\warehouse\Application\Runtime\Cache\Home\4c28a9e95d8660565c41f8f4e98d1fdd.php 第 63 行.
NOTIC: [8] Undefined index: level D:\xampp\htdocs\warehouse\Application\Runtime\Cache\Home\4c28a9e95d8660565c41f8f4e98d1fdd.php 第 63 行.
NOTIC: [8] Undefined index: level D:\xampp\htdocs\warehouse\Application\Runtime\Cache\Home\4c28a9e95d8660565c41f8f4e98d1fdd.php 第 63 行.
NOTIC: [8] Undefined index: name_category D:\xampp\htdocs\warehouse\Application\Runtime\Cache\Home\4c28a9e95d8660565c41f8f4e98d1fdd.php 第 111 行.
NOTIC: [8] Undefined index: price_leave D:\xampp\htdocs\warehouse\Application\Runtime\Cache\Home\4c28a9e95d8660565c41f8f4e98d1fdd.php 第 112 行.
INFO: Run Behavior\ParseTemplateBehavior [ RunTime:0.013001s ]
INFO: [ view_parse ] --END-- [ RunTime:0.013001s ]
INFO: [ view_filter ] --START--
INFO: Run Behavior\WriteHtmlCacheBehavior [ RunTime:0.000000s ]
INFO: [ view_filter ] --END-- [ RunTime:0.000000s ]
INFO: [ app_end ] --START--
INFO: Run Behavior\ShowPageTraceBehavior [ RunTime:0.001000s ]
INFO: [ app_end ] --END-- [ RunTime:0.001000s ]

[ 2017-01-18T21:10:33+08:00 ] ::1 /warehouse/index.php/Home/Leavestockdetails/printresult?order=&project=&name=&type=&min=&max=&stock=0&start=&end=
INFO: [ app_init ] --START--
INFO: Run Behavior\BuildLiteBehavior [ RunTime:0.000000s ]
INFO: [ app_init ] --END-- [ RunTime:0.000000s ]
INFO: [ app_begin ] --START--
INFO: Run Behavior\ReadHtmlCacheBehavior [ RunTime:0.001000s ]
INFO: [ app_begin ] --END-- [ RunTime:0.001000s ]
SQL: DESCRIBE wh_user [ RunTime:0.006000s ]
SQL: SELECT `role_id` FROM `wh_user` WHERE ( `id` = 16 ) LIMIT 1   [ RunTime:0.000000s ]
SQL: DESCRIBE wh_role [ RunTime:0.005000s ]
SQL: SELECT `pri_id_list` FROM `wh_role` WHERE ( `id` = 3 ) LIMIT 1   [ RunTime:0.001000s ]
SQL: DESCRIBE wh_privilege [ RunTime:0.004000s ]
SQL: SELECT COUNT(*) AS tp_count FROM `wh_privilege` WHERE ( id IN(41,42,43,44,45,46,47,48,53,54,55,56,57,58,59,60,61,62,63,64,79,65,66,67,68,69,70,71,72,73,74,75,76,80,116) AND 
				module_name='Home' AND 
				controller_name='Leavestockdetails' AND 
				action_name='Printresult' ) LIMIT 1   [ RunTime:0.000000s ]
INFO: [ view_parse ] --START--
INFO: [ template_filter ] --START--
INFO: Run Behavior\ContentReplaceBehavior [ RunTime:0.000000s ]
INFO: [ template_filter ] --END-- [ RunTime:0.000000s ]
INFO: Run Behavior\ParseTemplateBehavior [ RunTime:0.012001s ]
INFO: [ view_parse ] --END-- [ RunTime:0.013001s ]
INFO: [ view_filter ] --START--
INFO: Run Behavior\WriteHtmlCacheBehavior [ RunTime:0.000000s ]
INFO: [ view_filter ] --END-- [ RunTime:0.000000s ]

[ 2017-01-18T21:10:42+08:00 ] ::1 /warehouse/index.php/Home/Leavestockdetails/printresult?order=&project=&name=&type=&min=&max=&stock=1&start=&end=
INFO: [ app_init ] --START--
INFO: Run Behavior\BuildLiteBehavior [ RunTime:0.000000s ]
INFO: [ app_init ] --END-- [ RunTime:0.001000s ]
INFO: [ app_begin ] --START--
INFO: Run Behavior\ReadHtmlCacheBehavior [ RunTime:0.001000s ]
INFO: [ app_begin ] --END-- [ RunTime:0.001000s ]
SQL: DESCRIBE wh_user [ RunTime:0.005000s ]
SQL: SELECT `role_id` FROM `wh_user` WHERE ( `id` = 16 ) LIMIT 1   [ RunTime:0.001000s ]
SQL: DESCRIBE wh_role [ RunTime:0.004000s ]
SQL: SELECT `pri_id_list` FROM `wh_role` WHERE ( `id` = 3 ) LIMIT 1   [ RunTime:0.001000s ]
SQL: DESCRIBE wh_privilege [ RunTime:0.004000s ]
SQL: SELECT COUNT(*) AS tp_count FROM `wh_privilege` WHERE ( id IN(41,42,43,44,45,46,47,48,53,54,55,56,57,58,59,60,61,62,63,64,79,65,66,67,68,69,70,71,72,73,74,75,76,80,116) AND 
				module_name='Home' AND 
				controller_name='Leavestockdetails' AND 
				action_name='Printresult' ) LIMIT 1   [ RunTime:0.001001s ]
SQL: DESCRIBE wh_leavestock [ RunTime:0.004000s ]
SQL: DESCRIBE wh_leavestockdetails [ RunTime:0.004000s ]
SQL: SELECT a.*,b.leavedate,c.name as name_project,d.name as name_goods,e.name as name_type,f.name as name_stockhouse,g.price_enter FROM wh_leavestockdetails a INNER JOIN wh_leavestock b ON a.id_leave=b.id INNER JOIN wh_project c ON c.id=b.project_id INNER JOIN wh_goodsname d ON a.id_goodsname=d.id INNER JOIN wh_typename e ON a.id_typename=e.id INNER JOIN wh_stockhouse f ON b.stock_id=f.id INNER JOIN wh_stock g ON g.id_goodsname=a.id_goodsname AND g.id_typename=a.id_typename AND g.stock_id=b.stock_id  WHERE ( 1 AND f.id=1 ) ORDER BY a.id_leave desc,b.leavedate asc  [ RunTime:0.001000s ]
INFO: [ view_parse ] --START--
INFO: [ template_filter ] --START--
INFO: Run Behavior\ContentReplaceBehavior [ RunTime:0.000000s ]
INFO: [ template_filter ] --END-- [ RunTime:0.000000s ]
NOTIC: [8] Undefined variable: data_total D:\xampp\htdocs\warehouse\Application\Runtime\Cache\Home\155a13f257e7e0950282a87e83fd2594.php 第 25 行.
NOTIC: [8] Undefined variable: data_total D:\xampp\htdocs\warehouse\Application\Runtime\Cache\Home\155a13f257e7e0950282a87e83fd2594.php 第 26 行.
NOTIC: [8] Undefined variable: data_total D:\xampp\htdocs\warehouse\Application\Runtime\Cache\Home\155a13f257e7e0950282a87e83fd2594.php 第 27 行.
NOTIC: [8] Undefined variable: data_total D:\xampp\htdocs\warehouse\Application\Runtime\Cache\Home\155a13f257e7e0950282a87e83fd2594.php 第 28 行.
NOTIC: [8] Undefined variable: data_total D:\xampp\htdocs\warehouse\Application\Runtime\Cache\Home\155a13f257e7e0950282a87e83fd2594.php 第 29 行.
NOTIC: [8] Undefined variable: data_details D:\xampp\htdocs\warehouse\Application\Runtime\Cache\Home\155a13f257e7e0950282a87e83fd2594.php 第 41 行.
NOTIC: [2] Invalid argument supplied for foreach() D:\xampp\htdocs\warehouse\Application\Runtime\Cache\Home\155a13f257e7e0950282a87e83fd2594.php 第 41 行.
INFO: Run Behavior\ParseTemplateBehavior [ RunTime:0.010001s ]
INFO: [ view_parse ] --END-- [ RunTime:0.010001s ]
INFO: [ view_filter ] --START--
INFO: Run Behavior\WriteHtmlCacheBehavior [ RunTime:0.001000s ]
INFO: [ view_filter ] --END-- [ RunTime:0.001000s ]
INFO: [ app_end ] --START--
INFO: Run Behavior\ShowPageTraceBehavior [ RunTime:0.001000s ]
INFO: [ app_end ] --END-- [ RunTime:0.001000s ]

[ 2017-01-18T21:26:03+08:00 ] ::1 /warehouse/index.php/Home/Leavestockdetails/Index.html
INFO: [ app_init ] --START--
INFO: Run Behavior\BuildLiteBehavior [ RunTime:0.000000s ]
INFO: [ app_init ] --END-- [ RunTime:0.001000s ]
INFO: [ app_begin ] --START--
INFO: Run Behavior\ReadHtmlCacheBehavior [ RunTime:0.001000s ]
INFO: [ app_begin ] --END-- [ RunTime:0.001000s ]
SQL: DESCRIBE wh_user [ RunTime:0.004000s ]
SQL: SELECT `role_id` FROM `wh_user` WHERE ( `id` = 16 ) LIMIT 1   [ RunTime:0.000000s ]
SQL: DESCRIBE wh_role [ RunTime:0.004000s ]
SQL: SELECT `pri_id_list` FROM `wh_role` WHERE ( `id` = 3 ) LIMIT 1   [ RunTime:0.000000s ]
SQL: DESCRIBE wh_privilege [ RunTime:0.003000s ]
SQL: SELECT COUNT(*) AS tp_count FROM `wh_privilege` WHERE ( id IN(41,42,43,44,45,46,47,48,53,54,55,56,57,58,59,60,61,62,63,64,79,65,66,67,68,69,70,71,72,73,74,75,76,80,116) AND 
				module_name='Home' AND 
				controller_name='Leavestockdetails' AND 
				action_name='Index' ) LIMIT 1   [ RunTime:0.001000s ]
NOTIC: [2048] Declaration of Home\Model\LeavestockdetailsModel::_after_insert() should be compatible with Think\Model::_after_insert($data, $options) D:\xampp\htdocs\warehouse\Application\Home\Model\LeavestockdetailsModel.class.php 第 307 行.
NOTIC: [2048] Declaration of Home\Model\LeavestockdetailsModel::_after_update() should be compatible with Think\Model::_after_update($data, $options) D:\xampp\htdocs\warehouse\Application\Home\Model\LeavestockdetailsModel.class.php 第 307 行.
SQL: DESCRIBE wh_leavestockdetails [ RunTime:0.003000s ]
NOTIC: [2] Invalid argument supplied for foreach() D:\xampp\htdocs\warehouse\ThinkPHP\Library\Think\Db.class.php 第 429 行.
SQL: SELECT COUNT(*) AS tp_count FROM `wh_leavestockdetails` LIMIT 1   [ RunTime:0.000000s ]
NOTIC: [2] Invalid argument supplied for foreach() D:\xampp\htdocs\warehouse\ThinkPHP\Library\Think\Db.class.php 第 429 行.
SQL: SELECT a.*,b.leavedate,c.name as name_project,d.name as name_goods,e.name as name_type,f.name as name_stockhouse,g.price_enter FROM wh_leavestockdetails a INNER JOIN wh_leavestock b ON a.id_leave=b.id INNER JOIN wh_project c ON c.id=b.project_id INNER JOIN wh_goodsname d ON a.id_goodsname=d.id INNER JOIN wh_typename e ON a.id_typename=e.id INNER JOIN wh_stockhouse f ON b.stock_id=f.id INNER JOIN wh_stock g ON g.id_goodsname=a.id_goodsname AND g.id_typename=a.id_typename AND g.stock_id=b.stock_id  ORDER BY a.id_leave desc,b.leavedate asc LIMIT 0,10   [ RunTime:0.001000s ]
SQL: SELECT `role_id` FROM `wh_user` WHERE ( `id` = 16 ) LIMIT 1   [ RunTime:0.001000s ]
SQL: SELECT `pri_id_list` FROM `wh_role` WHERE ( `id` = 3 ) LIMIT 1   [ RunTime:0.000000s ]
SQL: SELECT COUNT(*) AS tp_count FROM `wh_privilege` WHERE ( id IN(41,42,43,44,45,46,47,48,53,54,55,56,57,58,59,60,61,62,63,64,79,65,66,67,68,69,70,71,72,73,74,75,76,80,116) AND 
				module_name='Home' AND 
				controller_name='Leavestockdetails' AND 
				action_name='Index' ) LIMIT 1   [ RunTime:0.000000s ]
SQL: DESCRIBE wh_type [ RunTime:0.003001s ]
SQL: SELECT * FROM `wh_type`  [ RunTime:0.000000s ]
SQL: DESCRIBE wh_category [ RunTime:0.005000s ]
SQL: SELECT * FROM `wh_category`  [ RunTime:0.001000s ]
SQL: DESCRIBE wh_stockhouse [ RunTime:0.003000s ]
SQL: SELECT * FROM `wh_stockhouse`  [ RunTime:0.001000s ]
INFO: [ view_parse ] --START--
INFO: [ template_filter ] --START--
INFO: Run Behavior\ContentReplaceBehavior [ RunTime:0.000000s ]
INFO: [ template_filter ] --END-- [ RunTime:0.000000s ]
NOTIC: [8] Undefined index: level D:\xampp\htdocs\warehouse\Application\Runtime\Cache\Home\4c28a9e95d8660565c41f8f4e98d1fdd.php 第 63 行.
NOTIC: [8] Undefined index: level D:\xampp\htdocs\warehouse\Application\Runtime\Cache\Home\4c28a9e95d8660565c41f8f4e98d1fdd.php 第 63 行.
NOTIC: [8] Undefined index: level D:\xampp\htdocs\warehouse\Application\Runtime\Cache\Home\4c28a9e95d8660565c41f8f4e98d1fdd.php 第 63 行.
NOTIC: [8] Undefined index: name_category D:\xampp\htdocs\warehouse\Application\Runtime\Cache\Home\4c28a9e95d8660565c41f8f4e98d1fdd.php 第 111 行.
NOTIC: [8] Undefined index: price_leave D:\xampp\htdocs\warehouse\Application\Runtime\Cache\Home\4c28a9e95d8660565c41f8f4e98d1fdd.php 第 112 行.
INFO: Run Behavior\ParseTemplateBehavior [ RunTime:0.015001s ]
INFO: [ view_parse ] --END-- [ RunTime:0.015001s ]
INFO: [ view_filter ] --START--
INFO: Run Behavior\WriteHtmlCacheBehavior [ RunTime:0.001000s ]
INFO: [ view_filter ] --END-- [ RunTime:0.001000s ]
INFO: [ app_end ] --START--
INFO: Run Behavior\ShowPageTraceBehavior [ RunTime:0.001000s ]
INFO: [ app_end ] --END-- [ RunTime:0.001000s ]

[ 2017-01-18T21:26:07+08:00 ] ::1 /warehouse/index.php/Home/Leavestockdetails/printresult?order=&project=&name=&type=&min=&max=&stock=1&start=&end=
INFO: [ app_init ] --START--
INFO: Run Behavior\BuildLiteBehavior [ RunTime:0.000000s ]
INFO: [ app_init ] --END-- [ RunTime:0.000000s ]
INFO: [ app_begin ] --START--
INFO: Run Behavior\ReadHtmlCacheBehavior [ RunTime:0.001000s ]
INFO: [ app_begin ] --END-- [ RunTime:0.001000s ]
SQL: DESCRIBE wh_user [ RunTime:0.004000s ]
SQL: SELECT `role_id` FROM `wh_user` WHERE ( `id` = 16 ) LIMIT 1   [ RunTime:0.000000s ]
SQL: DESCRIBE wh_role [ RunTime:0.006000s ]
SQL: SELECT `pri_id_list` FROM `wh_role` WHERE ( `id` = 3 ) LIMIT 1   [ RunTime:0.000000s ]
SQL: DESCRIBE wh_privilege [ RunTime:0.005000s ]
SQL: SELECT COUNT(*) AS tp_count FROM `wh_privilege` WHERE ( id IN(41,42,43,44,45,46,47,48,53,54,55,56,57,58,59,60,61,62,63,64,79,65,66,67,68,69,70,71,72,73,74,75,76,80,116) AND 
				module_name='Home' AND 
				controller_name='Leavestockdetails' AND 
				action_name='Printresult' ) LIMIT 1   [ RunTime:0.001000s ]
SQL: DESCRIBE wh_leavestock [ RunTime:0.004001s ]
SQL: DESCRIBE wh_leavestockdetails [ RunTime:0.005000s ]
SQL: SELECT a.*,b.leavedate,c.name as name_project,d.name as name_goods,e.name as name_type,f.name as name_stockhouse,g.price_enter,h.username FROM wh_leavestockdetails a INNER JOIN wh_leavestock b ON a.id_leave=b.id INNER JOIN wh_project c ON c.id=b.project_id INNER JOIN wh_goodsname d ON a.id_goodsname=d.id INNER JOIN wh_typename e ON a.id_typename=e.id INNER JOIN wh_stockhouse f ON b.stock_id=f.id INNER JOIN wh_stock g ON g.id_goodsname=a.id_goodsname AND g.id_typename=a.id_typename AND g.stock_id=b.stock_id INNER JOIN wh_user h ON b.user_id=h.id  WHERE ( 1 AND f.id=1 ) ORDER BY a.id_leave desc,b.leavedate asc  [ RunTime:0.001000s ]
INFO: [ view_parse ] --START--
INFO: [ template_filter ] --START--
INFO: Run Behavior\ContentReplaceBehavior [ RunTime:0.000000s ]
INFO: [ template_filter ] --END-- [ RunTime:0.000000s ]
NOTIC: [8] Undefined variable: data_total D:\xampp\htdocs\warehouse\Application\Runtime\Cache\Home\155a13f257e7e0950282a87e83fd2594.php 第 25 行.
NOTIC: [8] Undefined variable: data_total D:\xampp\htdocs\warehouse\Application\Runtime\Cache\Home\155a13f257e7e0950282a87e83fd2594.php 第 26 行.
NOTIC: [8] Undefined variable: data_total D:\xampp\htdocs\warehouse\Application\Runtime\Cache\Home\155a13f257e7e0950282a87e83fd2594.php 第 27 行.
NOTIC: [8] Undefined variable: data_total D:\xampp\htdocs\warehouse\Application\Runtime\Cache\Home\155a13f257e7e0950282a87e83fd2594.php 第 28 行.
NOTIC: [8] Undefined variable: data_total D:\xampp\htdocs\warehouse\Application\Runtime\Cache\Home\155a13f257e7e0950282a87e83fd2594.php 第 29 行.
NOTIC: [8] Undefined variable: data_details D:\xampp\htdocs\warehouse\Application\Runtime\Cache\Home\155a13f257e7e0950282a87e83fd2594.php 第 41 行.
NOTIC: [2] Invalid argument supplied for foreach() D:\xampp\htdocs\warehouse\Application\Runtime\Cache\Home\155a13f257e7e0950282a87e83fd2594.php 第 41 行.
INFO: Run Behavior\ParseTemplateBehavior [ RunTime:0.013001s ]
INFO: [ view_parse ] --END-- [ RunTime:0.013001s ]
INFO: [ view_filter ] --START--
INFO: Run Behavior\WriteHtmlCacheBehavior [ RunTime:0.002000s ]
INFO: [ view_filter ] --END-- [ RunTime:0.002000s ]
INFO: [ app_end ] --START--
INFO: Run Behavior\ShowPageTraceBehavior [ RunTime:0.001000s ]
INFO: [ app_end ] --END-- [ RunTime:0.001000s ]

[ 2017-01-18T21:31:42+08:00 ] ::1 /warehouse/index.php/Home/Leavestockdetails/Index.html
INFO: [ app_init ] --START--
INFO: Run Behavior\BuildLiteBehavior [ RunTime:0.000000s ]
INFO: [ app_init ] --END-- [ RunTime:0.000000s ]
INFO: [ app_begin ] --START--
INFO: Run Behavior\ReadHtmlCacheBehavior [ RunTime:0.001000s ]
INFO: [ app_begin ] --END-- [ RunTime:0.001000s ]
SQL: DESCRIBE wh_user [ RunTime:0.004001s ]
SQL: SELECT `role_id` FROM `wh_user` WHERE ( `id` = 16 ) LIMIT 1   [ RunTime:0.001000s ]
SQL: DESCRIBE wh_role [ RunTime:0.004000s ]
SQL: SELECT `pri_id_list` FROM `wh_role` WHERE ( `id` = 3 ) LIMIT 1   [ RunTime:0.001000s ]
SQL: DESCRIBE wh_privilege [ RunTime:0.005000s ]
SQL: SELECT COUNT(*) AS tp_count FROM `wh_privilege` WHERE ( id IN(41,42,43,44,45,46,47,48,53,54,55,56,57,58,59,60,61,62,63,64,79,65,66,67,68,69,70,71,72,73,74,75,76,80,116) AND 
				module_name='Home' AND 
				controller_name='Leavestockdetails' AND 
				action_name='Index' ) LIMIT 1   [ RunTime:0.001000s ]
NOTIC: [2048] Declaration of Home\Model\LeavestockdetailsModel::_after_insert() should be compatible with Think\Model::_after_insert($data, $options) D:\xampp\htdocs\warehouse\Application\Home\Model\LeavestockdetailsModel.class.php 第 307 行.
NOTIC: [2048] Declaration of Home\Model\LeavestockdetailsModel::_after_update() should be compatible with Think\Model::_after_update($data, $options) D:\xampp\htdocs\warehouse\Application\Home\Model\LeavestockdetailsModel.class.php 第 307 行.
SQL: DESCRIBE wh_leavestockdetails [ RunTime:0.004001s ]
NOTIC: [2] Invalid argument supplied for foreach() D:\xampp\htdocs\warehouse\ThinkPHP\Library\Think\Db.class.php 第 429 行.
SQL: SELECT COUNT(*) AS tp_count FROM `wh_leavestockdetails` LIMIT 1   [ RunTime:0.001000s ]
NOTIC: [2] Invalid argument supplied for foreach() D:\xampp\htdocs\warehouse\ThinkPHP\Library\Think\Db.class.php 第 429 行.
SQL: SELECT a.*,b.leavedate,c.name as name_project,d.name as name_goods,e.name as name_type,f.name as name_stockhouse,g.price_enter FROM wh_leavestockdetails a INNER JOIN wh_leavestock b ON a.id_leave=b.id INNER JOIN wh_project c ON c.id=b.project_id INNER JOIN wh_goodsname d ON a.id_goodsname=d.id INNER JOIN wh_typename e ON a.id_typename=e.id INNER JOIN wh_stockhouse f ON b.stock_id=f.id INNER JOIN wh_stock g ON g.id_goodsname=a.id_goodsname AND g.id_typename=a.id_typename AND g.stock_id=b.stock_id  ORDER BY a.id_leave desc,b.leavedate asc LIMIT 0,10   [ RunTime:0.001000s ]
SQL: SELECT `role_id` FROM `wh_user` WHERE ( `id` = 16 ) LIMIT 1   [ RunTime:0.001000s ]
SQL: SELECT `pri_id_list` FROM `wh_role` WHERE ( `id` = 3 ) LIMIT 1   [ RunTime:0.000000s ]
SQL: SELECT COUNT(*) AS tp_count FROM `wh_privilege` WHERE ( id IN(41,42,43,44,45,46,47,48,53,54,55,56,57,58,59,60,61,62,63,64,79,65,66,67,68,69,70,71,72,73,74,75,76,80,116) AND 
				module_name='Home' AND 
				controller_name='Leavestockdetails' AND 
				action_name='Index' ) LIMIT 1   [ RunTime:0.000000s ]
SQL: DESCRIBE wh_type [ RunTime:0.004000s ]
SQL: SELECT * FROM `wh_type`  [ RunTime:0.000000s ]
SQL: DESCRIBE wh_category [ RunTime:0.003000s ]
SQL: SELECT * FROM `wh_category`  [ RunTime:0.001000s ]
SQL: DESCRIBE wh_stockhouse [ RunTime:0.005000s ]
SQL: SELECT * FROM `wh_stockhouse`  [ RunTime:0.000000s ]
INFO: [ view_parse ] --START--
INFO: [ template_filter ] --START--
INFO: Run Behavior\ContentReplaceBehavior [ RunTime:0.001000s ]
INFO: [ template_filter ] --END-- [ RunTime:0.001000s ]
NOTIC: [8] Undefined index: level D:\xampp\htdocs\warehouse\Application\Runtime\Cache\Home\4c28a9e95d8660565c41f8f4e98d1fdd.php 第 63 行.
NOTIC: [8] Undefined index: level D:\xampp\htdocs\warehouse\Application\Runtime\Cache\Home\4c28a9e95d8660565c41f8f4e98d1fdd.php 第 63 行.
NOTIC: [8] Undefined index: level D:\xampp\htdocs\warehouse\Application\Runtime\Cache\Home\4c28a9e95d8660565c41f8f4e98d1fdd.php 第 63 行.
NOTIC: [8] Undefined index: name_category D:\xampp\htdocs\warehouse\Application\Runtime\Cache\Home\4c28a9e95d8660565c41f8f4e98d1fdd.php 第 111 行.
NOTIC: [8] Undefined index: price_leave D:\xampp\htdocs\warehouse\Application\Runtime\Cache\Home\4c28a9e95d8660565c41f8f4e98d1fdd.php 第 112 行.
INFO: Run Behavior\ParseTemplateBehavior [ RunTime:0.014001s ]
INFO: [ view_parse ] --END-- [ RunTime:0.014001s ]
INFO: [ view_filter ] --START--
INFO: Run Behavior\WriteHtmlCacheBehavior [ RunTime:0.001000s ]
INFO: [ view_filter ] --END-- [ RunTime:0.001000s ]
INFO: [ app_end ] --START--
INFO: Run Behavior\ShowPageTraceBehavior [ RunTime:0.001000s ]
INFO: [ app_end ] --END-- [ RunTime:0.001000s ]

[ 2017-01-18T21:31:44+08:00 ] ::1 /warehouse/index.php/Home/Leavestockdetails/printresult?order=&project=&name=&type=&min=&max=&stock=0&start=&end=
INFO: [ app_init ] --START--
INFO: Run Behavior\BuildLiteBehavior [ RunTime:0.000000s ]
INFO: [ app_init ] --END-- [ RunTime:0.001000s ]
INFO: [ app_begin ] --START--
INFO: Run Behavior\ReadHtmlCacheBehavior [ RunTime:0.001000s ]
INFO: [ app_begin ] --END-- [ RunTime:0.001000s ]
SQL: DESCRIBE wh_user [ RunTime:0.005000s ]
SQL: SELECT `role_id` FROM `wh_user` WHERE ( `id` = 16 ) LIMIT 1   [ RunTime:0.001000s ]
SQL: DESCRIBE wh_role [ RunTime:0.004000s ]
SQL: SELECT `pri_id_list` FROM `wh_role` WHERE ( `id` = 3 ) LIMIT 1   [ RunTime:0.001000s ]
SQL: DESCRIBE wh_privilege [ RunTime:0.004000s ]
SQL: SELECT COUNT(*) AS tp_count FROM `wh_privilege` WHERE ( id IN(41,42,43,44,45,46,47,48,53,54,55,56,57,58,59,60,61,62,63,64,79,65,66,67,68,69,70,71,72,73,74,75,76,80,116) AND 
				module_name='Home' AND 
				controller_name='Leavestockdetails' AND 
				action_name='Printresult' ) LIMIT 1   [ RunTime:0.001000s ]
INFO: [ view_parse ] --START--
INFO: [ template_filter ] --START--
INFO: Run Behavior\ContentReplaceBehavior [ RunTime:0.000000s ]
INFO: [ template_filter ] --END-- [ RunTime:0.000000s ]
INFO: Run Behavior\ParseTemplateBehavior [ RunTime:0.012000s ]
INFO: [ view_parse ] --END-- [ RunTime:0.012000s ]
INFO: [ view_filter ] --START--
INFO: Run Behavior\WriteHtmlCacheBehavior [ RunTime:0.000000s ]
INFO: [ view_filter ] --END-- [ RunTime:0.000000s ]

[ 2017-01-18T21:31:52+08:00 ] ::1 /warehouse/index.php/Home/Leavestockdetails/printresult?order=&project=&name=&type=&min=&max=&stock=1&start=&end=
INFO: [ app_init ] --START--
INFO: Run Behavior\BuildLiteBehavior [ RunTime:0.000000s ]
INFO: [ app_init ] --END-- [ RunTime:0.000000s ]
INFO: [ app_begin ] --START--
INFO: Run Behavior\ReadHtmlCacheBehavior [ RunTime:0.002000s ]
INFO: [ app_begin ] --END-- [ RunTime:0.002000s ]
SQL: DESCRIBE wh_user [ RunTime:0.004000s ]
SQL: SELECT `role_id` FROM `wh_user` WHERE ( `id` = 16 ) LIMIT 1   [ RunTime:0.000000s ]
SQL: DESCRIBE wh_role [ RunTime:0.004000s ]
SQL: SELECT `pri_id_list` FROM `wh_role` WHERE ( `id` = 3 ) LIMIT 1   [ RunTime:0.001000s ]
SQL: DESCRIBE wh_privilege [ RunTime:0.004001s ]
SQL: SELECT COUNT(*) AS tp_count FROM `wh_privilege` WHERE ( id IN(41,42,43,44,45,46,47,48,53,54,55,56,57,58,59,60,61,62,63,64,79,65,66,67,68,69,70,71,72,73,74,75,76,80,116) AND 
				module_name='Home' AND 
				controller_name='Leavestockdetails' AND 
				action_name='Printresult' ) LIMIT 1   [ RunTime:0.001000s ]
SQL: DESCRIBE wh_leavestock [ RunTime:0.004000s ]
SQL: DESCRIBE wh_leavestockdetails [ RunTime:0.004000s ]
SQL: SELECT a.*,b.leavedate,c.name as name_project,d.name as name_goods,e.name as name_type,f.name as name_stockhouse,g.price_enter,h.username FROM wh_leavestockdetails a INNER JOIN wh_leavestock b ON a.id_leave=b.id INNER JOIN wh_project c ON c.id=b.project_id INNER JOIN wh_goodsname d ON a.id_goodsname=d.id INNER JOIN wh_typename e ON a.id_typename=e.id INNER JOIN wh_stockhouse f ON b.stock_id=f.id INNER JOIN wh_stock g ON g.id_goodsname=a.id_goodsname AND g.id_typename=a.id_typename AND g.stock_id=b.stock_id INNER JOIN wh_user h ON b.user_id=h.id  WHERE ( 1 AND f.id=1 ) ORDER BY a.id_leave desc,b.leavedate asc  [ RunTime:0.001000s ]
INFO: [ view_parse ] --START--
INFO: [ template_filter ] --START--
INFO: Run Behavior\ContentReplaceBehavior [ RunTime:0.000000s ]
INFO: [ template_filter ] --END-- [ RunTime:0.000000s ]
NOTIC: [8] Undefined variable: data_total D:\xampp\htdocs\warehouse\Application\Runtime\Cache\Home\155a13f257e7e0950282a87e83fd2594.php 第 25 行.
NOTIC: [8] Undefined variable: data_total D:\xampp\htdocs\warehouse\Application\Runtime\Cache\Home\155a13f257e7e0950282a87e83fd2594.php 第 26 行.
NOTIC: [8] Undefined variable: data_total D:\xampp\htdocs\warehouse\Application\Runtime\Cache\Home\155a13f257e7e0950282a87e83fd2594.php 第 27 行.
NOTIC: [8] Undefined variable: data_total D:\xampp\htdocs\warehouse\Application\Runtime\Cache\Home\155a13f257e7e0950282a87e83fd2594.php 第 28 行.
NOTIC: [8] Undefined variable: data_total D:\xampp\htdocs\warehouse\Application\Runtime\Cache\Home\155a13f257e7e0950282a87e83fd2594.php 第 29 行.
NOTIC: [8] Undefined variable: data_details D:\xampp\htdocs\warehouse\Application\Runtime\Cache\Home\155a13f257e7e0950282a87e83fd2594.php 第 46 行.
NOTIC: [2] Invalid argument supplied for foreach() D:\xampp\htdocs\warehouse\Application\Runtime\Cache\Home\155a13f257e7e0950282a87e83fd2594.php 第 46 行.
INFO: Run Behavior\ParseTemplateBehavior [ RunTime:0.012001s ]
INFO: [ view_parse ] --END-- [ RunTime:0.012001s ]
INFO: [ view_filter ] --START--
INFO: Run Behavior\WriteHtmlCacheBehavior [ RunTime:0.001000s ]
INFO: [ view_filter ] --END-- [ RunTime:0.001000s ]
INFO: [ app_end ] --START--
INFO: Run Behavior\ShowPageTraceBehavior [ RunTime:0.001000s ]
INFO: [ app_end ] --END-- [ RunTime:0.001000s ]

[ 2017-01-18T21:32:07+08:00 ] ::1 /warehouse/index.php/Home/Leavestockdetails/Index.html
INFO: [ app_init ] --START--
INFO: Run Behavior\BuildLiteBehavior [ RunTime:0.000000s ]
INFO: [ app_init ] --END-- [ RunTime:0.001000s ]
INFO: [ app_begin ] --START--
INFO: Run Behavior\ReadHtmlCacheBehavior [ RunTime:0.002000s ]
INFO: [ app_begin ] --END-- [ RunTime:0.002000s ]
SQL: DESCRIBE wh_user [ RunTime:0.004000s ]
SQL: SELECT `role_id` FROM `wh_user` WHERE ( `id` = 16 ) LIMIT 1   [ RunTime:0.000000s ]
SQL: DESCRIBE wh_role [ RunTime:0.007000s ]
SQL: SELECT `pri_id_list` FROM `wh_role` WHERE ( `id` = 3 ) LIMIT 1   [ RunTime:0.000000s ]
SQL: DESCRIBE wh_privilege [ RunTime:0.005000s ]
SQL: SELECT COUNT(*) AS tp_count FROM `wh_privilege` WHERE ( id IN(41,42,43,44,45,46,47,48,53,54,55,56,57,58,59,60,61,62,63,64,79,65,66,67,68,69,70,71,72,73,74,75,76,80,116) AND 
				module_name='Home' AND 
				controller_name='Leavestockdetails' AND 
				action_name='Index' ) LIMIT 1   [ RunTime:0.001000s ]
NOTIC: [2048] Declaration of Home\Model\LeavestockdetailsModel::_after_insert() should be compatible with Think\Model::_after_insert($data, $options) D:\xampp\htdocs\warehouse\Application\Home\Model\LeavestockdetailsModel.class.php 第 307 行.
NOTIC: [2048] Declaration of Home\Model\LeavestockdetailsModel::_after_update() should be compatible with Think\Model::_after_update($data, $options) D:\xampp\htdocs\warehouse\Application\Home\Model\LeavestockdetailsModel.class.php 第 307 行.
SQL: DESCRIBE wh_leavestockdetails [ RunTime:0.006000s ]
NOTIC: [2] Invalid argument supplied for foreach() D:\xampp\htdocs\warehouse\ThinkPHP\Library\Think\Db.class.php 第 429 行.
SQL: SELECT COUNT(*) AS tp_count FROM `wh_leavestockdetails` LIMIT 1   [ RunTime:0.000000s ]
NOTIC: [2] Invalid argument supplied for foreach() D:\xampp\htdocs\warehouse\ThinkPHP\Library\Think\Db.class.php 第 429 行.
SQL: SELECT a.*,b.leavedate,c.name as name_project,d.name as name_goods,e.name as name_type,f.name as name_stockhouse,g.price_enter FROM wh_leavestockdetails a INNER JOIN wh_leavestock b ON a.id_leave=b.id INNER JOIN wh_project c ON c.id=b.project_id INNER JOIN wh_goodsname d ON a.id_goodsname=d.id INNER JOIN wh_typename e ON a.id_typename=e.id INNER JOIN wh_stockhouse f ON b.stock_id=f.id INNER JOIN wh_stock g ON g.id_goodsname=a.id_goodsname AND g.id_typename=a.id_typename AND g.stock_id=b.stock_id  ORDER BY a.id_leave desc,b.leavedate asc LIMIT 0,10   [ RunTime:0.001000s ]
SQL: SELECT `role_id` FROM `wh_user` WHERE ( `id` = 16 ) LIMIT 1   [ RunTime:0.000000s ]
SQL: SELECT `pri_id_list` FROM `wh_role` WHERE ( `id` = 3 ) LIMIT 1   [ RunTime:0.000000s ]
SQL: SELECT COUNT(*) AS tp_count FROM `wh_privilege` WHERE ( id IN(41,42,43,44,45,46,47,48,53,54,55,56,57,58,59,60,61,62,63,64,79,65,66,67,68,69,70,71,72,73,74,75,76,80,116) AND 
				module_name='Home' AND 
				controller_name='Leavestockdetails' AND 
				action_name='Index' ) LIMIT 1   [ RunTime:0.001000s ]
SQL: DESCRIBE wh_type [ RunTime:0.006000s ]
SQL: SELECT * FROM `wh_type`  [ RunTime:0.000000s ]
SQL: DESCRIBE wh_category [ RunTime:0.005001s ]
SQL: SELECT * FROM `wh_category`  [ RunTime:0.000000s ]
SQL: DESCRIBE wh_stockhouse [ RunTime:0.006000s ]
SQL: SELECT * FROM `wh_stockhouse`  [ RunTime:0.001000s ]
INFO: [ view_parse ] --START--
INFO: [ template_filter ] --START--
INFO: Run Behavior\ContentReplaceBehavior [ RunTime:0.000000s ]
INFO: [ template_filter ] --END-- [ RunTime:0.000000s ]
NOTIC: [8] Undefined index: level D:\xampp\htdocs\warehouse\Application\Runtime\Cache\Home\4c28a9e95d8660565c41f8f4e98d1fdd.php 第 63 行.
NOTIC: [8] Undefined index: level D:\xampp\htdocs\warehouse\Application\Runtime\Cache\Home\4c28a9e95d8660565c41f8f4e98d1fdd.php 第 63 行.
NOTIC: [8] Undefined index: level D:\xampp\htdocs\warehouse\Application\Runtime\Cache\Home\4c28a9e95d8660565c41f8f4e98d1fdd.php 第 63 行.
NOTIC: [8] Undefined index: name_category D:\xampp\htdocs\warehouse\Application\Runtime\Cache\Home\4c28a9e95d8660565c41f8f4e98d1fdd.php 第 111 行.
NOTIC: [8] Undefined index: price_leave D:\xampp\htdocs\warehouse\Application\Runtime\Cache\Home\4c28a9e95d8660565c41f8f4e98d1fdd.php 第 112 行.
INFO: Run Behavior\ParseTemplateBehavior [ RunTime:0.017001s ]
INFO: [ view_parse ] --END-- [ RunTime:0.017001s ]
INFO: [ view_filter ] --START--
INFO: Run Behavior\WriteHtmlCacheBehavior [ RunTime:0.001000s ]
INFO: [ view_filter ] --END-- [ RunTime:0.001000s ]
INFO: [ app_end ] --START--
INFO: Run Behavior\ShowPageTraceBehavior [ RunTime:0.002000s ]
INFO: [ app_end ] --END-- [ RunTime:0.002000s ]

[ 2017-01-18T21:32:10+08:00 ] ::1 /warehouse/index.php/Home/Leavestockdetails/printresult?order=&project=&name=&type=&min=&max=&stock=1&start=&end=
INFO: [ app_init ] --START--
INFO: Run Behavior\BuildLiteBehavior [ RunTime:0.000000s ]
INFO: [ app_init ] --END-- [ RunTime:0.001000s ]
INFO: [ app_begin ] --START--
INFO: Run Behavior\ReadHtmlCacheBehavior [ RunTime:0.002001s ]
INFO: [ app_begin ] --END-- [ RunTime:0.002001s ]
SQL: DESCRIBE wh_user [ RunTime:0.004000s ]
SQL: SELECT `role_id` FROM `wh_user` WHERE ( `id` = 16 ) LIMIT 1   [ RunTime:0.000000s ]
SQL: DESCRIBE wh_role [ RunTime:0.004000s ]
SQL: SELECT `pri_id_list` FROM `wh_role` WHERE ( `id` = 3 ) LIMIT 1   [ RunTime:0.000000s ]
SQL: DESCRIBE wh_privilege [ RunTime:0.005001s ]
SQL: SELECT COUNT(*) AS tp_count FROM `wh_privilege` WHERE ( id IN(41,42,43,44,45,46,47,48,53,54,55,56,57,58,59,60,61,62,63,64,79,65,66,67,68,69,70,71,72,73,74,75,76,80,116) AND 
				module_name='Home' AND 
				controller_name='Leavestockdetails' AND 
				action_name='Printresult' ) LIMIT 1   [ RunTime:0.001000s ]
SQL: DESCRIBE wh_leavestock [ RunTime:0.004000s ]
SQL: DESCRIBE wh_leavestockdetails [ RunTime:0.004000s ]
SQL: SELECT a.*,b.leavedate,c.name as name_project,d.name as name_goods,e.name as name_type,f.name as name_stockhouse,g.price_enter,h.username FROM wh_leavestockdetails a INNER JOIN wh_leavestock b ON a.id_leave=b.id INNER JOIN wh_project c ON c.id=b.project_id INNER JOIN wh_goodsname d ON a.id_goodsname=d.id INNER JOIN wh_typename e ON a.id_typename=e.id INNER JOIN wh_stockhouse f ON b.stock_id=f.id INNER JOIN wh_stock g ON g.id_goodsname=a.id_goodsname AND g.id_typename=a.id_typename AND g.stock_id=b.stock_id INNER JOIN wh_user h ON b.user_id=h.id  WHERE ( 1 AND f.id=1 ) ORDER BY a.id_leave desc,b.leavedate asc  [ RunTime:0.001000s ]
INFO: [ view_parse ] --START--
INFO: [ template_filter ] --START--
INFO: Run Behavior\ContentReplaceBehavior [ RunTime:0.000000s ]
INFO: [ template_filter ] --END-- [ RunTime:0.000000s ]
NOTIC: [8] Undefined variable: data_details D:\xampp\htdocs\warehouse\Application\Runtime\Cache\Home\155a13f257e7e0950282a87e83fd2594.php 第 39 行.
NOTIC: [2] Invalid argument supplied for foreach() D:\xampp\htdocs\warehouse\Application\Runtime\Cache\Home\155a13f257e7e0950282a87e83fd2594.php 第 39 行.
INFO: Run Behavior\ParseTemplateBehavior [ RunTime:0.012001s ]
INFO: [ view_parse ] --END-- [ RunTime:0.012001s ]
INFO: [ view_filter ] --START--
INFO: Run Behavior\WriteHtmlCacheBehavior [ RunTime:0.000000s ]
INFO: [ view_filter ] --END-- [ RunTime:0.000000s ]
INFO: [ app_end ] --START--
INFO: Run Behavior\ShowPageTraceBehavior [ RunTime:0.001000s ]
INFO: [ app_end ] --END-- [ RunTime:0.001000s ]

[ 2017-01-18T21:32:43+08:00 ] ::1 /warehouse/index.php/Home/Leavestockdetails/index
INFO: [ app_init ] --START--
INFO: Run Behavior\BuildLiteBehavior [ RunTime:0.000000s ]
INFO: [ app_init ] --END-- [ RunTime:0.001000s ]
INFO: [ app_begin ] --START--
INFO: Run Behavior\ReadHtmlCacheBehavior [ RunTime:0.002000s ]
INFO: [ app_begin ] --END-- [ RunTime:0.002000s ]
SQL: DESCRIBE wh_user [ RunTime:0.004000s ]
SQL: SELECT `role_id` FROM `wh_user` WHERE ( `id` = 16 ) LIMIT 1   [ RunTime:0.000000s ]
SQL: DESCRIBE wh_role [ RunTime:0.003000s ]
SQL: SELECT `pri_id_list` FROM `wh_role` WHERE ( `id` = 3 ) LIMIT 1   [ RunTime:0.000000s ]
SQL: DESCRIBE wh_privilege [ RunTime:0.005001s ]
SQL: SELECT COUNT(*) AS tp_count FROM `wh_privilege` WHERE ( id IN(41,42,43,44,45,46,47,48,53,54,55,56,57,58,59,60,61,62,63,64,79,65,66,67,68,69,70,71,72,73,74,75,76,80,116) AND 
				module_name='Home' AND 
				controller_name='Leavestockdetails' AND 
				action_name='Index' ) LIMIT 1   [ RunTime:0.001000s ]
NOTIC: [2048] Declaration of Home\Model\LeavestockdetailsModel::_after_insert() should be compatible with Think\Model::_after_insert($data, $options) D:\xampp\htdocs\warehouse\Application\Home\Model\LeavestockdetailsModel.class.php 第 307 行.
NOTIC: [2048] Declaration of Home\Model\LeavestockdetailsModel::_after_update() should be compatible with Think\Model::_after_update($data, $options) D:\xampp\htdocs\warehouse\Application\Home\Model\LeavestockdetailsModel.class.php 第 307 行.
SQL: DESCRIBE wh_leavestockdetails [ RunTime:0.005000s ]
NOTIC: [2] Invalid argument supplied for foreach() D:\xampp\htdocs\warehouse\ThinkPHP\Library\Think\Db.class.php 第 429 行.
SQL: SELECT COUNT(*) AS tp_count FROM `wh_leavestockdetails` LIMIT 1   [ RunTime:0.000000s ]
NOTIC: [2] Invalid argument supplied for foreach() D:\xampp\htdocs\warehouse\ThinkPHP\Library\Think\Db.class.php 第 429 行.
SQL: SELECT a.*,b.leavedate,c.name as name_project,d.name as name_goods,e.name as name_type,f.name as name_stockhouse,g.price_enter FROM wh_leavestockdetails a INNER JOIN wh_leavestock b ON a.id_leave=b.id INNER JOIN wh_project c ON c.id=b.project_id INNER JOIN wh_goodsname d ON a.id_goodsname=d.id INNER JOIN wh_typename e ON a.id_typename=e.id INNER JOIN wh_stockhouse f ON b.stock_id=f.id INNER JOIN wh_stock g ON g.id_goodsname=a.id_goodsname AND g.id_typename=a.id_typename AND g.stock_id=b.stock_id  ORDER BY a.id_leave desc,b.leavedate asc LIMIT 0,10   [ RunTime:0.000000s ]
SQL: SELECT `role_id` FROM `wh_user` WHERE ( `id` = 16 ) LIMIT 1   [ RunTime:0.001000s ]
SQL: SELECT `pri_id_list` FROM `wh_role` WHERE ( `id` = 3 ) LIMIT 1   [ RunTime:0.000000s ]
SQL: SELECT COUNT(*) AS tp_count FROM `wh_privilege` WHERE ( id IN(41,42,43,44,45,46,47,48,53,54,55,56,57,58,59,60,61,62,63,64,79,65,66,67,68,69,70,71,72,73,74,75,76,80,116) AND 
				module_name='Home' AND 
				controller_name='Leavestockdetails' AND 
				action_name='Index' ) LIMIT 1   [ RunTime:0.001000s ]
SQL: DESCRIBE wh_type [ RunTime:0.005000s ]
SQL: SELECT * FROM `wh_type`  [ RunTime:0.001000s ]
SQL: DESCRIBE wh_category [ RunTime:0.004000s ]
SQL: SELECT * FROM `wh_category`  [ RunTime:0.000000s ]
SQL: DESCRIBE wh_stockhouse [ RunTime:0.006000s ]
SQL: SELECT * FROM `wh_stockhouse`  [ RunTime:0.001000s ]
INFO: [ view_parse ] --START--
INFO: [ template_filter ] --START--
INFO: Run Behavior\ContentReplaceBehavior [ RunTime:0.000000s ]
INFO: [ template_filter ] --END-- [ RunTime:0.001000s ]
NOTIC: [8] Undefined index: level D:\xampp\htdocs\warehouse\Application\Runtime\Cache\Home\e2517e740d5a7bdceecf55b312b981f2.php 第 63 行.
NOTIC: [8] Undefined index: level D:\xampp\htdocs\warehouse\Application\Runtime\Cache\Home\e2517e740d5a7bdceecf55b312b981f2.php 第 63 行.
NOTIC: [8] Undefined index: level D:\xampp\htdocs\warehouse\Application\Runtime\Cache\Home\e2517e740d5a7bdceecf55b312b981f2.php 第 63 行.
NOTIC: [8] Undefined index: name_category D:\xampp\htdocs\warehouse\Application\Runtime\Cache\Home\e2517e740d5a7bdceecf55b312b981f2.php 第 111 行.
NOTIC: [8] Undefined index: price_leave D:\xampp\htdocs\warehouse\Application\Runtime\Cache\Home\e2517e740d5a7bdceecf55b312b981f2.php 第 112 行.
INFO: Run Behavior\ParseTemplateBehavior [ RunTime:0.016001s ]
INFO: [ view_parse ] --END-- [ RunTime:0.016001s ]
INFO: [ view_filter ] --START--
INFO: Run Behavior\WriteHtmlCacheBehavior [ RunTime:0.001000s ]
INFO: [ view_filter ] --END-- [ RunTime:0.001000s ]
INFO: [ app_end ] --START--
INFO: Run Behavior\ShowPageTraceBehavior [ RunTime:0.001000s ]
INFO: [ app_end ] --END-- [ RunTime:0.001000s ]

[ 2017-01-18T21:32:46+08:00 ] ::1 /warehouse/index.php/Home/Leavestockdetails/printresult?order=&project=&name=&type=&min=&max=&stock=1&start=&end=
INFO: [ app_init ] --START--
INFO: Run Behavior\BuildLiteBehavior [ RunTime:0.000000s ]
INFO: [ app_init ] --END-- [ RunTime:0.001000s ]
INFO: [ app_begin ] --START--
INFO: Run Behavior\ReadHtmlCacheBehavior [ RunTime:0.001000s ]
INFO: [ app_begin ] --END-- [ RunTime:0.001000s ]
SQL: DESCRIBE wh_user [ RunTime:0.004000s ]
SQL: SELECT `role_id` FROM `wh_user` WHERE ( `id` = 16 ) LIMIT 1   [ RunTime:0.000000s ]
SQL: DESCRIBE wh_role [ RunTime:0.004000s ]
SQL: SELECT `pri_id_list` FROM `wh_role` WHERE ( `id` = 3 ) LIMIT 1   [ RunTime:0.000000s ]
SQL: DESCRIBE wh_privilege [ RunTime:0.004001s ]
SQL: SELECT COUNT(*) AS tp_count FROM `wh_privilege` WHERE ( id IN(41,42,43,44,45,46,47,48,53,54,55,56,57,58,59,60,61,62,63,64,79,65,66,67,68,69,70,71,72,73,74,75,76,80,116) AND 
				module_name='Home' AND 
				controller_name='Leavestockdetails' AND 
				action_name='Printresult' ) LIMIT 1   [ RunTime:0.000000s ]
SQL: DESCRIBE wh_leavestock [ RunTime:0.004000s ]
SQL: DESCRIBE wh_leavestockdetails [ RunTime:0.007000s ]
SQL: SELECT a.*,b.leavedate,c.name as name_project,d.name as name_goods,e.name as name_type,f.name as name_stockhouse,g.price_enter,h.username FROM wh_leavestockdetails a INNER JOIN wh_leavestock b ON a.id_leave=b.id INNER JOIN wh_project c ON c.id=b.project_id INNER JOIN wh_goodsname d ON a.id_goodsname=d.id INNER JOIN wh_typename e ON a.id_typename=e.id INNER JOIN wh_stockhouse f ON b.stock_id=f.id INNER JOIN wh_stock g ON g.id_goodsname=a.id_goodsname AND g.id_typename=a.id_typename AND g.stock_id=b.stock_id INNER JOIN wh_user h ON b.user_id=h.id  WHERE ( 1 AND f.id=1 ) ORDER BY a.id_leave desc,b.leavedate asc  [ RunTime:0.001000s ]
INFO: [ view_parse ] --START--
INFO: [ template_filter ] --START--
INFO: Run Behavior\ContentReplaceBehavior [ RunTime:0.000000s ]
INFO: [ template_filter ] --END-- [ RunTime:0.000000s ]
INFO: Run Behavior\ParseTemplateBehavior [ RunTime:0.011001s ]
INFO: [ view_parse ] --END-- [ RunTime:0.011001s ]
INFO: [ view_filter ] --START--
INFO: Run Behavior\WriteHtmlCacheBehavior [ RunTime:0.001000s ]
INFO: [ view_filter ] --END-- [ RunTime:0.001000s ]
INFO: [ app_end ] --START--
INFO: Run Behavior\ShowPageTraceBehavior [ RunTime:0.001000s ]
INFO: [ app_end ] --END-- [ RunTime:0.001000s ]

[ 2017-01-18T21:33:53+08:00 ] ::1 /warehouse/index.php/Home/Leavestockdetails/Index.html
INFO: [ app_init ] --START--
INFO: Run Behavior\BuildLiteBehavior [ RunTime:0.000000s ]
INFO: [ app_init ] --END-- [ RunTime:0.001000s ]
INFO: [ app_begin ] --START--
INFO: Run Behavior\ReadHtmlCacheBehavior [ RunTime:0.001000s ]
INFO: [ app_begin ] --END-- [ RunTime:0.001000s ]
SQL: DESCRIBE wh_user [ RunTime:0.007000s ]
SQL: SELECT `role_id` FROM `wh_user` WHERE ( `id` = 16 ) LIMIT 1   [ RunTime:0.001000s ]
SQL: DESCRIBE wh_role [ RunTime:0.004000s ]
SQL: SELECT `pri_id_list` FROM `wh_role` WHERE ( `id` = 3 ) LIMIT 1   [ RunTime:0.001001s ]
SQL: DESCRIBE wh_privilege [ RunTime:0.004000s ]
SQL: SELECT COUNT(*) AS tp_count FROM `wh_privilege` WHERE ( id IN(41,42,43,44,45,46,47,48,53,54,55,56,57,58,59,60,61,62,63,64,79,65,66,67,68,69,70,71,72,73,74,75,76,80,116) AND 
				module_name='Home' AND 
				controller_name='Leavestockdetails' AND 
				action_name='Index' ) LIMIT 1   [ RunTime:0.001000s ]
NOTIC: [2048] Declaration of Home\Model\LeavestockdetailsModel::_after_insert() should be compatible with Think\Model::_after_insert($data, $options) D:\xampp\htdocs\warehouse\Application\Home\Model\LeavestockdetailsModel.class.php 第 307 行.
NOTIC: [2048] Declaration of Home\Model\LeavestockdetailsModel::_after_update() should be compatible with Think\Model::_after_update($data, $options) D:\xampp\htdocs\warehouse\Application\Home\Model\LeavestockdetailsModel.class.php 第 307 行.
SQL: DESCRIBE wh_leavestockdetails [ RunTime:0.004000s ]
NOTIC: [2] Invalid argument supplied for foreach() D:\xampp\htdocs\warehouse\ThinkPHP\Library\Think\Db.class.php 第 429 行.
SQL: SELECT COUNT(*) AS tp_count FROM `wh_leavestockdetails` LIMIT 1   [ RunTime:0.000000s ]
NOTIC: [2] Invalid argument supplied for foreach() D:\xampp\htdocs\warehouse\ThinkPHP\Library\Think\Db.class.php 第 429 行.
SQL: SELECT a.*,b.leavedate,c.name as name_project,d.name as name_goods,e.name as name_type,f.name as name_stockhouse,g.price_enter FROM wh_leavestockdetails a INNER JOIN wh_leavestock b ON a.id_leave=b.id INNER JOIN wh_project c ON c.id=b.project_id INNER JOIN wh_goodsname d ON a.id_goodsname=d.id INNER JOIN wh_typename e ON a.id_typename=e.id INNER JOIN wh_stockhouse f ON b.stock_id=f.id INNER JOIN wh_stock g ON g.id_goodsname=a.id_goodsname AND g.id_typename=a.id_typename AND g.stock_id=b.stock_id  ORDER BY a.id_leave desc,b.leavedate asc LIMIT 0,10   [ RunTime:0.001000s ]
SQL: SELECT `role_id` FROM `wh_user` WHERE ( `id` = 16 ) LIMIT 1   [ RunTime:0.001000s ]
SQL: SELECT `pri_id_list` FROM `wh_role` WHERE ( `id` = 3 ) LIMIT 1   [ RunTime:0.001000s ]
SQL: SELECT COUNT(*) AS tp_count FROM `wh_privilege` WHERE ( id IN(41,42,43,44,45,46,47,48,53,54,55,56,57,58,59,60,61,62,63,64,79,65,66,67,68,69,70,71,72,73,74,75,76,80,116) AND 
				module_name='Home' AND 
				controller_name='Leavestockdetails' AND 
				action_name='Index' ) LIMIT 1   [ RunTime:0.001001s ]
SQL: DESCRIBE wh_type [ RunTime:0.006000s ]
SQL: SELECT * FROM `wh_type`  [ RunTime:0.001000s ]
SQL: DESCRIBE wh_category [ RunTime:0.004000s ]
SQL: SELECT * FROM `wh_category`  [ RunTime:0.001000s ]
SQL: DESCRIBE wh_stockhouse [ RunTime:0.005001s ]
SQL: SELECT * FROM `wh_stockhouse`  [ RunTime:0.000000s ]
INFO: [ view_parse ] --START--
INFO: [ template_filter ] --START--
INFO: Run Behavior\ContentReplaceBehavior [ RunTime:0.001000s ]
INFO: [ template_filter ] --END-- [ RunTime:0.001000s ]
NOTIC: [8] Undefined index: level D:\xampp\htdocs\warehouse\Application\Runtime\Cache\Home\4c28a9e95d8660565c41f8f4e98d1fdd.php 第 63 行.
NOTIC: [8] Undefined index: level D:\xampp\htdocs\warehouse\Application\Runtime\Cache\Home\4c28a9e95d8660565c41f8f4e98d1fdd.php 第 63 行.
NOTIC: [8] Undefined index: level D:\xampp\htdocs\warehouse\Application\Runtime\Cache\Home\4c28a9e95d8660565c41f8f4e98d1fdd.php 第 63 行.
NOTIC: [8] Undefined index: name_category D:\xampp\htdocs\warehouse\Application\Runtime\Cache\Home\4c28a9e95d8660565c41f8f4e98d1fdd.php 第 111 行.
NOTIC: [8] Undefined index: price_leave D:\xampp\htdocs\warehouse\Application\Runtime\Cache\Home\4c28a9e95d8660565c41f8f4e98d1fdd.php 第 112 行.
INFO: Run Behavior\ParseTemplateBehavior [ RunTime:0.013001s ]
INFO: [ view_parse ] --END-- [ RunTime:0.013001s ]
INFO: [ view_filter ] --START--
INFO: Run Behavior\WriteHtmlCacheBehavior [ RunTime:0.001000s ]
INFO: [ view_filter ] --END-- [ RunTime:0.001000s ]
INFO: [ app_end ] --START--
INFO: Run Behavior\ShowPageTraceBehavior [ RunTime:0.002000s ]
INFO: [ app_end ] --END-- [ RunTime:0.002000s ]

[ 2017-01-18T21:33:57+08:00 ] ::1 /warehouse/index.php/Home/Leavestockdetails/printresult?order=&project=&name=&type=&min=&max=&stock=1&start=&end=
INFO: [ app_init ] --START--
INFO: Run Behavior\BuildLiteBehavior [ RunTime:0.000000s ]
INFO: [ app_init ] --END-- [ RunTime:0.001000s ]
INFO: [ app_begin ] --START--
INFO: Run Behavior\ReadHtmlCacheBehavior [ RunTime:0.001000s ]
INFO: [ app_begin ] --END-- [ RunTime:0.002000s ]
SQL: DESCRIBE wh_user [ RunTime:0.005001s ]
SQL: SELECT `role_id` FROM `wh_user` WHERE ( `id` = 16 ) LIMIT 1   [ RunTime:0.000000s ]
SQL: DESCRIBE wh_role [ RunTime:0.003000s ]
SQL: SELECT `pri_id_list` FROM `wh_role` WHERE ( `id` = 3 ) LIMIT 1   [ RunTime:0.000000s ]
SQL: DESCRIBE wh_privilege [ RunTime:0.005000s ]
SQL: SELECT COUNT(*) AS tp_count FROM `wh_privilege` WHERE ( id IN(41,42,43,44,45,46,47,48,53,54,55,56,57,58,59,60,61,62,63,64,79,65,66,67,68,69,70,71,72,73,74,75,76,80,116) AND 
				module_name='Home' AND 
				controller_name='Leavestockdetails' AND 
				action_name='Printresult' ) LIMIT 1   [ RunTime:0.001000s ]
SQL: DESCRIBE wh_leavestock [ RunTime:0.004001s ]
SQL: DESCRIBE wh_leavestockdetails [ RunTime:0.004000s ]
SQL: SELECT a.*,b.leavedate,c.name as name_project,d.name as name_goods,e.name as name_type,f.name as name_stockhouse,g.price_enter,h.username FROM wh_leavestockdetails a INNER JOIN wh_leavestock b ON a.id_leave=b.id INNER JOIN wh_project c ON c.id=b.project_id INNER JOIN wh_goodsname d ON a.id_goodsname=d.id INNER JOIN wh_typename e ON a.id_typename=e.id INNER JOIN wh_stockhouse f ON b.stock_id=f.id INNER JOIN wh_stock g ON g.id_goodsname=a.id_goodsname AND g.id_typename=a.id_typename AND g.stock_id=b.stock_id INNER JOIN wh_user h ON b.user_id=h.id  WHERE ( 1 AND f.id=1 ) ORDER BY a.id_leave desc,b.leavedate asc  [ RunTime:0.001000s ]
INFO: [ view_parse ] --START--
INFO: [ template_filter ] --START--
INFO: Run Behavior\ContentReplaceBehavior [ RunTime:0.000000s ]
INFO: [ template_filter ] --END-- [ RunTime:0.000000s ]
INFO: Run Behavior\ParseTemplateBehavior [ RunTime:0.011001s ]
INFO: [ view_parse ] --END-- [ RunTime:0.011001s ]
INFO: [ view_filter ] --START--
INFO: Run Behavior\WriteHtmlCacheBehavior [ RunTime:0.001000s ]
INFO: [ view_filter ] --END-- [ RunTime:0.001000s ]
INFO: [ app_end ] --START--
INFO: Run Behavior\ShowPageTraceBehavior [ RunTime:0.002000s ]
INFO: [ app_end ] --END-- [ RunTime:0.002000s ]

[ 2017-01-18T21:34:21+08:00 ] ::1 /warehouse/index.php/Home/Leavestockdetails/printresult?order=&project=&name=&type=&min=&max=&stock=1&start=&end=
INFO: [ app_init ] --START--
INFO: Run Behavior\BuildLiteBehavior [ RunTime:0.000000s ]
INFO: [ app_init ] --END-- [ RunTime:0.000000s ]
INFO: [ app_begin ] --START--
INFO: Run Behavior\ReadHtmlCacheBehavior [ RunTime:0.002000s ]
INFO: [ app_begin ] --END-- [ RunTime:0.002000s ]
SQL: DESCRIBE wh_user [ RunTime:0.006001s ]
SQL: SELECT `role_id` FROM `wh_user` WHERE ( `id` = 16 ) LIMIT 1   [ RunTime:0.000000s ]
SQL: DESCRIBE wh_role [ RunTime:0.004000s ]
SQL: SELECT `pri_id_list` FROM `wh_role` WHERE ( `id` = 3 ) LIMIT 1   [ RunTime:0.000000s ]
SQL: DESCRIBE wh_privilege [ RunTime:0.003000s ]
SQL: SELECT COUNT(*) AS tp_count FROM `wh_privilege` WHERE ( id IN(41,42,43,44,45,46,47,48,53,54,55,56,57,58,59,60,61,62,63,64,79,65,66,67,68,69,70,71,72,73,74,75,76,80,116) AND 
				module_name='Home' AND 
				controller_name='Leavestockdetails' AND 
				action_name='Printresult' ) LIMIT 1   [ RunTime:0.002001s ]
SQL: DESCRIBE wh_leavestock [ RunTime:0.004000s ]
SQL: DESCRIBE wh_leavestockdetails [ RunTime:0.004000s ]
SQL: SELECT a.*,b.leavedate,c.name as name_project,d.name as name_goods,e.name as name_type,f.name as name_stockhouse,g.price_enter,h.username FROM wh_leavestockdetails a INNER JOIN wh_leavestock b ON a.id_leave=b.id INNER JOIN wh_project c ON c.id=b.project_id INNER JOIN wh_goodsname d ON a.id_goodsname=d.id INNER JOIN wh_typename e ON a.id_typename=e.id INNER JOIN wh_stockhouse f ON b.stock_id=f.id INNER JOIN wh_stock g ON g.id_goodsname=a.id_goodsname AND g.id_typename=a.id_typename AND g.stock_id=b.stock_id INNER JOIN wh_user h ON b.user_id=h.id  WHERE ( 1 AND f.id=1 ) ORDER BY a.id_leave desc,b.leavedate asc  [ RunTime:0.001000s ]
INFO: [ view_parse ] --START--
INFO: [ template_filter ] --START--
INFO: Run Behavior\ContentReplaceBehavior [ RunTime:0.001000s ]
INFO: [ template_filter ] --END-- [ RunTime:0.001000s ]
INFO: Run Behavior\ParseTemplateBehavior [ RunTime:0.011001s ]
INFO: [ view_parse ] --END-- [ RunTime:0.011001s ]
INFO: [ view_filter ] --START--
INFO: Run Behavior\WriteHtmlCacheBehavior [ RunTime:0.000000s ]
INFO: [ view_filter ] --END-- [ RunTime:0.000000s ]
INFO: [ app_end ] --START--
INFO: Run Behavior\ShowPageTraceBehavior [ RunTime:0.001000s ]
INFO: [ app_end ] --END-- [ RunTime:0.002000s ]

[ 2017-01-18T21:36:13+08:00 ] ::1 /warehouse/index.php/Home/Leavestockdetails/Index.html
INFO: [ app_init ] --START--
INFO: Run Behavior\BuildLiteBehavior [ RunTime:0.000000s ]
INFO: [ app_init ] --END-- [ RunTime:0.001000s ]
INFO: [ app_begin ] --START--
INFO: Run Behavior\ReadHtmlCacheBehavior [ RunTime:0.004000s ]
INFO: [ app_begin ] --END-- [ RunTime:0.004000s ]
SQL: DESCRIBE wh_user [ RunTime:0.005001s ]
SQL: SELECT `role_id` FROM `wh_user` WHERE ( `id` = 16 ) LIMIT 1   [ RunTime:0.000000s ]
SQL: DESCRIBE wh_role [ RunTime:0.006000s ]
SQL: SELECT `pri_id_list` FROM `wh_role` WHERE ( `id` = 3 ) LIMIT 1   [ RunTime:0.001000s ]
SQL: DESCRIBE wh_privilege [ RunTime:0.005000s ]
SQL: SELECT COUNT(*) AS tp_count FROM `wh_privilege` WHERE ( id IN(41,42,43,44,45,46,47,48,53,54,55,56,57,58,59,60,61,62,63,64,79,65,66,67,68,69,70,71,72,73,74,75,76,80,116) AND 
				module_name='Home' AND 
				controller_name='Leavestockdetails' AND 
				action_name='Index' ) LIMIT 1   [ RunTime:0.001000s ]
NOTIC: [2048] Declaration of Home\Model\LeavestockdetailsModel::_after_insert() should be compatible with Think\Model::_after_insert($data, $options) D:\xampp\htdocs\warehouse\Application\Home\Model\LeavestockdetailsModel.class.php 第 307 行.
NOTIC: [2048] Declaration of Home\Model\LeavestockdetailsModel::_after_update() should be compatible with Think\Model::_after_update($data, $options) D:\xampp\htdocs\warehouse\Application\Home\Model\LeavestockdetailsModel.class.php 第 307 行.
SQL: DESCRIBE wh_leavestockdetails [ RunTime:0.007000s ]
NOTIC: [2] Invalid argument supplied for foreach() D:\xampp\htdocs\warehouse\ThinkPHP\Library\Think\Db.class.php 第 429 行.
SQL: SELECT COUNT(*) AS tp_count FROM `wh_leavestockdetails` LIMIT 1   [ RunTime:0.001000s ]
NOTIC: [2] Invalid argument supplied for foreach() D:\xampp\htdocs\warehouse\ThinkPHP\Library\Think\Db.class.php 第 429 行.
SQL: SELECT a.*,b.leavedate,c.name as name_project,d.name as name_goods,e.name as name_type,f.name as name_stockhouse,g.price_enter FROM wh_leavestockdetails a INNER JOIN wh_leavestock b ON a.id_leave=b.id INNER JOIN wh_project c ON c.id=b.project_id INNER JOIN wh_goodsname d ON a.id_goodsname=d.id INNER JOIN wh_typename e ON a.id_typename=e.id INNER JOIN wh_stockhouse f ON b.stock_id=f.id INNER JOIN wh_stock g ON g.id_goodsname=a.id_goodsname AND g.id_typename=a.id_typename AND g.stock_id=b.stock_id  ORDER BY a.id_leave desc,b.leavedate asc LIMIT 0,10   [ RunTime:0.001000s ]
SQL: SELECT `role_id` FROM `wh_user` WHERE ( `id` = 16 ) LIMIT 1   [ RunTime:0.000000s ]
SQL: SELECT `pri_id_list` FROM `wh_role` WHERE ( `id` = 3 ) LIMIT 1   [ RunTime:0.001000s ]
SQL: SELECT COUNT(*) AS tp_count FROM `wh_privilege` WHERE ( id IN(41,42,43,44,45,46,47,48,53,54,55,56,57,58,59,60,61,62,63,64,79,65,66,67,68,69,70,71,72,73,74,75,76,80,116) AND 
				module_name='Home' AND 
				controller_name='Leavestockdetails' AND 
				action_name='Index' ) LIMIT 1   [ RunTime:0.001000s ]
SQL: DESCRIBE wh_type [ RunTime:0.005000s ]
SQL: SELECT * FROM `wh_type`  [ RunTime:0.000000s ]
SQL: DESCRIBE wh_category [ RunTime:0.004000s ]
SQL: SELECT * FROM `wh_category`  [ RunTime:0.000000s ]
SQL: DESCRIBE wh_stockhouse [ RunTime:0.004001s ]
SQL: SELECT * FROM `wh_stockhouse`  [ RunTime:0.000000s ]
INFO: [ view_parse ] --START--
INFO: [ template_filter ] --START--
INFO: Run Behavior\ContentReplaceBehavior [ RunTime:0.001000s ]
INFO: [ template_filter ] --END-- [ RunTime:0.001000s ]
NOTIC: [8] Undefined index: level D:\xampp\htdocs\warehouse\Application\Runtime\Cache\Home\4c28a9e95d8660565c41f8f4e98d1fdd.php 第 63 行.
NOTIC: [8] Undefined index: level D:\xampp\htdocs\warehouse\Application\Runtime\Cache\Home\4c28a9e95d8660565c41f8f4e98d1fdd.php 第 63 行.
NOTIC: [8] Undefined index: level D:\xampp\htdocs\warehouse\Application\Runtime\Cache\Home\4c28a9e95d8660565c41f8f4e98d1fdd.php 第 63 行.
NOTIC: [8] Undefined index: name_category D:\xampp\htdocs\warehouse\Application\Runtime\Cache\Home\4c28a9e95d8660565c41f8f4e98d1fdd.php 第 111 行.
NOTIC: [8] Undefined index: price_leave D:\xampp\htdocs\warehouse\Application\Runtime\Cache\Home\4c28a9e95d8660565c41f8f4e98d1fdd.php 第 112 行.
INFO: Run Behavior\ParseTemplateBehavior [ RunTime:0.015001s ]
INFO: [ view_parse ] --END-- [ RunTime:0.015001s ]
INFO: [ view_filter ] --START--
INFO: Run Behavior\WriteHtmlCacheBehavior [ RunTime:0.001000s ]
INFO: [ view_filter ] --END-- [ RunTime:0.001000s ]
INFO: [ app_end ] --START--
INFO: Run Behavior\ShowPageTraceBehavior [ RunTime:0.001000s ]
INFO: [ app_end ] --END-- [ RunTime:0.001000s ]

[ 2017-01-18T21:36:16+08:00 ] ::1 /warehouse/index.php/Home/Leavestockdetails/printresult?order=&project=&name=&type=&min=&max=&stock=1&start=&end=
INFO: [ app_init ] --START--
INFO: Run Behavior\BuildLiteBehavior [ RunTime:0.001000s ]
INFO: [ app_init ] --END-- [ RunTime:0.001000s ]
INFO: [ app_begin ] --START--
INFO: Run Behavior\ReadHtmlCacheBehavior [ RunTime:0.002000s ]
INFO: [ app_begin ] --END-- [ RunTime:0.002000s ]
SQL: DESCRIBE wh_user [ RunTime:0.005000s ]
SQL: SELECT `role_id` FROM `wh_user` WHERE ( `id` = 16 ) LIMIT 1   [ RunTime:0.000000s ]
SQL: DESCRIBE wh_role [ RunTime:0.006000s ]
SQL: SELECT `pri_id_list` FROM `wh_role` WHERE ( `id` = 3 ) LIMIT 1   [ RunTime:0.001000s ]
SQL: DESCRIBE wh_privilege [ RunTime:0.004000s ]
SQL: SELECT COUNT(*) AS tp_count FROM `wh_privilege` WHERE ( id IN(41,42,43,44,45,46,47,48,53,54,55,56,57,58,59,60,61,62,63,64,79,65,66,67,68,69,70,71,72,73,74,75,76,80,116) AND 
				module_name='Home' AND 
				controller_name='Leavestockdetails' AND 
				action_name='Printresult' ) LIMIT 1   [ RunTime:0.001000s ]
SQL: DESCRIBE wh_leavestock [ RunTime:0.005001s ]
SQL: DESCRIBE wh_leavestockdetails [ RunTime:0.005000s ]
SQL: SELECT a.*,b.leavedate,c.name as name_project,d.name as name_goods,e.name as name_type,f.name as name_stockhouse,g.price_enter FROM wh_leavestockdetails a INNER JOIN wh_leavestock b ON a.id_leave=b.id INNER JOIN wh_project c ON c.id=b.project_id INNER JOIN wh_goodsname d ON a.id_goodsname=d.id INNER JOIN wh_typename e ON a.id_typename=e.id INNER JOIN wh_stockhouse f ON b.stock_id=f.id INNER JOIN wh_stock g ON g.id_goodsname=a.id_goodsname AND g.id_typename=a.id_typename AND g.stock_id=b.stock_id  WHERE ( 1 AND f.id=1 ) ORDER BY a.id_leave desc,b.leavedate asc  [ RunTime:0.001000s ]
INFO: [ view_parse ] --START--
INFO: [ template_filter ] --START--
INFO: Run Behavior\ContentReplaceBehavior [ RunTime:0.000000s ]
INFO: [ template_filter ] --END-- [ RunTime:0.000000s ]
NOTIC: [8] Undefined index: username D:\xampp\htdocs\warehouse\Application\Runtime\Cache\Home\155a13f257e7e0950282a87e83fd2594.php 第 48 行.
INFO: Run Behavior\ParseTemplateBehavior [ RunTime:0.012001s ]
INFO: [ view_parse ] --END-- [ RunTime:0.013001s ]
INFO: [ view_filter ] --START--
INFO: Run Behavior\WriteHtmlCacheBehavior [ RunTime:0.001000s ]
INFO: [ view_filter ] --END-- [ RunTime:0.001000s ]
INFO: [ app_end ] --START--
INFO: Run Behavior\ShowPageTraceBehavior [ RunTime:0.001000s ]
INFO: [ app_end ] --END-- [ RunTime:0.001000s ]

[ 2017-01-18T21:36:38+08:00 ] ::1 /warehouse/index.php/Home/Leavestockdetails/printresult?order=&project=&name=&type=&min=&max=&stock=1&start=&end=
INFO: [ app_init ] --START--
INFO: Run Behavior\BuildLiteBehavior [ RunTime:0.000000s ]
INFO: [ app_init ] --END-- [ RunTime:0.001000s ]
INFO: [ app_begin ] --START--
INFO: Run Behavior\ReadHtmlCacheBehavior [ RunTime:0.001000s ]
INFO: [ app_begin ] --END-- [ RunTime:0.002000s ]
SQL: DESCRIBE wh_user [ RunTime:0.005000s ]
SQL: SELECT `role_id` FROM `wh_user` WHERE ( `id` = 16 ) LIMIT 1   [ RunTime:0.001000s ]
SQL: DESCRIBE wh_role [ RunTime:0.006000s ]
SQL: SELECT `pri_id_list` FROM `wh_role` WHERE ( `id` = 3 ) LIMIT 1   [ RunTime:0.001001s ]
SQL: DESCRIBE wh_privilege [ RunTime:0.006000s ]
SQL: SELECT COUNT(*) AS tp_count FROM `wh_privilege` WHERE ( id IN(41,42,43,44,45,46,47,48,53,54,55,56,57,58,59,60,61,62,63,64,79,65,66,67,68,69,70,71,72,73,74,75,76,80,116) AND 
				module_name='Home' AND 
				controller_name='Leavestockdetails' AND 
				action_name='Printresult' ) LIMIT 1   [ RunTime:0.002000s ]
SQL: DESCRIBE wh_leavestock [ RunTime:0.007000s ]
SQL: DESCRIBE wh_leavestockdetails [ RunTime:0.006001s ]
SQL: SELECT a.*,b.leavedate,c.name as name_project,d.name as name_goods,e.name as name_type,f.name as name_stockhouse,g.price_enter FROM wh_leavestockdetails a INNER JOIN wh_leavestock b ON a.id_leave=b.id INNER JOIN wh_project c ON c.id=b.project_id INNER JOIN wh_goodsname d ON a.id_goodsname=d.id INNER JOIN wh_typename e ON a.id_typename=e.id INNER JOIN wh_stockhouse f ON b.stock_id=f.id INNER JOIN wh_stock g ON g.id_goodsname=a.id_goodsname AND g.id_typename=a.id_typename AND g.stock_id=b.stock_id  WHERE ( 1 AND f.id=1 ) ORDER BY a.id_leave desc,b.leavedate asc  [ RunTime:0.001000s ]
INFO: [ view_parse ] --START--
INFO: [ template_filter ] --START--
INFO: Run Behavior\ContentReplaceBehavior [ RunTime:0.000000s ]
INFO: [ template_filter ] --END-- [ RunTime:0.000000s ]
NOTIC: [8] Undefined index: username D:\xampp\htdocs\warehouse\Application\Runtime\Cache\Home\155a13f257e7e0950282a87e83fd2594.php 第 48 行.
INFO: Run Behavior\ParseTemplateBehavior [ RunTime:0.017001s ]
INFO: [ view_parse ] --END-- [ RunTime:0.017001s ]
INFO: [ view_filter ] --START--
INFO: Run Behavior\WriteHtmlCacheBehavior [ RunTime:0.002000s ]
INFO: [ view_filter ] --END-- [ RunTime:0.002000s ]
INFO: [ app_end ] --START--
INFO: Run Behavior\ShowPageTraceBehavior [ RunTime:0.002000s ]
INFO: [ app_end ] --END-- [ RunTime:0.002000s ]

[ 2017-01-18T21:36:53+08:00 ] ::1 /warehouse/index.php/Home/Leavestockdetails/index
INFO: [ app_init ] --START--
INFO: Run Behavior\BuildLiteBehavior [ RunTime:0.000000s ]
INFO: [ app_init ] --END-- [ RunTime:0.001000s ]
INFO: [ app_begin ] --START--
INFO: Run Behavior\ReadHtmlCacheBehavior [ RunTime:0.001000s ]
INFO: [ app_begin ] --END-- [ RunTime:0.001000s ]
SQL: DESCRIBE wh_user [ RunTime:0.004001s ]
SQL: SELECT `role_id` FROM `wh_user` WHERE ( `id` = 16 ) LIMIT 1   [ RunTime:0.000000s ]
SQL: DESCRIBE wh_role [ RunTime:0.006000s ]
SQL: SELECT `pri_id_list` FROM `wh_role` WHERE ( `id` = 3 ) LIMIT 1   [ RunTime:0.000000s ]
SQL: DESCRIBE wh_privilege [ RunTime:0.005000s ]
SQL: SELECT COUNT(*) AS tp_count FROM `wh_privilege` WHERE ( id IN(41,42,43,44,45,46,47,48,53,54,55,56,57,58,59,60,61,62,63,64,79,65,66,67,68,69,70,71,72,73,74,75,76,80,116) AND 
				module_name='Home' AND 
				controller_name='Leavestockdetails' AND 
				action_name='Index' ) LIMIT 1   [ RunTime:0.000000s ]
NOTIC: [2048] Declaration of Home\Model\LeavestockdetailsModel::_after_insert() should be compatible with Think\Model::_after_insert($data, $options) D:\xampp\htdocs\warehouse\Application\Home\Model\LeavestockdetailsModel.class.php 第 307 行.
NOTIC: [2048] Declaration of Home\Model\LeavestockdetailsModel::_after_update() should be compatible with Think\Model::_after_update($data, $options) D:\xampp\htdocs\warehouse\Application\Home\Model\LeavestockdetailsModel.class.php 第 307 行.
SQL: DESCRIBE wh_leavestockdetails [ RunTime:0.004000s ]
NOTIC: [2] Invalid argument supplied for foreach() D:\xampp\htdocs\warehouse\ThinkPHP\Library\Think\Db.class.php 第 429 行.
SQL: SELECT COUNT(*) AS tp_count FROM `wh_leavestockdetails` LIMIT 1   [ RunTime:0.001000s ]
NOTIC: [2] Invalid argument supplied for foreach() D:\xampp\htdocs\warehouse\ThinkPHP\Library\Think\Db.class.php 第 429 行.
SQL: SELECT a.*,b.leavedate,c.name as name_project,d.name as name_goods,e.name as name_type,f.name as name_stockhouse,g.price_enter FROM wh_leavestockdetails a INNER JOIN wh_leavestock b ON a.id_leave=b.id INNER JOIN wh_project c ON c.id=b.project_id INNER JOIN wh_goodsname d ON a.id_goodsname=d.id INNER JOIN wh_typename e ON a.id_typename=e.id INNER JOIN wh_stockhouse f ON b.stock_id=f.id INNER JOIN wh_stock g ON g.id_goodsname=a.id_goodsname AND g.id_typename=a.id_typename AND g.stock_id=b.stock_id  ORDER BY a.id_leave desc,b.leavedate asc LIMIT 0,10   [ RunTime:0.001000s ]
SQL: SELECT `role_id` FROM `wh_user` WHERE ( `id` = 16 ) LIMIT 1   [ RunTime:0.001000s ]
SQL: SELECT `pri_id_list` FROM `wh_role` WHERE ( `id` = 3 ) LIMIT 1   [ RunTime:0.000000s ]
SQL: SELECT COUNT(*) AS tp_count FROM `wh_privilege` WHERE ( id IN(41,42,43,44,45,46,47,48,53,54,55,56,57,58,59,60,61,62,63,64,79,65,66,67,68,69,70,71,72,73,74,75,76,80,116) AND 
				module_name='Home' AND 
				controller_name='Leavestockdetails' AND 
				action_name='Index' ) LIMIT 1   [ RunTime:0.001000s ]
SQL: DESCRIBE wh_type [ RunTime:0.004001s ]
SQL: SELECT * FROM `wh_type`  [ RunTime:0.001000s ]
SQL: DESCRIBE wh_category [ RunTime:0.004000s ]
SQL: SELECT * FROM `wh_category`  [ RunTime:0.001000s ]
SQL: DESCRIBE wh_stockhouse [ RunTime:0.004000s ]
SQL: SELECT * FROM `wh_stockhouse`  [ RunTime:0.001000s ]
INFO: [ view_parse ] --START--
INFO: [ template_filter ] --START--
INFO: Run Behavior\ContentReplaceBehavior [ RunTime:0.000000s ]
INFO: [ template_filter ] --END-- [ RunTime:0.000000s ]
NOTIC: [8] Undefined index: level D:\xampp\htdocs\warehouse\Application\Runtime\Cache\Home\e2517e740d5a7bdceecf55b312b981f2.php 第 63 行.
NOTIC: [8] Undefined index: level D:\xampp\htdocs\warehouse\Application\Runtime\Cache\Home\e2517e740d5a7bdceecf55b312b981f2.php 第 63 行.
NOTIC: [8] Undefined index: level D:\xampp\htdocs\warehouse\Application\Runtime\Cache\Home\e2517e740d5a7bdceecf55b312b981f2.php 第 63 行.
NOTIC: [8] Undefined index: name_category D:\xampp\htdocs\warehouse\Application\Runtime\Cache\Home\e2517e740d5a7bdceecf55b312b981f2.php 第 111 行.
NOTIC: [8] Undefined index: price_leave D:\xampp\htdocs\warehouse\Application\Runtime\Cache\Home\e2517e740d5a7bdceecf55b312b981f2.php 第 112 行.
INFO: Run Behavior\ParseTemplateBehavior [ RunTime:0.018001s ]
INFO: [ view_parse ] --END-- [ RunTime:0.018001s ]
INFO: [ view_filter ] --START--
INFO: Run Behavior\WriteHtmlCacheBehavior [ RunTime:0.001000s ]
INFO: [ view_filter ] --END-- [ RunTime:0.001000s ]
INFO: [ app_end ] --START--
INFO: Run Behavior\ShowPageTraceBehavior [ RunTime:0.002000s ]
INFO: [ app_end ] --END-- [ RunTime:0.002000s ]

