[ 2017-01-28T14:31:26+08:00 ] ::1 /warehouse/index.php/Home/enterstock/
INFO: [ app_init ] --START--
INFO: Run Behavior\BuildLiteBehavior [ RunTime:0.000000s ]
INFO: [ app_init ] --END-- [ RunTime:0.001000s ]
INFO: [ app_begin ] --START--
INFO: Run Behavior\ReadHtmlCacheBehavior [ RunTime:0.001000s ]
INFO: [ app_begin ] --END-- [ RunTime:0.001000s ]
INFO: [ view_parse ] --START--
INFO: [ template_filter ] --START--
INFO: Run Behavior\ContentReplaceBehavior [ RunTime:0.000000s ]
INFO: [ template_filter ] --END-- [ RunTime:0.000000s ]
INFO: Run Behavior\ParseTemplateBehavior [ RunTime:0.010000s ]
INFO: [ view_parse ] --END-- [ RunTime:0.010000s ]
INFO: [ view_filter ] --START--
INFO: Run Behavior\WriteHtmlCacheBehavior [ RunTime:0.001000s ]
INFO: [ view_filter ] --END-- [ RunTime:0.001000s ]

[ 2017-01-28T14:31:28+08:00 ] ::1 /warehouse/index.php/Home/index/login.html
INFO: [ app_init ] --START--
INFO: Run Behavior\BuildLiteBehavior [ RunTime:0.000000s ]
INFO: [ app_init ] --END-- [ RunTime:0.001000s ]
INFO: [ app_begin ] --START--
INFO: Run Behavior\ReadHtmlCacheBehavior [ RunTime:0.002000s ]
INFO: [ app_begin ] --END-- [ RunTime:0.002000s ]
SQL: DESCRIBE wh_user [ RunTime:0.031001s ]
INFO: [ view_parse ] --START--
INFO: [ template_filter ] --START--
INFO: Run Behavior\ContentReplaceBehavior [ RunTime:0.000000s ]
INFO: [ template_filter ] --END-- [ RunTime:0.000000s ]
INFO: Run Behavior\ParseTemplateBehavior [ RunTime:0.013000s ]
INFO: [ view_parse ] --END-- [ RunTime:0.013000s ]
INFO: [ view_filter ] --START--
INFO: Run Behavior\WriteHtmlCacheBehavior [ RunTime:0.000000s ]
INFO: [ view_filter ] --END-- [ RunTime:0.000000s ]
INFO: [ app_end ] --START--
INFO: Run Behavior\ShowPageTraceBehavior [ RunTime:0.001000s ]
INFO: [ app_end ] --END-- [ RunTime:0.001000s ]

[ 2017-01-28T14:31:28+08:00 ] ::1 /warehouse/index.php/Home/Index/getCodeImg
INFO: [ app_init ] --START--
INFO: Run Behavior\BuildLiteBehavior [ RunTime:0.000000s ]
INFO: [ app_init ] --END-- [ RunTime:0.001000s ]
INFO: [ app_begin ] --START--
INFO: Run Behavior\ReadHtmlCacheBehavior [ RunTime:0.001000s ]
INFO: [ app_begin ] --END-- [ RunTime:0.001000s ]
SQL: DESCRIBE wh_user [ RunTime:0.004000s ]
INFO: [ app_end ] --START--
INFO: Run Behavior\ShowPageTraceBehavior [ RunTime:0.001000s ]
INFO: [ app_end ] --END-- [ RunTime:0.001000s ]

[ 2017-01-28T14:31:38+08:00 ] ::1 /warehouse/index.php/Home/Index/login
INFO: [ app_init ] --START--
INFO: Run Behavior\BuildLiteBehavior [ RunTime:0.000000s ]
INFO: [ app_init ] --END-- [ RunTime:0.001000s ]
INFO: [ app_begin ] --START--
INFO: Run Behavior\ReadHtmlCacheBehavior [ RunTime:0.001000s ]
INFO: [ app_begin ] --END-- [ RunTime:0.001000s ]
SQL: DESCRIBE wh_user [ RunTime:0.003000s ]
SQL: DESCRIBE wh_user [ RunTime:0.002001s ]
SQL: SELECT a.id,a.password,a.username,b.name as role_name FROM wh_user a INNER JOIN wh_role b ON b.id=a.role_id  WHERE ( a.username='account' ) LIMIT 1   [ RunTime:0.050003s ]
INFO: [ view_parse ] --START--
INFO: [ template_filter ] --START--
INFO: Run Behavior\ContentReplaceBehavior [ RunTime:0.000000s ]
INFO: [ template_filter ] --END-- [ RunTime:0.000000s ]
INFO: Run Behavior\ParseTemplateBehavior [ RunTime:0.015000s ]
INFO: [ view_parse ] --END-- [ RunTime:0.016000s ]
INFO: [ view_filter ] --START--
INFO: Run Behavior\WriteHtmlCacheBehavior [ RunTime:0.001001s ]
INFO: [ view_filter ] --END-- [ RunTime:0.002001s ]

[ 2017-01-28T14:31:39+08:00 ] ::1 /warehouse/index.php/Home/index/index.html
INFO: [ app_init ] --START--
INFO: Run Behavior\BuildLiteBehavior [ RunTime:0.000000s ]
INFO: [ app_init ] --END-- [ RunTime:0.001000s ]
INFO: [ app_begin ] --START--
INFO: Run Behavior\ReadHtmlCacheBehavior [ RunTime:0.001000s ]
INFO: [ app_begin ] --END-- [ RunTime:0.001000s ]
SQL: DESCRIBE wh_user [ RunTime:0.003000s ]
INFO: [ view_parse ] --START--
INFO: [ template_filter ] --START--
INFO: Run Behavior\ContentReplaceBehavior [ RunTime:0.000000s ]
INFO: [ template_filter ] --END-- [ RunTime:0.000000s ]
INFO: Run Behavior\ParseTemplateBehavior [ RunTime:0.008001s ]
INFO: [ view_parse ] --END-- [ RunTime:0.009001s ]
INFO: [ view_filter ] --START--
INFO: Run Behavior\WriteHtmlCacheBehavior [ RunTime:0.000000s ]
INFO: [ view_filter ] --END-- [ RunTime:0.000000s ]
INFO: [ app_end ] --START--
INFO: Run Behavior\ShowPageTraceBehavior [ RunTime:0.001000s ]
INFO: [ app_end ] --END-- [ RunTime:0.001000s ]

[ 2017-01-28T14:31:40+08:00 ] ::1 /warehouse/index.php/Home/Index/top
INFO: [ app_init ] --START--
INFO: Run Behavior\BuildLiteBehavior [ RunTime:0.000000s ]
INFO: [ app_init ] --END-- [ RunTime:0.001000s ]
INFO: [ app_begin ] --START--
INFO: Run Behavior\ReadHtmlCacheBehavior [ RunTime:0.001000s ]
INFO: [ app_begin ] --END-- [ RunTime:0.002000s ]
SQL: DESCRIBE wh_user [ RunTime:0.004000s ]
SQL: DESCRIBE wh_user [ RunTime:0.005001s ]
SQL: SELECT b.name FROM wh_user a INNER JOIN wh_role b ON b.id=a.role_id  WHERE ( a.id=17 ) LIMIT 1   [ RunTime:0.000000s ]
INFO: [ view_parse ] --START--
INFO: [ template_filter ] --START--
INFO: Run Behavior\ContentReplaceBehavior [ RunTime:0.000000s ]
INFO: [ template_filter ] --END-- [ RunTime:0.000000s ]
INFO: Run Behavior\ParseTemplateBehavior [ RunTime:0.012000s ]
INFO: [ view_parse ] --END-- [ RunTime:0.012000s ]
INFO: [ view_filter ] --START--
INFO: Run Behavior\WriteHtmlCacheBehavior [ RunTime:0.001000s ]
INFO: [ view_filter ] --END-- [ RunTime:0.001000s ]
INFO: [ app_end ] --START--
INFO: Run Behavior\ShowPageTraceBehavior [ RunTime:0.001000s ]
INFO: [ app_end ] --END-- [ RunTime:0.001000s ]

[ 2017-01-28T14:31:40+08:00 ] ::1 /warehouse/index.php/Home/Index/menu
INFO: [ app_init ] --START--
INFO: Run Behavior\BuildLiteBehavior [ RunTime:0.000000s ]
INFO: [ app_init ] --END-- [ RunTime:0.002000s ]
INFO: [ app_begin ] --START--
INFO: Run Behavior\ReadHtmlCacheBehavior [ RunTime:0.001001s ]
INFO: [ app_begin ] --END-- [ RunTime:0.001001s ]
SQL: DESCRIBE wh_user [ RunTime:0.003000s ]
SQL: DESCRIBE wh_user [ RunTime:0.003000s ]
SQL: SELECT `role_id` FROM `wh_user` WHERE ( `id` = 17 ) LIMIT 1   [ RunTime:0.000000s ]
SQL: DESCRIBE wh_role [ RunTime:0.003000s ]
SQL: SELECT `pri_id_list` FROM `wh_role` WHERE ( `id` = 1 ) LIMIT 1   [ RunTime:0.001001s ]
SQL: DESCRIBE wh_privilege [ RunTime:0.039002s ]
SQL: SELECT * FROM `wh_privilege` WHERE ( id IN (47,48,81,82,83,84,85,86,114,87,88,89,90,91,92,113,93,94,95,96,97,98,112,99,100,101,102,103,104,111,105,106,107,108,109,110,115,117,119) )  [ RunTime:0.001000s ]
INFO: [ view_parse ] --START--
INFO: [ template_filter ] --START--
INFO: Run Behavior\ContentReplaceBehavior [ RunTime:0.000000s ]
INFO: [ template_filter ] --END-- [ RunTime:0.000000s ]
INFO: Run Behavior\ParseTemplateBehavior [ RunTime:0.011001s ]
INFO: [ view_parse ] --END-- [ RunTime:0.011001s ]
INFO: [ view_filter ] --START--
INFO: Run Behavior\WriteHtmlCacheBehavior [ RunTime:0.001000s ]
INFO: [ view_filter ] --END-- [ RunTime:0.001000s ]
INFO: [ app_end ] --START--
INFO: Run Behavior\ShowPageTraceBehavior [ RunTime:0.001000s ]
INFO: [ app_end ] --END-- [ RunTime:0.001000s ]

[ 2017-01-28T14:31:40+08:00 ] ::1 /warehouse/index.php/Home/Index/drag
INFO: [ app_init ] --START--
INFO: Run Behavior\BuildLiteBehavior [ RunTime:0.000000s ]
INFO: [ app_init ] --END-- [ RunTime:0.001000s ]
INFO: [ app_begin ] --START--
INFO: Run Behavior\ReadHtmlCacheBehavior [ RunTime:0.001000s ]
INFO: [ app_begin ] --END-- [ RunTime:0.001000s ]
SQL: DESCRIBE wh_user [ RunTime:0.003000s ]
INFO: [ view_parse ] --START--
INFO: [ template_filter ] --START--
INFO: Run Behavior\ContentReplaceBehavior [ RunTime:0.001000s ]
INFO: [ template_filter ] --END-- [ RunTime:0.001000s ]
INFO: Run Behavior\ParseTemplateBehavior [ RunTime:0.009001s ]
INFO: [ view_parse ] --END-- [ RunTime:0.009001s ]
INFO: [ view_filter ] --START--
INFO: Run Behavior\WriteHtmlCacheBehavior [ RunTime:0.000000s ]
INFO: [ view_filter ] --END-- [ RunTime:0.000000s ]
INFO: [ app_end ] --START--
INFO: Run Behavior\ShowPageTraceBehavior [ RunTime:0.001000s ]
INFO: [ app_end ] --END-- [ RunTime:0.001000s ]

[ 2017-01-28T14:31:40+08:00 ] ::1 /warehouse/index.php/Home/Index/main
INFO: [ app_init ] --START--
INFO: Run Behavior\BuildLiteBehavior [ RunTime:0.000000s ]
INFO: [ app_init ] --END-- [ RunTime:0.000000s ]
INFO: [ app_begin ] --START--
INFO: Run Behavior\ReadHtmlCacheBehavior [ RunTime:0.001000s ]
INFO: [ app_begin ] --END-- [ RunTime:0.001000s ]
SQL: DESCRIBE wh_user [ RunTime:0.004000s ]
INFO: [ view_parse ] --START--
INFO: [ template_filter ] --START--
INFO: Run Behavior\ContentReplaceBehavior [ RunTime:0.000000s ]
INFO: [ template_filter ] --END-- [ RunTime:0.000000s ]
INFO: Run Behavior\ParseTemplateBehavior [ RunTime:0.012001s ]
INFO: [ view_parse ] --END-- [ RunTime:0.012001s ]
INFO: [ view_filter ] --START--
INFO: Run Behavior\WriteHtmlCacheBehavior [ RunTime:0.001000s ]
INFO: [ view_filter ] --END-- [ RunTime:0.001000s ]
INFO: [ app_end ] --START--
INFO: Run Behavior\ShowPageTraceBehavior [ RunTime:0.001000s ]
INFO: [ app_end ] --END-- [ RunTime:0.001000s ]

[ 2017-01-28T14:33:18+08:00 ] ::1 /warehouse/index.php/Home/Index/Main2.html
INFO: [ app_init ] --START--
INFO: Run Behavior\BuildLiteBehavior [ RunTime:0.000000s ]
INFO: [ app_init ] --END-- [ RunTime:0.001000s ]
INFO: [ app_begin ] --START--
INFO: Run Behavior\ReadHtmlCacheBehavior [ RunTime:0.001000s ]
INFO: [ app_begin ] --END-- [ RunTime:0.001000s ]
SQL: DESCRIBE wh_user [ RunTime:0.004000s ]
SQL: SELECT `role_id` FROM `wh_user` WHERE ( `id` = 17 ) LIMIT 1   [ RunTime:0.001000s ]
SQL: DESCRIBE wh_role [ RunTime:0.003001s ]
SQL: SELECT `pri_id_list` FROM `wh_role` WHERE ( `id` = 1 ) LIMIT 1   [ RunTime:0.000000s ]
SQL: DESCRIBE wh_privilege [ RunTime:0.004000s ]
SQL: SELECT COUNT(*) AS tp_count FROM `wh_privilege` WHERE ( id IN(47,48,81,82,83,84,85,86,114,87,88,89,90,91,92,113,93,94,95,96,97,98,112,99,100,101,102,103,104,111,105,106,107,108,109,110,115,117,119) AND 
				module_name='Home' AND 
				controller_name='Index' AND 
				action_name='Main2' ) LIMIT 1   [ RunTime:0.002000s ]
SQL: DESCRIBE wh_account [ RunTime:0.047003s ]
SQL: SELECT * FROM `wh_account` WHERE ( account_year=2017 OR account_year=2016 )  [ RunTime:0.001000s ]
INFO: [ view_parse ] --START--
INFO: [ template_filter ] --START--
INFO: Run Behavior\ContentReplaceBehavior [ RunTime:0.001000s ]
INFO: [ template_filter ] --END-- [ RunTime:0.001000s ]
INFO: Run Behavior\ParseTemplateBehavior [ RunTime:0.020001s ]
INFO: [ view_parse ] --END-- [ RunTime:0.020001s ]
INFO: [ view_filter ] --START--
INFO: Run Behavior\WriteHtmlCacheBehavior [ RunTime:0.001000s ]
INFO: [ view_filter ] --END-- [ RunTime:0.001000s ]
INFO: [ app_end ] --START--
INFO: Run Behavior\ShowPageTraceBehavior [ RunTime:0.001000s ]
INFO: [ app_end ] --END-- [ RunTime:0.001000s ]

[ 2017-01-28T14:33:26+08:00 ] ::1 /warehouse/index.php/Home/Projectincome/Index.html
INFO: [ app_init ] --START--
INFO: Run Behavior\BuildLiteBehavior [ RunTime:0.000000s ]
INFO: [ app_init ] --END-- [ RunTime:0.001000s ]
INFO: [ app_begin ] --START--
INFO: Run Behavior\ReadHtmlCacheBehavior [ RunTime:0.001000s ]
INFO: [ app_begin ] --END-- [ RunTime:0.001000s ]
SQL: DESCRIBE wh_user [ RunTime:0.003000s ]
SQL: SELECT `role_id` FROM `wh_user` WHERE ( `id` = 17 ) LIMIT 1   [ RunTime:0.000000s ]
SQL: DESCRIBE wh_role [ RunTime:0.003000s ]
SQL: SELECT `pri_id_list` FROM `wh_role` WHERE ( `id` = 1 ) LIMIT 1   [ RunTime:0.000000s ]
SQL: DESCRIBE wh_privilege [ RunTime:0.002000s ]
SQL: SELECT COUNT(*) AS tp_count FROM `wh_privilege` WHERE ( id IN(47,48,81,82,83,84,85,86,114,87,88,89,90,91,92,113,93,94,95,96,97,98,112,99,100,101,102,103,104,111,105,106,107,108,109,110,115,117,119) AND 
				module_name='Home' AND 
				controller_name='Projectincome' AND 
				action_name='Index' ) LIMIT 1   [ RunTime:0.000000s ]
NOTIC: [2048] Declaration of Home\Model\ProjectincomeModel::_after_insert() should be compatible with Think\Model::_after_insert($data, $options) D:\xampp\htdocs\warehouse\Application\Home\Model\ProjectincomeModel.class.php 第 189 行.
NOTIC: [2048] Declaration of Home\Model\ProjectincomeModel::_after_update() should be compatible with Think\Model::_after_update($data, $options) D:\xampp\htdocs\warehouse\Application\Home\Model\ProjectincomeModel.class.php 第 189 行.
SQL: DESCRIBE wh_projectincome [ RunTime:0.048002s ]
NOTIC: [2] Invalid argument supplied for foreach() D:\xampp\htdocs\warehouse\ThinkPHP\Library\Think\Db.class.php 第 429 行.
SQL: SELECT COUNT(*) AS tp_count FROM `wh_projectincome` LIMIT 1   [ RunTime:0.000000s ]
NOTIC: [2] Invalid argument supplied for foreach() D:\xampp\htdocs\warehouse\ThinkPHP\Library\Think\Db.class.php 第 429 行.
SQL: SELECT a.*,b.name AS name_project,c.username FROM wh_projectincome a INNER JOIN wh_project b ON b.id=a.project_id INNER JOIN wh_user c ON c.id=a.user_id  LIMIT 0,20   [ RunTime:0.078004s ]
INFO: [ view_parse ] --START--
INFO: [ template_filter ] --START--
INFO: Run Behavior\ContentReplaceBehavior [ RunTime:0.000000s ]
INFO: [ template_filter ] --END-- [ RunTime:0.000000s ]
INFO: Run Behavior\ParseTemplateBehavior [ RunTime:0.023001s ]
INFO: [ view_parse ] --END-- [ RunTime:0.023001s ]
INFO: [ view_filter ] --START--
INFO: Run Behavior\WriteHtmlCacheBehavior [ RunTime:0.001000s ]
INFO: [ view_filter ] --END-- [ RunTime:0.001000s ]
INFO: [ app_end ] --START--
INFO: Run Behavior\ShowPageTraceBehavior [ RunTime:0.001000s ]
INFO: [ app_end ] --END-- [ RunTime:0.001000s ]

[ 2017-01-28T14:33:29+08:00 ] ::1 /warehouse/index.php/Home/Projectincome/edit/id/1
INFO: [ app_init ] --START--
INFO: Run Behavior\BuildLiteBehavior [ RunTime:0.000000s ]
INFO: [ app_init ] --END-- [ RunTime:0.001000s ]
INFO: [ app_begin ] --START--
INFO: Run Behavior\ReadHtmlCacheBehavior [ RunTime:0.002001s ]
INFO: [ app_begin ] --END-- [ RunTime:0.002001s ]
SQL: DESCRIBE wh_user [ RunTime:0.004000s ]
SQL: SELECT `role_id` FROM `wh_user` WHERE ( `id` = 17 ) LIMIT 1   [ RunTime:0.000000s ]
SQL: DESCRIBE wh_role [ RunTime:0.003000s ]
SQL: SELECT `pri_id_list` FROM `wh_role` WHERE ( `id` = 1 ) LIMIT 1   [ RunTime:0.000000s ]
SQL: DESCRIBE wh_privilege [ RunTime:0.003000s ]
SQL: SELECT COUNT(*) AS tp_count FROM `wh_privilege` WHERE ( id IN(47,48,81,82,83,84,85,86,114,87,88,89,90,91,92,113,93,94,95,96,97,98,112,99,100,101,102,103,104,111,105,106,107,108,109,110,115,117,119) AND 
				module_name='Home' AND 
				controller_name='Projectincome' AND 
				action_name='Edit' ) LIMIT 1   [ RunTime:0.001000s ]
NOTIC: [2048] Declaration of Home\Model\ProjectincomeModel::_after_insert() should be compatible with Think\Model::_after_insert($data, $options) D:\xampp\htdocs\warehouse\Application\Home\Model\ProjectincomeModel.class.php 第 189 行.
NOTIC: [2048] Declaration of Home\Model\ProjectincomeModel::_after_update() should be compatible with Think\Model::_after_update($data, $options) D:\xampp\htdocs\warehouse\Application\Home\Model\ProjectincomeModel.class.php 第 189 行.
SQL: DESCRIBE wh_projectincome [ RunTime:0.003001s ]
SQL: SELECT a.*,b.name as name_project FROM wh_projectincome a INNER JOIN wh_project b ON b.id=a.project_id  WHERE ( a.id=1 ) LIMIT 1   [ RunTime:0.000000s ]
SQL: SELECT `id`,`username` FROM `wh_user`  [ RunTime:0.001000s ]
INFO: [ view_parse ] --START--
INFO: [ template_filter ] --START--
INFO: Run Behavior\ContentReplaceBehavior [ RunTime:0.000000s ]
INFO: [ template_filter ] --END-- [ RunTime:0.000000s ]
INFO: Run Behavior\ParseTemplateBehavior [ RunTime:0.033002s ]
INFO: [ view_parse ] --END-- [ RunTime:0.033002s ]
INFO: [ view_filter ] --START--
INFO: Run Behavior\WriteHtmlCacheBehavior [ RunTime:0.000000s ]
INFO: [ view_filter ] --END-- [ RunTime:0.000000s ]
INFO: [ app_end ] --START--
INFO: Run Behavior\ShowPageTraceBehavior [ RunTime:0.001000s ]
INFO: [ app_end ] --END-- [ RunTime:0.001000s ]

[ 2017-01-28T14:33:36+08:00 ] ::1 /warehouse/index.php/Home/Projectincome/update
INFO: [ app_init ] --START--
INFO: Run Behavior\BuildLiteBehavior [ RunTime:0.000000s ]
INFO: [ app_init ] --END-- [ RunTime:0.000000s ]
INFO: [ app_begin ] --START--
INFO: Run Behavior\ReadHtmlCacheBehavior [ RunTime:0.001000s ]
INFO: [ app_begin ] --END-- [ RunTime:0.001000s ]
SQL: DESCRIBE wh_user [ RunTime:0.003000s ]
SQL: SELECT `role_id` FROM `wh_user` WHERE ( `id` = 17 ) LIMIT 1   [ RunTime:0.001000s ]
SQL: DESCRIBE wh_role [ RunTime:0.004000s ]
SQL: SELECT `pri_id_list` FROM `wh_role` WHERE ( `id` = 1 ) LIMIT 1   [ RunTime:0.000000s ]
SQL: DESCRIBE wh_privilege [ RunTime:0.003000s ]
SQL: SELECT COUNT(*) AS tp_count FROM `wh_privilege` WHERE ( id IN(47,48,81,82,83,84,85,86,114,87,88,89,90,91,92,113,93,94,95,96,97,98,112,99,100,101,102,103,104,111,105,106,107,108,109,110,115,117,119) AND 
				module_name='Home' AND 
				controller_name='Projectincome' AND 
				action_name='Update' ) LIMIT 1   [ RunTime:0.001000s ]
NOTIC: [2048] Declaration of Home\Model\ProjectincomeModel::_after_insert() should be compatible with Think\Model::_after_insert($data, $options) D:\xampp\htdocs\warehouse\Application\Home\Model\ProjectincomeModel.class.php 第 189 行.
NOTIC: [2048] Declaration of Home\Model\ProjectincomeModel::_after_update() should be compatible with Think\Model::_after_update($data, $options) D:\xampp\htdocs\warehouse\Application\Home\Model\ProjectincomeModel.class.php 第 189 行.
SQL: DESCRIBE wh_projectincome [ RunTime:0.003000s ]
NOTIC: [2] in_array() expects parameter 2 to be array, string given D:\xampp\htdocs\warehouse\Application\Home\Model\ProjectincomeModel.class.php 第 63 行.
NOTIC: [2] in_array() expects parameter 2 to be array, string given D:\xampp\htdocs\warehouse\Application\Home\Model\ProjectincomeModel.class.php 第 63 行.
SQL: DESCRIBE wh_contract [ RunTime:0.075004s ]

[ 2017-01-28T14:34:53+08:00 ] ::1 /warehouse/index.php/Home/Projectincome/Index.html
INFO: [ app_init ] --START--
INFO: Run Behavior\BuildLiteBehavior [ RunTime:0.000000s ]
INFO: [ app_init ] --END-- [ RunTime:0.001000s ]
INFO: [ app_begin ] --START--
INFO: Run Behavior\ReadHtmlCacheBehavior [ RunTime:0.000000s ]
INFO: [ app_begin ] --END-- [ RunTime:0.001000s ]
SQL: DESCRIBE wh_user [ RunTime:0.003000s ]
SQL: SELECT `role_id` FROM `wh_user` WHERE ( `id` = 17 ) LIMIT 1   [ RunTime:0.001000s ]
SQL: DESCRIBE wh_role [ RunTime:0.003000s ]
SQL: SELECT `pri_id_list` FROM `wh_role` WHERE ( `id` = 1 ) LIMIT 1   [ RunTime:0.001000s ]
SQL: DESCRIBE wh_privilege [ RunTime:0.004001s ]
SQL: SELECT COUNT(*) AS tp_count FROM `wh_privilege` WHERE ( id IN(47,48,81,82,83,84,85,86,114,87,88,89,90,91,92,113,93,94,95,96,97,98,112,99,100,101,102,103,104,111,105,106,107,108,109,110,115,117,119) AND 
				module_name='Home' AND 
				controller_name='Projectincome' AND 
				action_name='Index' ) LIMIT 1   [ RunTime:0.002000s ]
NOTIC: [2048] Declaration of Home\Model\ProjectincomeModel::_after_insert() should be compatible with Think\Model::_after_insert($data, $options) D:\xampp\htdocs\warehouse\Application\Home\Model\ProjectincomeModel.class.php 第 198 行.
NOTIC: [2048] Declaration of Home\Model\ProjectincomeModel::_after_update() should be compatible with Think\Model::_after_update($data, $options) D:\xampp\htdocs\warehouse\Application\Home\Model\ProjectincomeModel.class.php 第 198 行.
SQL: DESCRIBE wh_projectincome [ RunTime:0.003000s ]
NOTIC: [2] Invalid argument supplied for foreach() D:\xampp\htdocs\warehouse\ThinkPHP\Library\Think\Db.class.php 第 429 行.
SQL: SELECT COUNT(*) AS tp_count FROM `wh_projectincome` LIMIT 1   [ RunTime:0.000000s ]
NOTIC: [2] Invalid argument supplied for foreach() D:\xampp\htdocs\warehouse\ThinkPHP\Library\Think\Db.class.php 第 429 行.
SQL: SELECT a.*,b.name AS name_project,c.username FROM wh_projectincome a INNER JOIN wh_project b ON b.id=a.project_id INNER JOIN wh_user c ON c.id=a.user_id  LIMIT 0,20   [ RunTime:0.000000s ]
INFO: [ view_parse ] --START--
INFO: [ template_filter ] --START--
INFO: Run Behavior\ContentReplaceBehavior [ RunTime:0.000000s ]
INFO: [ template_filter ] --END-- [ RunTime:0.000000s ]
INFO: Run Behavior\ParseTemplateBehavior [ RunTime:0.011001s ]
INFO: [ view_parse ] --END-- [ RunTime:0.011001s ]
INFO: [ view_filter ] --START--
INFO: Run Behavior\WriteHtmlCacheBehavior [ RunTime:0.000000s ]
INFO: [ view_filter ] --END-- [ RunTime:0.000000s ]
INFO: [ app_end ] --START--
INFO: Run Behavior\ShowPageTraceBehavior [ RunTime:0.001000s ]
INFO: [ app_end ] --END-- [ RunTime:0.001000s ]

[ 2017-01-28T14:34:56+08:00 ] ::1 /warehouse/index.php/Home/Projectincome/edit/id/1
INFO: [ app_init ] --START--
INFO: Run Behavior\BuildLiteBehavior [ RunTime:0.000000s ]
INFO: [ app_init ] --END-- [ RunTime:0.001000s ]
INFO: [ app_begin ] --START--
INFO: Run Behavior\ReadHtmlCacheBehavior [ RunTime:0.000000s ]
INFO: [ app_begin ] --END-- [ RunTime:0.000000s ]
SQL: DESCRIBE wh_user [ RunTime:0.005000s ]
SQL: SELECT `role_id` FROM `wh_user` WHERE ( `id` = 17 ) LIMIT 1   [ RunTime:0.001000s ]
SQL: DESCRIBE wh_role [ RunTime:0.005000s ]
SQL: SELECT `pri_id_list` FROM `wh_role` WHERE ( `id` = 1 ) LIMIT 1   [ RunTime:0.001000s ]
SQL: DESCRIBE wh_privilege [ RunTime:0.006001s ]
SQL: SELECT COUNT(*) AS tp_count FROM `wh_privilege` WHERE ( id IN(47,48,81,82,83,84,85,86,114,87,88,89,90,91,92,113,93,94,95,96,97,98,112,99,100,101,102,103,104,111,105,106,107,108,109,110,115,117,119) AND 
				module_name='Home' AND 
				controller_name='Projectincome' AND 
				action_name='Edit' ) LIMIT 1   [ RunTime:0.002000s ]
NOTIC: [2048] Declaration of Home\Model\ProjectincomeModel::_after_insert() should be compatible with Think\Model::_after_insert($data, $options) D:\xampp\htdocs\warehouse\Application\Home\Model\ProjectincomeModel.class.php 第 198 行.
NOTIC: [2048] Declaration of Home\Model\ProjectincomeModel::_after_update() should be compatible with Think\Model::_after_update($data, $options) D:\xampp\htdocs\warehouse\Application\Home\Model\ProjectincomeModel.class.php 第 198 行.
SQL: DESCRIBE wh_projectincome [ RunTime:0.005000s ]
SQL: SELECT a.*,b.name as name_project FROM wh_projectincome a INNER JOIN wh_project b ON b.id=a.project_id  WHERE ( a.id=1 ) LIMIT 1   [ RunTime:0.000000s ]
SQL: SELECT `id`,`username` FROM `wh_user`  [ RunTime:0.000000s ]
INFO: [ view_parse ] --START--
INFO: [ template_filter ] --START--
INFO: Run Behavior\ContentReplaceBehavior [ RunTime:0.000000s ]
INFO: [ template_filter ] --END-- [ RunTime:0.000000s ]
INFO: Run Behavior\ParseTemplateBehavior [ RunTime:0.013001s ]
INFO: [ view_parse ] --END-- [ RunTime:0.014001s ]
INFO: [ view_filter ] --START--
INFO: Run Behavior\WriteHtmlCacheBehavior [ RunTime:0.001000s ]
INFO: [ view_filter ] --END-- [ RunTime:0.001000s ]
INFO: [ app_end ] --START--
INFO: Run Behavior\ShowPageTraceBehavior [ RunTime:0.001000s ]
INFO: [ app_end ] --END-- [ RunTime:0.002000s ]

[ 2017-01-28T14:34:58+08:00 ] ::1 /warehouse/index.php/Home/Projectincome/update
INFO: [ app_init ] --START--
INFO: Run Behavior\BuildLiteBehavior [ RunTime:0.000000s ]
INFO: [ app_init ] --END-- [ RunTime:0.001000s ]
INFO: [ app_begin ] --START--
INFO: Run Behavior\ReadHtmlCacheBehavior [ RunTime:0.001000s ]
INFO: [ app_begin ] --END-- [ RunTime:0.001000s ]
SQL: DESCRIBE wh_user [ RunTime:0.003000s ]
SQL: SELECT `role_id` FROM `wh_user` WHERE ( `id` = 17 ) LIMIT 1   [ RunTime:0.000000s ]
SQL: DESCRIBE wh_role [ RunTime:0.004000s ]
SQL: SELECT `pri_id_list` FROM `wh_role` WHERE ( `id` = 1 ) LIMIT 1   [ RunTime:0.000000s ]
SQL: DESCRIBE wh_privilege [ RunTime:0.004001s ]
SQL: SELECT COUNT(*) AS tp_count FROM `wh_privilege` WHERE ( id IN(47,48,81,82,83,84,85,86,114,87,88,89,90,91,92,113,93,94,95,96,97,98,112,99,100,101,102,103,104,111,105,106,107,108,109,110,115,117,119) AND 
				module_name='Home' AND 
				controller_name='Projectincome' AND 
				action_name='Update' ) LIMIT 1   [ RunTime:0.001000s ]
NOTIC: [2048] Declaration of Home\Model\ProjectincomeModel::_after_insert() should be compatible with Think\Model::_after_insert($data, $options) D:\xampp\htdocs\warehouse\Application\Home\Model\ProjectincomeModel.class.php 第 198 行.
NOTIC: [2048] Declaration of Home\Model\ProjectincomeModel::_after_update() should be compatible with Think\Model::_after_update($data, $options) D:\xampp\htdocs\warehouse\Application\Home\Model\ProjectincomeModel.class.php 第 198 行.
SQL: DESCRIBE wh_projectincome [ RunTime:0.004000s ]
NOTIC: [2] in_array() expects parameter 2 to be array, string given D:\xampp\htdocs\warehouse\Application\Home\Model\ProjectincomeModel.class.php 第 72 行.
NOTIC: [2] in_array() expects parameter 2 to be array, string given D:\xampp\htdocs\warehouse\Application\Home\Model\ProjectincomeModel.class.php 第 72 行.
SQL: DESCRIBE wh_contract [ RunTime:0.003000s ]

[ 2017-01-28T14:37:28+08:00 ] ::1 /warehouse/index.php/Home/Otherincome/Index.html
INFO: [ app_init ] --START--
INFO: Run Behavior\BuildLiteBehavior [ RunTime:0.000000s ]
INFO: [ app_init ] --END-- [ RunTime:0.001000s ]
INFO: [ app_begin ] --START--
INFO: Run Behavior\ReadHtmlCacheBehavior [ RunTime:0.001000s ]
INFO: [ app_begin ] --END-- [ RunTime:0.001000s ]
SQL: DESCRIBE wh_user [ RunTime:0.004000s ]
SQL: SELECT `role_id` FROM `wh_user` WHERE ( `id` = 17 ) LIMIT 1   [ RunTime:0.001000s ]
SQL: DESCRIBE wh_role [ RunTime:0.003000s ]
SQL: SELECT `pri_id_list` FROM `wh_role` WHERE ( `id` = 1 ) LIMIT 1   [ RunTime:0.001000s ]
SQL: DESCRIBE wh_privilege [ RunTime:0.003001s ]
SQL: SELECT COUNT(*) AS tp_count FROM `wh_privilege` WHERE ( id IN(47,48,81,82,83,84,85,86,114,87,88,89,90,91,92,113,93,94,95,96,97,98,112,99,100,101,102,103,104,111,105,106,107,108,109,110,115,117,119) AND 
				module_name='Home' AND 
				controller_name='Otherincome' AND 
				action_name='Index' ) LIMIT 1   [ RunTime:0.001000s ]
NOTIC: [2048] Declaration of Home\Model\OtherincomeModel::_after_insert() should be compatible with Think\Model::_after_insert($data, $options) D:\xampp\htdocs\warehouse\Application\Home\Model\OtherincomeModel.class.php 第 197 行.
NOTIC: [2048] Declaration of Home\Model\OtherincomeModel::_after_update() should be compatible with Think\Model::_after_update($data, $options) D:\xampp\htdocs\warehouse\Application\Home\Model\OtherincomeModel.class.php 第 197 行.
SQL: DESCRIBE wh_otherincome [ RunTime:0.028001s ]
NOTIC: [2] Invalid argument supplied for foreach() D:\xampp\htdocs\warehouse\ThinkPHP\Library\Think\Db.class.php 第 429 行.
SQL: SELECT COUNT(*) AS tp_count FROM `wh_otherincome` LIMIT 1   [ RunTime:0.000000s ]
NOTIC: [2] Invalid argument supplied for foreach() D:\xampp\htdocs\warehouse\ThinkPHP\Library\Think\Db.class.php 第 429 行.
SQL: SELECT a.*,b.username FROM wh_otherincome a INNER JOIN wh_user b ON b.id=a.user_id  LIMIT 0,20   [ RunTime:0.001001s ]
INFO: [ view_parse ] --START--
INFO: [ template_filter ] --START--
INFO: Run Behavior\ContentReplaceBehavior [ RunTime:0.000000s ]
INFO: [ template_filter ] --END-- [ RunTime:0.000000s ]
INFO: Run Behavior\ParseTemplateBehavior [ RunTime:0.010000s ]
INFO: [ view_parse ] --END-- [ RunTime:0.010000s ]
INFO: [ view_filter ] --START--
INFO: Run Behavior\WriteHtmlCacheBehavior [ RunTime:0.001000s ]
INFO: [ view_filter ] --END-- [ RunTime:0.001000s ]
INFO: [ app_end ] --START--
INFO: Run Behavior\ShowPageTraceBehavior [ RunTime:0.001000s ]
INFO: [ app_end ] --END-- [ RunTime:0.001000s ]

[ 2017-01-28T14:37:30+08:00 ] ::1 /warehouse/index.php/Home/Otherincome/add
INFO: [ app_init ] --START--
INFO: Run Behavior\BuildLiteBehavior [ RunTime:0.000000s ]
INFO: [ app_init ] --END-- [ RunTime:0.001000s ]
INFO: [ app_begin ] --START--
INFO: Run Behavior\ReadHtmlCacheBehavior [ RunTime:0.000000s ]
INFO: [ app_begin ] --END-- [ RunTime:0.002000s ]
SQL: DESCRIBE wh_user [ RunTime:0.003000s ]
SQL: SELECT `role_id` FROM `wh_user` WHERE ( `id` = 17 ) LIMIT 1   [ RunTime:0.000000s ]
SQL: DESCRIBE wh_role [ RunTime:0.003001s ]
SQL: SELECT `pri_id_list` FROM `wh_role` WHERE ( `id` = 1 ) LIMIT 1   [ RunTime:0.000000s ]
SQL: DESCRIBE wh_privilege [ RunTime:0.003000s ]
SQL: SELECT COUNT(*) AS tp_count FROM `wh_privilege` WHERE ( id IN(47,48,81,82,83,84,85,86,114,87,88,89,90,91,92,113,93,94,95,96,97,98,112,99,100,101,102,103,104,111,105,106,107,108,109,110,115,117,119) AND 
				module_name='Home' AND 
				controller_name='Otherincome' AND 
				action_name='Add' ) LIMIT 1   [ RunTime:0.001000s ]
SQL: DESCRIBE wh_user [ RunTime:0.003000s ]
SQL: SELECT `id`,`username` FROM `wh_user`  [ RunTime:0.001000s ]
INFO: [ view_parse ] --START--
INFO: [ template_filter ] --START--
INFO: Run Behavior\ContentReplaceBehavior [ RunTime:0.000000s ]
INFO: [ template_filter ] --END-- [ RunTime:0.000000s ]
INFO: Run Behavior\ParseTemplateBehavior [ RunTime:0.033002s ]
INFO: [ view_parse ] --END-- [ RunTime:0.033002s ]
INFO: [ view_filter ] --START--
INFO: Run Behavior\WriteHtmlCacheBehavior [ RunTime:0.000000s ]
INFO: [ view_filter ] --END-- [ RunTime:0.000000s ]
INFO: [ app_end ] --START--
INFO: Run Behavior\ShowPageTraceBehavior [ RunTime:0.000000s ]
INFO: [ app_end ] --END-- [ RunTime:0.000000s ]

[ 2017-01-28T14:37:40+08:00 ] ::1 /warehouse/index.php/Home/Otherincome/add
INFO: [ app_init ] --START--
INFO: Run Behavior\BuildLiteBehavior [ RunTime:0.000000s ]
INFO: [ app_init ] --END-- [ RunTime:0.000000s ]
INFO: [ app_begin ] --START--
INFO: Run Behavior\ReadHtmlCacheBehavior [ RunTime:0.000000s ]
INFO: [ app_begin ] --END-- [ RunTime:0.001000s ]
SQL: DESCRIBE wh_user [ RunTime:0.003000s ]
SQL: SELECT `role_id` FROM `wh_user` WHERE ( `id` = 17 ) LIMIT 1   [ RunTime:0.000000s ]
SQL: DESCRIBE wh_role [ RunTime:0.003000s ]
SQL: SELECT `pri_id_list` FROM `wh_role` WHERE ( `id` = 1 ) LIMIT 1   [ RunTime:0.001000s ]
SQL: DESCRIBE wh_privilege [ RunTime:0.003000s ]
SQL: SELECT COUNT(*) AS tp_count FROM `wh_privilege` WHERE ( id IN(47,48,81,82,83,84,85,86,114,87,88,89,90,91,92,113,93,94,95,96,97,98,112,99,100,101,102,103,104,111,105,106,107,108,109,110,115,117,119) AND 
				module_name='Home' AND 
				controller_name='Otherincome' AND 
				action_name='Add' ) LIMIT 1   [ RunTime:0.001001s ]
NOTIC: [2048] Declaration of Home\Model\OtherincomeModel::_after_insert() should be compatible with Think\Model::_after_insert($data, $options) D:\xampp\htdocs\warehouse\Application\Home\Model\OtherincomeModel.class.php 第 197 行.
NOTIC: [2048] Declaration of Home\Model\OtherincomeModel::_after_update() should be compatible with Think\Model::_after_update($data, $options) D:\xampp\htdocs\warehouse\Application\Home\Model\OtherincomeModel.class.php 第 197 行.
SQL: DESCRIBE wh_otherincome [ RunTime:0.003000s ]
NOTIC: [2] in_array() expects parameter 2 to be array, string given D:\xampp\htdocs\warehouse\Application\Home\Model\OtherincomeModel.class.php 第 29 行.
NOTIC: [2] in_array() expects parameter 2 to be array, string given D:\xampp\htdocs\warehouse\Application\Home\Model\OtherincomeModel.class.php 第 29 行.
SQL: INSERT INTO `wh_otherincome` (`summary`,`user_id`,`get_money`,`get_time`,`note`) VALUES ('1',18,200,'2017-01-25','') [ RunTime:0.001000s ]
SQL: DESCRIBE wh_account [ RunTime:0.003000s ]
SQL: SELECT * FROM `wh_account` WHERE ( account_year=2017 AND account_type=1 ) LIMIT 1   [ RunTime:0.000000s ]
SQL: UPDATE `wh_account` SET `account_money`=12200 WHERE ( account_year=2017 AND account_type=1 ) [ RunTime:0.001000s ]
INFO: [ view_parse ] --START--
INFO: [ template_filter ] --START--
INFO: Run Behavior\ContentReplaceBehavior [ RunTime:0.000000s ]
INFO: [ template_filter ] --END-- [ RunTime:0.000000s ]
INFO: Run Behavior\ParseTemplateBehavior [ RunTime:0.009001s ]
INFO: [ view_parse ] --END-- [ RunTime:0.009001s ]
INFO: [ view_filter ] --START--
INFO: Run Behavior\WriteHtmlCacheBehavior [ RunTime:0.001000s ]
INFO: [ view_filter ] --END-- [ RunTime:0.001000s ]

[ 2017-01-28T14:37:41+08:00 ] ::1 /warehouse/index.php/Home/Otherincome/index.html
INFO: [ app_init ] --START--
INFO: Run Behavior\BuildLiteBehavior [ RunTime:0.000000s ]
INFO: [ app_init ] --END-- [ RunTime:0.001000s ]
INFO: [ app_begin ] --START--
INFO: Run Behavior\ReadHtmlCacheBehavior [ RunTime:0.001000s ]
INFO: [ app_begin ] --END-- [ RunTime:0.001000s ]
SQL: DESCRIBE wh_user [ RunTime:0.003000s ]
SQL: SELECT `role_id` FROM `wh_user` WHERE ( `id` = 17 ) LIMIT 1   [ RunTime:0.001000s ]
SQL: DESCRIBE wh_role [ RunTime:0.004000s ]
SQL: SELECT `pri_id_list` FROM `wh_role` WHERE ( `id` = 1 ) LIMIT 1   [ RunTime:0.001000s ]
SQL: DESCRIBE wh_privilege [ RunTime:0.003000s ]
SQL: SELECT COUNT(*) AS tp_count FROM `wh_privilege` WHERE ( id IN(47,48,81,82,83,84,85,86,114,87,88,89,90,91,92,113,93,94,95,96,97,98,112,99,100,101,102,103,104,111,105,106,107,108,109,110,115,117,119) AND 
				module_name='Home' AND 
				controller_name='Otherincome' AND 
				action_name='Index' ) LIMIT 1   [ RunTime:0.001000s ]
NOTIC: [2048] Declaration of Home\Model\OtherincomeModel::_after_insert() should be compatible with Think\Model::_after_insert($data, $options) D:\xampp\htdocs\warehouse\Application\Home\Model\OtherincomeModel.class.php 第 197 行.
NOTIC: [2048] Declaration of Home\Model\OtherincomeModel::_after_update() should be compatible with Think\Model::_after_update($data, $options) D:\xampp\htdocs\warehouse\Application\Home\Model\OtherincomeModel.class.php 第 197 行.
SQL: DESCRIBE wh_otherincome [ RunTime:0.003001s ]
NOTIC: [2] Invalid argument supplied for foreach() D:\xampp\htdocs\warehouse\ThinkPHP\Library\Think\Db.class.php 第 429 行.
SQL: SELECT COUNT(*) AS tp_count FROM `wh_otherincome` LIMIT 1   [ RunTime:0.001000s ]
NOTIC: [2] Invalid argument supplied for foreach() D:\xampp\htdocs\warehouse\ThinkPHP\Library\Think\Db.class.php 第 429 行.
SQL: SELECT a.*,b.username FROM wh_otherincome a INNER JOIN wh_user b ON b.id=a.user_id  LIMIT 0,20   [ RunTime:0.001000s ]
INFO: [ view_parse ] --START--
INFO: [ template_filter ] --START--
INFO: Run Behavior\ContentReplaceBehavior [ RunTime:0.001000s ]
INFO: [ template_filter ] --END-- [ RunTime:0.001000s ]
INFO: Run Behavior\ParseTemplateBehavior [ RunTime:0.011000s ]
INFO: [ view_parse ] --END-- [ RunTime:0.011000s ]
INFO: [ view_filter ] --START--
INFO: Run Behavior\WriteHtmlCacheBehavior [ RunTime:0.001001s ]
INFO: [ view_filter ] --END-- [ RunTime:0.001001s ]
INFO: [ app_end ] --START--
INFO: Run Behavior\ShowPageTraceBehavior [ RunTime:0.001000s ]
INFO: [ app_end ] --END-- [ RunTime:0.001000s ]

[ 2017-01-28T14:37:46+08:00 ] ::1 /warehouse/index.php/Home/Otherincome/edit/id/5
INFO: [ app_init ] --START--
INFO: Run Behavior\BuildLiteBehavior [ RunTime:0.000000s ]
INFO: [ app_init ] --END-- [ RunTime:0.000000s ]
INFO: [ app_begin ] --START--
INFO: Run Behavior\ReadHtmlCacheBehavior [ RunTime:0.001000s ]
INFO: [ app_begin ] --END-- [ RunTime:0.001000s ]
SQL: DESCRIBE wh_user [ RunTime:0.004000s ]
SQL: SELECT `role_id` FROM `wh_user` WHERE ( `id` = 17 ) LIMIT 1   [ RunTime:0.001000s ]
SQL: DESCRIBE wh_role [ RunTime:0.003000s ]
SQL: SELECT `pri_id_list` FROM `wh_role` WHERE ( `id` = 1 ) LIMIT 1   [ RunTime:0.001000s ]
SQL: DESCRIBE wh_privilege [ RunTime:0.003000s ]
SQL: SELECT COUNT(*) AS tp_count FROM `wh_privilege` WHERE ( id IN(47,48,81,82,83,84,85,86,114,87,88,89,90,91,92,113,93,94,95,96,97,98,112,99,100,101,102,103,104,111,105,106,107,108,109,110,115,117,119) AND 
				module_name='Home' AND 
				controller_name='Otherincome' AND 
				action_name='Edit' ) LIMIT 1   [ RunTime:0.001000s ]
NOTIC: [2048] Declaration of Home\Model\OtherincomeModel::_after_insert() should be compatible with Think\Model::_after_insert($data, $options) D:\xampp\htdocs\warehouse\Application\Home\Model\OtherincomeModel.class.php 第 197 行.
NOTIC: [2048] Declaration of Home\Model\OtherincomeModel::_after_update() should be compatible with Think\Model::_after_update($data, $options) D:\xampp\htdocs\warehouse\Application\Home\Model\OtherincomeModel.class.php 第 197 行.
SQL: DESCRIBE wh_otherincome [ RunTime:0.003000s ]
SQL: SELECT * FROM `wh_otherincome` WHERE ( `id` = 5 ) LIMIT 1   [ RunTime:0.000000s ]
SQL: SELECT `id`,`username` FROM `wh_user`  [ RunTime:0.000000s ]
INFO: [ view_parse ] --START--
INFO: [ template_filter ] --START--
INFO: Run Behavior\ContentReplaceBehavior [ RunTime:0.000000s ]
INFO: [ template_filter ] --END-- [ RunTime:0.000000s ]
INFO: Run Behavior\ParseTemplateBehavior [ RunTime:0.010001s ]
INFO: [ view_parse ] --END-- [ RunTime:0.010001s ]
INFO: [ view_filter ] --START--
INFO: Run Behavior\WriteHtmlCacheBehavior [ RunTime:0.000000s ]
INFO: [ view_filter ] --END-- [ RunTime:0.000000s ]
INFO: [ app_end ] --START--
INFO: Run Behavior\ShowPageTraceBehavior [ RunTime:0.001000s ]
INFO: [ app_end ] --END-- [ RunTime:0.001000s ]

[ 2017-01-28T14:37:57+08:00 ] ::1 /warehouse/index.php/Home/Otherincome/index
INFO: [ app_init ] --START--
INFO: Run Behavior\BuildLiteBehavior [ RunTime:0.000000s ]
INFO: [ app_init ] --END-- [ RunTime:0.001000s ]
INFO: [ app_begin ] --START--
INFO: Run Behavior\ReadHtmlCacheBehavior [ RunTime:0.001000s ]
INFO: [ app_begin ] --END-- [ RunTime:0.001000s ]
SQL: DESCRIBE wh_user [ RunTime:0.004000s ]
SQL: SELECT `role_id` FROM `wh_user` WHERE ( `id` = 17 ) LIMIT 1   [ RunTime:0.000000s ]
SQL: DESCRIBE wh_role [ RunTime:0.004000s ]
SQL: SELECT `pri_id_list` FROM `wh_role` WHERE ( `id` = 1 ) LIMIT 1   [ RunTime:0.001001s ]
SQL: DESCRIBE wh_privilege [ RunTime:0.004000s ]
SQL: SELECT COUNT(*) AS tp_count FROM `wh_privilege` WHERE ( id IN(47,48,81,82,83,84,85,86,114,87,88,89,90,91,92,113,93,94,95,96,97,98,112,99,100,101,102,103,104,111,105,106,107,108,109,110,115,117,119) AND 
				module_name='Home' AND 
				controller_name='Otherincome' AND 
				action_name='Index' ) LIMIT 1   [ RunTime:0.001000s ]
NOTIC: [2048] Declaration of Home\Model\OtherincomeModel::_after_insert() should be compatible with Think\Model::_after_insert($data, $options) D:\xampp\htdocs\warehouse\Application\Home\Model\OtherincomeModel.class.php 第 197 行.
NOTIC: [2048] Declaration of Home\Model\OtherincomeModel::_after_update() should be compatible with Think\Model::_after_update($data, $options) D:\xampp\htdocs\warehouse\Application\Home\Model\OtherincomeModel.class.php 第 197 行.
SQL: DESCRIBE wh_otherincome [ RunTime:0.004000s ]
NOTIC: [2] Invalid argument supplied for foreach() D:\xampp\htdocs\warehouse\ThinkPHP\Library\Think\Db.class.php 第 429 行.
SQL: SELECT COUNT(*) AS tp_count FROM `wh_otherincome` LIMIT 1   [ RunTime:0.000000s ]
NOTIC: [2] Invalid argument supplied for foreach() D:\xampp\htdocs\warehouse\ThinkPHP\Library\Think\Db.class.php 第 429 行.
SQL: SELECT a.*,b.username FROM wh_otherincome a INNER JOIN wh_user b ON b.id=a.user_id  LIMIT 0,20   [ RunTime:0.000000s ]
INFO: [ view_parse ] --START--
INFO: [ template_filter ] --START--
INFO: Run Behavior\ContentReplaceBehavior [ RunTime:0.000000s ]
INFO: [ template_filter ] --END-- [ RunTime:0.000000s ]
INFO: Run Behavior\ParseTemplateBehavior [ RunTime:0.010001s ]
INFO: [ view_parse ] --END-- [ RunTime:0.010001s ]
INFO: [ view_filter ] --START--
INFO: Run Behavior\WriteHtmlCacheBehavior [ RunTime:0.001000s ]
INFO: [ view_filter ] --END-- [ RunTime:0.001000s ]
INFO: [ app_end ] --START--
INFO: Run Behavior\ShowPageTraceBehavior [ RunTime:0.001000s ]
INFO: [ app_end ] --END-- [ RunTime:0.001000s ]

[ 2017-01-28T14:38:03+08:00 ] ::1 /warehouse/index.php/Home/Otherincome/del/id/5
INFO: [ app_init ] --START--
INFO: Run Behavior\BuildLiteBehavior [ RunTime:0.000000s ]
INFO: [ app_init ] --END-- [ RunTime:0.000000s ]
INFO: [ app_begin ] --START--
INFO: Run Behavior\ReadHtmlCacheBehavior [ RunTime:0.001000s ]
INFO: [ app_begin ] --END-- [ RunTime:0.001000s ]
SQL: DESCRIBE wh_user [ RunTime:0.004000s ]
SQL: SELECT `role_id` FROM `wh_user` WHERE ( `id` = 17 ) LIMIT 1   [ RunTime:0.001001s ]
SQL: DESCRIBE wh_role [ RunTime:0.003000s ]
SQL: SELECT `pri_id_list` FROM `wh_role` WHERE ( `id` = 1 ) LIMIT 1   [ RunTime:0.001000s ]
SQL: DESCRIBE wh_privilege [ RunTime:0.003000s ]
SQL: SELECT COUNT(*) AS tp_count FROM `wh_privilege` WHERE ( id IN(47,48,81,82,83,84,85,86,114,87,88,89,90,91,92,113,93,94,95,96,97,98,112,99,100,101,102,103,104,111,105,106,107,108,109,110,115,117,119) AND 
				module_name='Home' AND 
				controller_name='Otherincome' AND 
				action_name='Del' ) LIMIT 1   [ RunTime:0.002000s ]
NOTIC: [2048] Declaration of Home\Model\OtherincomeModel::_after_insert() should be compatible with Think\Model::_after_insert($data, $options) D:\xampp\htdocs\warehouse\Application\Home\Model\OtherincomeModel.class.php 第 197 行.
NOTIC: [2048] Declaration of Home\Model\OtherincomeModel::_after_update() should be compatible with Think\Model::_after_update($data, $options) D:\xampp\htdocs\warehouse\Application\Home\Model\OtherincomeModel.class.php 第 197 行.
SQL: DESCRIBE wh_otherincome [ RunTime:0.005000s ]
SQL: SELECT `get_money`,`get_time` FROM `wh_otherincome` WHERE ( id IN(5) )  [ RunTime:0.001001s ]
SQL: DESCRIBE wh_account [ RunTime:0.004000s ]
SQL: SELECT * FROM `wh_account` WHERE ( account_year=2017 AND account_type=1 ) LIMIT 1   [ RunTime:0.001000s ]
SQL: UPDATE `wh_account` SET `account_money`=12000 WHERE ( account_year=2017 AND account_type=1 ) [ RunTime:0.000000s ]
SQL: DELETE FROM `wh_otherincome` WHERE ( `id` = 5 ) [ RunTime:0.000000s ]
INFO: [ view_parse ] --START--
INFO: [ template_filter ] --START--
INFO: Run Behavior\ContentReplaceBehavior [ RunTime:0.000000s ]
INFO: [ template_filter ] --END-- [ RunTime:0.000000s ]
INFO: Run Behavior\ParseTemplateBehavior [ RunTime:0.010001s ]
INFO: [ view_parse ] --END-- [ RunTime:0.010001s ]
INFO: [ view_filter ] --START--
INFO: Run Behavior\WriteHtmlCacheBehavior [ RunTime:0.000000s ]
INFO: [ view_filter ] --END-- [ RunTime:0.000000s ]
INFO: [ app_end ] --START--
INFO: Run Behavior\ShowPageTraceBehavior [ RunTime:0.001000s ]
INFO: [ app_end ] --END-- [ RunTime:0.001000s ]

[ 2017-01-28T14:38:04+08:00 ] ::1 /warehouse/index.php/Home/Otherincome/index.html
INFO: [ app_init ] --START--
INFO: Run Behavior\BuildLiteBehavior [ RunTime:0.000000s ]
INFO: [ app_init ] --END-- [ RunTime:0.000000s ]
INFO: [ app_begin ] --START--
INFO: Run Behavior\ReadHtmlCacheBehavior [ RunTime:0.001000s ]
INFO: [ app_begin ] --END-- [ RunTime:0.001000s ]
SQL: DESCRIBE wh_user [ RunTime:0.004001s ]
SQL: SELECT `role_id` FROM `wh_user` WHERE ( `id` = 17 ) LIMIT 1   [ RunTime:0.001000s ]
SQL: DESCRIBE wh_role [ RunTime:0.002000s ]
SQL: SELECT `pri_id_list` FROM `wh_role` WHERE ( `id` = 1 ) LIMIT 1   [ RunTime:0.000000s ]
SQL: DESCRIBE wh_privilege [ RunTime:0.003000s ]
SQL: SELECT COUNT(*) AS tp_count FROM `wh_privilege` WHERE ( id IN(47,48,81,82,83,84,85,86,114,87,88,89,90,91,92,113,93,94,95,96,97,98,112,99,100,101,102,103,104,111,105,106,107,108,109,110,115,117,119) AND 
				module_name='Home' AND 
				controller_name='Otherincome' AND 
				action_name='Index' ) LIMIT 1   [ RunTime:0.001000s ]
NOTIC: [2048] Declaration of Home\Model\OtherincomeModel::_after_insert() should be compatible with Think\Model::_after_insert($data, $options) D:\xampp\htdocs\warehouse\Application\Home\Model\OtherincomeModel.class.php 第 197 行.
NOTIC: [2048] Declaration of Home\Model\OtherincomeModel::_after_update() should be compatible with Think\Model::_after_update($data, $options) D:\xampp\htdocs\warehouse\Application\Home\Model\OtherincomeModel.class.php 第 197 行.
SQL: DESCRIBE wh_otherincome [ RunTime:0.003000s ]
NOTIC: [2] Invalid argument supplied for foreach() D:\xampp\htdocs\warehouse\ThinkPHP\Library\Think\Db.class.php 第 429 行.
SQL: SELECT COUNT(*) AS tp_count FROM `wh_otherincome` LIMIT 1   [ RunTime:0.000000s ]
NOTIC: [2] Invalid argument supplied for foreach() D:\xampp\htdocs\warehouse\ThinkPHP\Library\Think\Db.class.php 第 429 行.
SQL: SELECT a.*,b.username FROM wh_otherincome a INNER JOIN wh_user b ON b.id=a.user_id  LIMIT 0,20   [ RunTime:0.000000s ]
INFO: [ view_parse ] --START--
INFO: [ template_filter ] --START--
INFO: Run Behavior\ContentReplaceBehavior [ RunTime:0.000000s ]
INFO: [ template_filter ] --END-- [ RunTime:0.001000s ]
INFO: Run Behavior\ParseTemplateBehavior [ RunTime:0.009000s ]
INFO: [ view_parse ] --END-- [ RunTime:0.009000s ]
INFO: [ view_filter ] --START--
INFO: Run Behavior\WriteHtmlCacheBehavior [ RunTime:0.001000s ]
INFO: [ view_filter ] --END-- [ RunTime:0.001000s ]
INFO: [ app_end ] --START--
INFO: Run Behavior\ShowPageTraceBehavior [ RunTime:0.001000s ]
INFO: [ app_end ] --END-- [ RunTime:0.001000s ]

[ 2017-01-28T14:38:06+08:00 ] ::1 /warehouse/index.php/Home/Projectincome/Index.html
INFO: [ app_init ] --START--
INFO: Run Behavior\BuildLiteBehavior [ RunTime:0.000000s ]
INFO: [ app_init ] --END-- [ RunTime:0.000000s ]
INFO: [ app_begin ] --START--
INFO: Run Behavior\ReadHtmlCacheBehavior [ RunTime:0.001001s ]
INFO: [ app_begin ] --END-- [ RunTime:0.001001s ]
SQL: DESCRIBE wh_user [ RunTime:0.003000s ]
SQL: SELECT `role_id` FROM `wh_user` WHERE ( `id` = 17 ) LIMIT 1   [ RunTime:0.000000s ]
SQL: DESCRIBE wh_role [ RunTime:0.003000s ]
SQL: SELECT `pri_id_list` FROM `wh_role` WHERE ( `id` = 1 ) LIMIT 1   [ RunTime:0.000000s ]
SQL: DESCRIBE wh_privilege [ RunTime:0.003001s ]
SQL: SELECT COUNT(*) AS tp_count FROM `wh_privilege` WHERE ( id IN(47,48,81,82,83,84,85,86,114,87,88,89,90,91,92,113,93,94,95,96,97,98,112,99,100,101,102,103,104,111,105,106,107,108,109,110,115,117,119) AND 
				module_name='Home' AND 
				controller_name='Projectincome' AND 
				action_name='Index' ) LIMIT 1   [ RunTime:0.001000s ]
NOTIC: [2048] Declaration of Home\Model\ProjectincomeModel::_after_insert() should be compatible with Think\Model::_after_insert($data, $options) D:\xampp\htdocs\warehouse\Application\Home\Model\ProjectincomeModel.class.php 第 207 行.
NOTIC: [2048] Declaration of Home\Model\ProjectincomeModel::_after_update() should be compatible with Think\Model::_after_update($data, $options) D:\xampp\htdocs\warehouse\Application\Home\Model\ProjectincomeModel.class.php 第 207 行.
SQL: DESCRIBE wh_projectincome [ RunTime:0.004000s ]
NOTIC: [2] Invalid argument supplied for foreach() D:\xampp\htdocs\warehouse\ThinkPHP\Library\Think\Db.class.php 第 429 行.
SQL: SELECT COUNT(*) AS tp_count FROM `wh_projectincome` LIMIT 1   [ RunTime:0.000000s ]
NOTIC: [2] Invalid argument supplied for foreach() D:\xampp\htdocs\warehouse\ThinkPHP\Library\Think\Db.class.php 第 429 行.
SQL: SELECT a.*,b.name AS name_project,c.username FROM wh_projectincome a INNER JOIN wh_project b ON b.id=a.project_id INNER JOIN wh_user c ON c.id=a.user_id  LIMIT 0,20   [ RunTime:0.001000s ]
INFO: [ view_parse ] --START--
INFO: [ template_filter ] --START--
INFO: Run Behavior\ContentReplaceBehavior [ RunTime:0.000000s ]
INFO: [ template_filter ] --END-- [ RunTime:0.000000s ]
INFO: Run Behavior\ParseTemplateBehavior [ RunTime:0.011001s ]
INFO: [ view_parse ] --END-- [ RunTime:0.011001s ]
INFO: [ view_filter ] --START--
INFO: Run Behavior\WriteHtmlCacheBehavior [ RunTime:0.001000s ]
INFO: [ view_filter ] --END-- [ RunTime:0.001000s ]
INFO: [ app_end ] --START--
INFO: Run Behavior\ShowPageTraceBehavior [ RunTime:0.000000s ]
INFO: [ app_end ] --END-- [ RunTime:0.000000s ]

[ 2017-01-28T14:38:08+08:00 ] ::1 /warehouse/index.php/Home/Projectincome/add
INFO: [ app_init ] --START--
INFO: Run Behavior\BuildLiteBehavior [ RunTime:0.000000s ]
INFO: [ app_init ] --END-- [ RunTime:0.000000s ]
INFO: [ app_begin ] --START--
INFO: Run Behavior\ReadHtmlCacheBehavior [ RunTime:0.001001s ]
INFO: [ app_begin ] --END-- [ RunTime:0.001001s ]
SQL: DESCRIBE wh_user [ RunTime:0.003001s ]
SQL: SELECT `role_id` FROM `wh_user` WHERE ( `id` = 17 ) LIMIT 1   [ RunTime:0.001000s ]
SQL: DESCRIBE wh_role [ RunTime:0.003000s ]
SQL: SELECT `pri_id_list` FROM `wh_role` WHERE ( `id` = 1 ) LIMIT 1   [ RunTime:0.001000s ]
SQL: DESCRIBE wh_privilege [ RunTime:0.003000s ]
SQL: SELECT COUNT(*) AS tp_count FROM `wh_privilege` WHERE ( id IN(47,48,81,82,83,84,85,86,114,87,88,89,90,91,92,113,93,94,95,96,97,98,112,99,100,101,102,103,104,111,105,106,107,108,109,110,115,117,119) AND 
				module_name='Home' AND 
				controller_name='Projectincome' AND 
				action_name='Add' ) LIMIT 1   [ RunTime:0.001000s ]
SQL: DESCRIBE wh_user [ RunTime:0.003000s ]
SQL: SELECT `id`,`username` FROM `wh_user`  [ RunTime:0.001000s ]
INFO: [ view_parse ] --START--
INFO: [ template_filter ] --START--
INFO: Run Behavior\ContentReplaceBehavior [ RunTime:0.000000s ]
INFO: [ template_filter ] --END-- [ RunTime:0.000000s ]
INFO: Run Behavior\ParseTemplateBehavior [ RunTime:0.031002s ]
INFO: [ view_parse ] --END-- [ RunTime:0.031002s ]
INFO: [ view_filter ] --START--
INFO: Run Behavior\WriteHtmlCacheBehavior [ RunTime:0.001000s ]
INFO: [ view_filter ] --END-- [ RunTime:0.001000s ]
INFO: [ app_end ] --START--
INFO: Run Behavior\ShowPageTraceBehavior [ RunTime:0.001000s ]
INFO: [ app_end ] --END-- [ RunTime:0.001000s ]

[ 2017-01-28T14:38:12+08:00 ] ::1 /warehouse/index.php/Home/Projectincome/add
INFO: [ app_init ] --START--
INFO: Run Behavior\BuildLiteBehavior [ RunTime:0.000000s ]
INFO: [ app_init ] --END-- [ RunTime:0.001000s ]
INFO: [ app_begin ] --START--
INFO: Run Behavior\ReadHtmlCacheBehavior [ RunTime:0.000000s ]
INFO: [ app_begin ] --END-- [ RunTime:0.001001s ]
SQL: DESCRIBE wh_user [ RunTime:0.003000s ]
SQL: SELECT `role_id` FROM `wh_user` WHERE ( `id` = 17 ) LIMIT 1   [ RunTime:0.001000s ]
SQL: DESCRIBE wh_role [ RunTime:0.003001s ]
SQL: SELECT `pri_id_list` FROM `wh_role` WHERE ( `id` = 1 ) LIMIT 1   [ RunTime:0.001000s ]
SQL: DESCRIBE wh_privilege [ RunTime:0.003000s ]
SQL: SELECT COUNT(*) AS tp_count FROM `wh_privilege` WHERE ( id IN(47,48,81,82,83,84,85,86,114,87,88,89,90,91,92,113,93,94,95,96,97,98,112,99,100,101,102,103,104,111,105,106,107,108,109,110,115,117,119) AND 
				module_name='Home' AND 
				controller_name='Projectincome' AND 
				action_name='Add' ) LIMIT 1   [ RunTime:0.001000s ]
NOTIC: [2048] Declaration of Home\Model\ProjectincomeModel::_after_insert() should be compatible with Think\Model::_after_insert($data, $options) D:\xampp\htdocs\warehouse\Application\Home\Model\ProjectincomeModel.class.php 第 207 行.
NOTIC: [2048] Declaration of Home\Model\ProjectincomeModel::_after_update() should be compatible with Think\Model::_after_update($data, $options) D:\xampp\htdocs\warehouse\Application\Home\Model\ProjectincomeModel.class.php 第 207 行.
SQL: DESCRIBE wh_projectincome [ RunTime:0.002000s ]
INFO: [ view_parse ] --START--
INFO: [ template_filter ] --START--
INFO: Run Behavior\ContentReplaceBehavior [ RunTime:0.000000s ]
INFO: [ template_filter ] --END-- [ RunTime:0.000000s ]
INFO: Run Behavior\ParseTemplateBehavior [ RunTime:0.009001s ]
INFO: [ view_parse ] --END-- [ RunTime:0.009001s ]
INFO: [ view_filter ] --START--
INFO: Run Behavior\WriteHtmlCacheBehavior [ RunTime:0.001000s ]
INFO: [ view_filter ] --END-- [ RunTime:0.001000s ]

[ 2017-01-28T14:38:16+08:00 ] ::1 /warehouse/index.php/Home/Projectincome/add
INFO: [ app_init ] --START--
INFO: Run Behavior\BuildLiteBehavior [ RunTime:0.000000s ]
INFO: [ app_init ] --END-- [ RunTime:0.001000s ]
INFO: [ app_begin ] --START--
INFO: Run Behavior\ReadHtmlCacheBehavior [ RunTime:0.001000s ]
INFO: [ app_begin ] --END-- [ RunTime:0.001000s ]
SQL: DESCRIBE wh_user [ RunTime:0.006000s ]
SQL: SELECT `role_id` FROM `wh_user` WHERE ( `id` = 17 ) LIMIT 1   [ RunTime:0.000000s ]
SQL: DESCRIBE wh_role [ RunTime:0.006000s ]
SQL: SELECT `pri_id_list` FROM `wh_role` WHERE ( `id` = 1 ) LIMIT 1   [ RunTime:0.000000s ]
SQL: DESCRIBE wh_privilege [ RunTime:0.005001s ]
SQL: SELECT COUNT(*) AS tp_count FROM `wh_privilege` WHERE ( id IN(47,48,81,82,83,84,85,86,114,87,88,89,90,91,92,113,93,94,95,96,97,98,112,99,100,101,102,103,104,111,105,106,107,108,109,110,115,117,119) AND 
				module_name='Home' AND 
				controller_name='Projectincome' AND 
				action_name='Add' ) LIMIT 1   [ RunTime:0.001000s ]
SQL: DESCRIBE wh_user [ RunTime:0.003000s ]
SQL: SELECT `id`,`username` FROM `wh_user`  [ RunTime:0.001000s ]
INFO: [ view_parse ] --START--
INFO: [ template_filter ] --START--
INFO: Run Behavior\ContentReplaceBehavior [ RunTime:0.001000s ]
INFO: [ template_filter ] --END-- [ RunTime:0.001000s ]
INFO: Run Behavior\ParseTemplateBehavior [ RunTime:0.011001s ]
INFO: [ view_parse ] --END-- [ RunTime:0.011001s ]
INFO: [ view_filter ] --START--
INFO: Run Behavior\WriteHtmlCacheBehavior [ RunTime:0.001000s ]
INFO: [ view_filter ] --END-- [ RunTime:0.001000s ]
INFO: [ app_end ] --START--
INFO: Run Behavior\ShowPageTraceBehavior [ RunTime:0.001000s ]
INFO: [ app_end ] --END-- [ RunTime:0.001000s ]

[ 2017-01-28T14:38:32+08:00 ] ::1 /warehouse/index.php/Home/project/getData/term/1
INFO: [ app_init ] --START--
INFO: Run Behavior\BuildLiteBehavior [ RunTime:0.000000s ]
INFO: [ app_init ] --END-- [ RunTime:0.002000s ]
INFO: [ app_begin ] --START--
INFO: Run Behavior\ReadHtmlCacheBehavior [ RunTime:0.001000s ]
INFO: [ app_begin ] --END-- [ RunTime:0.001000s ]
SQL: DESCRIBE wh_user [ RunTime:0.003000s ]
SQL: DESCRIBE wh_project [ RunTime:0.003000s ]
SQL: SELECT `name` FROM `wh_project` WHERE ( name like '%1%' )  [ RunTime:0.001000s ]

[ 2017-01-28T14:38:40+08:00 ] ::1 /warehouse/index.php/Home/Projectincome/add
INFO: [ app_init ] --START--
INFO: Run Behavior\BuildLiteBehavior [ RunTime:0.001000s ]
INFO: [ app_init ] --END-- [ RunTime:0.001000s ]
INFO: [ app_begin ] --START--
INFO: Run Behavior\ReadHtmlCacheBehavior [ RunTime:0.001000s ]
INFO: [ app_begin ] --END-- [ RunTime:0.001000s ]
SQL: DESCRIBE wh_user [ RunTime:0.003000s ]
SQL: SELECT `role_id` FROM `wh_user` WHERE ( `id` = 17 ) LIMIT 1   [ RunTime:0.001000s ]
SQL: DESCRIBE wh_role [ RunTime:0.002001s ]
SQL: SELECT `pri_id_list` FROM `wh_role` WHERE ( `id` = 1 ) LIMIT 1   [ RunTime:0.000000s ]
SQL: DESCRIBE wh_privilege [ RunTime:0.003000s ]
SQL: SELECT COUNT(*) AS tp_count FROM `wh_privilege` WHERE ( id IN(47,48,81,82,83,84,85,86,114,87,88,89,90,91,92,113,93,94,95,96,97,98,112,99,100,101,102,103,104,111,105,106,107,108,109,110,115,117,119) AND 
				module_name='Home' AND 
				controller_name='Projectincome' AND 
				action_name='Add' ) LIMIT 1   [ RunTime:0.001000s ]
NOTIC: [2048] Declaration of Home\Model\ProjectincomeModel::_after_insert() should be compatible with Think\Model::_after_insert($data, $options) D:\xampp\htdocs\warehouse\Application\Home\Model\ProjectincomeModel.class.php 第 207 行.
NOTIC: [2048] Declaration of Home\Model\ProjectincomeModel::_after_update() should be compatible with Think\Model::_after_update($data, $options) D:\xampp\htdocs\warehouse\Application\Home\Model\ProjectincomeModel.class.php 第 207 行.
SQL: DESCRIBE wh_projectincome [ RunTime:0.003000s ]
NOTIC: [2] in_array() expects parameter 2 to be array, string given D:\xampp\htdocs\warehouse\Application\Home\Model\ProjectincomeModel.class.php 第 81 行.
NOTIC: [2] in_array() expects parameter 2 to be array, string given D:\xampp\htdocs\warehouse\Application\Home\Model\ProjectincomeModel.class.php 第 81 行.
SQL: DESCRIBE wh_contract [ RunTime:0.003000s ]

[ 2017-01-28T14:42:54+08:00 ] ::1 /warehouse/index.php/Home/Projectincome/Index.html
INFO: [ app_init ] --START--
INFO: Run Behavior\BuildLiteBehavior [ RunTime:0.000000s ]
INFO: [ app_init ] --END-- [ RunTime:0.001000s ]
INFO: [ app_begin ] --START--
INFO: Run Behavior\ReadHtmlCacheBehavior [ RunTime:0.001000s ]
INFO: [ app_begin ] --END-- [ RunTime:0.001000s ]
SQL: DESCRIBE wh_user [ RunTime:0.003000s ]
SQL: SELECT `role_id` FROM `wh_user` WHERE ( `id` = 17 ) LIMIT 1   [ RunTime:0.001000s ]
SQL: DESCRIBE wh_role [ RunTime:0.005001s ]
SQL: SELECT `pri_id_list` FROM `wh_role` WHERE ( `id` = 1 ) LIMIT 1   [ RunTime:0.001000s ]
SQL: DESCRIBE wh_privilege [ RunTime:0.003000s ]
SQL: SELECT COUNT(*) AS tp_count FROM `wh_privilege` WHERE ( id IN(47,48,81,82,83,84,85,86,114,87,88,89,90,91,92,113,93,94,95,96,97,98,112,99,100,101,102,103,104,111,105,106,107,108,109,110,115,117,119) AND 
				module_name='Home' AND 
				controller_name='Projectincome' AND 
				action_name='Index' ) LIMIT 1   [ RunTime:0.001000s ]
NOTIC: [2048] Declaration of Home\Model\ProjectincomeModel::_after_insert() should be compatible with Think\Model::_after_insert($data, $options) D:\xampp\htdocs\warehouse\Application\Home\Model\ProjectincomeModel.class.php 第 211 行.
NOTIC: [2048] Declaration of Home\Model\ProjectincomeModel::_after_update() should be compatible with Think\Model::_after_update($data, $options) D:\xampp\htdocs\warehouse\Application\Home\Model\ProjectincomeModel.class.php 第 211 行.
SQL: DESCRIBE wh_projectincome [ RunTime:0.003000s ]
NOTIC: [2] Invalid argument supplied for foreach() D:\xampp\htdocs\warehouse\ThinkPHP\Library\Think\Db.class.php 第 429 行.
SQL: SELECT COUNT(*) AS tp_count FROM `wh_projectincome` LIMIT 1   [ RunTime:0.000000s ]
NOTIC: [2] Invalid argument supplied for foreach() D:\xampp\htdocs\warehouse\ThinkPHP\Library\Think\Db.class.php 第 429 行.
SQL: SELECT a.*,b.name AS name_project,c.username FROM wh_projectincome a INNER JOIN wh_project b ON b.id=a.project_id INNER JOIN wh_user c ON c.id=a.user_id  LIMIT 0,20   [ RunTime:0.001000s ]
INFO: [ view_parse ] --START--
INFO: [ template_filter ] --START--
INFO: Run Behavior\ContentReplaceBehavior [ RunTime:0.000000s ]
INFO: [ template_filter ] --END-- [ RunTime:0.000000s ]
INFO: Run Behavior\ParseTemplateBehavior [ RunTime:0.011001s ]
INFO: [ view_parse ] --END-- [ RunTime:0.011001s ]
INFO: [ view_filter ] --START--
INFO: Run Behavior\WriteHtmlCacheBehavior [ RunTime:0.001000s ]
INFO: [ view_filter ] --END-- [ RunTime:0.001000s ]
INFO: [ app_end ] --START--
INFO: Run Behavior\ShowPageTraceBehavior [ RunTime:0.001000s ]
INFO: [ app_end ] --END-- [ RunTime:0.001000s ]

[ 2017-01-28T14:42:56+08:00 ] ::1 /warehouse/index.php/Home/Projectincome/edit/id/1
INFO: [ app_init ] --START--
INFO: Run Behavior\BuildLiteBehavior [ RunTime:0.000000s ]
INFO: [ app_init ] --END-- [ RunTime:0.001000s ]
INFO: [ app_begin ] --START--
INFO: Run Behavior\ReadHtmlCacheBehavior [ RunTime:0.001000s ]
INFO: [ app_begin ] --END-- [ RunTime:0.001000s ]
SQL: DESCRIBE wh_user [ RunTime:0.006000s ]
SQL: SELECT `role_id` FROM `wh_user` WHERE ( `id` = 17 ) LIMIT 1   [ RunTime:0.001000s ]
SQL: DESCRIBE wh_role [ RunTime:0.003000s ]
SQL: SELECT `pri_id_list` FROM `wh_role` WHERE ( `id` = 1 ) LIMIT 1   [ RunTime:0.000000s ]
SQL: DESCRIBE wh_privilege [ RunTime:0.003000s ]
SQL: SELECT COUNT(*) AS tp_count FROM `wh_privilege` WHERE ( id IN(47,48,81,82,83,84,85,86,114,87,88,89,90,91,92,113,93,94,95,96,97,98,112,99,100,101,102,103,104,111,105,106,107,108,109,110,115,117,119) AND 
				module_name='Home' AND 
				controller_name='Projectincome' AND 
				action_name='Edit' ) LIMIT 1   [ RunTime:0.001000s ]
NOTIC: [2048] Declaration of Home\Model\ProjectincomeModel::_after_insert() should be compatible with Think\Model::_after_insert($data, $options) D:\xampp\htdocs\warehouse\Application\Home\Model\ProjectincomeModel.class.php 第 211 行.
NOTIC: [2048] Declaration of Home\Model\ProjectincomeModel::_after_update() should be compatible with Think\Model::_after_update($data, $options) D:\xampp\htdocs\warehouse\Application\Home\Model\ProjectincomeModel.class.php 第 211 行.
SQL: DESCRIBE wh_projectincome [ RunTime:0.003000s ]
SQL: SELECT a.*,b.name as name_project FROM wh_projectincome a INNER JOIN wh_project b ON b.id=a.project_id  WHERE ( a.id=1 ) LIMIT 1   [ RunTime:0.000000s ]
SQL: SELECT `id`,`username` FROM `wh_user`  [ RunTime:0.000000s ]
INFO: [ view_parse ] --START--
INFO: [ template_filter ] --START--
INFO: Run Behavior\ContentReplaceBehavior [ RunTime:0.000000s ]
INFO: [ template_filter ] --END-- [ RunTime:0.000000s ]
INFO: Run Behavior\ParseTemplateBehavior [ RunTime:0.012001s ]
INFO: [ view_parse ] --END-- [ RunTime:0.012001s ]
INFO: [ view_filter ] --START--
INFO: Run Behavior\WriteHtmlCacheBehavior [ RunTime:0.000000s ]
INFO: [ view_filter ] --END-- [ RunTime:0.000000s ]
INFO: [ app_end ] --START--
INFO: Run Behavior\ShowPageTraceBehavior [ RunTime:0.000000s ]
INFO: [ app_end ] --END-- [ RunTime:0.001000s ]

[ 2017-01-28T14:43:20+08:00 ] ::1 /warehouse/index.php/Home/Projectincome/update
INFO: [ app_init ] --START--
INFO: Run Behavior\BuildLiteBehavior [ RunTime:0.000000s ]
INFO: [ app_init ] --END-- [ RunTime:0.000000s ]
INFO: [ app_begin ] --START--
INFO: Run Behavior\ReadHtmlCacheBehavior [ RunTime:0.001000s ]
INFO: [ app_begin ] --END-- [ RunTime:0.001000s ]
SQL: DESCRIBE wh_user [ RunTime:0.003000s ]
SQL: SELECT `role_id` FROM `wh_user` WHERE ( `id` = 17 ) LIMIT 1   [ RunTime:0.000000s ]
SQL: DESCRIBE wh_role [ RunTime:0.003000s ]
SQL: SELECT `pri_id_list` FROM `wh_role` WHERE ( `id` = 1 ) LIMIT 1   [ RunTime:0.000000s ]
SQL: DESCRIBE wh_privilege [ RunTime:0.004001s ]
SQL: SELECT COUNT(*) AS tp_count FROM `wh_privilege` WHERE ( id IN(47,48,81,82,83,84,85,86,114,87,88,89,90,91,92,113,93,94,95,96,97,98,112,99,100,101,102,103,104,111,105,106,107,108,109,110,115,117,119) AND 
				module_name='Home' AND 
				controller_name='Projectincome' AND 
				action_name='Update' ) LIMIT 1   [ RunTime:0.001000s ]
NOTIC: [2048] Declaration of Home\Model\ProjectincomeModel::_after_insert() should be compatible with Think\Model::_after_insert($data, $options) D:\xampp\htdocs\warehouse\Application\Home\Model\ProjectincomeModel.class.php 第 214 行.
NOTIC: [2048] Declaration of Home\Model\ProjectincomeModel::_after_update() should be compatible with Think\Model::_after_update($data, $options) D:\xampp\htdocs\warehouse\Application\Home\Model\ProjectincomeModel.class.php 第 214 行.
SQL: DESCRIBE wh_projectincome [ RunTime:0.004000s ]
NOTIC: [2] in_array() expects parameter 2 to be array, string given D:\xampp\htdocs\warehouse\Application\Home\Model\ProjectincomeModel.class.php 第 88 行.
NOTIC: [2] in_array() expects parameter 2 to be array, string given D:\xampp\htdocs\warehouse\Application\Home\Model\ProjectincomeModel.class.php 第 88 行.
SQL: DESCRIBE wh_contract [ RunTime:0.003000s ]

